0 1.59998 0.650943 0.636364
#	28	0	0
#	0	0	37
#	0	0	41
#
1 1.50721 0.650943 0.636364
#	28	0	0
#	0	0	37
#	0	0	41
#
2 1.4585 0.650943 0.681818
#	28	0	0
#	0	0	37
#	0	0	41
#
3 1.4383 0.650943 0.681818
#	28	0	0
#	0	0	37
#	0	0	41
#
4 1.40123 0.660377 0.681818
#	28	0	0
#	0	1	36
#	0	0	41
#
5 1.30823 0.669811 0.727273
#	28	0	0
#	0	2	35
#	0	0	41
#
6 1.16907 0.707547 0.727273
#	28	0	0
#	0	6	31
#	0	0	41
#
7 1.04016 0.783019 0.772727
#	28	0	0
#	0	14	23
#	0	0	41
#
8 0.960457 0.820755 0.818182
#	28	0	0
#	0	18	19
#	0	0	41
#
9 0.796949 0.849057 0.818182
#	28	0	0
#	0	21	16
#	0	0	41
#
10 0.759577 0.858491 0.818182
#	28	0	0
#	0	22	15
#	0	0	41
#
11 0.365189 0.962264 0.954545
#	28	0	0
#	0	33	4
#	0	0	41
#
12 0.315511 0.962264 1
#	28	0	0
#	0	33	4
#	0	0	41
#
13 0.280993 0.971698 1
#	28	0	0
#	0	34	3
#	0	0	41
#
14 0.272427 0.962264 1
#	28	0	0
#	0	33	4
#	0	0	41
#
15 0.234307 0.971698 1
#	28	0	0
#	0	34	3
#	0	0	41
#
16 0.22206 0.990566 1
#	28	0	0
#	0	36	1
#	0	0	41
#
17 0.214848 0.971698 1
#	28	0	0
#	0	34	3
#	0	0	41
#
18 0.209067 0.981132 1
#	28	0	0
#	0	35	2
#	0	0	41
#
19 0.21563 0.971698 1
#	28	0	0
#	0	34	3
#	0	0	41
#
20 0.202631 0.971698 1
#	28	0	0
#	0	34	3
#	0	0	41
#
21 0.198743 0.971698 1
#	28	0	0
#	0	34	3
#	0	0	41
#
22 0.217407 0.990566 1
#	28	0	0
#	0	36	1
#	0	0	41
#
23 0.2056 0.990566 1
#	28	0	0
#	0	36	1
#	0	0	41
#
24 0.216544 0.990566 1
#	28	0	0
#	0	36	1
#	0	0	41
#
25 0.209979 0.990566 1
#	28	0	0
#	0	36	1
#	0	0	41
#
26 0.195721 0.981132 1
#	28	0	0
#	0	35	2
#	0	0	41
#
27 0.181479 0.981132 1
#	28	0	0
#	0	35	2
#	0	0	41
#
28 0.231897 0.962264 1
#	28	0	0
#	0	36	1
#	0	3	38
#
29 0.197737 0.990566 1
#	28	0	0
#	0	36	1
#	0	0	41
#
30 0.238564 0.943396 1
#	28	0	0
#	0	36	1
#	0	5	36
#
31 0.231059 0.943396 1
#	28	0	0
#	0	36	1
#	0	5	36
#
32 0.171216 0.990566 1
#	28	0	0
#	0	36	1
#	0	0	41
#
33 0.174064 0.971698 1
#	28	0	0
#	0	34	3
#	0	0	41
#
34 0.174539 0.971698 1
#	28	0	0
#	0	34	3
#	0	0	41
#
35 0.171343 0.990566 1
#	28	0	0
#	0	36	1
#	0	0	41
#
36 0.213783 0.962264 1
#	28	0	0
#	0	36	1
#	0	3	38
#
37 0.173434 0.990566 1
#	28	0	0
#	0	36	1
#	0	0	41
#
38 0.185441 0.971698 1
#	28	0	0
#	0	34	3
#	0	0	41
#
39 0.177397 0.990566 1
#	28	0	0
#	0	36	1
#	0	0	41
#
40 0.171558 0.990566 1
#	28	0	0
#	0	36	1
#	0	0	41
#
41 0.175584 0.971698 1
#	28	0	0
#	0	34	3
#	0	0	41
#
42 0.163975 0.990566 1
#	28	0	0
#	0	36	1
#	0	0	41
#
43 0.184431 0.981132 1
#	28	0	0
#	0	36	1
#	0	1	40
#
44 0.168624 0.971698 1
#	28	0	0
#	0	34	3
#	0	0	41
#
45 0.164447 0.990566 1
#	28	0	0
#	0	36	1
#	0	0	41
#
46 0.169839 0.990566 1
#	28	0	0
#	0	36	1
#	0	0	41
#
47 0.195123 0.971698 1
#	28	0	0
#	0	34	3
#	0	0	41
#
48 0.180214 0.971698 1
#	28	0	0
#	0	34	3
#	0	0	41
#
49 0.199776 0.971698 1
#	28	0	0
#	0	34	3
#	0	0	41
#
50 0.195206 0.971698 1
#	28	0	0
#	0	34	3
#	0	0	41
#
51 0.179312 0.971698 1
#	28	0	0
#	0	34	3
#	0	0	41
#
52 0.200903 0.971698 1
#	28	0	0
#	0	34	3
#	0	0	41
#
53 0.183738 0.971698 1
#	28	0	0
#	0	34	3
#	0	0	41
#
54 0.207463 0.962264 1
#	28	0	0
#	0	33	4
#	0	0	41
#
55 0.203124 0.971698 1
#	28	0	0
#	0	34	3
#	0	0	41
#
56 0.208101 0.962264 1
#	28	0	0
#	0	33	4
#	0	0	41
#
57 0.211989 0.962264 1
#	28	0	0
#	0	33	4
#	0	0	41
#
58 0.213086 0.962264 1
#	28	0	0
#	0	33	4
#	0	0	41
#
59 0.213274 0.962264 1
#	28	0	0
#	0	33	4
#	0	0	41
#
60 0.213063 0.962264 1
#	28	0	0
#	0	33	4
#	0	0	41
#
61 0.212494 0.962264 1
#	28	0	0
#	0	33	4
#	0	0	41
#
62 0.211705 0.962264 1
#	28	0	0
#	0	33	4
#	0	0	41
#
#normalizar está a 0
#accuracy test final: 0.954545
#	11	0	0
#	0	4	1
#	0	0	6
#0.954545
