0 0.237854 0.96334 0.951923
#	305	10
#	8	168
#
1 0.208147 0.96334 0.961538
#	305	10
#	8	168
#
2 0.198113 0.96945 0.961538
#	305	10
#	5	171
#
3 0.193892 0.971487 0.961538
#	305	10
#	4	172
#
4 0.191682 0.973523 0.961538
#	305	10
#	3	173
#
5 0.190304 0.973523 0.961538
#	305	10
#	3	173
#
6 0.189323 0.97556 0.961538
#	305	10
#	2	174
#
7 0.188556 0.97556 0.961538
#	305	10
#	2	174
#
8 0.187913 0.97556 0.961538
#	305	10
#	2	174
#
9 0.187347 0.97556 0.961538
#	305	10
#	2	174
#
10 0.186831 0.97556 0.961538
#	305	10
#	2	174
#
11 0.18635 0.97556 0.961538
#	305	10
#	2	174
#
12 0.185896 0.973523 0.961538
#	304	11
#	2	174
#
13 0.185461 0.973523 0.961538
#	304	11
#	2	174
#
14 0.185043 0.973523 0.961538
#	304	11
#	2	174
#
15 0.184638 0.973523 0.961538
#	304	11
#	2	174
#
16 0.184246 0.973523 0.961538
#	304	11
#	2	174
#
17 0.183867 0.973523 0.961538
#	304	11
#	2	174
#
18 0.183499 0.973523 0.961538
#	304	11
#	2	174
#
19 0.183141 0.973523 0.961538
#	304	11
#	2	174
#
20 0.182795 0.973523 0.961538
#	304	11
#	2	174
#
21 0.182459 0.973523 0.961538
#	304	11
#	2	174
#
22 0.182134 0.973523 0.961538
#	304	11
#	2	174
#
23 0.181818 0.973523 0.961538
#	304	11
#	2	174
#
24 0.181512 0.973523 0.961538
#	304	11
#	2	174
#
25 0.181216 0.97556 0.961538
#	305	10
#	2	174
#
26 0.180929 0.97556 0.961538
#	305	10
#	2	174
#
27 0.180651 0.97556 0.961538
#	305	10
#	2	174
#
28 0.180382 0.97556 0.961538
#	305	10
#	2	174
#
29 0.180121 0.97556 0.961538
#	305	10
#	2	174
#
30 0.179867 0.97556 0.961538
#	305	10
#	2	174
#
31 0.179622 0.97556 0.961538
#	305	10
#	2	174
#
32 0.179383 0.97556 0.961538
#	305	10
#	2	174
#
33 0.179152 0.97556 0.961538
#	305	10
#	2	174
#
34 0.178927 0.97556 0.961538
#	305	10
#	2	174
#
35 0.178708 0.97556 0.961538
#	305	10
#	2	174
#
36 0.178495 0.97556 0.961538
#	305	10
#	2	174
#
37 0.178288 0.97556 0.961538
#	305	10
#	2	174
#
38 0.178087 0.97556 0.961538
#	305	10
#	2	174
#
39 0.177891 0.97556 0.961538
#	305	10
#	2	174
#
40 0.177699 0.97556 0.961538
#	305	10
#	2	174
#
41 0.177512 0.97556 0.961538
#	305	10
#	2	174
#
42 0.17733 0.97556 0.961538
#	305	10
#	2	174
#
43 0.177152 0.97556 0.961538
#	305	10
#	2	174
#
44 0.176978 0.97556 0.961538
#	305	10
#	2	174
#
45 0.176808 0.97556 0.961538
#	305	10
#	2	174
#
46 0.176641 0.97556 0.961538
#	305	10
#	2	174
#
47 0.176478 0.97556 0.961538
#	305	10
#	2	174
#
48 0.176319 0.97556 0.961538
#	305	10
#	2	174
#
49 0.176162 0.97556 0.961538
#	305	10
#	2	174
#
50 0.176009 0.97556 0.961538
#	305	10
#	2	174
#
51 0.175858 0.97556 0.961538
#	305	10
#	2	174
#
52 0.17571 0.97556 0.961538
#	305	10
#	2	174
#
53 0.175565 0.97556 0.961538
#	305	10
#	2	174
#
54 0.175422 0.97556 0.961538
#	305	10
#	2	174
#
55 0.175282 0.97556 0.961538
#	305	10
#	2	174
#
56 0.175144 0.97556 0.961538
#	305	10
#	2	174
#
57 0.175008 0.97556 0.961538
#	305	10
#	2	174
#
58 0.174874 0.97556 0.961538
#	305	10
#	2	174
#
59 0.174742 0.97556 0.961538
#	305	10
#	2	174
#
60 0.174612 0.97556 0.961538
#	305	10
#	2	174
#
61 0.174484 0.97556 0.961538
#	305	10
#	2	174
#
62 0.174357 0.97556 0.961538
#	305	10
#	2	174
#
63 0.174233 0.97556 0.961538
#	305	10
#	2	174
#
64 0.174109 0.97556 0.961538
#	305	10
#	2	174
#
65 0.173988 0.97556 0.961538
#	305	10
#	2	174
#
66 0.173867 0.97556 0.961538
#	305	10
#	2	174
#
67 0.173748 0.97556 0.961538
#	305	10
#	2	174
#
68 0.17363 0.97556 0.961538
#	305	10
#	2	174
#
69 0.173514 0.97556 0.961538
#	305	10
#	2	174
#
70 0.173399 0.97556 0.961538
#	305	10
#	2	174
#
71 0.173285 0.97556 0.961538
#	305	10
#	2	174
#
72 0.173172 0.97556 0.961538
#	305	10
#	2	174
#
73 0.17306 0.97556 0.961538
#	305	10
#	2	174
#
74 0.172949 0.97556 0.961538
#	305	10
#	2	174
#
75 0.172839 0.97556 0.961538
#	305	10
#	2	174
#
76 0.17273 0.97556 0.961538
#	305	10
#	2	174
#
77 0.172621 0.97556 0.961538
#	305	10
#	2	174
#
78 0.172514 0.97556 0.961538
#	305	10
#	2	174
#
79 0.172408 0.97556 0.961538
#	305	10
#	2	174
#
80 0.172302 0.97556 0.961538
#	305	10
#	2	174
#
81 0.172197 0.97556 0.961538
#	305	10
#	2	174
#
82 0.172093 0.97556 0.961538
#	305	10
#	2	174
#
83 0.171989 0.97556 0.961538
#	305	10
#	2	174
#
84 0.171886 0.97556 0.961538
#	305	10
#	2	174
#
85 0.171784 0.97556 0.961538
#	305	10
#	2	174
#
86 0.171682 0.97556 0.961538
#	305	10
#	2	174
#
87 0.171581 0.97556 0.961538
#	305	10
#	2	174
#
88 0.171481 0.97556 0.961538
#	305	10
#	2	174
#
89 0.171381 0.97556 0.961538
#	305	10
#	2	174
#
90 0.171281 0.97556 0.961538
#	305	10
#	2	174
#
91 0.171182 0.97556 0.961538
#	305	10
#	2	174
#
92 0.171084 0.97556 0.961538
#	305	10
#	2	174
#
93 0.170986 0.97556 0.961538
#	305	10
#	2	174
#
94 0.170888 0.97556 0.961538
#	305	10
#	2	174
#
95 0.170791 0.97556 0.961538
#	305	10
#	2	174
#
96 0.170694 0.97556 0.961538
#	305	10
#	2	174
#
97 0.170598 0.97556 0.961538
#	305	10
#	2	174
#
98 0.170502 0.97556 0.961538
#	305	10
#	2	174
#
99 0.170406 0.97556 0.961538
#	305	10
#	2	174
#
100 0.170311 0.97556 0.961538
#	305	10
#	2	174
#
101 0.170216 0.97556 0.961538
#	305	10
#	2	174
#
102 0.170121 0.977597 0.961538
#	305	10
#	1	175
#
103 0.170027 0.977597 0.961538
#	305	10
#	1	175
#
104 0.169933 0.977597 0.961538
#	305	10
#	1	175
#
105 0.169839 0.977597 0.961538
#	305	10
#	1	175
#
106 0.169745 0.977597 0.961538
#	305	10
#	1	175
#
107 0.169652 0.977597 0.961538
#	305	10
#	1	175
#
108 0.169559 0.977597 0.961538
#	305	10
#	1	175
#
109 0.169466 0.977597 0.961538
#	305	10
#	1	175
#
110 0.169373 0.977597 0.961538
#	305	10
#	1	175
#
111 0.169281 0.977597 0.961538
#	305	10
#	1	175
#
112 0.169188 0.977597 0.961538
#	305	10
#	1	175
#
113 0.169096 0.977597 0.961538
#	305	10
#	1	175
#
114 0.169004 0.977597 0.961538
#	305	10
#	1	175
#
115 0.168913 0.977597 0.961538
#	305	10
#	1	175
#
116 0.168821 0.977597 0.961538
#	305	10
#	1	175
#
117 0.168729 0.977597 0.961538
#	305	10
#	1	175
#
118 0.168638 0.977597 0.961538
#	305	10
#	1	175
#
119 0.168546 0.977597 0.961538
#	305	10
#	1	175
#
120 0.168455 0.977597 0.961538
#	305	10
#	1	175
#
121 0.168364 0.977597 0.961538
#	305	10
#	1	175
#
122 0.168272 0.977597 0.961538
#	305	10
#	1	175
#
123 0.168181 0.977597 0.961538
#	305	10
#	1	175
#
124 0.16809 0.977597 0.961538
#	305	10
#	1	175
#
125 0.167999 0.977597 0.961538
#	305	10
#	1	175
#
126 0.167908 0.977597 0.961538
#	305	10
#	1	175
#
127 0.167817 0.977597 0.961538
#	305	10
#	1	175
#
128 0.167726 0.977597 0.961538
#	305	10
#	1	175
#
129 0.167635 0.977597 0.961538
#	305	10
#	1	175
#
130 0.167544 0.977597 0.961538
#	305	10
#	1	175
#
131 0.167453 0.977597 0.961538
#	305	10
#	1	175
#
132 0.167362 0.977597 0.961538
#	305	10
#	1	175
#
133 0.16727 0.977597 0.961538
#	305	10
#	1	175
#
134 0.167179 0.977597 0.961538
#	305	10
#	1	175
#
135 0.167087 0.977597 0.961538
#	305	10
#	1	175
#
136 0.166996 0.977597 0.961538
#	305	10
#	1	175
#
137 0.166904 0.977597 0.961538
#	305	10
#	1	175
#
138 0.166812 0.977597 0.961538
#	305	10
#	1	175
#
139 0.16672 0.977597 0.961538
#	305	10
#	1	175
#
140 0.166628 0.977597 0.961538
#	305	10
#	1	175
#
141 0.166536 0.977597 0.961538
#	305	10
#	1	175
#
142 0.166444 0.977597 0.961538
#	305	10
#	1	175
#
143 0.166351 0.977597 0.961538
#	305	10
#	1	175
#
144 0.166259 0.977597 0.961538
#	305	10
#	1	175
#
145 0.166166 0.977597 0.961538
#	305	10
#	1	175
#
146 0.166073 0.977597 0.961538
#	305	10
#	1	175
#
147 0.165979 0.977597 0.961538
#	305	10
#	1	175
#
148 0.165886 0.977597 0.961538
#	305	10
#	1	175
#
149 0.165792 0.977597 0.961538
#	305	10
#	1	175
#
150 0.165698 0.977597 0.961538
#	305	10
#	1	175
#
151 0.165603 0.977597 0.961538
#	305	10
#	1	175
#
152 0.165508 0.977597 0.961538
#	305	10
#	1	175
#
153 0.165413 0.977597 0.961538
#	305	10
#	1	175
#
154 0.165318 0.977597 0.961538
#	305	10
#	1	175
#
155 0.165222 0.977597 0.961538
#	305	10
#	1	175
#
156 0.165125 0.977597 0.961538
#	305	10
#	1	175
#
157 0.165029 0.977597 0.961538
#	305	10
#	1	175
#
158 0.164932 0.977597 0.961538
#	305	10
#	1	175
#
159 0.164834 0.977597 0.961538
#	305	10
#	1	175
#
160 0.164737 0.977597 0.961538
#	305	10
#	1	175
#
161 0.164638 0.977597 0.961538
#	305	10
#	1	175
#
162 0.164539 0.977597 0.961538
#	305	10
#	1	175
#
163 0.16444 0.977597 0.961538
#	305	10
#	1	175
#
164 0.16434 0.977597 0.961538
#	305	10
#	1	175
#
165 0.16424 0.977597 0.961538
#	305	10
#	1	175
#
166 0.164139 0.977597 0.961538
#	305	10
#	1	175
#
167 0.164037 0.977597 0.961538
#	305	10
#	1	175
#
168 0.163935 0.977597 0.961538
#	305	10
#	1	175
#
169 0.163832 0.977597 0.961538
#	305	10
#	1	175
#
170 0.163729 0.977597 0.961538
#	305	10
#	1	175
#
171 0.163624 0.977597 0.961538
#	305	10
#	1	175
#
172 0.16352 0.977597 0.961538
#	305	10
#	1	175
#
173 0.163414 0.977597 0.961538
#	305	10
#	1	175
#
174 0.163307 0.977597 0.961538
#	305	10
#	1	175
#
175 0.1632 0.977597 0.961538
#	305	10
#	1	175
#
176 0.163092 0.977597 0.961538
#	305	10
#	1	175
#
177 0.162983 0.977597 0.961538
#	305	10
#	1	175
#
178 0.162874 0.977597 0.961538
#	305	10
#	1	175
#
179 0.162763 0.977597 0.961538
#	305	10
#	1	175
#
180 0.162651 0.977597 0.961538
#	305	10
#	1	175
#
181 0.162539 0.977597 0.961538
#	305	10
#	1	175
#
182 0.162425 0.977597 0.961538
#	305	10
#	1	175
#
183 0.16231 0.977597 0.961538
#	305	10
#	1	175
#
184 0.162195 0.977597 0.961538
#	305	10
#	1	175
#
185 0.162078 0.977597 0.961538
#	305	10
#	1	175
#
186 0.16196 0.977597 0.961538
#	305	10
#	1	175
#
187 0.161841 0.977597 0.961538
#	305	10
#	1	175
#
188 0.16172 0.977597 0.961538
#	305	10
#	1	175
#
189 0.161599 0.977597 0.961538
#	305	10
#	1	175
#
190 0.161476 0.977597 0.961538
#	305	10
#	1	175
#
191 0.161352 0.977597 0.961538
#	305	10
#	1	175
#
192 0.161226 0.977597 0.961538
#	305	10
#	1	175
#
193 0.1611 0.977597 0.961538
#	305	10
#	1	175
#
194 0.160971 0.977597 0.961538
#	305	10
#	1	175
#
195 0.160842 0.977597 0.961538
#	305	10
#	1	175
#
196 0.160711 0.977597 0.961538
#	305	10
#	1	175
#
197 0.160578 0.977597 0.961538
#	305	10
#	1	175
#
198 0.160444 0.977597 0.961538
#	305	10
#	1	175
#
199 0.160308 0.977597 0.961538
#	305	10
#	1	175
#
200 0.160171 0.977597 0.961538
#	305	10
#	1	175
#
201 0.160032 0.977597 0.961538
#	305	10
#	1	175
#
202 0.159891 0.977597 0.961538
#	305	10
#	1	175
#
203 0.159749 0.977597 0.961538
#	305	10
#	1	175
#
204 0.159605 0.977597 0.961538
#	305	10
#	1	175
#
205 0.159459 0.977597 0.961538
#	305	10
#	1	175
#
206 0.159311 0.977597 0.961538
#	305	10
#	1	175
#
207 0.159162 0.977597 0.961538
#	305	10
#	1	175
#
208 0.15901 0.977597 0.961538
#	305	10
#	1	175
#
209 0.158857 0.977597 0.961538
#	305	10
#	1	175
#
210 0.158702 0.977597 0.961538
#	305	10
#	1	175
#
211 0.158545 0.977597 0.961538
#	305	10
#	1	175
#
212 0.158387 0.977597 0.961538
#	305	10
#	1	175
#
213 0.158226 0.977597 0.961538
#	305	10
#	1	175
#
214 0.158063 0.979633 0.961538
#	306	9
#	1	175
#
215 0.157899 0.979633 0.961538
#	306	9
#	1	175
#
216 0.157732 0.979633 0.961538
#	306	9
#	1	175
#
217 0.157564 0.979633 0.961538
#	306	9
#	1	175
#
218 0.157393 0.98167 0.961538
#	307	8
#	1	175
#
219 0.157221 0.98167 0.961538
#	307	8
#	1	175
#
220 0.157046 0.98167 0.961538
#	307	8
#	1	175
#
221 0.15687 0.98167 0.961538
#	307	8
#	1	175
#
222 0.156692 0.98167 0.961538
#	307	8
#	1	175
#
223 0.156511 0.98167 0.961538
#	307	8
#	1	175
#
224 0.156329 0.98167 0.961538
#	307	8
#	1	175
#
225 0.156145 0.98167 0.961538
#	307	8
#	1	175
#
226 0.155958 0.98167 0.961538
#	307	8
#	1	175
#
227 0.15577 0.98167 0.961538
#	307	8
#	1	175
#
228 0.15558 0.98167 0.961538
#	307	8
#	1	175
#
229 0.155388 0.98167 0.961538
#	307	8
#	1	175
#
230 0.155194 0.98167 0.961538
#	307	8
#	1	175
#
231 0.154999 0.98167 0.961538
#	307	8
#	1	175
#
232 0.154801 0.98167 0.961538
#	307	8
#	1	175
#
233 0.154602 0.979633 0.961538
#	307	8
#	2	174
#
234 0.154401 0.979633 0.961538
#	307	8
#	2	174
#
235 0.154198 0.979633 0.961538
#	307	8
#	2	174
#
236 0.153993 0.979633 0.961538
#	307	8
#	2	174
#
237 0.153786 0.979633 0.961538
#	307	8
#	2	174
#
238 0.153578 0.979633 0.961538
#	307	8
#	2	174
#
239 0.153369 0.979633 0.961538
#	307	8
#	2	174
#
240 0.153157 0.979633 0.961538
#	307	8
#	2	174
#
241 0.152944 0.979633 0.961538
#	307	8
#	2	174
#
242 0.152729 0.979633 0.961538
#	307	8
#	2	174
#
243 0.152513 0.979633 0.961538
#	307	8
#	2	174
#
244 0.152295 0.979633 0.961538
#	307	8
#	2	174
#
245 0.152075 0.979633 0.961538
#	307	8
#	2	174
#
246 0.151854 0.979633 0.961538
#	307	8
#	2	174
#
247 0.151632 0.979633 0.961538
#	307	8
#	2	174
#
248 0.151407 0.979633 0.961538
#	307	8
#	2	174
#
249 0.151182 0.979633 0.961538
#	307	8
#	2	174
#
250 0.150955 0.979633 0.961538
#	307	8
#	2	174
#
251 0.150726 0.979633 0.961538
#	307	8
#	2	174
#
252 0.150496 0.979633 0.961538
#	307	8
#	2	174
#
253 0.150264 0.979633 0.961538
#	307	8
#	2	174
#
254 0.150031 0.979633 0.961538
#	307	8
#	2	174
#
255 0.149797 0.979633 0.961538
#	307	8
#	2	174
#
256 0.149561 0.979633 0.961538
#	307	8
#	2	174
#
257 0.149324 0.979633 0.961538
#	307	8
#	2	174
#
258 0.149085 0.979633 0.961538
#	307	8
#	2	174
#
259 0.148845 0.979633 0.961538
#	307	8
#	2	174
#
260 0.148604 0.979633 0.961538
#	307	8
#	2	174
#
261 0.148361 0.979633 0.961538
#	307	8
#	2	174
#
262 0.148116 0.979633 0.961538
#	307	8
#	2	174
#
263 0.147871 0.979633 0.961538
#	307	8
#	2	174
#
264 0.147623 0.979633 0.961538
#	307	8
#	2	174
#
265 0.147375 0.979633 0.961538
#	307	8
#	2	174
#
266 0.147124 0.979633 0.961538
#	307	8
#	2	174
#
267 0.146873 0.979633 0.961538
#	307	8
#	2	174
#
268 0.14662 0.979633 0.961538
#	307	8
#	2	174
#
269 0.146365 0.979633 0.961538
#	307	8
#	2	174
#
270 0.14611 0.979633 0.961538
#	307	8
#	2	174
#
271 0.145852 0.979633 0.961538
#	307	8
#	2	174
#
272 0.145594 0.979633 0.961538
#	307	8
#	2	174
#
273 0.145334 0.979633 0.961538
#	307	8
#	2	174
#
274 0.145072 0.979633 0.961538
#	307	8
#	2	174
#
275 0.144809 0.979633 0.961538
#	307	8
#	2	174
#
276 0.144545 0.979633 0.961538
#	307	8
#	2	174
#
277 0.14428 0.979633 0.961538
#	307	8
#	2	174
#
278 0.144013 0.979633 0.961538
#	307	8
#	2	174
#
279 0.143745 0.979633 0.961538
#	307	8
#	2	174
#
280 0.143476 0.979633 0.961538
#	307	8
#	2	174
#
281 0.143206 0.979633 0.961538
#	307	8
#	2	174
#
282 0.142934 0.979633 0.961538
#	307	8
#	2	174
#
283 0.142662 0.979633 0.961538
#	307	8
#	2	174
#
284 0.142388 0.979633 0.961538
#	307	8
#	2	174
#
285 0.142114 0.979633 0.961538
#	307	8
#	2	174
#
286 0.141839 0.979633 0.961538
#	307	8
#	2	174
#
287 0.141563 0.979633 0.961538
#	307	8
#	2	174
#
288 0.141286 0.979633 0.961538
#	307	8
#	2	174
#
289 0.141008 0.979633 0.961538
#	307	8
#	2	174
#
290 0.14073 0.979633 0.961538
#	307	8
#	2	174
#
291 0.140451 0.979633 0.961538
#	307	8
#	2	174
#
292 0.140172 0.979633 0.961538
#	307	8
#	2	174
#
293 0.139893 0.979633 0.961538
#	307	8
#	2	174
#
294 0.139613 0.979633 0.961538
#	307	8
#	2	174
#
295 0.139333 0.979633 0.961538
#	307	8
#	2	174
#
296 0.139053 0.979633 0.961538
#	307	8
#	2	174
#
297 0.138773 0.979633 0.961538
#	307	8
#	2	174
#
298 0.138493 0.979633 0.961538
#	307	8
#	2	174
#
299 0.138213 0.979633 0.961538
#	307	8
#	2	174
#
300 0.137933 0.979633 0.961538
#	307	8
#	2	174
#
301 0.137653 0.979633 0.961538
#	307	8
#	2	174
#
302 0.137373 0.979633 0.961538
#	307	8
#	2	174
#
303 0.137093 0.979633 0.961538
#	307	8
#	2	174
#
304 0.136813 0.979633 0.961538
#	307	8
#	2	174
#
305 0.136533 0.979633 0.961538
#	307	8
#	2	174
#
306 0.136254 0.979633 0.961538
#	307	8
#	2	174
#
307 0.135974 0.979633 0.961538
#	307	8
#	2	174
#
308 0.135695 0.979633 0.961538
#	307	8
#	2	174
#
309 0.135415 0.979633 0.961538
#	307	8
#	2	174
#
310 0.135135 0.979633 0.961538
#	307	8
#	2	174
#
311 0.134855 0.98167 0.961538
#	308	7
#	2	174
#
312 0.134575 0.98167 0.961538
#	308	7
#	2	174
#
313 0.134295 0.98167 0.961538
#	308	7
#	2	174
#
314 0.134014 0.98167 0.961538
#	308	7
#	2	174
#
315 0.133732 0.98167 0.961538
#	308	7
#	2	174
#
316 0.13345 0.98167 0.961538
#	308	7
#	2	174
#
317 0.133168 0.98167 0.961538
#	308	7
#	2	174
#
318 0.132884 0.98167 0.961538
#	308	7
#	2	174
#
319 0.1326 0.98167 0.961538
#	308	7
#	2	174
#
320 0.132315 0.98167 0.961538
#	308	7
#	2	174
#
321 0.132028 0.98167 0.961538
#	308	7
#	2	174
#
322 0.131741 0.98167 0.961538
#	308	7
#	2	174
#
323 0.131452 0.98167 0.961538
#	308	7
#	2	174
#
324 0.131162 0.98167 0.961538
#	308	7
#	2	174
#
325 0.130871 0.98167 0.961538
#	308	7
#	2	174
#
326 0.130578 0.98167 0.961538
#	308	7
#	2	174
#
327 0.130285 0.98167 0.961538
#	308	7
#	2	174
#
328 0.129989 0.98167 0.961538
#	308	7
#	2	174
#
329 0.129693 0.98167 0.961538
#	308	7
#	2	174
#
330 0.129395 0.98167 0.961538
#	308	7
#	2	174
#
331 0.129096 0.98167 0.961538
#	308	7
#	2	174
#
332 0.128796 0.98167 0.961538
#	308	7
#	2	174
#
333 0.128495 0.98167 0.961538
#	308	7
#	2	174
#
334 0.128193 0.98167 0.961538
#	308	7
#	2	174
#
335 0.127891 0.98167 0.961538
#	308	7
#	2	174
#
336 0.127587 0.98167 0.961538
#	308	7
#	2	174
#
337 0.127284 0.98167 0.961538
#	308	7
#	2	174
#
338 0.126981 0.98167 0.961538
#	308	7
#	2	174
#
339 0.126677 0.98167 0.961538
#	308	7
#	2	174
#
340 0.126374 0.98167 0.961538
#	308	7
#	2	174
#
341 0.126072 0.98167 0.961538
#	308	7
#	2	174
#
342 0.125771 0.983707 0.961538
#	308	7
#	1	175
#
343 0.125471 0.983707 0.961538
#	308	7
#	1	175
#
344 0.125173 0.983707 0.961538
#	308	7
#	1	175
#
345 0.124876 0.983707 0.961538
#	308	7
#	1	175
#
346 0.124581 0.983707 0.961538
#	308	7
#	1	175
#
347 0.124289 0.983707 0.961538
#	308	7
#	1	175
#
348 0.123998 0.983707 0.961538
#	308	7
#	1	175
#
349 0.12371 0.983707 0.961538
#	308	7
#	1	175
#
350 0.123423 0.983707 0.961538
#	308	7
#	1	175
#
351 0.123139 0.983707 0.961538
#	308	7
#	1	175
#
352 0.122856 0.983707 0.961538
#	308	7
#	1	175
#
353 0.122575 0.983707 0.961538
#	308	7
#	1	175
#
354 0.122295 0.983707 0.961538
#	308	7
#	1	175
#
355 0.122015 0.983707 0.961538
#	308	7
#	1	175
#
356 0.121735 0.983707 0.961538
#	308	7
#	1	175
#
357 0.121455 0.983707 0.961538
#	308	7
#	1	175
#
358 0.121174 0.983707 0.961538
#	308	7
#	1	175
#
359 0.120891 0.983707 0.961538
#	308	7
#	1	175
#
360 0.120605 0.983707 0.961538
#	308	7
#	1	175
#
361 0.120316 0.983707 0.961538
#	308	7
#	1	175
#
362 0.120024 0.983707 0.961538
#	308	7
#	1	175
#
363 0.119727 0.983707 0.961538
#	308	7
#	1	175
#
364 0.119426 0.983707 0.961538
#	308	7
#	1	175
#
365 0.119119 0.983707 0.961538
#	308	7
#	1	175
#
366 0.118808 0.983707 0.961538
#	308	7
#	1	175
#
367 0.118491 0.983707 0.951923
#	308	7
#	1	175
#
368 0.118168 0.983707 0.951923
#	308	7
#	1	175
#
369 0.11784 0.983707 0.951923
#	308	7
#	1	175
#
370 0.117506 0.983707 0.951923
#	308	7
#	1	175
#
371 0.117166 0.983707 0.951923
#	308	7
#	1	175
#
372 0.116821 0.983707 0.951923
#	308	7
#	1	175
#
373 0.116471 0.983707 0.951923
#	308	7
#	1	175
#
374 0.116117 0.983707 0.951923
#	308	7
#	1	175
#
375 0.115758 0.983707 0.951923
#	308	7
#	1	175
#
376 0.115394 0.983707 0.951923
#	308	7
#	1	175
#
377 0.115027 0.983707 0.951923
#	308	7
#	1	175
#
378 0.114657 0.983707 0.951923
#	308	7
#	1	175
#
379 0.114284 0.983707 0.951923
#	308	7
#	1	175
#
380 0.113908 0.983707 0.951923
#	308	7
#	1	175
#
381 0.113529 0.983707 0.951923
#	308	7
#	1	175
#
382 0.113149 0.983707 0.951923
#	308	7
#	1	175
#
383 0.112768 0.983707 0.951923
#	308	7
#	1	175
#
384 0.112385 0.983707 0.951923
#	308	7
#	1	175
#
385 0.112002 0.983707 0.951923
#	308	7
#	1	175
#
386 0.111618 0.983707 0.951923
#	308	7
#	1	175
#
#normalizar está a 0
#accuracy test final: 0.980769
#	69	2
#	0	33
#0.980769
