0 1.8024 0.664122 0.626506
#	3	131
#	1	258
#
1 1.62092 0.743003 0.710843
#	52	82
#	19	240
#
2 1.41162 0.75827 0.746988
#	62	72
#	23	236
#
3 1.31216 0.768448 0.746988
#	67	67
#	24	235
#
4 1.26983 0.770992 0.759036
#	70	64
#	26	233
#
5 1.2493 0.776081 0.759036
#	75	59
#	29	230
#
6 1.23805 0.78117 0.771084
#	77	57
#	29	230
#
7 1.23146 0.78626 0.771084
#	79	55
#	29	230
#
8 1.22747 0.783715 0.771084
#	79	55
#	30	229
#
9 1.22503 0.78626 0.771084
#	80	54
#	30	229
#
10 1.22356 0.783715 0.771084
#	80	54
#	31	228
#
11 1.2227 0.78117 0.771084
#	80	54
#	32	227
#
12 1.22223 0.778626 0.771084
#	80	54
#	33	226
#
13 1.22202 0.776081 0.771084
#	80	54
#	34	225
#
14 1.22199 0.770992 0.783133
#	80	54
#	36	223
#
15 1.22207 0.773537 0.783133
#	81	53
#	36	223
#
16 1.22223 0.773537 0.783133
#	82	52
#	37	222
#
17 1.22245 0.773537 0.783133
#	83	51
#	38	221
#
18 1.22269 0.773537 0.783133
#	83	51
#	38	221
#
19 1.22296 0.776081 0.771084
#	84	50
#	38	221
#
20 1.22323 0.776081 0.771084
#	84	50
#	38	221
#
21 1.22351 0.773537 0.771084
#	84	50
#	39	220
#
22 1.22379 0.776081 0.771084
#	85	49
#	39	220
#
23 1.22406 0.776081 0.771084
#	85	49
#	39	220
#
24 1.22432 0.776081 0.771084
#	85	49
#	39	220
#
25 1.22457 0.773537 0.771084
#	85	49
#	40	219
#
26 1.2248 0.773537 0.771084
#	85	49
#	40	219
#
27 1.22501 0.773537 0.771084
#	85	49
#	40	219
#
28 1.22521 0.773537 0.771084
#	85	49
#	40	219
#
29 1.22539 0.776081 0.771084
#	86	48
#	40	219
#
30 1.22555 0.773537 0.771084
#	86	48
#	41	218
#
31 1.22569 0.773537 0.771084
#	86	48
#	41	218
#
32 1.2258 0.770992 0.771084
#	86	48
#	42	217
#
33 1.22589 0.768448 0.771084
#	86	48
#	43	216
#
34 1.22596 0.768448 0.771084
#	86	48
#	43	216
#
35 1.226 0.768448 0.771084
#	86	48
#	43	216
#
36 1.22602 0.773537 0.771084
#	88	46
#	43	216
#
37 1.22601 0.773537 0.771084
#	88	46
#	43	216
#
38 1.22597 0.773537 0.771084
#	88	46
#	43	216
#
39 1.22591 0.773537 0.771084
#	88	46
#	43	216
#
40 1.22583 0.770992 0.771084
#	88	46
#	44	215
#
41 1.22571 0.770992 0.771084
#	88	46
#	44	215
#
42 1.22557 0.770992 0.771084
#	88	46
#	44	215
#
43 1.22541 0.770992 0.771084
#	88	46
#	44	215
#
44 1.22522 0.770992 0.771084
#	88	46
#	44	215
#
45 1.22501 0.773537 0.771084
#	89	45
#	44	215
#
46 1.22477 0.773537 0.771084
#	89	45
#	44	215
#
47 1.22451 0.773537 0.759036
#	89	45
#	44	215
#
48 1.22422 0.768448 0.759036
#	89	45
#	46	213
#
49 1.22392 0.765903 0.759036
#	89	45
#	47	212
#
50 1.2236 0.765903 0.759036
#	89	45
#	47	212
#
51 1.22326 0.768448 0.759036
#	90	44
#	47	212
#
52 1.2229 0.768448 0.759036
#	90	44
#	47	212
#
53 1.22254 0.768448 0.759036
#	90	44
#	47	212
#
54 1.22216 0.770992 0.759036
#	91	43
#	47	212
#
55 1.22177 0.770992 0.759036
#	91	43
#	47	212
#
56 1.22138 0.770992 0.759036
#	92	42
#	48	211
#
57 1.22098 0.770992 0.759036
#	92	42
#	48	211
#
58 1.22057 0.770992 0.771084
#	92	42
#	48	211
#
59 1.22017 0.773537 0.771084
#	92	42
#	47	212
#
60 1.21976 0.776081 0.771084
#	93	41
#	47	212
#
61 1.21936 0.776081 0.771084
#	93	41
#	47	212
#
62 1.21896 0.776081 0.771084
#	93	41
#	47	212
#
63 1.21856 0.776081 0.771084
#	93	41
#	47	212
#
64 1.21817 0.778626 0.771084
#	93	41
#	46	213
#
65 1.21778 0.778626 0.771084
#	93	41
#	46	213
#
66 1.21739 0.776081 0.771084
#	92	42
#	46	213
#
67 1.21701 0.776081 0.759036
#	92	42
#	46	213
#
68 1.21664 0.776081 0.759036
#	92	42
#	46	213
#
69 1.21626 0.773537 0.759036
#	92	42
#	47	212
#
70 1.2159 0.773537 0.759036
#	92	42
#	47	212
#
71 1.21553 0.773537 0.771084
#	92	42
#	47	212
#
72 1.21517 0.776081 0.771084
#	92	42
#	46	213
#
73 1.2148 0.773537 0.771084
#	92	42
#	47	212
#
74 1.21444 0.773537 0.771084
#	92	42
#	47	212
#
75 1.21407 0.773537 0.771084
#	92	42
#	47	212
#
76 1.2137 0.773537 0.771084
#	92	42
#	47	212
#
77 1.21333 0.773537 0.771084
#	92	42
#	47	212
#
78 1.21295 0.773537 0.771084
#	92	42
#	47	212
#
79 1.21257 0.773537 0.771084
#	92	42
#	47	212
#
80 1.21218 0.773537 0.771084
#	92	42
#	47	212
#
81 1.21177 0.776081 0.771084
#	92	42
#	46	213
#
82 1.21136 0.776081 0.771084
#	92	42
#	46	213
#
83 1.21094 0.778626 0.771084
#	93	41
#	46	213
#
84 1.2105 0.778626 0.771084
#	93	41
#	46	213
#
85 1.21005 0.778626 0.771084
#	93	41
#	46	213
#
86 1.20958 0.776081 0.771084
#	93	41
#	47	212
#
87 1.2091 0.778626 0.783133
#	93	41
#	46	213
#
88 1.20861 0.778626 0.783133
#	93	41
#	46	213
#
89 1.20809 0.770992 0.783133
#	92	42
#	48	211
#
90 1.20756 0.773537 0.783133
#	92	42
#	47	212
#
91 1.20702 0.773537 0.783133
#	92	42
#	47	212
#
92 1.20645 0.773537 0.783133
#	92	42
#	47	212
#
93 1.20587 0.773537 0.783133
#	92	42
#	47	212
#
94 1.20527 0.773537 0.783133
#	92	42
#	47	212
#
95 1.20466 0.773537 0.783133
#	92	42
#	47	212
#
96 1.20402 0.773537 0.783133
#	92	42
#	47	212
#
97 1.20337 0.773537 0.783133
#	92	42
#	47	212
#
98 1.20271 0.773537 0.783133
#	92	42
#	47	212
#
99 1.20203 0.773537 0.783133
#	92	42
#	47	212
#
100 1.20133 0.773537 0.783133
#	92	42
#	47	212
#
101 1.20063 0.773537 0.783133
#	92	42
#	47	212
#
102 1.19991 0.776081 0.783133
#	92	42
#	46	213
#
103 1.19917 0.776081 0.783133
#	92	42
#	46	213
#
104 1.19843 0.776081 0.783133
#	92	42
#	46	213
#
105 1.19768 0.776081 0.783133
#	92	42
#	46	213
#
106 1.19692 0.776081 0.783133
#	92	42
#	46	213
#
107 1.19616 0.776081 0.783133
#	92	42
#	46	213
#
108 1.19539 0.776081 0.783133
#	92	42
#	46	213
#
109 1.19461 0.778626 0.783133
#	92	42
#	45	214
#
110 1.19384 0.778626 0.783133
#	92	42
#	45	214
#
111 1.19306 0.778626 0.783133
#	92	42
#	45	214
#
112 1.19228 0.776081 0.783133
#	91	43
#	45	214
#
113 1.19151 0.778626 0.783133
#	91	43
#	44	215
#
114 1.19075 0.778626 0.783133
#	91	43
#	44	215
#
115 1.18999 0.778626 0.783133
#	91	43
#	44	215
#
116 1.18923 0.778626 0.783133
#	91	43
#	44	215
#
117 1.18849 0.778626 0.783133
#	91	43
#	44	215
#
118 1.18775 0.778626 0.783133
#	91	43
#	44	215
#
119 1.18703 0.778626 0.783133
#	91	43
#	44	215
#
120 1.18632 0.778626 0.783133
#	91	43
#	44	215
#
121 1.18562 0.78117 0.783133
#	92	42
#	44	215
#
122 1.18494 0.778626 0.795181
#	91	43
#	44	215
#
123 1.18428 0.778626 0.795181
#	91	43
#	44	215
#
124 1.18363 0.78117 0.795181
#	91	43
#	43	216
#
125 1.183 0.78117 0.795181
#	91	43
#	43	216
#
126 1.18239 0.78117 0.795181
#	91	43
#	43	216
#
127 1.1818 0.783715 0.795181
#	91	43
#	42	217
#
128 1.18122 0.783715 0.795181
#	91	43
#	42	217
#
129 1.18067 0.783715 0.795181
#	91	43
#	42	217
#
130 1.18013 0.78626 0.807229
#	91	43
#	41	218
#
131 1.17962 0.78626 0.807229
#	91	43
#	41	218
#
132 1.17912 0.78626 0.807229
#	91	43
#	41	218
#
133 1.17865 0.78626 0.807229
#	91	43
#	41	218
#
134 1.17819 0.78626 0.807229
#	91	43
#	41	218
#
135 1.17775 0.78626 0.807229
#	91	43
#	41	218
#
136 1.17733 0.78626 0.807229
#	91	43
#	41	218
#
137 1.17694 0.788804 0.807229
#	91	43
#	40	219
#
138 1.17655 0.78626 0.807229
#	91	43
#	41	218
#
139 1.17619 0.78626 0.807229
#	91	43
#	41	218
#
140 1.17584 0.78626 0.807229
#	91	43
#	41	218
#
141 1.17551 0.78626 0.807229
#	91	43
#	41	218
#
142 1.17519 0.78626 0.807229
#	91	43
#	41	218
#
143 1.17489 0.788804 0.795181
#	91	43
#	40	219
#
144 1.17461 0.788804 0.795181
#	91	43
#	40	219
#
145 1.17433 0.788804 0.795181
#	91	43
#	40	219
#
146 1.17408 0.788804 0.795181
#	91	43
#	40	219
#
147 1.17383 0.788804 0.795181
#	91	43
#	40	219
#
148 1.1736 0.788804 0.795181
#	90	44
#	39	220
#
149 1.17337 0.788804 0.795181
#	90	44
#	39	220
#
150 1.17316 0.788804 0.795181
#	90	44
#	39	220
#
151 1.17296 0.788804 0.795181
#	90	44
#	39	220
#
152 1.17277 0.788804 0.795181
#	90	44
#	39	220
#
153 1.17259 0.788804 0.795181
#	90	44
#	39	220
#
154 1.17242 0.788804 0.795181
#	90	44
#	39	220
#
155 1.17226 0.788804 0.795181
#	90	44
#	39	220
#
156 1.17211 0.788804 0.795181
#	90	44
#	39	220
#
157 1.17197 0.78626 0.795181
#	89	45
#	39	220
#
158 1.17183 0.788804 0.795181
#	89	45
#	38	221
#
159 1.1717 0.788804 0.795181
#	89	45
#	38	221
#
160 1.17158 0.788804 0.795181
#	89	45
#	38	221
#
161 1.17147 0.788804 0.795181
#	89	45
#	38	221
#
162 1.17137 0.78626 0.795181
#	88	46
#	38	221
#
163 1.17127 0.78626 0.795181
#	88	46
#	38	221
#
164 1.17118 0.788804 0.795181
#	88	46
#	37	222
#
165 1.1711 0.788804 0.795181
#	88	46
#	37	222
#
166 1.17102 0.788804 0.795181
#	88	46
#	37	222
#
167 1.17094 0.788804 0.795181
#	88	46
#	37	222
#
168 1.17087 0.788804 0.795181
#	88	46
#	37	222
#
169 1.17079 0.791349 0.795181
#	88	46
#	36	223
#
170 1.17072 0.791349 0.795181
#	88	46
#	36	223
#
171 1.17064 0.791349 0.795181
#	88	46
#	36	223
#
172 1.17056 0.788804 0.795181
#	87	47
#	36	223
#
173 1.17047 0.788804 0.795181
#	87	47
#	36	223
#
174 1.17036 0.788804 0.795181
#	87	47
#	36	223
#
175 1.17025 0.788804 0.795181
#	87	47
#	36	223
#
176 1.17011 0.788804 0.795181
#	87	47
#	36	223
#
177 1.16996 0.788804 0.795181
#	87	47
#	36	223
#
178 1.16978 0.788804 0.795181
#	87	47
#	36	223
#
179 1.16958 0.788804 0.795181
#	87	47
#	36	223
#
180 1.16935 0.791349 0.795181
#	87	47
#	35	224
#
181 1.16909 0.788804 0.795181
#	86	48
#	35	224
#
182 1.16881 0.78626 0.795181
#	86	48
#	36	223
#
183 1.16849 0.788804 0.795181
#	86	48
#	35	224
#
184 1.16815 0.791349 0.795181
#	86	48
#	34	225
#
185 1.16777 0.791349 0.795181
#	86	48
#	34	225
#
186 1.16737 0.788804 0.795181
#	85	49
#	34	225
#
187 1.16694 0.788804 0.795181
#	85	49
#	34	225
#
188 1.16648 0.791349 0.795181
#	86	48
#	34	225
#
189 1.166 0.791349 0.795181
#	86	48
#	34	225
#
190 1.16549 0.791349 0.795181
#	86	48
#	34	225
#
191 1.16497 0.791349 0.795181
#	86	48
#	34	225
#
192 1.16442 0.793893 0.795181
#	87	47
#	34	225
#
193 1.16386 0.793893 0.795181
#	87	47
#	34	225
#
194 1.16327 0.793893 0.795181
#	87	47
#	34	225
#
195 1.16268 0.788804 0.795181
#	87	47
#	36	223
#
196 1.16207 0.788804 0.795181
#	87	47
#	36	223
#
197 1.16144 0.791349 0.795181
#	87	47
#	35	224
#
198 1.16081 0.791349 0.795181
#	87	47
#	35	224
#
199 1.16016 0.793893 0.795181
#	87	47
#	34	225
#
200 1.15951 0.793893 0.795181
#	87	47
#	34	225
#
201 1.15885 0.793893 0.783133
#	87	47
#	34	225
#
202 1.15818 0.793893 0.783133
#	87	47
#	34	225
#
203 1.15751 0.791349 0.783133
#	86	48
#	34	225
#
204 1.15683 0.788804 0.783133
#	86	48
#	35	224
#
205 1.15615 0.788804 0.783133
#	86	48
#	35	224
#
206 1.15546 0.788804 0.783133
#	86	48
#	35	224
#
207 1.15477 0.788804 0.783133
#	86	48
#	35	224
#
208 1.15408 0.788804 0.783133
#	86	48
#	35	224
#
209 1.15339 0.791349 0.783133
#	87	47
#	35	224
#
210 1.1527 0.791349 0.783133
#	87	47
#	35	224
#
211 1.15201 0.791349 0.783133
#	87	47
#	35	224
#
212 1.15131 0.793893 0.771084
#	88	46
#	35	224
#
213 1.15062 0.793893 0.771084
#	88	46
#	35	224
#
214 1.14992 0.793893 0.771084
#	88	46
#	35	224
#
215 1.14923 0.793893 0.771084
#	88	46
#	35	224
#
216 1.14854 0.793893 0.771084
#	88	46
#	35	224
#
217 1.14785 0.796438 0.771084
#	89	45
#	35	224
#
218 1.14716 0.796438 0.771084
#	89	45
#	35	224
#
219 1.14647 0.796438 0.771084
#	89	45
#	35	224
#
220 1.14578 0.796438 0.771084
#	89	45
#	35	224
#
221 1.14509 0.801527 0.771084
#	89	45
#	33	226
#
222 1.1444 0.801527 0.771084
#	89	45
#	33	226
#
223 1.14371 0.801527 0.771084
#	89	45
#	33	226
#
224 1.14303 0.801527 0.771084
#	89	45
#	33	226
#
225 1.14234 0.801527 0.771084
#	89	45
#	33	226
#
226 1.14166 0.801527 0.771084
#	89	45
#	33	226
#
227 1.14097 0.804071 0.771084
#	90	44
#	33	226
#
228 1.14029 0.804071 0.771084
#	90	44
#	33	226
#
229 1.1396 0.801527 0.771084
#	90	44
#	34	225
#
230 1.13892 0.801527 0.771084
#	90	44
#	34	225
#
231 1.13823 0.801527 0.783133
#	90	44
#	34	225
#
232 1.13755 0.801527 0.783133
#	90	44
#	34	225
#
233 1.13686 0.801527 0.783133
#	90	44
#	34	225
#
234 1.13618 0.801527 0.783133
#	90	44
#	34	225
#
235 1.13549 0.801527 0.783133
#	90	44
#	34	225
#
236 1.1348 0.801527 0.771084
#	90	44
#	34	225
#
237 1.13411 0.801527 0.771084
#	90	44
#	34	225
#
238 1.13343 0.801527 0.771084
#	90	44
#	34	225
#
239 1.13273 0.804071 0.771084
#	91	43
#	34	225
#
240 1.13204 0.804071 0.771084
#	91	43
#	34	225
#
241 1.13135 0.804071 0.771084
#	91	43
#	34	225
#
242 1.13065 0.804071 0.771084
#	91	43
#	34	225
#
#normalizar está a 0
#accuracy test final: 0.807229
#	20	7
#	9	47
#0.807229
