0 1.89469 0.591074 0.579884
#	4961	861
#	3427	1237
#
1 1.86631 0.604997 0.593235
#	4864	958
#	3184	1480
#
2 1.85028 0.609193 0.604361
#	4777	1045
#	3053	1611
#
3 1.83826 0.613389 0.613707
#	4722	1100
#	2954	1710
#
4 1.82736 0.622258 0.618158
#	4723	1099
#	2862	1802
#
5 1.81652 0.629315 0.623943
#	4741	1081
#	2806	1858
#
6 1.8054 0.636563 0.630619
#	4753	1069
#	2742	1922
#
7 1.79388 0.643143 0.632399
#	4753	1069
#	2673	1991
#
8 1.78214 0.647625 0.637739
#	4750	1072
#	2623	2041
#
9 1.77045 0.653347 0.646195
#	4758	1064
#	2571	2093
#
10 1.75908 0.66193 0.65287
#	4775	1047
#	2498	2166
#
11 1.74812 0.669178 0.659101
#	4786	1036
#	2433	2231
#
12 1.73748 0.675186 0.663106
#	4778	1044
#	2362	2302
#
13 1.72719 0.678428 0.663996
#	4761	1061
#	2311	2353
#
14 1.71748 0.679668 0.666667
#	4738	1084
#	2275	2389
#
15 1.70831 0.681289 0.673787
#	4711	1111
#	2231	2433
#
16 1.70084 0.68272 0.677793
#	4692	1130
#	2197	2467
#
17 1.69414 0.683769 0.679573
#	4674	1148
#	2168	2496
#
18 1.68807 0.684913 0.684023
#	4658	1164
#	2140	2524
#
19 1.6825 0.68663 0.683578
#	4641	1181
#	2105	2559
#
20 1.67734 0.687965 0.683133
#	4628	1194
#	2078	2586
#
21 1.67249 0.68806 0.685358
#	4615	1207
#	2064	2600
#
22 1.66785 0.689681 0.686693
#	4613	1209
#	2045	2619
#
23 1.66334 0.691207 0.686693
#	4610	1212
#	2026	2638
#
24 1.6589 0.691398 0.685358
#	4601	1221
#	2015	2649
#
25 1.6545 0.691398 0.682688
#	4594	1228
#	2008	2656
#
26 1.65008 0.691493 0.681798
#	4591	1231
#	2004	2660
#
27 1.64565 0.692638 0.683133
#	4588	1234
#	1989	2675
#
28 1.64119 0.693305 0.685803
#	4589	1233
#	1983	2681
#
29 1.63668 0.69445 0.687583
#	4587	1235
#	1969	2695
#
30 1.63214 0.695689 0.691589
#	4597	1225
#	1966	2698
#
31 1.62755 0.696357 0.691589
#	4594	1228
#	1956	2708
#
32 1.62293 0.696738 0.690699
#	4598	1224
#	1956	2708
#
33 1.61828 0.697597 0.694704
#	4594	1228
#	1943	2721
#
34 1.61357 0.698646 0.695594
#	4595	1227
#	1933	2731
#
35 1.60884 0.700172 0.697819
#	4598	1224
#	1920	2744
#
36 1.60406 0.701316 0.699599
#	4604	1218
#	1914	2750
#
37 1.59925 0.701984 0.700045
#	4608	1214
#	1911	2753
#
38 1.59438 0.701793 0.699154
#	4603	1219
#	1908	2756
#
39 1.58945 0.702842 0.699599
#	4613	1209
#	1907	2757
#
40 1.58447 0.704654 0.700045
#	4623	1199
#	1898	2766
#
41 1.57942 0.704558 0.703605
#	4624	1198
#	1900	2764
#
42 1.57429 0.705321 0.703605
#	4626	1196
#	1894	2770
#
43 1.56907 0.707324 0.70494
#	4641	1181
#	1888	2776
#
44 1.56374 0.709804 0.70583
#	4655	1167
#	1876	2788
#
45 1.55829 0.710757 0.70761
#	4666	1156
#	1877	2787
#
46 1.5527 0.713237 0.70672
#	4678	1144
#	1863	2801
#
47 1.54694 0.715049 0.70672
#	4692	1130
#	1858	2806
#
48 1.54101 0.71667 0.70672
#	4700	1122
#	1849	2815
#
49 1.53491 0.718291 0.708945
#	4698	1124
#	1830	2834
#
50 1.52864 0.718959 0.711616
#	4699	1123
#	1824	2840
#
51 1.52222 0.720961 0.711616
#	4709	1113
#	1813	2851
#
52 1.51566 0.722869 0.712951
#	4711	1111
#	1795	2869
#
53 1.50899 0.723822 0.714286
#	4713	1109
#	1787	2877
#
54 1.50224 0.725539 0.716511
#	4716	1106
#	1772	2892
#
55 1.49541 0.726683 0.719181
#	4726	1096
#	1770	2894
#
56 1.48853 0.728304 0.717846
#	4730	1092
#	1757	2907
#
57 1.48162 0.72983 0.717401
#	4733	1089
#	1744	2920
#
58 1.4747 0.733359 0.720071
#	4746	1076
#	1720	2944
#
59 1.46779 0.73498 0.721851
#	4754	1068
#	1711	2953
#
60 1.46094 0.737364 0.722741
#	4763	1059
#	1695	2969
#
61 1.45416 0.739462 0.723186
#	4770	1052
#	1680	2984
#
62 1.44748 0.742418 0.725412
#	4784	1038
#	1663	3001
#
63 1.44092 0.745089 0.728082
#	4798	1024
#	1649	3015
#
64 1.4345 0.747282 0.728972
#	4804	1018
#	1632	3032
#
65 1.42822 0.748426 0.729862
#	4810	1012
#	1626	3038
#
66 1.42209 0.750334 0.732087
#	4810	1012
#	1606	3058
#
67 1.41612 0.751478 0.732087
#	4808	1014
#	1592	3072
#
68 1.41029 0.753004 0.733867
#	4813	1009
#	1581	3083
#
69 1.40461 0.754148 0.733422
#	4813	1009
#	1569	3095
#
70 1.39906 0.755102 0.733422
#	4818	1004
#	1564	3100
#
71 1.39364 0.755579 0.734757
#	4819	1003
#	1560	3104
#
72 1.38832 0.756628 0.737873
#	4819	1003
#	1549	3115
#
73 1.3831 0.756914 0.737428
#	4817	1005
#	1544	3120
#
74 1.37795 0.757677 0.740098
#	4816	1006
#	1535	3129
#
75 1.37287 0.757963 0.740988
#	4816	1006
#	1532	3132
#
76 1.36785 0.759012 0.741878
#	4821	1001
#	1526	3138
#
77 1.36285 0.759393 0.741878
#	4820	1002
#	1521	3143
#
78 1.35789 0.759775 0.741433
#	4826	996
#	1523	3141
#
79 1.35294 0.760347 0.741878
#	4829	993
#	1520	3144
#
80 1.348 0.761396 0.744103
#	4831	991
#	1511	3153
#
81 1.34306 0.762541 0.744993
#	4837	985
#	1505	3159
#
82 1.33811 0.762827 0.747218
#	4843	979
#	1508	3156
#
83 1.33315 0.763685 0.748999
#	4849	973
#	1505	3159
#
84 1.32816 0.76502 0.751224
#	4853	969
#	1495	3169
#
85 1.32315 0.765974 0.749889
#	4853	969
#	1485	3179
#
86 1.31812 0.766832 0.750334
#	4852	970
#	1475	3189
#
87 1.31306 0.767976 0.753004
#	4852	970
#	1463	3201
#
88 1.30796 0.769121 0.754339
#	4856	966
#	1455	3209
#
89 1.30285 0.770265 0.755674
#	4861	961
#	1448	3216
#
90 1.2977 0.772077 0.756564
#	4871	951
#	1439	3225
#
91 1.29253 0.773508 0.756564
#	4878	944
#	1431	3233
#
92 1.28734 0.77427 0.757009
#	4876	946
#	1421	3243
#
93 1.28212 0.775129 0.757899
#	4874	948
#	1410	3254
#
94 1.2769 0.776368 0.758789
#	4882	940
#	1405	3259
#
95 1.27167 0.777131 0.75968
#	4885	937
#	1400	3264
#
96 1.26647 0.778371 0.76057
#	4889	933
#	1391	3273
#
97 1.26124 0.780088 0.763685
#	4897	925
#	1381	3283
#
98 1.25605 0.780565 0.765465
#	4898	924
#	1377	3287
#
99 1.25083 0.782281 0.7668
#	4908	914
#	1369	3295
#
100 1.24568 0.782663 0.76769
#	4910	912
#	1367	3297
#
101 1.24049 0.78333 0.76947
#	4911	911
#	1361	3303
#
102 1.23535 0.784475 0.770806
#	4920	902
#	1358	3306
#
103 1.23024 0.785428 0.773476
#	4920	902
#	1348	3316
#
104 1.22512 0.786477 0.773476
#	4925	897
#	1342	3322
#
105 1.22008 0.787145 0.776591
#	4929	893
#	1339	3325
#
106 1.21501 0.787812 0.775256
#	4933	889
#	1336	3328
#
107 1.20995 0.789529 0.775701
#	4939	883
#	1324	3340
#
108 1.20497 0.790578 0.776146
#	4938	884
#	1312	3352
#
109 1.19998 0.791627 0.779261
#	4945	877
#	1308	3356
#
110 1.19506 0.793343 0.780151
#	4951	871
#	1296	3368
#
111 1.19021 0.794488 0.781931
#	4956	866
#	1289	3375
#
112 1.18543 0.795632 0.782377
#	4961	861
#	1282	3382
#
113 1.18075 0.796681 0.783712
#	4962	860
#	1272	3392
#
114 1.17614 0.797921 0.784157
#	4965	857
#	1262	3402
#
115 1.17162 0.798207 0.784602
#	4961	861
#	1255	3409
#
116 1.16717 0.798875 0.785047
#	4965	857
#	1252	3412
#
117 1.1628 0.799542 0.787717
#	4969	853
#	1249	3415
#
118 1.1585 0.800687 0.787717
#	4970	852
#	1238	3426
#
119 1.15428 0.801736 0.790832
#	4972	850
#	1229	3435
#
120 1.15012 0.801831 0.792612
#	4970	852
#	1226	3438
#
121 1.14603 0.802403 0.793057
#	4969	853
#	1219	3445
#
122 1.142 0.803166 0.793502
#	4972	850
#	1214	3450
#
123 1.13803 0.803452 0.792612
#	4972	850
#	1211	3453
#
124 1.13411 0.803929 0.794393
#	4969	853
#	1203	3461
#
125 1.13024 0.803929 0.795728
#	4969	853
#	1203	3461
#
126 1.12642 0.804501 0.796173
#	4972	850
#	1200	3464
#
127 1.12265 0.805932 0.797953
#	4978	844
#	1191	3473
#
128 1.11891 0.806504 0.798843
#	4979	843
#	1186	3478
#
129 1.11522 0.807076 0.799288
#	4977	845
#	1178	3486
#
130 1.11156 0.806885 0.799733
#	4976	846
#	1179	3485
#
131 1.10794 0.807934 0.801958
#	4981	841
#	1173	3491
#
132 1.10435 0.809556 0.800623
#	4984	838
#	1159	3505
#
133 1.1008 0.811081 0.801513
#	4993	829
#	1152	3512
#
134 1.09727 0.81194 0.801513
#	4995	827
#	1145	3519
#
135 1.09378 0.813179 0.801513
#	5000	822
#	1137	3527
#
136 1.09032 0.813847 0.801958
#	5006	816
#	1136	3528
#
137 1.08689 0.81461 0.801958
#	5006	816
#	1128	3536
#
138 1.08348 0.815564 0.802848
#	5012	810
#	1124	3540
#
139 1.0801 0.815945 0.803293
#	5014	808
#	1122	3542
#
140 1.07675 0.816136 0.802403
#	5014	808
#	1120	3544
#
141 1.07342 0.81604 0.803293
#	5014	808
#	1121	3543
#
142 1.07013 0.815659 0.803738
#	5013	809
#	1124	3540
#
143 1.06685 0.815945 0.803293
#	5015	807
#	1123	3541
#
144 1.0636 0.816803 0.804628
#	5019	803
#	1118	3546
#
145 1.06034 0.817852 0.805073
#	5024	798
#	1112	3552
#
146 1.05714 0.818234 0.805518
#	5026	796
#	1110	3554
#
147 1.05396 0.819569 0.806409
#	5032	790
#	1102	3562
#
148 1.05082 0.81976 0.806854
#	5030	792
#	1098	3566
#
149 1.04771 0.820713 0.806409
#	5035	787
#	1093	3571
#
150 1.04463 0.821476 0.805964
#	5040	782
#	1090	3574
#
151 1.04158 0.821858 0.806409
#	5042	780
#	1088	3576
#
152 1.03858 0.822144 0.807299
#	5047	775
#	1090	3574
#
153 1.03559 0.822811 0.805964
#	5048	774
#	1084	3580
#
154 1.03263 0.823479 0.806854
#	5048	774
#	1077	3587
#
155 1.02971 0.824147 0.807744
#	5052	770
#	1074	3590
#
156 1.02682 0.824433 0.808189
#	5056	766
#	1075	3589
#
157 1.02405 0.824623 0.808189
#	5056	766
#	1073	3591
#
158 1.02122 0.825386 0.809969
#	5064	758
#	1073	3591
#
159 1.01842 0.825672 0.811749
#	5064	758
#	1070	3594
#
160 1.01566 0.826531 0.811304
#	5066	756
#	1063	3601
#
161 1.01294 0.826721 0.812194
#	5067	755
#	1062	3602
#
162 1.01025 0.82758 0.812639
#	5070	752
#	1056	3608
#
163 1.0076 0.827484 0.812194
#	5068	754
#	1055	3609
#
164 1.005 0.828056 0.811749
#	5069	753
#	1050	3614
#
165 1.00241 0.828533 0.813529
#	5070	752
#	1046	3618
#
166 0.99986 0.829582 0.813529
#	5076	746
#	1041	3623
#
167 0.997342 0.830441 0.813974
#	5081	741
#	1037	3627
#
168 0.994855 0.831013 0.813529
#	5083	739
#	1033	3631
#
169 0.992401 0.831585 0.813084
#	5086	736
#	1030	3634
#
170 0.989974 0.832729 0.812639
#	5093	729
#	1025	3639
#
171 0.987575 0.832634 0.812639
#	5092	730
#	1025	3639
#
172 0.9852 0.833206 0.813529
#	5092	730
#	1019	3645
#
173 0.982863 0.834064 0.813529
#	5096	726
#	1014	3650
#
174 0.98053 0.835018 0.812194
#	5098	724
#	1006	3658
#
175 0.978224 0.83559 0.813974
#	5102	720
#	1004	3660
#
176 0.975949 0.836163 0.814419
#	5108	714
#	1004	3660
#
177 0.973677 0.836353 0.813084
#	5109	713
#	1003	3661
#
178 0.971424 0.836544 0.814419
#	5109	713
#	1001	3663
#
179 0.969189 0.836735 0.815309
#	5107	715
#	997	3667
#
180 0.966959 0.83683 0.814864
#	5108	714
#	997	3667
#
181 0.964742 0.837879 0.815754
#	5111	711
#	989	3675
#
182 0.962527 0.838165 0.816644
#	5115	707
#	990	3674
#
183 0.960312 0.838928 0.816644
#	5121	701
#	988	3676
#
184 0.958095 0.839214 0.817089
#	5121	701
#	985	3679
#
185 0.955878 0.839214 0.817089
#	5122	700
#	986	3678
#
186 0.953646 0.839691 0.817535
#	5130	692
#	989	3675
#
187 0.951406 0.840072 0.81798
#	5131	691
#	986	3678
#
188 0.949158 0.840263 0.81976
#	5134	688
#	987	3677
#
189 0.946907 0.840931 0.821985
#	5136	686
#	982	3682
#
190 0.944644 0.841598 0.82243
#	5139	683
#	978	3686
#
191 0.942391 0.841503 0.822875
#	5138	684
#	978	3686
#
192 0.940146 0.841598 0.823765
#	5136	686
#	975	3689
#
193 0.937925 0.842171 0.82332
#	5139	683
#	972	3692
#
194 0.935729 0.842743 0.8251
#	5141	681
#	968	3696
#
195 0.933562 0.842552 0.82421
#	5138	684
#	967	3697
#
196 0.931429 0.842933 0.82332
#	5140	682
#	965	3699
#
197 0.929328 0.843124 0.823765
#	5142	680
#	965	3699
#
198 0.927266 0.843029 0.823765
#	5142	680
#	966	3698
#
199 0.925237 0.84341 0.8251
#	5146	676
#	966	3698
#
200 0.923237 0.844173 0.8251
#	5152	670
#	964	3700
#
201 0.921267 0.844936 0.825545
#	5155	667
#	959	3705
#
202 0.919327 0.845413 0.826435
#	5157	665
#	956	3708
#
203 0.917408 0.846176 0.827325
#	5161	661
#	952	3712
#
204 0.91552 0.846271 0.82777
#	5160	662
#	950	3714
#
205 0.913653 0.846462 0.82777
#	5160	662
#	948	3716
#
206 0.911805 0.846557 0.82866
#	5162	660
#	949	3715
#
207 0.909978 0.846653 0.829996
#	5160	662
#	946	3718
#
208 0.908172 0.846462 0.829996
#	5158	664
#	946	3718
#
209 0.906383 0.847225 0.829105
#	5162	660
#	942	3722
#
210 0.904612 0.847606 0.82866
#	5164	658
#	940	3724
#
211 0.90286 0.847988 0.829551
#	5166	656
#	938	3726
#
212 0.901124 0.847988 0.829996
#	5167	655
#	939	3725
#
213 0.899405 0.848369 0.830886
#	5168	654
#	936	3728
#
214 0.897699 0.848083 0.831776
#	5167	655
#	938	3726
#
215 0.896015 0.848179 0.832221
#	5167	655
#	937	3727
#
216 0.894526 0.848179 0.833111
#	5166	656
#	936	3728
#
217 0.892842 0.848369 0.834446
#	5167	655
#	935	3729
#
218 0.891189 0.848655 0.834001
#	5168	654
#	933	3731
#
219 0.889561 0.848751 0.834446
#	5166	656
#	930	3734
#
220 0.887946 0.849323 0.834446
#	5167	655
#	925	3739
#
221 0.886406 0.849514 0.834446
#	5167	655
#	923	3741
#
222 0.88481 0.849418 0.834891
#	5168	654
#	925	3739
#
223 0.883439 0.849418 0.834891
#	5166	656
#	923	3741
#
224 0.881843 0.850467 0.834891
#	5171	651
#	917	3747
#
225 0.880284 0.850658 0.835336
#	5171	651
#	915	3749
#
226 0.878742 0.850658 0.835781
#	5172	650
#	916	3748
#
227 0.87721 0.850849 0.837116
#	5173	649
#	915	3749
#
228 0.875926 0.851326 0.837116
#	5178	644
#	915	3749
#
229 0.874387 0.851612 0.838006
#	5181	641
#	915	3749
#
230 0.872874 0.852279 0.838451
#	5183	639
#	910	3754
#
231 0.871384 0.852279 0.838451
#	5182	640
#	909	3755
#
232 0.869906 0.852375 0.838451
#	5182	640
#	908	3756
#
233 0.868614 0.852184 0.837116
#	5180	642
#	908	3756
#
234 0.867133 0.852661 0.837561
#	5182	640
#	905	3759
#
235 0.865674 0.852851 0.838006
#	5183	639
#	904	3760
#
236 0.864237 0.853233 0.838006
#	5185	637
#	902	3762
#
237 0.863026 0.852947 0.838896
#	5184	638
#	904	3760
#
238 0.86157 0.853042 0.838896
#	5184	638
#	903	3761
#
239 0.860145 0.853519 0.839341
#	5186	636
#	900	3764
#
240 0.858734 0.853614 0.840231
#	5185	637
#	898	3766
#
241 0.857456 0.853519 0.840231
#	5185	637
#	899	3765
#
242 0.85605 0.854091 0.840231
#	5189	633
#	897	3767
#
243 0.8547 0.854187 0.840231
#	5190	632
#	897	3767
#
244 0.853418 0.854473 0.840231
#	5189	633
#	893	3771
#
245 0.85203 0.854568 0.841121
#	5192	630
#	895	3769
#
246 0.850869 0.854663 0.842457
#	5193	629
#	895	3769
#
247 0.849482 0.855331 0.842457
#	5198	624
#	893	3771
#
248 0.848124 0.856094 0.842457
#	5199	623
#	886	3778
#
249 0.846814 0.85638 0.842902
#	5201	621
#	885	3779
#
250 0.845584 0.856285 0.843347
#	5199	623
#	884	3780
#
251 0.844235 0.856761 0.843792
#	5201	621
#	881	3783
#
252 0.843102 0.856666 0.843792
#	5201	621
#	882	3782
#
253 0.841757 0.857334 0.842902
#	5203	619
#	877	3787
#
254 0.840437 0.85781 0.842457
#	5205	617
#	874	3790
#
255 0.839162 0.857906 0.842457
#	5206	616
#	874	3790
#
256 0.838079 0.858001 0.842902
#	5208	614
#	875	3789
#
257 0.836748 0.858001 0.842457
#	5207	615
#	874	3790
#
258 0.835447 0.858287 0.842902
#	5206	616
#	870	3794
#
259 0.834221 0.858383 0.844237
#	5206	616
#	869	3795
#
260 0.832967 0.858287 0.843792
#	5205	617
#	869	3795
#
261 0.83183 0.858764 0.843792
#	5206	616
#	865	3799
#
262 0.830531 0.858955 0.844237
#	5207	615
#	864	3800
#
263 0.82932 0.858859 0.844682
#	5205	617
#	863	3801
#
264 0.828071 0.85905 0.846017
#	5206	616
#	862	3802
#
265 0.827054 0.859718 0.846017
#	5210	612
#	859	3805
#
266 0.825756 0.859622 0.846017
#	5211	611
#	861	3803
#
267 0.824483 0.860195 0.846907
#	5215	607
#	859	3805
#
268 0.823244 0.860481 0.848242
#	5218	604
#	859	3805
#
269 0.822143 0.860767 0.847797
#	5218	604
#	856	3808
#
270 0.820867 0.861148 0.847797
#	5220	602
#	854	3810
#
271 0.819692 0.860957 0.847797
#	5219	603
#	855	3809
#
272 0.818487 0.861148 0.847797
#	5221	601
#	855	3809
#
273 0.817278 0.861339 0.847797
#	5221	601
#	853	3811
#
274 0.816146 0.861816 0.847797
#	5223	599
#	850	3814
#
275 0.814886 0.861816 0.848242
#	5224	598
#	851	3813
#
276 0.81389 0.862293 0.849132
#	5227	595
#	849	3815
#
277 0.812611 0.862483 0.850467
#	5225	597
#	845	3819
#
278 0.811357 0.862674 0.850467
#	5225	597
#	843	3821
#
279 0.810189 0.862865 0.850912
#	5227	595
#	843	3821
#
280 0.808997 0.86296 0.850912
#	5226	596
#	841	3823
#
281 0.807804 0.863437 0.851357
#	5226	596
#	836	3828
#
282 0.80671 0.863723 0.852692
#	5227	595
#	834	3830
#
283 0.805451 0.863437 0.852692
#	5224	598
#	834	3830
#
284 0.804263 0.863628 0.852692
#	5224	598
#	832	3832
#
285 0.803185 0.863818 0.852692
#	5224	598
#	830	3834
#
286 0.801925 0.863818 0.853137
#	5225	597
#	831	3833
#
287 0.800742 0.864295 0.854028
#	5225	597
#	826	3838
#
288 0.799683 0.864867 0.853137
#	5229	593
#	824	3840
#
289 0.798425 0.864677 0.853137
#	5228	594
#	825	3839
#
290 0.797271 0.864772 0.853583
#	5226	596
#	822	3842
#
291 0.796115 0.864867 0.853583
#	5225	597
#	820	3844
#
292 0.7949 0.865058 0.853583
#	5226	596
#	819	3845
#
293 0.793668 0.865249 0.853583
#	5228	594
#	819	3845
#
294 0.792444 0.865821 0.853583
#	5228	594
#	813	3851
#
295 0.791221 0.866203 0.853137
#	5228	594
#	809	3855
#
296 0.79 0.866203 0.853137
#	5227	595
#	808	3856
#
297 0.78878 0.866203 0.852692
#	5225	597
#	806	3858
#
#normalizar está a 1
#accuracy test final: 0.869604
#	1105	108
#	185	849
#0.869604
