0 1.87957 0.607381 0.613707
#	4803	1002
#	3115	1566
#
1 1.84471 0.614915 0.633289
#	4622	1183
#	2855	1826
#
2 1.82615 0.631795 0.64308
#	4664	1141
#	2720	1961
#
3 1.81113 0.637994 0.65109
#	4654	1151
#	2645	2036
#
4 1.79824 0.647053 0.659546
#	4680	1125
#	2576	2105
#
5 1.78683 0.654301 0.665332
#	4700	1105
#	2520	2161
#
6 1.77624 0.658592 0.672452
#	4699	1106
#	2474	2207
#
7 1.76598 0.662788 0.676903
#	4697	1108
#	2428	2253
#
8 1.75572 0.667271 0.681798
#	4687	1118
#	2371	2310
#
9 1.7454 0.673565 0.684023
#	4672	1133
#	2290	2391
#
10 1.735 0.678238 0.683133
#	4661	1144
#	2230	2451
#
11 1.72424 0.683864 0.685803
#	4645	1160
#	2155	2526
#
12 1.71279 0.687202 0.690254
#	4645	1160
#	2120	2561
#
13 1.70026 0.690826 0.690254
#	4641	1164
#	2078	2603
#
14 1.68902 0.694354 0.690254
#	4642	1163
#	2042	2639
#
15 1.67862 0.697025 0.693369
#	4634	1171
#	2006	2675
#
16 1.66851 0.698646 0.693369
#	4634	1171
#	1989	2692
#
17 1.65837 0.69855 0.693369
#	4622	1183
#	1978	2703
#
18 1.64791 0.699695 0.695594
#	4618	1187
#	1962	2719
#
19 1.63679 0.70246 0.696484
#	4625	1180
#	1940	2741
#
20 1.62467 0.704749 0.697819
#	4623	1182
#	1914	2767
#
21 1.61118 0.706847 0.70049
#	4634	1171
#	1903	2778
#
22 1.59588 0.708278 0.703605
#	4640	1165
#	1894	2787
#
23 1.57837 0.710471 0.70939
#	4660	1145
#	1891	2790
#
24 1.5583 0.71419 0.715621
#	4686	1119
#	1878	2803
#
25 1.53568 0.722392 0.721406
#	4728	1077
#	1834	2847
#
26 1.5111 0.729544 0.721851
#	4776	1029
#	1807	2874
#
27 1.48564 0.734599 0.724522
#	4793	1012
#	1771	2910
#
28 1.46032 0.742037 0.734757
#	4828	977
#	1728	2953
#
29 1.43587 0.74938 0.746328
#	4872	933
#	1695	2986
#
30 1.41277 0.753576 0.751224
#	4886	919
#	1665	3016
#
31 1.39128 0.758249 0.755229
#	4903	902
#	1633	3048
#
32 1.3715 0.762541 0.75968
#	4922	883
#	1607	3074
#
33 1.35334 0.765974 0.76324
#	4926	879
#	1575	3106
#
34 1.33667 0.768167 0.76591
#	4923	882
#	1549	3132
#
35 1.32128 0.770933 0.767245
#	4929	876
#	1526	3155
#
36 1.30694 0.772554 0.769915
#	4934	871
#	1514	3167
#
37 1.29346 0.773508 0.77036
#	4928	877
#	1498	3183
#
38 1.28066 0.775701 0.774811
#	4939	866
#	1486	3195
#
39 1.26837 0.777608 0.779706
#	4941	864
#	1468	3213
#
40 1.25649 0.779134 0.783267
#	4936	869
#	1447	3234
#
41 1.24489 0.781232 0.782822
#	4945	860
#	1434	3247
#
42 1.23349 0.782758 0.787717
#	4949	856
#	1422	3259
#
43 1.22224 0.78457 0.788162
#	4953	852
#	1407	3274
#
44 1.21104 0.787336 0.790832
#	4963	842
#	1388	3293
#
45 1.19988 0.788957 0.792167
#	4968	837
#	1376	3305
#
46 1.18872 0.79115 0.793947
#	4973	832
#	1358	3323
#
47 1.17753 0.794393 0.797508
#	4988	817
#	1339	3342
#
48 1.1663 0.796491 0.798843
#	4997	808
#	1326	3355
#
49 1.15504 0.800019 0.800178
#	5002	803
#	1294	3387
#
50 1.14373 0.802212 0.805073
#	5010	795
#	1279	3402
#
51 1.1324 0.804978 0.807299
#	5017	788
#	1257	3424
#
52 1.12104 0.807553 0.810414
#	5031	774
#	1244	3437
#
53 1.10968 0.810509 0.811749
#	5048	757
#	1230	3451
#
54 1.09833 0.812989 0.814419
#	5054	751
#	1210	3471
#
55 1.08702 0.815468 0.816644
#	5073	732
#	1203	3478
#
56 1.07578 0.819283 0.819315
#	5088	717
#	1178	3503
#
57 1.06463 0.821476 0.82243
#	5093	712
#	1160	3521
#
58 1.05365 0.824814 0.82599
#	5102	703
#	1134	3547
#
59 1.04284 0.827198 0.829551
#	5109	696
#	1116	3565
#
60 1.03226 0.83025 0.831776
#	5126	679
#	1101	3580
#
61 1.02194 0.832348 0.833556
#	5136	669
#	1089	3592
#
62 1.01193 0.835209 0.838896
#	5148	657
#	1071	3610
#
63 1.00223 0.836544 0.841121
#	5147	658
#	1056	3625
#
64 0.992874 0.838261 0.841567
#	5150	655
#	1041	3640
#
65 0.983856 0.840072 0.842012
#	5150	655
#	1022	3659
#
66 0.975199 0.840931 0.846017
#	5147	658
#	1010	3671
#
67 0.966879 0.842743 0.847797
#	5152	653
#	996	3685
#
68 0.958883 0.844364 0.848242
#	5156	649
#	983	3698
#
69 0.951247 0.846271 0.849132
#	5157	648
#	964	3717
#
70 0.943931 0.847892 0.849577
#	5158	647
#	948	3733
#
71 0.936925 0.84999 0.852692
#	5163	642
#	931	3750
#
72 0.930222 0.851898 0.854473
#	5171	634
#	919	3762
#
73 0.923807 0.852375 0.854028
#	5169	636
#	912	3769
#
74 0.917661 0.852756 0.855363
#	5170	635
#	909	3772
#
75 0.911772 0.853805 0.856253
#	5170	635
#	898	3783
#
76 0.906124 0.854473 0.858478
#	5168	637
#	889	3792
#
77 0.9007 0.855045 0.859813
#	5168	637
#	883	3798
#
78 0.895492 0.855617 0.861593
#	5171	634
#	880	3801
#
79 0.890481 0.857047 0.862483
#	5175	630
#	869	3812
#
80 0.88566 0.85762 0.862928
#	5177	628
#	865	3816
#
81 0.881011 0.858001 0.864263
#	5176	629
#	860	3821
#
82 0.876527 0.858478 0.864263
#	5175	630
#	854	3827
#
83 0.872195 0.860099 0.866934
#	5184	621
#	846	3835
#
84 0.868003 0.860195 0.868269
#	5182	623
#	843	3838
#
85 0.863947 0.861053 0.868269
#	5185	620
#	837	3844
#
86 0.860013 0.862102 0.868714
#	5191	614
#	832	3849
#
87 0.856199 0.862197 0.869159
#	5189	616
#	829	3852
#
88 0.85249 0.862865 0.870494
#	5190	615
#	823	3858
#
89 0.848883 0.8642 0.871384
#	5195	610
#	814	3867
#
90 0.845374 0.865154 0.872719
#	5203	602
#	812	3869
#
91 0.84195 0.865726 0.873164
#	5205	600
#	808	3873
#
92 0.838613 0.866679 0.872719
#	5209	596
#	802	3879
#
93 0.835352 0.867633 0.873164
#	5212	593
#	795	3886
#
94 0.832166 0.867728 0.874944
#	5211	594
#	793	3888
#
95 0.829052 0.867633 0.873609
#	5209	596
#	792	3889
#
96 0.826003 0.86811 0.873164
#	5207	598
#	785	3896
#
97 0.823013 0.868491 0.873609
#	5205	600
#	779	3902
#
98 0.820085 0.868968 0.873164
#	5206	599
#	775	3906
#
99 0.817214 0.870208 0.874054
#	5214	591
#	770	3911
#
100 0.814395 0.87078 0.874054
#	5217	588
#	767	3914
#
101 0.81163 0.871352 0.874499
#	5217	588
#	761	3920
#
102 0.808911 0.872306 0.874499
#	5221	584
#	755	3926
#
103 0.806238 0.872592 0.874944
#	5221	584
#	752	3929
#
104 0.803611 0.872974 0.874499
#	5223	582
#	750	3931
#
105 0.801029 0.872878 0.874944
#	5223	582
#	751	3930
#
106 0.798486 0.873546 0.874944
#	5229	576
#	750	3931
#
107 0.795983 0.873355 0.875834
#	5226	579
#	749	3932
#
108 0.793521 0.873641 0.876279
#	5228	577
#	748	3933
#
109 0.79109 0.873832 0.875389
#	5229	576
#	747	3934
#
110 0.7887 0.874213 0.874944
#	5231	574
#	745	3936
#
111 0.786342 0.874499 0.874944
#	5231	574
#	742	3939
#
112 0.784021 0.874785 0.874944
#	5232	573
#	740	3941
#
113 0.781726 0.875167 0.875389
#	5232	573
#	736	3945
#
114 0.779468 0.875453 0.875389
#	5233	572
#	734	3947
#
115 0.777241 0.875739 0.875834
#	5229	576
#	727	3954
#
116 0.775044 0.876121 0.875834
#	5231	574
#	725	3956
#
117 0.772874 0.876025 0.876725
#	5230	575
#	725	3956
#
118 0.770736 0.876788 0.877615
#	5232	573
#	719	3962
#
119 0.768626 0.877456 0.876279
#	5238	567
#	718	3963
#
120 0.766543 0.877742 0.876725
#	5238	567
#	715	3966
#
121 0.76449 0.877932 0.876725
#	5239	566
#	714	3967
#
122 0.762462 0.877837 0.877615
#	5240	565
#	716	3965
#
123 0.760461 0.877932 0.87806
#	5243	562
#	718	3963
#
124 0.75849 0.878123 0.87806
#	5243	562
#	716	3965
#
125 0.756543 0.878409 0.879395
#	5246	559
#	716	3965
#
126 0.754628 0.8786 0.879395
#	5246	559
#	714	3967
#
127 0.752737 0.8786 0.879395
#	5246	559
#	714	3967
#
128 0.750875 0.878886 0.87984
#	5247	558
#	712	3969
#
129 0.749038 0.878981 0.87984
#	5249	556
#	713	3968
#
130 0.747233 0.879649 0.880285
#	5250	555
#	707	3974
#
131 0.745449 0.879935 0.88073
#	5252	553
#	706	3975
#
132 0.743698 0.880412 0.881175
#	5253	552
#	702	3979
#
133 0.74197 0.880889 0.881175
#	5257	548
#	701	3980
#
134 0.740267 0.880984 0.88162
#	5257	548
#	700	3981
#
135 0.738591 0.880984 0.882065
#	5258	547
#	701	3980
#
136 0.736941 0.880984 0.88162
#	5256	549
#	699	3982
#
137 0.735314 0.88127 0.882955
#	5257	548
#	697	3984
#
138 0.733714 0.882033 0.882955
#	5260	545
#	692	3989
#
139 0.732139 0.882129 0.882955
#	5261	544
#	692	3989
#
140 0.730585 0.882033 0.882955
#	5260	545
#	692	3989
#
141 0.729054 0.882605 0.88162
#	5263	542
#	689	3992
#
142 0.727545 0.882891 0.882065
#	5266	539
#	689	3992
#
143 0.726056 0.883082 0.882955
#	5267	538
#	688	3993
#
144 0.72459 0.883464 0.882955
#	5269	536
#	686	3995
#
145 0.723144 0.883273 0.882955
#	5269	536
#	688	3993
#
146 0.721719 0.883464 0.88251
#	5271	534
#	688	3993
#
147 0.720315 0.883559 0.883845
#	5271	534
#	687	3994
#
148 0.718934 0.883464 0.883845
#	5268	537
#	685	3996
#
149 0.717572 0.883654 0.8834
#	5269	536
#	684	3997
#
150 0.716236 0.883941 0.882955
#	5271	534
#	683	3998
#
151 0.714922 0.884131 0.882955
#	5271	534
#	681	4000
#
152 0.713631 0.884608 0.8834
#	5273	532
#	678	4003
#
153 0.712362 0.884703 0.883845
#	5274	531
#	678	4003
#
154 0.711117 0.884703 0.883845
#	5273	532
#	677	4004
#
155 0.709896 0.884227 0.883845
#	5271	534
#	680	4001
#
156 0.708694 0.884513 0.88429
#	5272	533
#	678	4003
#
157 0.707513 0.884608 0.884735
#	5272	533
#	677	4004
#
158 0.706353 0.88499 0.88518
#	5275	530
#	676	4005
#
159 0.705208 0.885085 0.88518
#	5274	531
#	674	4007
#
160 0.704086 0.885276 0.88518
#	5276	529
#	674	4007
#
161 0.70298 0.88518 0.885625
#	5275	530
#	674	4007
#
162 0.701892 0.88518 0.886515
#	5275	530
#	674	4007
#
163 0.700819 0.88499 0.886515
#	5275	530
#	676	4005
#
164 0.699762 0.88499 0.887405
#	5274	531
#	675	4006
#
165 0.698723 0.884894 0.88785
#	5275	530
#	677	4004
#
166 0.697694 0.885371 0.88785
#	5279	526
#	676	4005
#
167 0.696684 0.885562 0.888296
#	5280	525
#	675	4006
#
168 0.695684 0.885657 0.888296
#	5280	525
#	674	4007
#
169 0.694699 0.885752 0.888296
#	5281	524
#	674	4007
#
170 0.693725 0.885848 0.888741
#	5283	522
#	675	4006
#
171 0.692766 0.886039 0.889186
#	5284	521
#	674	4007
#
172 0.691819 0.885943 0.888741
#	5283	522
#	674	4007
#
173 0.690882 0.88642 0.888741
#	5286	519
#	672	4009
#
174 0.689958 0.886706 0.88785
#	5288	517
#	671	4010
#
175 0.689039 0.886801 0.887405
#	5289	516
#	671	4010
#
176 0.688138 0.886992 0.887405
#	5291	514
#	671	4010
#
177 0.687243 0.887278 0.88785
#	5291	514
#	668	4013
#
178 0.686359 0.88766 0.887405
#	5294	511
#	667	4014
#
179 0.685481 0.88766 0.887405
#	5294	511
#	667	4014
#
180 0.684614 0.887755 0.88785
#	5295	510
#	667	4014
#
181 0.683758 0.887946 0.888296
#	5296	509
#	666	4015
#
182 0.682908 0.888137 0.889631
#	5298	507
#	666	4015
#
183 0.682069 0.888232 0.889631
#	5301	504
#	668	4013
#
184 0.681235 0.888327 0.890076
#	5300	505
#	666	4015
#
185 0.680409 0.888232 0.890076
#	5300	505
#	667	4014
#
186 0.679591 0.888423 0.890076
#	5300	505
#	665	4016
#
187 0.678777 0.888423 0.890076
#	5300	505
#	665	4016
#
188 0.677976 0.888995 0.889186
#	5304	501
#	663	4018
#
189 0.67718 0.889186 0.888741
#	5304	501
#	661	4020
#
190 0.676387 0.889186 0.888741
#	5305	500
#	662	4019
#
191 0.675602 0.889281 0.889186
#	5305	500
#	661	4020
#
192 0.674826 0.889281 0.889631
#	5304	501
#	660	4021
#
193 0.674053 0.889662 0.890076
#	5305	500
#	657	4024
#
194 0.673287 0.889758 0.890076
#	5305	500
#	656	4025
#
195 0.672526 0.889948 0.890076
#	5306	499
#	655	4026
#
196 0.671769 0.89033 0.890076
#	5308	497
#	653	4028
#
197 0.671022 0.890425 0.890076
#	5310	495
#	654	4027
#
198 0.670277 0.890425 0.890076
#	5310	495
#	654	4027
#
199 0.669535 0.890425 0.890076
#	5312	493
#	656	4025
#
200 0.6688 0.890711 0.890076
#	5313	492
#	654	4027
#
201 0.668069 0.890998 0.889631
#	5315	490
#	653	4028
#
202 0.667344 0.890902 0.889631
#	5315	490
#	654	4027
#
203 0.666623 0.891093 0.889631
#	5316	489
#	653	4028
#
204 0.665902 0.891856 0.889186
#	5317	488
#	646	4035
#
205 0.66519 0.891951 0.889186
#	5317	488
#	645	4036
#
206 0.66448 0.892523 0.888296
#	5319	486
#	641	4040
#
207 0.663778 0.892523 0.888296
#	5319	486
#	641	4040
#
208 0.663072 0.892523 0.888741
#	5320	485
#	642	4039
#
209 0.662374 0.892714 0.888741
#	5321	484
#	641	4040
#
210 0.661679 0.893096 0.889631
#	5322	483
#	638	4043
#
211 0.660987 0.893191 0.889631
#	5322	483
#	637	4044
#
212 0.660298 0.893286 0.889631
#	5322	483
#	636	4045
#
213 0.659612 0.893477 0.889631
#	5322	483
#	634	4047
#
214 0.658928 0.893477 0.889631
#	5322	483
#	634	4047
#
215 0.658252 0.893763 0.889631
#	5324	481
#	633	4048
#
216 0.657574 0.893763 0.889631
#	5323	482
#	632	4049
#
217 0.6569 0.893954 0.889186
#	5323	482
#	630	4051
#
218 0.65623 0.893954 0.889186
#	5323	482
#	630	4051
#
219 0.655562 0.893954 0.889186
#	5322	483
#	629	4052
#
220 0.654895 0.894145 0.890076
#	5324	481
#	629	4052
#
221 0.654231 0.894526 0.890076
#	5326	479
#	627	4054
#
222 0.653571 0.894526 0.890521
#	5327	478
#	628	4053
#
223 0.652912 0.894717 0.890521
#	5327	478
#	626	4055
#
224 0.652256 0.894621 0.891411
#	5328	477
#	628	4053
#
225 0.651601 0.894717 0.892301
#	5329	476
#	628	4053
#
226 0.650951 0.894621 0.892301
#	5328	477
#	628	4053
#
227 0.650301 0.894526 0.892301
#	5327	478
#	628	4053
#
228 0.649654 0.894526 0.892301
#	5327	478
#	628	4053
#
229 0.649011 0.894621 0.892301
#	5327	478
#	627	4054
#
230 0.648369 0.894717 0.892301
#	5328	477
#	627	4054
#
231 0.647728 0.894907 0.892301
#	5330	475
#	627	4054
#
232 0.647092 0.895098 0.893191
#	5332	473
#	627	4054
#
233 0.646456 0.895098 0.892746
#	5329	476
#	624	4057
#
234 0.645822 0.895384 0.892746
#	5332	473
#	624	4057
#
235 0.64519 0.895575 0.892746
#	5331	474
#	621	4060
#
236 0.644562 0.895575 0.892746
#	5330	475
#	620	4061
#
237 0.643935 0.89567 0.893191
#	5330	475
#	619	4062
#
238 0.643308 0.895766 0.893191
#	5330	475
#	618	4063
#
239 0.642685 0.895575 0.893191
#	5329	476
#	619	4062
#
240 0.642064 0.895575 0.893191
#	5329	476
#	619	4062
#
241 0.641447 0.895957 0.893191
#	5332	473
#	618	4063
#
242 0.640832 0.896243 0.893191
#	5333	472
#	616	4065
#
243 0.640215 0.89691 0.892746
#	5337	468
#	613	4068
#
244 0.639602 0.896624 0.892746
#	5336	469
#	615	4066
#
245 0.638993 0.896624 0.892746
#	5336	469
#	615	4066
#
246 0.638385 0.896529 0.892746
#	5336	469
#	616	4065
#
247 0.637778 0.896719 0.892746
#	5337	468
#	615	4066
#
248 0.637174 0.897101 0.891856
#	5337	468
#	611	4070
#
249 0.636574 0.897292 0.890966
#	5337	468
#	609	4072
#
250 0.635972 0.897387 0.891856
#	5336	469
#	607	4074
#
251 0.635374 0.897578 0.891856
#	5336	469
#	605	4076
#
252 0.634782 0.897482 0.891856
#	5335	470
#	605	4076
#
253 0.634187 0.897578 0.891411
#	5337	468
#	606	4075
#
254 0.633597 0.897864 0.890966
#	5337	468
#	603	4078
#
255 0.633008 0.89815 0.890966
#	5338	467
#	601	4080
#
256 0.632421 0.89815 0.890966
#	5338	467
#	601	4080
#
257 0.631837 0.898055 0.890966
#	5337	468
#	601	4080
#
258 0.631255 0.898055 0.891411
#	5337	468
#	601	4080
#
259 0.630676 0.898055 0.892746
#	5337	468
#	601	4080
#
260 0.630098 0.898341 0.893191
#	5339	466
#	600	4081
#
261 0.629521 0.898245 0.892746
#	5338	467
#	600	4081
#
262 0.628949 0.898531 0.893191
#	5338	467
#	597	4084
#
263 0.628375 0.898436 0.893191
#	5338	467
#	598	4083
#
264 0.627806 0.898531 0.893191
#	5338	467
#	597	4084
#
265 0.627239 0.898531 0.892746
#	5339	466
#	598	4083
#
266 0.626674 0.898627 0.892746
#	5339	466
#	597	4084
#
267 0.626114 0.898627 0.892746
#	5339	466
#	597	4084
#
268 0.625551 0.898817 0.893191
#	5339	466
#	595	4086
#
269 0.624994 0.899199 0.893191
#	5339	466
#	591	4090
#
270 0.624439 0.899199 0.893191
#	5339	466
#	591	4090
#
271 0.623885 0.899104 0.893191
#	5340	465
#	593	4088
#
272 0.623335 0.898817 0.893636
#	5339	466
#	595	4086
#
273 0.622786 0.899008 0.893636
#	5340	465
#	594	4087
#
274 0.622238 0.899008 0.893636
#	5341	464
#	595	4086
#
275 0.621694 0.899199 0.894081
#	5342	463
#	594	4087
#
276 0.621152 0.899294 0.894081
#	5342	463
#	593	4088
#
277 0.620611 0.899866 0.894081
#	5345	460
#	590	4091
#
278 0.620073 0.899962 0.894081
#	5345	460
#	589	4092
#
279 0.619538 0.900057 0.894081
#	5346	459
#	589	4092
#
280 0.619004 0.900153 0.894081
#	5346	459
#	588	4093
#
281 0.618473 0.900248 0.894081
#	5346	459
#	587	4094
#
282 0.617942 0.900629 0.894081
#	5348	457
#	585	4096
#
283 0.617415 0.900725 0.894081
#	5348	457
#	584	4097
#
284 0.616891 0.90082 0.894081
#	5348	457
#	583	4098
#
285 0.616366 0.900725 0.894526
#	5347	458
#	583	4098
#
286 0.615847 0.900725 0.894526
#	5346	459
#	582	4099
#
287 0.615328 0.900725 0.894971
#	5346	459
#	582	4099
#
288 0.614809 0.90082 0.895416
#	5346	459
#	581	4100
#
289 0.614295 0.901011 0.895416
#	5346	459
#	579	4102
#
290 0.613782 0.901011 0.895861
#	5346	459
#	579	4102
#
291 0.613271 0.901106 0.895861
#	5348	457
#	580	4101
#
292 0.612762 0.901011 0.895861
#	5348	457
#	581	4100
#
293 0.612256 0.901392 0.895416
#	5348	457
#	577	4104
#
294 0.61175 0.901488 0.895416
#	5348	457
#	576	4105
#
295 0.611247 0.901678 0.895416
#	5348	457
#	574	4107
#
296 0.610748 0.901774 0.895861
#	5348	457
#	573	4108
#
297 0.610249 0.901869 0.896306
#	5349	456
#	573	4108
#
298 0.609751 0.901869 0.896306
#	5349	456
#	573	4108
#
299 0.609257 0.901774 0.896751
#	5349	456
#	574	4107
#
300 0.608763 0.901869 0.896751
#	5349	456
#	573	4108
#
301 0.608274 0.90206 0.897196
#	5350	455
#	572	4109
#
302 0.607782 0.902155 0.897196
#	5352	453
#	573	4108
#
303 0.607301 0.902251 0.897641
#	5353	452
#	573	4108
#
304 0.606805 0.901965 0.897196
#	5351	454
#	574	4107
#
305 0.606333 0.901965 0.897196
#	5351	454
#	574	4107
#
306 0.605837 0.902251 0.897196
#	5353	452
#	573	4108
#
307 0.605374 0.902441 0.897196
#	5352	453
#	570	4111
#
308 0.604881 0.902441 0.896751
#	5351	454
#	569	4112
#
309 0.604419 0.902632 0.896751
#	5352	453
#	568	4113
#
310 0.603927 0.902632 0.897196
#	5352	453
#	568	4113
#
311 0.603472 0.902441 0.896751
#	5350	455
#	568	4113
#
312 0.602982 0.902727 0.897196
#	5353	452
#	568	4113
#
313 0.60253 0.902346 0.897196
#	5351	454
#	570	4111
#
314 0.602045 0.902251 0.896751
#	5350	455
#	570	4111
#
315 0.601597 0.902346 0.897196
#	5351	454
#	570	4111
#
316 0.601114 0.902441 0.897641
#	5351	454
#	569	4112
#
317 0.600668 0.902727 0.897641
#	5351	454
#	566	4115
#
318 0.600191 0.902823 0.897641
#	5351	454
#	565	4116
#
319 0.599747 0.903109 0.897641
#	5352	453
#	563	4118
#
320 0.599275 0.903204 0.897641
#	5352	453
#	562	4119
#
321 0.598826 0.903395 0.897196
#	5354	451
#	562	4119
#
322 0.59836 0.903395 0.897641
#	5354	451
#	562	4119
#
323 0.597909 0.90349 0.897641
#	5354	451
#	561	4120
#
324 0.597452 0.903681 0.897641
#	5355	450
#	560	4121
#
325 0.597 0.903967 0.897641
#	5356	449
#	558	4123
#
326 0.596548 0.903872 0.897641
#	5356	449
#	559	4122
#
327 0.596098 0.903872 0.897641
#	5356	449
#	559	4122
#
328 0.595648 0.903872 0.897196
#	5356	449
#	559	4122
#
329 0.595203 0.904158 0.897641
#	5356	449
#	556	4125
#
330 0.594757 0.904158 0.897641
#	5357	448
#	557	4124
#
331 0.594311 0.903967 0.897641
#	5356	449
#	558	4123
#
332 0.593868 0.904253 0.898531
#	5358	447
#	557	4124
#
333 0.593425 0.904349 0.898531
#	5358	447
#	556	4125
#
334 0.592985 0.904539 0.900312
#	5359	446
#	555	4126
#
335 0.592545 0.904444 0.900312
#	5359	446
#	556	4125
#
336 0.592105 0.904349 0.900312
#	5359	446
#	557	4124
#
337 0.59167 0.904635 0.900312
#	5360	445
#	555	4126
#
338 0.591233 0.904444 0.900312
#	5360	445
#	557	4124
#
339 0.590797 0.904635 0.900312
#	5360	445
#	555	4126
#
340 0.590364 0.904539 0.901202
#	5359	446
#	555	4126
#
341 0.589932 0.904826 0.901202
#	5360	445
#	553	4128
#
342 0.5895 0.904826 0.901202
#	5360	445
#	553	4128
#
343 0.58907 0.904826 0.901647
#	5360	445
#	553	4128
#
344 0.588639 0.905112 0.901647
#	5363	442
#	553	4128
#
345 0.588212 0.904921 0.901647
#	5363	442
#	555	4126
#
346 0.587782 0.904826 0.901647
#	5363	442
#	556	4125
#
347 0.587356 0.905207 0.901647
#	5363	442
#	552	4129
#
348 0.58693 0.905302 0.901647
#	5363	442
#	551	4130
#
349 0.586504 0.905588 0.901647
#	5365	440
#	550	4131
#
350 0.58608 0.905398 0.901647
#	5364	441
#	551	4130
#
351 0.585657 0.905398 0.902092
#	5365	440
#	552	4129
#
352 0.585231 0.905398 0.902092
#	5365	440
#	552	4129
#
353 0.584809 0.905684 0.902092
#	5365	440
#	549	4132
#
354 0.584387 0.905588 0.902092
#	5366	439
#	551	4130
#
355 0.583964 0.905779 0.902092
#	5366	439
#	549	4132
#
356 0.583542 0.905874 0.901647
#	5367	438
#	549	4132
#
357 0.583121 0.905874 0.901647
#	5368	437
#	550	4131
#
358 0.5827 0.905874 0.901647
#	5368	437
#	550	4131
#
359 0.582279 0.906065 0.901202
#	5369	436
#	549	4132
#
360 0.581856 0.906161 0.901202
#	5370	435
#	549	4132
#
361 0.581435 0.906065 0.901202
#	5369	436
#	549	4132
#
362 0.581014 0.90597 0.901202
#	5369	436
#	550	4131
#
363 0.580591 0.906256 0.902092
#	5372	433
#	550	4131
#
364 0.580168 0.906542 0.902092
#	5374	431
#	549	4132
#
365 0.579742 0.906733 0.902537
#	5374	431
#	547	4134
#
366 0.579317 0.906828 0.902537
#	5375	430
#	547	4134
#
367 0.578891 0.907114 0.902537
#	5377	428
#	546	4135
#
368 0.578465 0.906924 0.902982
#	5375	430
#	546	4135
#
369 0.578036 0.907305 0.902982
#	5377	428
#	544	4137
#
370 0.577607 0.907305 0.902982
#	5377	428
#	544	4137
#
371 0.577176 0.907496 0.903427
#	5378	427
#	543	4138
#
372 0.576742 0.907686 0.904317
#	5380	425
#	543	4138
#
373 0.576308 0.907591 0.904317
#	5380	425
#	544	4137
#
374 0.575872 0.907686 0.904317
#	5380	425
#	543	4138
#
375 0.575431 0.907591 0.904762
#	5379	426
#	543	4138
#
376 0.57499 0.907782 0.904762
#	5380	425
#	542	4139
#
377 0.574547 0.907686 0.904762
#	5380	425
#	543	4138
#
378 0.5741 0.908259 0.904762
#	5384	421
#	541	4140
#
379 0.573652 0.908068 0.904762
#	5383	422
#	542	4139
#
380 0.573201 0.908068 0.904762
#	5383	422
#	542	4139
#
381 0.572751 0.908449 0.904317
#	5386	419
#	541	4140
#
382 0.572297 0.908354 0.904317
#	5386	419
#	542	4139
#
383 0.571839 0.908449 0.904762
#	5386	419
#	541	4140
#
384 0.571382 0.90864 0.904317
#	5386	419
#	539	4142
#
385 0.570921 0.908545 0.904762
#	5387	418
#	541	4140
#
386 0.57046 0.908831 0.905207
#	5389	416
#	540	4141
#
387 0.569997 0.908831 0.905207
#	5389	416
#	540	4141
#
388 0.569535 0.908449 0.905207
#	5388	417
#	543	4138
#
389 0.569069 0.908449 0.905652
#	5388	417
#	543	4138
#
390 0.568605 0.908449 0.906542
#	5388	417
#	543	4138
#
391 0.568139 0.908354 0.906097
#	5388	417
#	544	4137
#
392 0.567674 0.908449 0.906097
#	5389	416
#	544	4137
#
393 0.56721 0.90864 0.906542
#	5390	415
#	543	4138
#
394 0.566743 0.908831 0.906542
#	5389	416
#	540	4141
#
395 0.566279 0.908735 0.906097
#	5389	416
#	541	4140
#
396 0.565815 0.90864 0.906097
#	5388	417
#	541	4140
#
397 0.565348 0.90864 0.906097
#	5387	418
#	540	4141
#
398 0.564884 0.90864 0.906097
#	5387	418
#	540	4141
#
399 0.564421 0.908831 0.906097
#	5389	416
#	540	4141
#
400 0.563958 0.908831 0.906097
#	5389	416
#	540	4141
#
401 0.563496 0.908926 0.906542
#	5389	416
#	539	4142
#
402 0.563036 0.909212 0.906542
#	5390	415
#	537	4144
#
403 0.562575 0.909308 0.906987
#	5390	415
#	536	4145
#
404 0.562113 0.909117 0.906542
#	5389	416
#	537	4144
#
405 0.561656 0.909117 0.906097
#	5388	417
#	536	4145
#
406 0.561199 0.909403 0.905207
#	5389	416
#	534	4147
#
407 0.560741 0.909308 0.904762
#	5389	416
#	535	4146
#
408 0.560285 0.909308 0.904317
#	5389	416
#	535	4146
#
409 0.559832 0.909212 0.904762
#	5388	417
#	535	4146
#
410 0.55938 0.909022 0.904762
#	5387	418
#	536	4145
#
411 0.558931 0.908926 0.905652
#	5386	419
#	536	4145
#
412 0.558485 0.908926 0.905207
#	5386	419
#	536	4145
#
413 0.55804 0.909117 0.905652
#	5387	418
#	535	4146
#
414 0.557596 0.909403 0.905207
#	5390	415
#	535	4146
#
415 0.557155 0.909594 0.906097
#	5392	413
#	535	4146
#
416 0.556714 0.909689 0.906097
#	5392	413
#	534	4147
#
417 0.556277 0.909689 0.906542
#	5391	414
#	533	4148
#
418 0.55584 0.909594 0.906097
#	5391	414
#	534	4147
#
419 0.555404 0.909403 0.905652
#	5391	414
#	536	4145
#
420 0.554971 0.909498 0.905652
#	5392	413
#	536	4145
#
421 0.554543 0.909403 0.906097
#	5392	413
#	537	4144
#
422 0.554115 0.909403 0.906542
#	5392	413
#	537	4144
#
423 0.553692 0.909308 0.906097
#	5392	413
#	538	4143
#
424 0.55327 0.909403 0.906097
#	5392	413
#	537	4144
#
425 0.55285 0.909498 0.906097
#	5391	414
#	535	4146
#
426 0.552434 0.909689 0.906097
#	5391	414
#	533	4148
#
427 0.55202 0.90988 0.906542
#	5393	412
#	533	4148
#
428 0.55161 0.90988 0.906542
#	5393	412
#	533	4148
#
429 0.5512 0.90988 0.906542
#	5393	412
#	533	4148
#
430 0.550796 0.909975 0.906097
#	5393	412
#	532	4149
#
431 0.550394 0.910166 0.906542
#	5393	412
#	530	4151
#
432 0.549995 0.910166 0.906542
#	5394	411
#	531	4150
#
433 0.549599 0.910261 0.907432
#	5394	411
#	530	4151
#
434 0.549205 0.910452 0.907432
#	5394	411
#	528	4153
#
435 0.548815 0.910547 0.906987
#	5396	409
#	529	4152
#
436 0.548429 0.910643 0.906987
#	5396	409
#	528	4153
#
437 0.548045 0.910452 0.906987
#	5395	410
#	529	4152
#
438 0.547663 0.910643 0.906987
#	5396	409
#	528	4153
#
439 0.547285 0.910738 0.906987
#	5397	408
#	528	4153
#
440 0.54691 0.910738 0.907432
#	5397	408
#	528	4153
#
441 0.546535 0.911024 0.907432
#	5397	408
#	525	4156
#
442 0.546167 0.911215 0.906987
#	5399	406
#	525	4156
#
443 0.545801 0.911215 0.906987
#	5398	407
#	524	4157
#
444 0.545436 0.911406 0.906987
#	5398	407
#	522	4159
#
445 0.545075 0.91131 0.906987
#	5398	407
#	523	4158
#
446 0.544716 0.91131 0.906987
#	5399	406
#	524	4157
#
447 0.544361 0.91131 0.906987
#	5399	406
#	524	4157
#
448 0.544007 0.91131 0.906987
#	5399	406
#	524	4157
#
449 0.543658 0.91131 0.906987
#	5400	405
#	525	4156
#
450 0.54331 0.911406 0.906987
#	5401	404
#	525	4156
#
451 0.542964 0.911596 0.907432
#	5401	404
#	523	4158
#
452 0.542622 0.911596 0.906987
#	5401	404
#	523	4158
#
453 0.542283 0.911406 0.906542
#	5400	405
#	524	4157
#
454 0.541945 0.911787 0.906542
#	5401	404
#	521	4160
#
455 0.54161 0.911787 0.906542
#	5400	405
#	520	4161
#
456 0.541278 0.911883 0.906987
#	5400	405
#	519	4162
#
457 0.540949 0.912073 0.906987
#	5402	403
#	519	4162
#
458 0.540623 0.912073 0.907432
#	5402	403
#	519	4162
#
459 0.540298 0.912264 0.906987
#	5403	402
#	518	4163
#
460 0.539974 0.912455 0.907432
#	5404	401
#	517	4164
#
461 0.539654 0.912645 0.907432
#	5405	400
#	516	4165
#
462 0.539335 0.912836 0.908322
#	5407	398
#	516	4165
#
463 0.539021 0.912836 0.908767
#	5407	398
#	516	4165
#
464 0.538708 0.912836 0.908767
#	5406	399
#	515	4166
#
465 0.538394 0.913218 0.908767
#	5409	396
#	514	4167
#
466 0.538084 0.913122 0.908767
#	5409	396
#	515	4166
#
467 0.537776 0.913122 0.908767
#	5410	395
#	516	4165
#
468 0.537473 0.912932 0.908767
#	5410	395
#	518	4163
#
469 0.537166 0.912932 0.909212
#	5410	395
#	518	4163
#
470 0.536866 0.913027 0.909212
#	5411	394
#	518	4163
#
471 0.536566 0.913313 0.909212
#	5412	393
#	516	4165
#
472 0.536269 0.913408 0.909212
#	5413	392
#	516	4165
#
473 0.535971 0.913408 0.909212
#	5413	392
#	516	4165
#
474 0.535678 0.913408 0.909212
#	5413	392
#	516	4165
#
475 0.535383 0.913408 0.910102
#	5413	392
#	516	4165
#
476 0.535094 0.913504 0.910102
#	5413	392
#	515	4166
#
477 0.534802 0.913599 0.910547
#	5413	392
#	514	4167
#
478 0.534515 0.913599 0.910547
#	5413	392
#	514	4167
#
479 0.534226 0.91379 0.910102
#	5413	392
#	512	4169
#
480 0.533942 0.913885 0.910102
#	5414	391
#	512	4169
#
481 0.533658 0.913981 0.910102
#	5414	391
#	511	4170
#
482 0.533374 0.914076 0.910102
#	5415	390
#	511	4170
#
483 0.533093 0.914076 0.910102
#	5415	390
#	511	4170
#
484 0.532815 0.914267 0.910547
#	5416	389
#	510	4171
#
485 0.532535 0.914267 0.910547
#	5416	389
#	510	4171
#
486 0.532259 0.914171 0.910102
#	5415	390
#	510	4171
#
487 0.531981 0.914076 0.910102
#	5414	391
#	510	4171
#
488 0.531707 0.914267 0.910547
#	5414	391
#	508	4173
#
489 0.531431 0.914267 0.910547
#	5414	391
#	508	4173
#
490 0.531159 0.914267 0.910547
#	5414	391
#	508	4173
#
491 0.530886 0.914362 0.910547
#	5415	390
#	508	4173
#
492 0.530617 0.914362 0.910547
#	5415	390
#	508	4173
#
493 0.530346 0.914171 0.910547
#	5414	391
#	509	4172
#
494 0.53008 0.914171 0.910102
#	5414	391
#	509	4172
#
495 0.52981 0.914171 0.910102
#	5413	392
#	508	4173
#
496 0.529546 0.914171 0.910102
#	5413	392
#	508	4173
#
497 0.529278 0.914457 0.910102
#	5413	392
#	505	4176
#
498 0.529016 0.914171 0.909657
#	5410	395
#	505	4176
#
499 0.52875 0.914267 0.909657
#	5410	395
#	504	4177
#
500 0.528488 0.914267 0.909657
#	5410	395
#	504	4177
#
501 0.528224 0.914648 0.910102
#	5412	393
#	502	4179
#
502 0.527965 0.914743 0.910547
#	5413	392
#	502	4179
#
503 0.527702 0.914934 0.910547
#	5414	391
#	501	4180
#
504 0.527444 0.914934 0.910547
#	5414	391
#	501	4180
#
505 0.527183 0.914839 0.910547
#	5414	391
#	502	4179
#
506 0.526928 0.914839 0.910992
#	5414	391
#	502	4179
#
507 0.526667 0.914839 0.911437
#	5414	391
#	502	4179
#
508 0.526414 0.914648 0.910992
#	5413	392
#	503	4178
#
509 0.526155 0.914743 0.910992
#	5414	391
#	503	4178
#
510 0.5259 0.914839 0.910992
#	5414	391
#	502	4179
#
511 0.525643 0.914743 0.910992
#	5414	391
#	503	4178
#
512 0.525392 0.914648 0.910547
#	5413	392
#	503	4178
#
513 0.525136 0.914553 0.910992
#	5413	392
#	504	4177
#
514 0.524886 0.914553 0.910992
#	5413	392
#	504	4177
#
515 0.524631 0.914648 0.910992
#	5411	394
#	501	4180
#
516 0.524382 0.914648 0.910992
#	5411	394
#	501	4180
#
517 0.524127 0.914648 0.911437
#	5412	393
#	502	4179
#
518 0.523879 0.914648 0.911883
#	5411	394
#	501	4180
#
519 0.523626 0.914648 0.911883
#	5411	394
#	501	4180
#
520 0.523378 0.914648 0.911883
#	5411	394
#	501	4180
#
521 0.523127 0.914743 0.911437
#	5411	394
#	500	4181
#
522 0.522883 0.914839 0.912328
#	5411	394
#	499	4182
#
523 0.522633 0.914934 0.912328
#	5411	394
#	498	4183
#
524 0.522387 0.914934 0.912328
#	5411	394
#	498	4183
#
525 0.522139 0.915125 0.912328
#	5411	394
#	496	4185
#
526 0.521894 0.914934 0.913218
#	5409	396
#	496	4185
#
527 0.521646 0.91522 0.913663
#	5411	394
#	495	4186
#
528 0.521403 0.91522 0.913663
#	5411	394
#	495	4186
#
529 0.521156 0.91522 0.913663
#	5411	394
#	495	4186
#
530 0.520914 0.915316 0.913218
#	5412	393
#	495	4186
#
531 0.520669 0.915316 0.913218
#	5411	394
#	494	4187
#
532 0.520426 0.915411 0.913663
#	5413	392
#	495	4186
#
533 0.520183 0.915411 0.913663
#	5412	393
#	494	4187
#
534 0.519943 0.915411 0.913663
#	5412	393
#	494	4187
#
535 0.5197 0.915506 0.913663
#	5413	392
#	494	4187
#
536 0.51946 0.915697 0.913663
#	5414	391
#	493	4188
#
537 0.519218 0.915792 0.913663
#	5415	390
#	493	4188
#
538 0.518979 0.915792 0.914108
#	5414	391
#	492	4189
#
539 0.518738 0.915888 0.914553
#	5415	390
#	492	4189
#
540 0.518501 0.915888 0.914553
#	5415	390
#	492	4189
#
541 0.518261 0.915888 0.914553
#	5415	390
#	492	4189
#
542 0.518025 0.915983 0.914998
#	5415	390
#	491	4190
#
543 0.517787 0.915888 0.914998
#	5415	390
#	492	4189
#
544 0.51755 0.915983 0.914998
#	5416	389
#	492	4189
#
545 0.517313 0.916079 0.914998
#	5417	388
#	492	4189
#
546 0.517078 0.916079 0.914998
#	5417	388
#	492	4189
#
547 0.516842 0.916269 0.915443
#	5419	386
#	492	4189
#
548 0.516609 0.916079 0.915443
#	5419	386
#	494	4187
#
549 0.516373 0.916079 0.914998
#	5420	385
#	495	4186
#
550 0.51614 0.915983 0.914998
#	5419	386
#	495	4186
#
551 0.515905 0.915983 0.914998
#	5419	386
#	495	4186
#
552 0.515674 0.916174 0.914998
#	5420	385
#	494	4187
#
553 0.51544 0.916079 0.914998
#	5420	385
#	495	4186
#
554 0.515209 0.916079 0.914998
#	5419	386
#	494	4187
#
555 0.514976 0.916269 0.914998
#	5420	385
#	493	4188
#
556 0.514746 0.91646 0.914998
#	5421	384
#	492	4189
#
557 0.514516 0.91646 0.914998
#	5421	384
#	492	4189
#
558 0.514288 0.916555 0.914998
#	5422	383
#	492	4189
#
559 0.514057 0.916651 0.914998
#	5422	383
#	491	4190
#
560 0.513831 0.916746 0.915443
#	5423	382
#	491	4190
#
561 0.513601 0.916842 0.915443
#	5424	381
#	491	4190
#
562 0.513373 0.916746 0.914998
#	5424	381
#	492	4189
#
563 0.513145 0.916651 0.914998
#	5423	382
#	492	4189
#
564 0.51292 0.916365 0.915888
#	5423	382
#	495	4186
#
565 0.512694 0.916365 0.916333
#	5423	382
#	495	4186
#
566 0.512468 0.91646 0.916333
#	5424	381
#	495	4186
#
567 0.512243 0.91646 0.916333
#	5423	382
#	494	4187
#
568 0.512018 0.916365 0.916333
#	5422	383
#	494	4187
#
569 0.511793 0.916365 0.916333
#	5422	383
#	494	4187
#
570 0.511569 0.916365 0.916333
#	5422	383
#	494	4187
#
571 0.511346 0.916269 0.916333
#	5422	383
#	495	4186
#
572 0.511123 0.915983 0.916333
#	5422	383
#	498	4183
#
573 0.5109 0.916079 0.916333
#	5422	383
#	497	4184
#
574 0.510679 0.916269 0.916333
#	5423	382
#	496	4185
#
575 0.510458 0.916174 0.916778
#	5423	382
#	497	4184
#
576 0.510236 0.916174 0.916778
#	5422	383
#	496	4185
#
577 0.510016 0.915983 0.917223
#	5420	385
#	496	4185
#
578 0.509794 0.915983 0.917668
#	5420	385
#	496	4185
#
579 0.509576 0.916174 0.917668
#	5421	384
#	495	4186
#
580 0.509355 0.916079 0.918113
#	5421	384
#	496	4185
#
581 0.509137 0.916174 0.918558
#	5421	384
#	495	4186
#
582 0.508917 0.916174 0.918558
#	5421	384
#	495	4186
#
583 0.5087 0.916174 0.918558
#	5421	384
#	495	4186
#
584 0.508483 0.916365 0.918558
#	5421	384
#	493	4188
#
585 0.508264 0.916079 0.918558
#	5419	386
#	494	4187
#
586 0.508047 0.916269 0.919003
#	5421	384
#	494	4187
#
587 0.507831 0.916174 0.918558
#	5421	384
#	495	4186
#
588 0.507615 0.916365 0.919003
#	5422	383
#	494	4187
#
589 0.5074 0.91646 0.919003
#	5422	383
#	493	4188
#
590 0.507182 0.91646 0.918558
#	5422	383
#	493	4188
#
591 0.506967 0.91646 0.918558
#	5423	382
#	494	4187
#
592 0.506752 0.916555 0.919448
#	5423	382
#	493	4188
#
593 0.506537 0.916651 0.919448
#	5424	381
#	493	4188
#
594 0.506323 0.916842 0.919448
#	5424	381
#	491	4190
#
595 0.506109 0.916842 0.919893
#	5424	381
#	491	4190
#
596 0.505894 0.917032 0.919893
#	5426	379
#	491	4190
#
597 0.50568 0.917223 0.919893
#	5426	379
#	489	4192
#
598 0.505468 0.917128 0.919893
#	5425	380
#	489	4192
#
599 0.505254 0.917223 0.919893
#	5427	378
#	490	4191
#
600 0.505042 0.917128 0.919893
#	5426	379
#	490	4191
#
601 0.504828 0.917032 0.919893
#	5426	379
#	491	4190
#
602 0.504616 0.917032 0.919448
#	5426	379
#	491	4190
#
603 0.504404 0.917128 0.919448
#	5426	379
#	490	4191
#
604 0.504191 0.917223 0.919448
#	5427	378
#	490	4191
#
605 0.50398 0.917318 0.919448
#	5427	378
#	489	4192
#
606 0.503767 0.917318 0.919448
#	5427	378
#	489	4192
#
607 0.503556 0.917223 0.919448
#	5427	378
#	490	4191
#
608 0.503344 0.917223 0.919893
#	5427	378
#	490	4191
#
609 0.503133 0.917318 0.919893
#	5428	377
#	490	4191
#
610 0.502921 0.917509 0.919893
#	5428	377
#	488	4193
#
611 0.50271 0.917509 0.919893
#	5428	377
#	488	4193
#
612 0.502499 0.917414 0.919893
#	5428	377
#	489	4192
#
613 0.502288 0.917509 0.919893
#	5429	376
#	489	4192
#
614 0.502077 0.917604 0.920338
#	5430	375
#	489	4192
#
615 0.501867 0.917795 0.920338
#	5431	374
#	488	4193
#
616 0.501656 0.917795 0.920338
#	5431	374
#	488	4193
#
617 0.501445 0.917986 0.920783
#	5431	374
#	486	4195
#
618 0.501235 0.918081 0.920338
#	5432	373
#	486	4195
#
619 0.501026 0.917986 0.920338
#	5431	374
#	486	4195
#
620 0.500814 0.917986 0.920338
#	5431	374
#	486	4195
#
621 0.500605 0.917795 0.920338
#	5430	375
#	487	4194
#
622 0.500394 0.9177 0.920338
#	5429	376
#	487	4194
#
623 0.500184 0.917795 0.920338
#	5429	376
#	486	4195
#
624 0.499975 0.917986 0.920338
#	5430	375
#	485	4196
#
625 0.499763 0.918081 0.920338
#	5430	375
#	484	4197
#
626 0.499554 0.917891 0.920338
#	5430	375
#	486	4195
#
627 0.499344 0.918081 0.919893
#	5431	374
#	485	4196
#
628 0.499134 0.918463 0.919893
#	5433	372
#	483	4198
#
629 0.498925 0.918558 0.919893
#	5433	372
#	482	4199
#
630 0.498715 0.918463 0.919893
#	5432	373
#	482	4199
#
631 0.498503 0.918558 0.919893
#	5433	372
#	482	4199
#
632 0.498295 0.918653 0.919893
#	5433	372
#	481	4200
#
633 0.498085 0.918653 0.919893
#	5432	373
#	480	4201
#
634 0.497875 0.918844 0.919893
#	5433	372
#	479	4202
#
635 0.497665 0.91894 0.919893
#	5433	372
#	478	4203
#
636 0.497456 0.919035 0.919893
#	5433	372
#	477	4204
#
637 0.497246 0.919035 0.919893
#	5433	372
#	477	4204
#
638 0.497036 0.919226 0.919893
#	5434	371
#	476	4205
#
639 0.496827 0.919321 0.919893
#	5434	371
#	475	4206
#
640 0.496617 0.919607 0.919893
#	5436	369
#	474	4207
#
641 0.496409 0.919607 0.919893
#	5436	369
#	474	4207
#
642 0.496199 0.919607 0.919893
#	5436	369
#	474	4207
#
643 0.495988 0.919607 0.919893
#	5436	369
#	474	4207
#
644 0.49578 0.919607 0.919893
#	5437	368
#	475	4206
#
645 0.495571 0.919607 0.919893
#	5437	368
#	475	4206
#
646 0.495361 0.919798 0.919893
#	5438	367
#	474	4207
#
647 0.495152 0.919702 0.919893
#	5438	367
#	475	4206
#
648 0.494942 0.919702 0.919893
#	5438	367
#	475	4206
#
649 0.494733 0.919893 0.919893
#	5439	366
#	474	4207
#
650 0.494524 0.919798 0.919893
#	5438	367
#	474	4207
#
651 0.494315 0.919798 0.920338
#	5438	367
#	474	4207
#
652 0.494105 0.919989 0.920338
#	5438	367
#	472	4209
#
653 0.493896 0.919893 0.920338
#	5438	367
#	473	4208
#
654 0.493687 0.919989 0.920338
#	5438	367
#	472	4209
#
655 0.493478 0.919989 0.920338
#	5438	367
#	472	4209
#
656 0.493269 0.920084 0.920338
#	5439	366
#	472	4209
#
657 0.493061 0.920084 0.920338
#	5440	365
#	473	4208
#
658 0.492851 0.920275 0.920338
#	5440	365
#	471	4210
#
659 0.492643 0.920656 0.920338
#	5442	363
#	469	4212
#
660 0.492434 0.920656 0.920338
#	5442	363
#	469	4212
#
661 0.492225 0.920656 0.920338
#	5442	363
#	469	4212
#
662 0.492017 0.920656 0.920338
#	5442	363
#	469	4212
#
663 0.491808 0.920656 0.920338
#	5442	363
#	469	4212
#
664 0.4916 0.920656 0.920338
#	5442	363
#	469	4212
#
665 0.491391 0.920751 0.919893
#	5442	363
#	468	4213
#
666 0.491183 0.920751 0.919893
#	5442	363
#	468	4213
#
667 0.490975 0.920847 0.919893
#	5443	362
#	468	4213
#
#normalizar está a 1
#accuracy test final: 0.897641
#	1114	93
#	137	903
#0.897641
