0 1.56695 0.688679 0.545455
#	35	0	0
#	1	0	32
#	0	0	38
#
1 1.39734 0.688679 0.545455
#	35	0	0
#	0	0	33
#	0	0	38
#
2 1.37634 0.688679 0.545455
#	35	0	0
#	0	0	33
#	0	0	38
#
3 1.38051 0.688679 0.545455
#	35	0	0
#	0	0	33
#	0	0	38
#
4 1.34873 0.688679 0.545455
#	35	0	0
#	0	0	33
#	0	0	38
#
5 1.31766 0.698113 0.545455
#	35	0	0
#	0	1	32
#	0	0	38
#
6 1.34243 0.698113 0.545455
#	35	0	0
#	0	1	32
#	0	0	38
#
7 1.32854 0.707547 0.545455
#	35	0	0
#	0	2	31
#	0	0	38
#
8 1.14961 0.726415 0.636364
#	35	0	0
#	0	4	29
#	0	0	38
#
9 1.01804 0.783019 0.681818
#	35	0	0
#	0	10	23
#	0	0	38
#
10 1.0296 0.783019 0.681818
#	35	0	0
#	0	10	23
#	0	0	38
#
11 1.14538 0.754717 0.636364
#	35	0	0
#	0	7	26
#	0	0	38
#
12 1.11541 0.716981 0.545455
#	35	0	0
#	0	3	30
#	0	0	38
#
13 1.2021 0.754717 0.636364
#	35	0	0
#	0	7	26
#	0	0	38
#
14 0.708591 0.867925 0.909091
#	35	0	0
#	0	19	14
#	0	0	38
#
15 1.18847 0.754717 0.636364
#	35	0	0
#	0	7	26
#	0	0	38
#
16 1.35512 0.745283 0.636364
#	35	0	0
#	0	6	27
#	0	0	38
#
17 1.30748 0.745283 0.636364
#	35	0	0
#	0	6	27
#	0	0	38
#
18 1.26016 0.754717 0.636364
#	35	0	0
#	0	7	26
#	0	0	38
#
19 1.22505 0.754717 0.636364
#	35	0	0
#	0	7	26
#	0	0	38
#
20 0.496321 0.924528 0.954545
#	35	0	0
#	0	25	8
#	0	0	38
#
21 0.957944 0.811321 0.909091
#	35	0	0
#	0	33	0
#	0	20	18
#
22 0.915069 0.830189 0.909091
#	35	0	0
#	0	33	0
#	0	18	20
#
23 1.34098 0.688679 0.545455
#	35	0	0
#	0	0	33
#	0	0	38
#
24 0.608397 0.915094 0.909091
#	35	0	0
#	0	24	9
#	0	0	38
#
25 0.412907 0.924528 0.954545
#	35	0	0
#	0	32	1
#	0	7	31
#
26 1.13736 0.801887 0.772727
#	35	0	0
#	0	12	21
#	0	0	38
#
27 0.7984 0.849057 0.863636
#	35	0	0
#	0	17	16
#	0	0	38
#
28 0.372715 0.933962 0.954545
#	35	0	0
#	0	26	7
#	0	0	38
#
29 0.304098 0.95283 0.954545
#	35	0	0
#	0	28	5
#	0	0	38
#
30 0.466939 0.924528 0.954545
#	35	0	0
#	0	25	8
#	0	0	38
#
31 0.291425 0.95283 0.954545
#	35	0	0
#	0	28	5
#	0	0	38
#
32 0.444711 0.924528 0.954545
#	35	0	0
#	0	25	8
#	0	0	38
#
33 0.21576 0.971698 1
#	35	0	0
#	0	30	3
#	0	0	38
#
34 0.336299 0.924528 0.954545
#	35	0	0
#	0	32	1
#	0	7	31
#
35 0.27319 0.95283 0.954545
#	35	0	0
#	0	32	1
#	0	4	34
#
36 0.383004 0.924528 0.954545
#	35	0	0
#	0	32	1
#	0	7	31
#
37 0.348779 0.924528 0.954545
#	35	0	0
#	0	32	1
#	0	7	31
#
38 0.388345 0.933962 0.954545
#	35	0	0
#	0	26	7
#	0	0	38
#
39 1.07789 0.764151 0.636364
#	35	0	0
#	0	8	25
#	0	0	38
#
40 0.289993 0.971698 1
#	35	0	0
#	0	30	3
#	0	0	38
#
41 0.443257 0.915094 0.954545
#	35	0	0
#	0	32	1
#	0	8	30
#
42 0.522389 0.924528 0.954545
#	35	0	0
#	0	25	8
#	0	0	38
#
43 0.698244 0.886792 0.863636
#	35	0	0
#	0	21	12
#	0	0	38
#
44 1.44806 0.783019 0.681818
#	35	0	0
#	0	10	23
#	0	0	38
#
45 0.404494 0.924528 0.954545
#	35	0	0
#	0	32	1
#	0	7	31
#
46 1.55167 0.783019 0.681818
#	35	0	0
#	0	10	23
#	0	0	38
#
47 1.47204 0.783019 0.727273
#	35	0	0
#	0	10	23
#	0	0	38
#
48 0.308242 0.95283 0.954545
#	35	0	0
#	0	28	5
#	0	0	38
#
49 1.06273 0.839623 0.863636
#	35	0	0
#	0	16	17
#	0	0	38
#
50 0.750366 0.886792 0.863636
#	35	0	0
#	0	21	12
#	0	0	38
#
51 0.710083 0.896226 0.909091
#	35	0	0
#	0	22	11
#	0	0	38
#
52 0.584941 0.915094 0.954545
#	35	0	0
#	0	24	9
#	0	0	38
#
53 1.66891 0.764151 0.636364
#	35	0	0
#	0	8	25
#	0	0	38
#
54 0.970924 0.839623 0.863636
#	35	0	0
#	0	16	17
#	0	0	38
#
55 0.240078 0.971698 0.954545
#	35	0	0
#	0	30	3
#	0	0	38
#
56 0.670714 0.90566 0.909091
#	35	0	0
#	0	23	10
#	0	0	38
#
57 1.3223 0.811321 0.818182
#	35	0	0
#	0	13	20
#	0	0	38
#
58 1.50912 0.783019 0.681818
#	35	0	0
#	0	10	23
#	0	0	38
#
59 1.17773 0.830189 0.863636
#	35	0	0
#	0	15	18
#	0	0	38
#
60 0.345403 0.924528 0.954545
#	35	0	0
#	0	32	1
#	0	7	31
#
61 0.709881 0.886792 0.909091
#	35	0	0
#	0	21	12
#	0	0	38
#
62 1.31484 0.801887 0.772727
#	35	0	0
#	0	12	21
#	0	0	38
#
63 1.18956 0.811321 0.818182
#	35	0	0
#	0	13	20
#	0	0	38
#
64 0.899331 0.849057 0.863636
#	35	0	0
#	0	17	16
#	0	0	38
#
65 0.444291 0.933962 0.954545
#	35	0	0
#	0	26	7
#	0	0	38
#
66 0.222743 0.962264 0.954545
#	35	0	0
#	0	29	4
#	0	0	38
#
67 0.187306 0.971698 1
#	35	0	0
#	0	30	3
#	0	0	38
#
68 0.580191 0.915094 0.954545
#	35	0	0
#	0	24	9
#	0	0	38
#
69 0.160321 0.971698 1
#	35	0	0
#	0	30	3
#	0	0	38
#
70 0.552408 0.915094 0.954545
#	35	0	0
#	0	24	9
#	0	0	38
#
71 1.14494 0.830189 0.863636
#	35	0	0
#	0	15	18
#	0	0	38
#
72 0.493756 0.924528 0.954545
#	35	0	0
#	0	25	8
#	0	0	38
#
73 0.571583 0.915094 0.954545
#	35	0	0
#	0	24	9
#	0	0	38
#
74 0.394771 0.933962 0.954545
#	35	0	0
#	0	26	7
#	0	0	38
#
75 0.394274 0.933962 0.954545
#	35	0	0
#	0	26	7
#	0	0	38
#
76 0.398052 0.933962 0.954545
#	35	0	0
#	0	26	7
#	0	0	38
#
77 0.401137 0.933962 0.954545
#	35	0	0
#	0	26	7
#	0	0	38
#
78 0.407734 0.933962 0.954545
#	35	0	0
#	0	26	7
#	0	0	38
#
79 0.401042 0.933962 0.954545
#	35	0	0
#	0	26	7
#	0	0	38
#
80 0.456723 0.924528 0.954545
#	35	0	0
#	0	25	8
#	0	0	38
#
81 0.489458 0.915094 0.954545
#	35	0	0
#	0	32	1
#	0	8	30
#
82 0.638966 0.90566 0.909091
#	35	0	0
#	0	23	10
#	0	0	38
#
83 0.393548 0.933962 0.954545
#	35	0	0
#	0	26	7
#	0	0	38
#
84 1.15143 0.830189 0.863636
#	35	0	0
#	0	15	18
#	0	0	38
#
85 0.45079 0.924528 0.954545
#	35	0	0
#	0	32	1
#	0	7	31
#
86 0.342726 0.943396 0.954545
#	35	0	0
#	0	27	6
#	0	0	38
#
87 1.14421 0.830189 0.818182
#	35	0	0
#	0	15	18
#	0	0	38
#
88 0.488206 0.924528 0.954545
#	35	0	0
#	0	25	8
#	0	0	38
#
89 0.352881 0.943396 0.954545
#	35	0	0
#	0	27	6
#	0	0	38
#
90 0.386842 0.924528 0.954545
#	35	0	0
#	0	32	1
#	0	7	31
#
91 0.445056 0.924528 0.954545
#	35	0	0
#	0	25	8
#	0	0	38
#
92 0.319524 0.943396 0.954545
#	35	0	0
#	0	27	6
#	0	0	38
#
93 0.507617 0.915094 0.954545
#	35	0	0
#	0	32	1
#	0	8	30
#
94 0.438459 0.933962 0.954545
#	35	0	0
#	0	26	7
#	0	0	38
#
95 0.290813 0.962264 0.954545
#	35	0	0
#	0	29	4
#	0	0	38
#
96 0.260487 0.962264 0.954545
#	35	0	0
#	0	29	4
#	0	0	38
#
97 0.534418 0.915094 0.954545
#	35	0	0
#	0	24	9
#	0	0	38
#
98 0.552748 0.915094 0.954545
#	35	0	0
#	0	24	9
#	0	0	38
#
99 0.295155 0.962264 0.954545
#	35	0	0
#	0	29	4
#	0	0	38
#
100 0.59857 0.90566 0.909091
#	35	0	0
#	0	32	1
#	0	9	29
#
101 0.763491 0.877358 0.909091
#	35	0	0
#	0	33	0
#	0	13	25
#
102 0.540107 0.915094 0.954545
#	35	0	0
#	0	32	1
#	0	8	30
#
103 0.293181 0.962264 0.954545
#	35	0	0
#	0	29	4
#	0	0	38
#
104 0.466991 0.933962 0.954545
#	35	0	0
#	0	26	7
#	0	0	38
#
105 0.235311 0.962264 0.954545
#	35	0	0
#	0	29	4
#	0	0	38
#
106 0.33288 0.943396 0.954545
#	35	0	0
#	0	27	6
#	0	0	38
#
107 0.578587 0.915094 0.909091
#	35	0	0
#	0	32	1
#	0	8	30
#
108 0.22081 0.962264 1
#	35	0	0
#	0	29	4
#	0	0	38
#
109 0.302637 0.962264 0.954545
#	35	0	0
#	0	29	4
#	0	0	38
#
110 0.295781 0.95283 0.954545
#	35	0	0
#	0	28	5
#	0	0	38
#
111 0.585217 0.915094 0.909091
#	35	0	0
#	0	32	1
#	0	8	30
#
112 0.271147 0.962264 0.954545
#	35	0	0
#	0	29	4
#	0	0	38
#
113 0.310129 0.95283 0.954545
#	35	0	0
#	0	28	5
#	0	0	38
#
114 0.401126 0.924528 0.954545
#	35	0	0
#	0	32	1
#	0	7	31
#
115 0.626775 0.90566 0.909091
#	35	0	0
#	0	32	1
#	0	9	29
#
116 0.487836 0.924528 0.954545
#	35	0	0
#	0	25	8
#	0	0	38
#
117 0.461509 0.924528 0.954545
#	35	0	0
#	0	25	8
#	0	0	38
#
118 0.169772 0.971698 1
#	35	0	0
#	0	30	3
#	0	0	38
#
119 0.355942 0.943396 0.954545
#	35	0	0
#	0	27	6
#	0	0	38
#
120 0.623702 0.90566 0.909091
#	35	0	0
#	0	32	1
#	0	9	29
#
121 0.311318 0.962264 0.954545
#	35	0	0
#	0	29	4
#	0	0	38
#
122 0.186547 0.971698 0.954545
#	35	0	0
#	0	32	1
#	0	2	36
#
123 0.146862 0.981132 1
#	35	0	0
#	0	31	2
#	0	0	38
#
124 0.301253 0.962264 0.954545
#	35	0	0
#	0	29	4
#	0	0	38
#
125 0.658829 0.90566 0.909091
#	35	0	0
#	0	32	1
#	0	9	29
#
126 0.496593 0.924528 0.954545
#	35	0	0
#	0	32	1
#	0	7	31
#
127 0.190864 0.971698 1
#	35	0	0
#	0	30	3
#	0	0	38
#
128 0.315235 0.962264 0.954545
#	35	0	0
#	0	29	4
#	0	0	38
#
129 0.590101 0.915094 0.954545
#	35	0	0
#	0	24	9
#	0	0	38
#
130 0.148624 0.981132 1
#	35	0	0
#	0	31	2
#	0	0	38
#
131 0.715099 0.90566 0.909091
#	35	0	0
#	0	23	10
#	0	0	38
#
132 0.314563 0.933962 0.954545
#	35	0	0
#	0	32	1
#	0	6	32
#
133 0.269696 0.943396 0.954545
#	35	0	0
#	0	32	1
#	0	5	33
#
#normalizar está a 0
#accuracy test final: 1
#	8	0	0
#	0	7	0
#	0	0	7
#1
