0 1.82894 0.643766 0.710843
#	0	140
#	0	253
#
1 1.79121 0.643766 0.710843
#	0	140
#	0	253
#
2 1.6642 0.64631 0.710843
#	2	138
#	1	252
#
3 1.48873 0.704835 0.771084
#	40	100
#	16	237
#
4 1.3891 0.735369 0.819277
#	57	83
#	21	232
#
5 1.3404 0.740458 0.843373
#	63	77
#	25	228
#
6 1.31424 0.743003 0.843373
#	65	75
#	26	227
#
7 1.2989 0.745547 0.855422
#	68	72
#	28	225
#
8 1.28908 0.75827 0.843373
#	71	69
#	26	227
#
9 1.28231 0.75827 0.855422
#	71	69
#	26	227
#
10 1.27737 0.75827 0.855422
#	71	69
#	26	227
#
11 1.27361 0.760814 0.855422
#	73	67
#	27	226
#
12 1.27065 0.75827 0.855422
#	73	67
#	28	225
#
13 1.26825 0.75827 0.855422
#	73	67
#	28	225
#
14 1.26626 0.75827 0.855422
#	73	67
#	28	225
#
15 1.26457 0.75827 0.855422
#	73	67
#	28	225
#
16 1.2631 0.760814 0.855422
#	74	66
#	28	225
#
17 1.2618 0.763359 0.855422
#	74	66
#	27	226
#
18 1.26064 0.763359 0.855422
#	74	66
#	27	226
#
19 1.25959 0.765903 0.855422
#	75	65
#	27	226
#
20 1.25863 0.765903 0.855422
#	75	65
#	27	226
#
21 1.25774 0.765903 0.855422
#	75	65
#	27	226
#
22 1.2569 0.765903 0.855422
#	75	65
#	27	226
#
23 1.25612 0.765903 0.855422
#	75	65
#	27	226
#
24 1.25538 0.770992 0.855422
#	77	63
#	27	226
#
25 1.25468 0.770992 0.855422
#	77	63
#	27	226
#
26 1.254 0.773537 0.855422
#	78	62
#	27	226
#
27 1.25335 0.773537 0.855422
#	78	62
#	27	226
#
28 1.25273 0.773537 0.855422
#	78	62
#	27	226
#
29 1.25212 0.773537 0.855422
#	78	62
#	27	226
#
30 1.25153 0.776081 0.855422
#	79	61
#	27	226
#
31 1.25095 0.776081 0.855422
#	79	61
#	27	226
#
32 1.25038 0.776081 0.855422
#	79	61
#	27	226
#
33 1.24982 0.776081 0.855422
#	79	61
#	27	226
#
34 1.24927 0.776081 0.855422
#	80	60
#	28	225
#
35 1.24872 0.776081 0.855422
#	80	60
#	28	225
#
36 1.24817 0.776081 0.855422
#	80	60
#	28	225
#
37 1.24763 0.776081 0.855422
#	80	60
#	28	225
#
38 1.24708 0.776081 0.855422
#	80	60
#	28	225
#
39 1.24654 0.776081 0.855422
#	80	60
#	28	225
#
40 1.24599 0.778626 0.855422
#	81	59
#	28	225
#
41 1.24543 0.778626 0.855422
#	81	59
#	28	225
#
42 1.24487 0.778626 0.855422
#	81	59
#	28	225
#
43 1.2443 0.778626 0.855422
#	81	59
#	28	225
#
44 1.24372 0.78117 0.855422
#	82	58
#	28	225
#
45 1.24313 0.778626 0.855422
#	82	58
#	29	224
#
46 1.24252 0.778626 0.855422
#	82	58
#	29	224
#
47 1.24191 0.778626 0.855422
#	82	58
#	29	224
#
48 1.24128 0.78117 0.855422
#	83	57
#	29	224
#
49 1.24063 0.78117 0.855422
#	83	57
#	29	224
#
50 1.23997 0.78117 0.855422
#	83	57
#	29	224
#
51 1.23928 0.78117 0.855422
#	83	57
#	29	224
#
52 1.23858 0.78117 0.855422
#	83	57
#	29	224
#
53 1.23786 0.78117 0.855422
#	83	57
#	29	224
#
54 1.23711 0.78117 0.855422
#	83	57
#	29	224
#
55 1.23634 0.78117 0.855422
#	83	57
#	29	224
#
56 1.23554 0.78117 0.855422
#	83	57
#	29	224
#
57 1.23472 0.78117 0.855422
#	83	57
#	29	224
#
58 1.23388 0.78117 0.855422
#	83	57
#	29	224
#
59 1.233 0.78117 0.855422
#	83	57
#	29	224
#
60 1.2321 0.78117 0.855422
#	83	57
#	29	224
#
61 1.23117 0.78117 0.855422
#	83	57
#	29	224
#
62 1.2302 0.778626 0.855422
#	83	57
#	30	223
#
63 1.2292 0.778626 0.855422
#	83	57
#	30	223
#
64 1.22817 0.778626 0.855422
#	83	57
#	30	223
#
65 1.2271 0.778626 0.855422
#	83	57
#	30	223
#
66 1.226 0.778626 0.855422
#	83	57
#	30	223
#
67 1.22485 0.778626 0.855422
#	83	57
#	30	223
#
68 1.22367 0.778626 0.855422
#	83	57
#	30	223
#
69 1.22245 0.778626 0.855422
#	83	57
#	30	223
#
70 1.22119 0.778626 0.855422
#	83	57
#	30	223
#
71 1.21989 0.778626 0.855422
#	83	57
#	30	223
#
72 1.21854 0.776081 0.855422
#	83	57
#	31	222
#
73 1.21717 0.773537 0.855422
#	83	57
#	32	221
#
74 1.21575 0.773537 0.855422
#	83	57
#	32	221
#
75 1.21429 0.773537 0.855422
#	83	57
#	32	221
#
76 1.21281 0.773537 0.855422
#	83	57
#	32	221
#
77 1.2113 0.773537 0.855422
#	83	57
#	32	221
#
78 1.20976 0.773537 0.855422
#	83	57
#	32	221
#
79 1.20821 0.776081 0.855422
#	84	56
#	32	221
#
80 1.20664 0.773537 0.86747
#	84	56
#	33	220
#
81 1.20506 0.773537 0.86747
#	84	56
#	33	220
#
82 1.20349 0.773537 0.86747
#	85	55
#	34	219
#
83 1.20191 0.773537 0.86747
#	85	55
#	34	219
#
84 1.20035 0.773537 0.86747
#	85	55
#	34	219
#
85 1.19881 0.776081 0.86747
#	86	54
#	34	219
#
86 1.19729 0.778626 0.86747
#	86	54
#	33	220
#
87 1.19579 0.778626 0.86747
#	86	54
#	33	220
#
88 1.19433 0.778626 0.86747
#	86	54
#	33	220
#
89 1.19291 0.778626 0.855422
#	86	54
#	33	220
#
90 1.19153 0.778626 0.855422
#	86	54
#	33	220
#
91 1.19019 0.778626 0.855422
#	86	54
#	33	220
#
92 1.1889 0.778626 0.855422
#	86	54
#	33	220
#
93 1.18765 0.778626 0.855422
#	86	54
#	33	220
#
94 1.18645 0.78117 0.855422
#	87	53
#	33	220
#
95 1.18531 0.78117 0.855422
#	87	53
#	33	220
#
96 1.18421 0.778626 0.855422
#	87	53
#	34	219
#
97 1.18315 0.778626 0.855422
#	87	53
#	34	219
#
98 1.18215 0.778626 0.855422
#	87	53
#	34	219
#
99 1.18119 0.776081 0.855422
#	87	53
#	35	218
#
100 1.18028 0.776081 0.843373
#	87	53
#	35	218
#
101 1.17941 0.776081 0.843373
#	87	53
#	35	218
#
102 1.17858 0.773537 0.843373
#	87	53
#	36	217
#
103 1.17779 0.773537 0.843373
#	87	53
#	36	217
#
104 1.17704 0.776081 0.843373
#	88	52
#	36	217
#
105 1.17632 0.776081 0.843373
#	88	52
#	36	217
#
106 1.17564 0.773537 0.855422
#	88	52
#	37	216
#
107 1.17499 0.773537 0.855422
#	88	52
#	37	216
#
108 1.17438 0.776081 0.855422
#	89	51
#	37	216
#
109 1.17379 0.776081 0.855422
#	89	51
#	37	216
#
110 1.17323 0.776081 0.855422
#	89	51
#	37	216
#
111 1.1727 0.776081 0.843373
#	89	51
#	37	216
#
112 1.17219 0.776081 0.843373
#	89	51
#	37	216
#
113 1.17171 0.776081 0.843373
#	89	51
#	37	216
#
114 1.17125 0.776081 0.843373
#	89	51
#	37	216
#
115 1.1708 0.776081 0.843373
#	89	51
#	37	216
#
116 1.17039 0.776081 0.843373
#	89	51
#	37	216
#
117 1.16999 0.776081 0.843373
#	89	51
#	37	216
#
118 1.1696 0.776081 0.831325
#	89	51
#	37	216
#
119 1.16924 0.776081 0.831325
#	89	51
#	37	216
#
120 1.16889 0.776081 0.831325
#	89	51
#	37	216
#
121 1.16856 0.773537 0.831325
#	89	51
#	38	215
#
122 1.16824 0.773537 0.831325
#	89	51
#	38	215
#
123 1.16793 0.776081 0.831325
#	90	50
#	38	215
#
124 1.16764 0.776081 0.831325
#	90	50
#	38	215
#
125 1.16736 0.778626 0.831325
#	91	49
#	38	215
#
126 1.1671 0.778626 0.831325
#	91	49
#	38	215
#
127 1.16684 0.778626 0.831325
#	91	49
#	38	215
#
128 1.1666 0.778626 0.831325
#	91	49
#	38	215
#
129 1.16637 0.778626 0.831325
#	91	49
#	38	215
#
130 1.16614 0.778626 0.831325
#	91	49
#	38	215
#
131 1.16593 0.78117 0.831325
#	92	48
#	38	215
#
132 1.16572 0.78117 0.831325
#	92	48
#	38	215
#
133 1.16553 0.78117 0.831325
#	92	48
#	38	215
#
134 1.16534 0.78117 0.831325
#	92	48
#	38	215
#
135 1.16516 0.78117 0.831325
#	92	48
#	38	215
#
136 1.16498 0.78117 0.831325
#	92	48
#	38	215
#
137 1.16482 0.78117 0.831325
#	92	48
#	38	215
#
138 1.16466 0.78117 0.831325
#	92	48
#	38	215
#
#normalizar está a 0
#accuracy test final: 0.771084
#	16	11
#	8	48
#0.771084
