0 0.233369 0.977597 0.903846
#	317	8
#	3	163
#
1 0.186067 0.977597 0.913462
#	317	8
#	3	163
#
2 0.172205 0.979633 0.913462
#	317	8
#	2	164
#
3 0.165727 0.979633 0.913462
#	317	8
#	2	164
#
4 0.161984 0.979633 0.913462
#	317	8
#	2	164
#
5 0.159537 0.979633 0.913462
#	317	8
#	2	164
#
6 0.157801 0.979633 0.923077
#	317	8
#	2	164
#
7 0.156493 0.979633 0.923077
#	317	8
#	2	164
#
8 0.155459 0.979633 0.923077
#	317	8
#	2	164
#
9 0.15461 0.979633 0.923077
#	317	8
#	2	164
#
10 0.153889 0.979633 0.923077
#	317	8
#	2	164
#
11 0.153258 0.979633 0.923077
#	317	8
#	2	164
#
12 0.152693 0.979633 0.923077
#	317	8
#	2	164
#
13 0.152175 0.979633 0.923077
#	317	8
#	2	164
#
14 0.15169 0.979633 0.923077
#	317	8
#	2	164
#
15 0.151227 0.979633 0.923077
#	317	8
#	2	164
#
16 0.15078 0.979633 0.923077
#	317	8
#	2	164
#
17 0.150343 0.979633 0.923077
#	317	8
#	2	164
#
18 0.14991 0.979633 0.923077
#	317	8
#	2	164
#
19 0.149478 0.979633 0.923077
#	317	8
#	2	164
#
20 0.149045 0.979633 0.923077
#	317	8
#	2	164
#
21 0.148609 0.979633 0.913462
#	317	8
#	2	164
#
22 0.148169 0.979633 0.913462
#	317	8
#	2	164
#
23 0.147725 0.979633 0.913462
#	317	8
#	2	164
#
24 0.147278 0.979633 0.913462
#	317	8
#	2	164
#
25 0.146829 0.979633 0.913462
#	317	8
#	2	164
#
26 0.14638 0.979633 0.913462
#	317	8
#	2	164
#
27 0.145933 0.979633 0.913462
#	317	8
#	2	164
#
28 0.145492 0.979633 0.913462
#	317	8
#	2	164
#
29 0.145058 0.979633 0.913462
#	317	8
#	2	164
#
30 0.144635 0.979633 0.913462
#	317	8
#	2	164
#
31 0.144225 0.979633 0.903846
#	317	8
#	2	164
#
32 0.143829 0.979633 0.903846
#	317	8
#	2	164
#
33 0.143449 0.979633 0.894231
#	317	8
#	2	164
#
34 0.143086 0.979633 0.894231
#	317	8
#	2	164
#
35 0.14274 0.979633 0.894231
#	317	8
#	2	164
#
36 0.142411 0.979633 0.894231
#	317	8
#	2	164
#
37 0.142099 0.979633 0.894231
#	317	8
#	2	164
#
38 0.141802 0.979633 0.894231
#	317	8
#	2	164
#
39 0.141521 0.979633 0.894231
#	317	8
#	2	164
#
40 0.141253 0.979633 0.894231
#	317	8
#	2	164
#
41 0.140999 0.979633 0.894231
#	317	8
#	2	164
#
42 0.140757 0.979633 0.894231
#	317	8
#	2	164
#
43 0.140526 0.979633 0.894231
#	317	8
#	2	164
#
44 0.140305 0.977597 0.894231
#	316	9
#	2	164
#
45 0.140094 0.977597 0.894231
#	316	9
#	2	164
#
46 0.139892 0.977597 0.894231
#	316	9
#	2	164
#
47 0.139697 0.977597 0.894231
#	316	9
#	2	164
#
48 0.13951 0.977597 0.894231
#	316	9
#	2	164
#
49 0.13933 0.977597 0.894231
#	316	9
#	2	164
#
50 0.139156 0.977597 0.894231
#	316	9
#	2	164
#
51 0.138987 0.977597 0.894231
#	316	9
#	2	164
#
52 0.138824 0.977597 0.894231
#	316	9
#	2	164
#
53 0.138666 0.977597 0.894231
#	316	9
#	2	164
#
54 0.138513 0.977597 0.894231
#	316	9
#	2	164
#
55 0.138364 0.977597 0.894231
#	316	9
#	2	164
#
56 0.138218 0.977597 0.894231
#	316	9
#	2	164
#
#normalizar está a 1
#accuracy test final: 0.961538
#	58	2
#	2	42
#0.961538
