0 1.70145 0.669811 0.681818
#	34	0	0
#	30	0	5
#	0	0	37
#
1 1.65808 0.669811 0.681818
#	34	0	0
#	32	0	3
#	0	0	37
#
2 1.44904 0.726415 0.727273
#	34	0	0
#	26	6	3
#	0	0	37
#
3 1.26695 0.839623 0.863636
#	34	0	0
#	14	18	3
#	0	0	37
#
4 1.15691 0.95283 1
#	34	0	0
#	4	30	1
#	0	0	37
#
5 1.05762 0.896226 0.818182
#	34	0	0
#	1	33	1
#	0	9	28
#
6 1.09905 0.820755 0.727273
#	34	0	0
#	0	35	0
#	0	19	18
#
7 1.09452 0.792453 0.727273
#	34	0	0
#	0	35	0
#	0	22	15
#
8 0.930325 0.830189 0.727273
#	34	0	0
#	0	35	0
#	0	18	19
#
9 0.913181 0.811321 0.727273
#	34	0	0
#	0	35	0
#	0	20	17
#
10 0.963036 0.792453 0.727273
#	34	0	0
#	0	35	0
#	0	22	15
#
11 0.426946 0.933962 0.863636
#	34	0	0
#	0	34	1
#	0	6	31
#
12 0.829071 0.849057 0.727273
#	34	0	0
#	0	35	0
#	0	16	21
#
13 0.299678 0.95283 0.909091
#	34	0	0
#	0	34	1
#	0	4	33
#
14 0.278401 0.95283 0.909091
#	34	0	0
#	0	34	1
#	0	4	33
#
#normalizar está a 0
#accuracy test final: 0.909091
#	9	0	0
#	1	6	1
#	0	0	5
#0.909091
