0 1.65962 0.92057 0.932692
#	292	25
#	14	160
#
1 1.28767 0.95112 0.961538
#	302	15
#	9	165
#
2 0.98729 0.961303 0.961538
#	306	11
#	8	166
#
3 0.765965 0.965377 0.961538
#	306	11
#	6	168
#
4 0.613795 0.965377 0.961538
#	306	11
#	6	168
#
5 0.511407 0.967413 0.961538
#	307	10
#	6	168
#
6 0.44164 0.96945 0.961538
#	308	9
#	6	168
#
7 0.392748 0.96945 0.961538
#	308	9
#	6	168
#
8 0.357373 0.96945 0.961538
#	308	9
#	6	168
#
9 0.330977 0.971487 0.961538
#	308	9
#	5	169
#
10 0.310728 0.971487 0.961538
#	308	9
#	5	169
#
11 0.294812 0.971487 0.961538
#	308	9
#	5	169
#
12 0.282033 0.971487 0.961538
#	308	9
#	5	169
#
13 0.271583 0.971487 0.961538
#	308	9
#	5	169
#
14 0.262899 0.971487 0.961538
#	308	9
#	5	169
#
15 0.25558 0.971487 0.961538
#	308	9
#	5	169
#
16 0.249336 0.971487 0.961538
#	308	9
#	5	169
#
17 0.24395 0.971487 0.961538
#	308	9
#	5	169
#
18 0.239259 0.971487 0.961538
#	308	9
#	5	169
#
19 0.235137 0.971487 0.961538
#	308	9
#	5	169
#
20 0.231488 0.971487 0.961538
#	308	9
#	5	169
#
21 0.228235 0.971487 0.961538
#	308	9
#	5	169
#
22 0.225315 0.971487 0.961538
#	308	9
#	5	169
#
23 0.22268 0.971487 0.961538
#	308	9
#	5	169
#
24 0.220289 0.971487 0.961538
#	308	9
#	5	169
#
25 0.21811 0.971487 0.961538
#	308	9
#	5	169
#
26 0.216114 0.971487 0.961538
#	308	9
#	5	169
#
27 0.21428 0.971487 0.961538
#	308	9
#	5	169
#
28 0.212587 0.971487 0.961538
#	308	9
#	5	169
#
29 0.211019 0.971487 0.961538
#	308	9
#	5	169
#
30 0.209562 0.971487 0.961538
#	308	9
#	5	169
#
31 0.208205 0.971487 0.961538
#	308	9
#	5	169
#
32 0.206937 0.971487 0.961538
#	308	9
#	5	169
#
33 0.205748 0.971487 0.961538
#	308	9
#	5	169
#
34 0.204632 0.971487 0.961538
#	308	9
#	5	169
#
35 0.203582 0.971487 0.961538
#	308	9
#	5	169
#
36 0.202591 0.971487 0.961538
#	308	9
#	5	169
#
37 0.201654 0.971487 0.961538
#	308	9
#	5	169
#
38 0.200766 0.971487 0.961538
#	308	9
#	5	169
#
39 0.199924 0.971487 0.961538
#	308	9
#	5	169
#
40 0.199125 0.971487 0.961538
#	308	9
#	5	169
#
41 0.198363 0.971487 0.961538
#	308	9
#	5	169
#
42 0.197636 0.971487 0.961538
#	308	9
#	5	169
#
43 0.196943 0.971487 0.961538
#	308	9
#	5	169
#
44 0.19628 0.971487 0.961538
#	308	9
#	5	169
#
45 0.195645 0.971487 0.961538
#	308	9
#	5	169
#
46 0.195037 0.971487 0.961538
#	308	9
#	5	169
#
47 0.194454 0.971487 0.961538
#	308	9
#	5	169
#
48 0.193893 0.971487 0.961538
#	308	9
#	5	169
#
49 0.193353 0.971487 0.961538
#	308	9
#	5	169
#
50 0.192834 0.971487 0.961538
#	308	9
#	5	169
#
51 0.192334 0.971487 0.961538
#	308	9
#	5	169
#
#normalizar está a 1
#accuracy test final: 0.971154
#	69	3
#	0	32
#0.971154
