0 1.4247 0.75082 0.661538
#	189	3
#	73	40
#
1 0.962289 0.901639 0.876923
#	178	14
#	16	97
#
2 0.738764 0.901639 0.892308
#	175	17
#	13	100
#
3 0.630079 0.904918 0.923077
#	176	16
#	13	100
#
4 0.563739 0.908197 0.923077
#	177	15
#	13	100
#
5 0.516762 0.921311 0.923077
#	180	12
#	12	101
#
6 0.481152 0.92459 0.923077
#	181	11
#	12	101
#
7 0.453272 0.927869 0.923077
#	182	10
#	12	101
#
8 0.430945 0.92459 0.923077
#	181	11
#	12	101
#
9 0.412714 0.931148 0.907692
#	181	11
#	10	103
#
10 0.397602 0.934426 0.907692
#	182	10
#	10	103
#
11 0.384948 0.937705 0.907692
#	184	8
#	11	102
#
12 0.374277 0.937705 0.907692
#	184	8
#	11	102
#
13 0.365218 0.944262 0.938462
#	186	6
#	11	102
#
14 0.357462 0.944262 0.923077
#	186	6
#	11	102
#
15 0.35074 0.947541 0.907692
#	187	5
#	11	102
#
16 0.344828 0.95082 0.907692
#	187	5
#	10	103
#
17 0.339544 0.954098 0.907692
#	188	4
#	10	103
#
18 0.334748 0.954098 0.892308
#	188	4
#	10	103
#
19 0.330331 0.954098 0.892308
#	189	3
#	11	102
#
20 0.326206 0.95082 0.892308
#	189	3
#	12	101
#
21 0.3223 0.95082 0.892308
#	189	3
#	12	101
#
22 0.318557 0.95082 0.876923
#	189	3
#	12	101
#
23 0.314931 0.95082 0.876923
#	189	3
#	12	101
#
24 0.311389 0.95082 0.876923
#	189	3
#	12	101
#
25 0.307909 0.95082 0.876923
#	189	3
#	12	101
#
26 0.304478 0.947541 0.876923
#	188	4
#	12	101
#
27 0.301089 0.947541 0.876923
#	188	4
#	12	101
#
28 0.29774 0.947541 0.876923
#	188	4
#	12	101
#
29 0.294431 0.947541 0.876923
#	188	4
#	12	101
#
30 0.291164 0.947541 0.876923
#	188	4
#	12	101
#
31 0.287938 0.947541 0.876923
#	188	4
#	12	101
#
32 0.284756 0.947541 0.876923
#	188	4
#	12	101
#
33 0.281618 0.947541 0.876923
#	188	4
#	12	101
#
34 0.278522 0.947541 0.876923
#	188	4
#	12	101
#
35 0.275471 0.947541 0.876923
#	188	4
#	12	101
#
36 0.272464 0.947541 0.876923
#	188	4
#	12	101
#
37 0.269502 0.947541 0.876923
#	188	4
#	12	101
#
38 0.266585 0.947541 0.876923
#	188	4
#	12	101
#
39 0.263717 0.95082 0.876923
#	188	4
#	11	102
#
40 0.260897 0.954098 0.876923
#	188	4
#	10	103
#
41 0.258127 0.954098 0.876923
#	188	4
#	10	103
#
42 0.255409 0.954098 0.876923
#	188	4
#	10	103
#
43 0.252744 0.954098 0.876923
#	188	4
#	10	103
#
44 0.25013 0.954098 0.892308
#	188	4
#	10	103
#
45 0.24757 0.954098 0.892308
#	188	4
#	10	103
#
46 0.24506 0.954098 0.892308
#	188	4
#	10	103
#
47 0.242601 0.954098 0.892308
#	188	4
#	10	103
#
48 0.240192 0.954098 0.892308
#	188	4
#	10	103
#
49 0.23783 0.954098 0.892308
#	188	4
#	10	103
#
50 0.235516 0.957377 0.907692
#	188	4
#	9	104
#
51 0.233248 0.960656 0.907692
#	188	4
#	8	105
#
52 0.231025 0.960656 0.907692
#	188	4
#	8	105
#
53 0.228847 0.960656 0.907692
#	188	4
#	8	105
#
54 0.226713 0.957377 0.907692
#	187	5
#	8	105
#
55 0.224623 0.960656 0.923077
#	188	4
#	8	105
#
56 0.222576 0.960656 0.923077
#	188	4
#	8	105
#
57 0.220572 0.960656 0.923077
#	188	4
#	8	105
#
58 0.218611 0.967213 0.923077
#	188	4
#	6	107
#
59 0.216691 0.967213 0.923077
#	188	4
#	6	107
#
60 0.214814 0.967213 0.923077
#	188	4
#	6	107
#
61 0.212978 0.967213 0.923077
#	188	4
#	6	107
#
62 0.211182 0.967213 0.923077
#	188	4
#	6	107
#
63 0.209426 0.967213 0.923077
#	188	4
#	6	107
#
#normalizar está a 0
#accuracy test final: 0.923077
#	39	1
#	4	21
#0.923077
