0 1.79128 0.64631 0.686747
#	0	139
#	0	254
#
1 1.69493 0.661578 0.686747
#	6	133
#	0	254
#
2 1.56426 0.73028 0.771084
#	57	82
#	24	230
#
3 1.4618 0.750636 0.807229
#	76	63
#	35	219
#
4 1.40267 0.753181 0.819277
#	80	59
#	38	216
#
5 1.36979 0.750636 0.807229
#	82	57
#	41	213
#
6 1.34999 0.753181 0.795181
#	85	54
#	43	211
#
7 1.33683 0.75827 0.783133
#	87	52
#	43	211
#
8 1.32729 0.75827 0.783133
#	86	53
#	42	212
#
9 1.3199 0.755725 0.795181
#	86	53
#	43	211
#
10 1.3139 0.760814 0.795181
#	88	51
#	43	211
#
11 1.30888 0.763359 0.795181
#	89	50
#	43	211
#
12 1.30455 0.768448 0.783133
#	89	50
#	41	213
#
13 1.30073 0.773537 0.783133
#	90	49
#	40	214
#
14 1.29728 0.773537 0.783133
#	90	49
#	40	214
#
15 1.2941 0.770992 0.783133
#	89	50
#	40	214
#
16 1.29111 0.770992 0.783133
#	89	50
#	40	214
#
17 1.28825 0.770992 0.783133
#	89	50
#	40	214
#
18 1.28548 0.773537 0.807229
#	89	50
#	39	215
#
19 1.28277 0.773537 0.807229
#	89	50
#	39	215
#
20 1.28009 0.770992 0.807229
#	89	50
#	40	214
#
21 1.27743 0.770992 0.807229
#	89	50
#	40	214
#
22 1.27479 0.770992 0.807229
#	89	50
#	40	214
#
23 1.27214 0.770992 0.807229
#	89	50
#	40	214
#
24 1.2695 0.773537 0.807229
#	89	50
#	39	215
#
25 1.26685 0.773537 0.807229
#	90	49
#	40	214
#
26 1.26419 0.770992 0.795181
#	90	49
#	41	213
#
27 1.26153 0.770992 0.795181
#	91	48
#	42	212
#
28 1.25886 0.770992 0.795181
#	91	48
#	42	212
#
29 1.25618 0.773537 0.807229
#	91	48
#	41	213
#
30 1.25349 0.770992 0.807229
#	91	48
#	42	212
#
31 1.2508 0.773537 0.807229
#	92	47
#	42	212
#
32 1.24812 0.773537 0.819277
#	92	47
#	42	212
#
33 1.24545 0.773537 0.819277
#	92	47
#	42	212
#
34 1.24281 0.776081 0.819277
#	93	46
#	42	212
#
35 1.2402 0.776081 0.807229
#	93	46
#	42	212
#
36 1.23766 0.78117 0.807229
#	94	45
#	41	213
#
37 1.23519 0.783715 0.807229
#	95	44
#	41	213
#
38 1.2328 0.778626 0.807229
#	94	45
#	42	212
#
39 1.23051 0.778626 0.795181
#	94	45
#	42	212
#
40 1.22833 0.783715 0.795181
#	94	45
#	40	214
#
41 1.22626 0.783715 0.795181
#	94	45
#	40	214
#
42 1.22432 0.773537 0.795181
#	94	45
#	44	210
#
43 1.22248 0.770992 0.795181
#	94	45
#	45	209
#
44 1.22077 0.773537 0.795181
#	95	44
#	45	209
#
45 1.21916 0.773537 0.795181
#	95	44
#	45	209
#
46 1.21765 0.776081 0.795181
#	96	43
#	45	209
#
47 1.21624 0.773537 0.795181
#	97	42
#	47	207
#
48 1.21492 0.773537 0.795181
#	98	41
#	48	206
#
49 1.21367 0.773537 0.795181
#	98	41
#	48	206
#
50 1.21249 0.773537 0.795181
#	98	41
#	48	206
#
51 1.21137 0.773537 0.783133
#	98	41
#	48	206
#
52 1.2103 0.776081 0.783133
#	98	41
#	47	207
#
53 1.20928 0.776081 0.783133
#	98	41
#	47	207
#
54 1.2083 0.778626 0.783133
#	98	41
#	46	208
#
55 1.20736 0.78117 0.771084
#	99	40
#	46	208
#
56 1.20644 0.78117 0.771084
#	100	39
#	47	207
#
57 1.20555 0.783715 0.771084
#	101	38
#	47	207
#
58 1.20469 0.783715 0.759036
#	101	38
#	47	207
#
59 1.20385 0.783715 0.759036
#	101	38
#	47	207
#
60 1.20303 0.78626 0.759036
#	102	37
#	47	207
#
61 1.20223 0.78626 0.759036
#	102	37
#	47	207
#
62 1.20145 0.78626 0.759036
#	102	37
#	47	207
#
63 1.20068 0.78626 0.759036
#	102	37
#	47	207
#
64 1.19993 0.78626 0.759036
#	102	37
#	47	207
#
65 1.1992 0.78626 0.759036
#	102	37
#	47	207
#
66 1.19848 0.78626 0.759036
#	102	37
#	47	207
#
67 1.19777 0.78626 0.759036
#	102	37
#	47	207
#
68 1.19707 0.78626 0.759036
#	102	37
#	47	207
#
69 1.19639 0.78626 0.759036
#	102	37
#	47	207
#
70 1.19572 0.78626 0.746988
#	102	37
#	47	207
#
71 1.19506 0.78626 0.746988
#	102	37
#	47	207
#
72 1.19441 0.78626 0.746988
#	102	37
#	47	207
#
73 1.19377 0.788804 0.746988
#	103	36
#	47	207
#
74 1.19314 0.788804 0.73494
#	103	36
#	47	207
#
75 1.19253 0.788804 0.73494
#	103	36
#	47	207
#
76 1.19192 0.78626 0.73494
#	102	37
#	47	207
#
77 1.19132 0.78626 0.73494
#	102	37
#	47	207
#
78 1.19073 0.783715 0.73494
#	101	38
#	47	207
#
79 1.19014 0.783715 0.73494
#	101	38
#	47	207
#
80 1.18957 0.783715 0.73494
#	101	38
#	47	207
#
81 1.189 0.783715 0.73494
#	101	38
#	47	207
#
82 1.18844 0.783715 0.73494
#	101	38
#	47	207
#
83 1.18789 0.783715 0.73494
#	101	38
#	47	207
#
84 1.18734 0.783715 0.73494
#	101	38
#	47	207
#
#normalizar está a 0
#accuracy test final: 0.795181
#	19	7
#	10	47
#0.795181
