0 0.517939 0.961303 0.961538
#	307	7
#	12	165
#
1 0.273246 0.971487 0.951923
#	306	8
#	6	171
#
2 0.223736 0.971487 0.951923
#	306	8
#	6	171
#
3 0.204846 0.973523 0.951923
#	306	8
#	5	172
#
4 0.195192 0.973523 0.951923
#	306	8
#	5	172
#
5 0.189375 0.973523 0.951923
#	306	8
#	5	172
#
6 0.185478 0.973523 0.951923
#	306	8
#	5	172
#
7 0.182665 0.973523 0.951923
#	306	8
#	5	172
#
8 0.180522 0.971487 0.951923
#	305	9
#	5	172
#
9 0.178815 0.971487 0.951923
#	305	9
#	5	172
#
10 0.177408 0.971487 0.951923
#	305	9
#	5	172
#
#normalizar está a 1
#accuracy test final: 0.971154
#	75	1
#	2	26
#0.971154
