0 1.7417 0.651399 0.698795
#	0	137
#	0	256
#
1 1.57082 0.666667 0.698795
#	7	130
#	1	255
#
2 1.41322 0.715013 0.746988
#	37	100
#	12	244
#
3 1.33946 0.745547 0.698795
#	52	85
#	15	241
#
4 1.30961 0.75827 0.73494
#	57	80
#	15	241
#
5 1.29677 0.765903 0.746988
#	62	75
#	17	239
#
6 1.29087 0.768448 0.759036
#	64	73
#	18	238
#
7 1.28796 0.776081 0.759036
#	67	70
#	18	238
#
8 1.28636 0.776081 0.746988
#	67	70
#	18	238
#
9 1.28531 0.776081 0.746988
#	67	70
#	18	238
#
10 1.28447 0.776081 0.73494
#	67	70
#	18	238
#
11 1.28369 0.773537 0.73494
#	66	71
#	18	238
#
12 1.28289 0.773537 0.73494
#	66	71
#	18	238
#
13 1.28207 0.776081 0.73494
#	67	70
#	18	238
#
14 1.28121 0.776081 0.73494
#	67	70
#	18	238
#
15 1.28031 0.778626 0.73494
#	67	70
#	17	239
#
16 1.27938 0.778626 0.73494
#	67	70
#	17	239
#
17 1.27842 0.778626 0.73494
#	67	70
#	17	239
#
18 1.27743 0.778626 0.73494
#	67	70
#	17	239
#
19 1.27642 0.778626 0.73494
#	67	70
#	17	239
#
20 1.27539 0.778626 0.73494
#	67	70
#	17	239
#
21 1.27435 0.778626 0.73494
#	67	70
#	17	239
#
22 1.27329 0.778626 0.73494
#	67	70
#	17	239
#
23 1.27222 0.778626 0.73494
#	67	70
#	17	239
#
24 1.27115 0.778626 0.73494
#	67	70
#	17	239
#
25 1.27007 0.778626 0.746988
#	67	70
#	17	239
#
26 1.26899 0.78117 0.746988
#	67	70
#	16	240
#
27 1.26791 0.78117 0.746988
#	67	70
#	16	240
#
28 1.26683 0.78117 0.746988
#	67	70
#	16	240
#
29 1.26575 0.78117 0.746988
#	67	70
#	16	240
#
30 1.26467 0.78117 0.73494
#	67	70
#	16	240
#
31 1.2636 0.78117 0.73494
#	67	70
#	16	240
#
32 1.26252 0.778626 0.73494
#	67	70
#	17	239
#
33 1.26145 0.776081 0.73494
#	66	71
#	17	239
#
34 1.26039 0.776081 0.73494
#	66	71
#	17	239
#
35 1.25932 0.778626 0.73494
#	67	70
#	17	239
#
36 1.25826 0.778626 0.73494
#	67	70
#	17	239
#
37 1.2572 0.778626 0.73494
#	67	70
#	17	239
#
38 1.25614 0.778626 0.73494
#	67	70
#	17	239
#
39 1.25509 0.78117 0.73494
#	68	69
#	17	239
#
40 1.25403 0.78117 0.73494
#	68	69
#	17	239
#
41 1.25298 0.783715 0.73494
#	69	68
#	17	239
#
42 1.25193 0.78626 0.73494
#	70	67
#	17	239
#
43 1.25087 0.78626 0.73494
#	70	67
#	17	239
#
44 1.24982 0.783715 0.746988
#	70	67
#	18	238
#
45 1.24876 0.78117 0.746988
#	69	68
#	18	238
#
46 1.24771 0.78117 0.759036
#	69	68
#	18	238
#
47 1.24665 0.78117 0.759036
#	69	68
#	18	238
#
48 1.24559 0.78117 0.759036
#	69	68
#	18	238
#
49 1.24452 0.783715 0.759036
#	70	67
#	18	238
#
50 1.24345 0.783715 0.759036
#	70	67
#	18	238
#
51 1.24239 0.783715 0.759036
#	70	67
#	18	238
#
52 1.24131 0.783715 0.759036
#	70	67
#	18	238
#
53 1.24024 0.783715 0.759036
#	70	67
#	18	238
#
54 1.23916 0.788804 0.759036
#	71	66
#	17	239
#
55 1.23809 0.791349 0.759036
#	71	66
#	16	240
#
56 1.23701 0.791349 0.759036
#	71	66
#	16	240
#
57 1.23593 0.793893 0.759036
#	71	66
#	15	241
#
58 1.23485 0.793893 0.759036
#	71	66
#	15	241
#
59 1.23378 0.793893 0.759036
#	71	66
#	15	241
#
60 1.2327 0.793893 0.759036
#	71	66
#	15	241
#
61 1.23163 0.793893 0.759036
#	71	66
#	15	241
#
62 1.23056 0.793893 0.759036
#	71	66
#	15	241
#
63 1.2295 0.791349 0.759036
#	71	66
#	16	240
#
64 1.22844 0.791349 0.759036
#	71	66
#	16	240
#
65 1.22739 0.791349 0.759036
#	71	66
#	16	240
#
66 1.22634 0.791349 0.759036
#	71	66
#	16	240
#
67 1.2253 0.791349 0.771084
#	71	66
#	16	240
#
68 1.22427 0.791349 0.771084
#	71	66
#	16	240
#
69 1.22324 0.791349 0.771084
#	71	66
#	16	240
#
70 1.22222 0.791349 0.771084
#	71	66
#	16	240
#
71 1.2212 0.791349 0.759036
#	71	66
#	16	240
#
72 1.22019 0.791349 0.759036
#	71	66
#	16	240
#
73 1.21919 0.791349 0.759036
#	71	66
#	16	240
#
74 1.21819 0.791349 0.759036
#	71	66
#	16	240
#
75 1.2172 0.791349 0.759036
#	71	66
#	16	240
#
76 1.21622 0.791349 0.759036
#	71	66
#	16	240
#
77 1.21523 0.788804 0.759036
#	71	66
#	17	239
#
78 1.21426 0.788804 0.759036
#	71	66
#	17	239
#
79 1.21329 0.788804 0.759036
#	71	66
#	17	239
#
80 1.21232 0.788804 0.759036
#	71	66
#	17	239
#
81 1.21136 0.788804 0.759036
#	71	66
#	17	239
#
82 1.21041 0.788804 0.759036
#	71	66
#	17	239
#
83 1.20946 0.788804 0.759036
#	71	66
#	17	239
#
84 1.20851 0.788804 0.759036
#	71	66
#	17	239
#
85 1.20757 0.788804 0.771084
#	71	66
#	17	239
#
86 1.20664 0.788804 0.771084
#	71	66
#	17	239
#
87 1.20571 0.788804 0.771084
#	71	66
#	17	239
#
88 1.20479 0.788804 0.771084
#	71	66
#	17	239
#
89 1.20388 0.788804 0.771084
#	71	66
#	17	239
#
90 1.20297 0.788804 0.783133
#	71	66
#	17	239
#
91 1.20207 0.788804 0.783133
#	71	66
#	17	239
#
92 1.20118 0.788804 0.783133
#	71	66
#	17	239
#
93 1.2003 0.788804 0.783133
#	71	66
#	17	239
#
94 1.19942 0.788804 0.783133
#	71	66
#	17	239
#
95 1.19855 0.788804 0.783133
#	71	66
#	17	239
#
96 1.19769 0.788804 0.783133
#	71	66
#	17	239
#
97 1.19684 0.788804 0.783133
#	71	66
#	17	239
#
98 1.19599 0.788804 0.783133
#	71	66
#	17	239
#
99 1.19516 0.788804 0.783133
#	71	66
#	17	239
#
100 1.19433 0.788804 0.783133
#	71	66
#	17	239
#
101 1.19351 0.788804 0.783133
#	71	66
#	17	239
#
102 1.1927 0.788804 0.783133
#	71	66
#	17	239
#
103 1.19191 0.788804 0.783133
#	71	66
#	17	239
#
104 1.19112 0.788804 0.783133
#	71	66
#	17	239
#
105 1.19034 0.788804 0.783133
#	71	66
#	17	239
#
106 1.18957 0.791349 0.783133
#	72	65
#	17	239
#
107 1.18881 0.791349 0.783133
#	72	65
#	17	239
#
108 1.18806 0.791349 0.783133
#	72	65
#	17	239
#
109 1.18732 0.791349 0.783133
#	72	65
#	17	239
#
110 1.18659 0.791349 0.783133
#	72	65
#	17	239
#
111 1.18587 0.791349 0.783133
#	72	65
#	17	239
#
112 1.18516 0.791349 0.783133
#	72	65
#	17	239
#
113 1.18447 0.791349 0.783133
#	72	65
#	17	239
#
114 1.18378 0.793893 0.783133
#	73	64
#	17	239
#
115 1.1831 0.793893 0.783133
#	73	64
#	17	239
#
116 1.18244 0.793893 0.783133
#	73	64
#	17	239
#
117 1.18178 0.793893 0.783133
#	73	64
#	17	239
#
118 1.18114 0.796438 0.783133
#	74	63
#	17	239
#
119 1.18051 0.796438 0.783133
#	74	63
#	17	239
#
120 1.17989 0.796438 0.783133
#	74	63
#	17	239
#
121 1.17927 0.796438 0.783133
#	74	63
#	17	239
#
122 1.17867 0.796438 0.783133
#	74	63
#	17	239
#
123 1.17808 0.796438 0.783133
#	74	63
#	17	239
#
124 1.1775 0.796438 0.783133
#	74	63
#	17	239
#
125 1.17693 0.796438 0.783133
#	75	62
#	18	238
#
126 1.17637 0.796438 0.783133
#	75	62
#	18	238
#
127 1.17582 0.796438 0.783133
#	75	62
#	18	238
#
128 1.17528 0.796438 0.783133
#	75	62
#	18	238
#
129 1.17475 0.796438 0.783133
#	75	62
#	18	238
#
130 1.17423 0.796438 0.783133
#	75	62
#	18	238
#
131 1.17372 0.796438 0.783133
#	75	62
#	18	238
#
132 1.17322 0.796438 0.783133
#	75	62
#	18	238
#
133 1.17273 0.796438 0.783133
#	75	62
#	18	238
#
134 1.17225 0.798982 0.783133
#	76	61
#	18	238
#
135 1.17177 0.798982 0.783133
#	76	61
#	18	238
#
136 1.17131 0.798982 0.783133
#	76	61
#	18	238
#
137 1.17085 0.798982 0.783133
#	76	61
#	18	238
#
138 1.17041 0.798982 0.783133
#	76	61
#	18	238
#
139 1.16997 0.798982 0.783133
#	76	61
#	18	238
#
140 1.16954 0.798982 0.783133
#	76	61
#	18	238
#
141 1.16912 0.798982 0.783133
#	76	61
#	18	238
#
142 1.1687 0.798982 0.783133
#	76	61
#	18	238
#
143 1.1683 0.798982 0.783133
#	76	61
#	18	238
#
144 1.1679 0.798982 0.783133
#	76	61
#	18	238
#
145 1.1675 0.798982 0.783133
#	76	61
#	18	238
#
146 1.16712 0.798982 0.783133
#	76	61
#	18	238
#
147 1.16674 0.798982 0.783133
#	76	61
#	18	238
#
148 1.16637 0.798982 0.783133
#	76	61
#	18	238
#
149 1.16601 0.798982 0.783133
#	76	61
#	18	238
#
150 1.16565 0.798982 0.783133
#	76	61
#	18	238
#
151 1.1653 0.798982 0.783133
#	76	61
#	18	238
#
152 1.16495 0.798982 0.783133
#	76	61
#	18	238
#
153 1.16461 0.798982 0.783133
#	76	61
#	18	238
#
154 1.16428 0.798982 0.783133
#	76	61
#	18	238
#
155 1.16395 0.798982 0.783133
#	76	61
#	18	238
#
156 1.16363 0.798982 0.783133
#	76	61
#	18	238
#
157 1.16331 0.801527 0.783133
#	77	60
#	18	238
#
158 1.163 0.801527 0.783133
#	77	60
#	18	238
#
159 1.16269 0.801527 0.783133
#	77	60
#	18	238
#
160 1.16239 0.801527 0.783133
#	77	60
#	18	238
#
161 1.16209 0.801527 0.783133
#	77	60
#	18	238
#
162 1.1618 0.801527 0.783133
#	77	60
#	18	238
#
163 1.16151 0.801527 0.783133
#	77	60
#	18	238
#
164 1.16123 0.801527 0.783133
#	77	60
#	18	238
#
165 1.16095 0.801527 0.783133
#	77	60
#	18	238
#
166 1.16068 0.801527 0.783133
#	77	60
#	18	238
#
167 1.16041 0.801527 0.783133
#	77	60
#	18	238
#
168 1.16014 0.801527 0.783133
#	77	60
#	18	238
#
169 1.15988 0.801527 0.783133
#	77	60
#	18	238
#
170 1.15962 0.801527 0.783133
#	77	60
#	18	238
#
171 1.15937 0.801527 0.783133
#	77	60
#	18	238
#
172 1.15912 0.801527 0.783133
#	77	60
#	18	238
#
173 1.15887 0.801527 0.783133
#	77	60
#	18	238
#
174 1.15863 0.801527 0.783133
#	77	60
#	18	238
#
175 1.15839 0.801527 0.783133
#	77	60
#	18	238
#
176 1.15815 0.801527 0.783133
#	77	60
#	18	238
#
177 1.15792 0.801527 0.783133
#	77	60
#	18	238
#
178 1.15769 0.801527 0.783133
#	77	60
#	18	238
#
179 1.15746 0.801527 0.783133
#	77	60
#	18	238
#
180 1.15723 0.801527 0.783133
#	77	60
#	18	238
#
181 1.15701 0.801527 0.783133
#	77	60
#	18	238
#
182 1.15679 0.801527 0.783133
#	77	60
#	18	238
#
183 1.15658 0.801527 0.783133
#	77	60
#	18	238
#
184 1.15637 0.801527 0.783133
#	77	60
#	18	238
#
185 1.15616 0.801527 0.783133
#	77	60
#	18	238
#
186 1.15595 0.801527 0.783133
#	77	60
#	18	238
#
187 1.15574 0.801527 0.783133
#	77	60
#	18	238
#
188 1.15554 0.801527 0.783133
#	77	60
#	18	238
#
189 1.15534 0.801527 0.783133
#	77	60
#	18	238
#
190 1.15514 0.801527 0.783133
#	77	60
#	18	238
#
191 1.15495 0.801527 0.783133
#	77	60
#	18	238
#
192 1.15476 0.801527 0.783133
#	77	60
#	18	238
#
193 1.15457 0.801527 0.783133
#	77	60
#	18	238
#
194 1.15438 0.801527 0.783133
#	77	60
#	18	238
#
195 1.15419 0.801527 0.783133
#	77	60
#	18	238
#
196 1.15401 0.801527 0.783133
#	77	60
#	18	238
#
197 1.15383 0.801527 0.783133
#	77	60
#	18	238
#
198 1.15364 0.801527 0.783133
#	77	60
#	18	238
#
199 1.15347 0.801527 0.783133
#	77	60
#	18	238
#
200 1.15329 0.801527 0.783133
#	77	60
#	18	238
#
201 1.15312 0.801527 0.771084
#	77	60
#	18	238
#
202 1.15295 0.801527 0.771084
#	77	60
#	18	238
#
203 1.15278 0.801527 0.771084
#	77	60
#	18	238
#
204 1.15261 0.801527 0.771084
#	77	60
#	18	238
#
205 1.15244 0.801527 0.771084
#	77	60
#	18	238
#
206 1.15227 0.801527 0.771084
#	77	60
#	18	238
#
207 1.15211 0.801527 0.771084
#	77	60
#	18	238
#
208 1.15195 0.801527 0.771084
#	77	60
#	18	238
#
209 1.15179 0.798982 0.771084
#	77	60
#	19	237
#
210 1.15163 0.798982 0.771084
#	77	60
#	19	237
#
211 1.15148 0.798982 0.771084
#	77	60
#	19	237
#
212 1.15132 0.798982 0.771084
#	77	60
#	19	237
#
213 1.15117 0.798982 0.771084
#	77	60
#	19	237
#
214 1.15102 0.798982 0.771084
#	77	60
#	19	237
#
215 1.15087 0.798982 0.771084
#	77	60
#	19	237
#
216 1.15072 0.798982 0.771084
#	77	60
#	19	237
#
217 1.15057 0.798982 0.771084
#	77	60
#	19	237
#
218 1.15042 0.798982 0.771084
#	77	60
#	19	237
#
219 1.15028 0.798982 0.771084
#	77	60
#	19	237
#
220 1.15014 0.798982 0.771084
#	77	60
#	19	237
#
221 1.14999 0.798982 0.771084
#	77	60
#	19	237
#
222 1.14985 0.798982 0.771084
#	77	60
#	19	237
#
223 1.14971 0.798982 0.771084
#	77	60
#	19	237
#
224 1.14958 0.798982 0.771084
#	77	60
#	19	237
#
225 1.14944 0.798982 0.771084
#	77	60
#	19	237
#
226 1.1493 0.801527 0.771084
#	77	60
#	18	238
#
227 1.14917 0.801527 0.771084
#	77	60
#	18	238
#
228 1.14904 0.801527 0.771084
#	77	60
#	18	238
#
229 1.1489 0.801527 0.771084
#	77	60
#	18	238
#
230 1.14877 0.801527 0.771084
#	77	60
#	18	238
#
231 1.14864 0.801527 0.771084
#	77	60
#	18	238
#
232 1.14851 0.801527 0.771084
#	77	60
#	18	238
#
233 1.14839 0.801527 0.771084
#	77	60
#	18	238
#
234 1.14826 0.801527 0.771084
#	77	60
#	18	238
#
235 1.14813 0.801527 0.771084
#	77	60
#	18	238
#
236 1.14801 0.801527 0.771084
#	77	60
#	18	238
#
237 1.14789 0.801527 0.771084
#	77	60
#	18	238
#
238 1.14776 0.801527 0.771084
#	77	60
#	18	238
#
239 1.14764 0.801527 0.771084
#	77	60
#	18	238
#
240 1.14752 0.801527 0.771084
#	77	60
#	18	238
#
241 1.1474 0.801527 0.771084
#	77	60
#	18	238
#
242 1.14728 0.801527 0.771084
#	77	60
#	18	238
#
243 1.14716 0.801527 0.771084
#	77	60
#	18	238
#
244 1.14704 0.801527 0.771084
#	77	60
#	18	238
#
245 1.14693 0.801527 0.771084
#	77	60
#	18	238
#
246 1.14681 0.801527 0.771084
#	77	60
#	18	238
#
247 1.1467 0.801527 0.771084
#	77	60
#	18	238
#
248 1.14658 0.801527 0.771084
#	77	60
#	18	238
#
249 1.14647 0.801527 0.771084
#	77	60
#	18	238
#
250 1.14635 0.801527 0.771084
#	77	60
#	18	238
#
#normalizar está a 0
#accuracy test final: 0.783133
#	15	14
#	4	50
#0.783133
