0 1.39386 0.862295 0.8
#	165	26
#	16	98
#
1 0.984556 0.872131 0.846154
#	160	31
#	8	106
#
2 0.788372 0.891803 0.830769
#	162	29
#	4	110
#
3 0.681991 0.904918 0.861538
#	164	27
#	2	112
#
4 0.608754 0.914754 0.861538
#	167	24
#	2	112
#
5 0.552426 0.92459 0.861538
#	169	22
#	1	113
#
6 0.507811 0.92459 0.876923
#	169	22
#	1	113
#
7 0.471214 0.934426 0.876923
#	172	19
#	1	113
#
8 0.440148 0.934426 0.876923
#	172	19
#	1	113
#
9 0.413329 0.934426 0.876923
#	172	19
#	1	113
#
10 0.390087 0.937705 0.892308
#	174	17
#	2	112
#
11 0.369965 0.940984 0.892308
#	175	16
#	2	112
#
12 0.35255 0.944262 0.892308
#	176	15
#	2	112
#
13 0.337432 0.947541 0.907692
#	177	14
#	2	112
#
14 0.324232 0.95082 0.907692
#	178	13
#	2	112
#
15 0.312622 0.954098 0.907692
#	179	12
#	2	112
#
16 0.302348 0.954098 0.907692
#	179	12
#	2	112
#
17 0.29321 0.954098 0.907692
#	178	13
#	1	113
#
18 0.285056 0.954098 0.907692
#	178	13
#	1	113
#
19 0.277759 0.954098 0.907692
#	178	13
#	1	113
#
20 0.271203 0.954098 0.907692
#	178	13
#	1	113
#
21 0.265281 0.954098 0.907692
#	178	13
#	1	113
#
22 0.259894 0.954098 0.907692
#	178	13
#	1	113
#
23 0.254953 0.954098 0.907692
#	178	13
#	1	113
#
24 0.250385 0.954098 0.907692
#	178	13
#	1	113
#
25 0.24613 0.957377 0.907692
#	179	12
#	1	113
#
26 0.242142 0.957377 0.907692
#	179	12
#	1	113
#
27 0.238388 0.957377 0.907692
#	180	11
#	2	112
#
28 0.234843 0.960656 0.907692
#	181	10
#	2	112
#
29 0.231489 0.960656 0.907692
#	181	10
#	2	112
#
30 0.228313 0.963934 0.907692
#	182	9
#	2	112
#
31 0.225305 0.963934 0.907692
#	182	9
#	2	112
#
32 0.222456 0.967213 0.907692
#	183	8
#	2	112
#
33 0.219758 0.967213 0.907692
#	183	8
#	2	112
#
34 0.217204 0.967213 0.907692
#	183	8
#	2	112
#
35 0.214789 0.967213 0.907692
#	183	8
#	2	112
#
36 0.212504 0.967213 0.907692
#	183	8
#	2	112
#
37 0.210343 0.967213 0.907692
#	183	8
#	2	112
#
38 0.2083 0.967213 0.907692
#	183	8
#	2	112
#
39 0.206368 0.963934 0.907692
#	183	8
#	3	111
#
40 0.204543 0.963934 0.907692
#	183	8
#	3	111
#
41 0.202818 0.963934 0.907692
#	183	8
#	3	111
#
42 0.201188 0.960656 0.907692
#	183	8
#	4	110
#
43 0.199648 0.963934 0.907692
#	184	7
#	4	110
#
44 0.198195 0.963934 0.907692
#	184	7
#	4	110
#
45 0.196824 0.963934 0.907692
#	184	7
#	4	110
#
46 0.195533 0.963934 0.907692
#	184	7
#	4	110
#
47 0.194316 0.963934 0.907692
#	184	7
#	4	110
#
48 0.19317 0.967213 0.907692
#	185	6
#	4	110
#
49 0.192092 0.967213 0.907692
#	185	6
#	4	110
#
50 0.191078 0.967213 0.907692
#	185	6
#	4	110
#
51 0.190123 0.967213 0.907692
#	185	6
#	4	110
#
52 0.189223 0.967213 0.907692
#	185	6
#	4	110
#
53 0.188375 0.967213 0.907692
#	185	6
#	4	110
#
54 0.187572 0.967213 0.923077
#	186	5
#	5	109
#
55 0.186812 0.967213 0.923077
#	186	5
#	5	109
#
56 0.18609 0.967213 0.923077
#	186	5
#	5	109
#
57 0.185402 0.967213 0.938462
#	186	5
#	5	109
#
58 0.184745 0.967213 0.938462
#	186	5
#	5	109
#
59 0.184114 0.967213 0.938462
#	186	5
#	5	109
#
60 0.183506 0.967213 0.938462
#	186	5
#	5	109
#
61 0.182919 0.967213 0.938462
#	186	5
#	5	109
#
62 0.182349 0.967213 0.938462
#	186	5
#	5	109
#
63 0.181794 0.967213 0.938462
#	186	5
#	5	109
#
64 0.181252 0.967213 0.938462
#	186	5
#	5	109
#
65 0.18072 0.967213 0.938462
#	186	5
#	5	109
#
66 0.180197 0.967213 0.938462
#	186	5
#	5	109
#
67 0.17968 0.967213 0.923077
#	186	5
#	5	109
#
68 0.179169 0.967213 0.923077
#	186	5
#	5	109
#
69 0.178661 0.967213 0.923077
#	186	5
#	5	109
#
70 0.178156 0.967213 0.923077
#	186	5
#	5	109
#
71 0.177651 0.970492 0.923077
#	187	4
#	5	109
#
72 0.177145 0.970492 0.923077
#	187	4
#	5	109
#
73 0.176638 0.970492 0.923077
#	187	4
#	5	109
#
74 0.176127 0.970492 0.923077
#	187	4
#	5	109
#
75 0.175613 0.970492 0.923077
#	187	4
#	5	109
#
76 0.175092 0.970492 0.923077
#	187	4
#	5	109
#
77 0.174564 0.97377 0.923077
#	188	3
#	5	109
#
78 0.174028 0.97377 0.923077
#	188	3
#	5	109
#
79 0.173482 0.97377 0.923077
#	188	3
#	5	109
#
80 0.172924 0.97377 0.923077
#	188	3
#	5	109
#
81 0.172353 0.97377 0.923077
#	188	3
#	5	109
#
82 0.171768 0.97377 0.923077
#	188	3
#	5	109
#
83 0.171166 0.97377 0.923077
#	188	3
#	5	109
#
84 0.170547 0.97377 0.923077
#	188	3
#	5	109
#
85 0.169909 0.97377 0.923077
#	188	3
#	5	109
#
86 0.16925 0.97377 0.923077
#	188	3
#	5	109
#
87 0.168568 0.97377 0.923077
#	188	3
#	5	109
#
88 0.167863 0.97377 0.923077
#	188	3
#	5	109
#
89 0.167133 0.97377 0.923077
#	188	3
#	5	109
#
90 0.166376 0.97377 0.923077
#	188	3
#	5	109
#
91 0.165593 0.97377 0.923077
#	188	3
#	5	109
#
92 0.16478 0.97377 0.923077
#	188	3
#	5	109
#
93 0.163938 0.97377 0.923077
#	188	3
#	5	109
#
94 0.163066 0.97377 0.938462
#	188	3
#	5	109
#
95 0.162162 0.97377 0.938462
#	188	3
#	5	109
#
96 0.161228 0.97377 0.938462
#	188	3
#	5	109
#
97 0.160261 0.97377 0.938462
#	188	3
#	5	109
#
98 0.159263 0.97377 0.938462
#	188	3
#	5	109
#
99 0.158233 0.97377 0.938462
#	188	3
#	5	109
#
100 0.157172 0.97377 0.938462
#	188	3
#	5	109
#
101 0.15608 0.97377 0.938462
#	188	3
#	5	109
#
102 0.15496 0.97377 0.938462
#	188	3
#	5	109
#
103 0.153811 0.97377 0.938462
#	188	3
#	5	109
#
104 0.152638 0.97377 0.938462
#	188	3
#	5	109
#
105 0.15144 0.97377 0.938462
#	188	3
#	5	109
#
106 0.150222 0.97377 0.938462
#	188	3
#	5	109
#
107 0.148986 0.977049 0.938462
#	188	3
#	4	110
#
#normalizar está a 0
#accuracy test final: 0.953846
#	36	1
#	2	26
#0.953846
