0 0.265957 0.955193 0.990385
#	316	9
#	13	153
#
1 0.222903 0.96334 0.990385
#	315	10
#	8	158
#
2 0.212199 0.96334 0.990385
#	315	10
#	8	158
#
3 0.20761 0.965377 1
#	315	10
#	7	159
#
4 0.205147 0.965377 1
#	315	10
#	7	159
#
5 0.203642 0.965377 1
#	315	10
#	7	159
#
6 0.202639 0.96945 1
#	315	10
#	5	161
#
7 0.201926 0.967413 1
#	314	11
#	5	161
#
8 0.201391 0.967413 1
#	314	11
#	5	161
#
9 0.200969 0.967413 1
#	314	11
#	5	161
#
10 0.200619 0.967413 1
#	314	11
#	5	161
#
11 0.200315 0.967413 1
#	314	11
#	5	161
#
12 0.200039 0.96945 1
#	314	11
#	4	162
#
13 0.199777 0.96945 1
#	314	11
#	4	162
#
14 0.199522 0.96945 1
#	314	11
#	4	162
#
15 0.199267 0.96945 1
#	314	11
#	4	162
#
16 0.199009 0.96945 1
#	314	11
#	4	162
#
17 0.198747 0.96945 1
#	314	11
#	4	162
#
18 0.19848 0.96945 1
#	314	11
#	4	162
#
19 0.19821 0.96945 1
#	314	11
#	4	162
#
20 0.197936 0.96945 1
#	314	11
#	4	162
#
21 0.197661 0.96945 1
#	314	11
#	4	162
#
22 0.197386 0.96945 1
#	314	11
#	4	162
#
23 0.197112 0.96945 1
#	314	11
#	4	162
#
24 0.196841 0.96945 1
#	314	11
#	4	162
#
25 0.196574 0.96945 1
#	314	11
#	4	162
#
26 0.196312 0.96945 1
#	314	11
#	4	162
#
27 0.196055 0.96945 1
#	314	11
#	4	162
#
28 0.195804 0.96945 1
#	314	11
#	4	162
#
29 0.195558 0.96945 1
#	314	11
#	4	162
#
30 0.195319 0.96945 1
#	314	11
#	4	162
#
31 0.195085 0.96945 1
#	314	11
#	4	162
#
32 0.194857 0.96945 1
#	314	11
#	4	162
#
33 0.194635 0.96945 1
#	314	11
#	4	162
#
34 0.194418 0.96945 1
#	314	11
#	4	162
#
35 0.194206 0.96945 1
#	314	11
#	4	162
#
36 0.193999 0.96945 1
#	314	11
#	4	162
#
37 0.193796 0.96945 1
#	314	11
#	4	162
#
38 0.193598 0.96945 1
#	314	11
#	4	162
#
39 0.193405 0.96945 1
#	314	11
#	4	162
#
40 0.193215 0.96945 1
#	314	11
#	4	162
#
41 0.19303 0.96945 1
#	314	11
#	4	162
#
42 0.192848 0.96945 1
#	314	11
#	4	162
#
43 0.192669 0.96945 1
#	314	11
#	4	162
#
44 0.192494 0.96945 1
#	314	11
#	4	162
#
45 0.192323 0.96945 1
#	314	11
#	4	162
#
46 0.192154 0.96945 1
#	314	11
#	4	162
#
47 0.191989 0.96945 1
#	314	11
#	4	162
#
48 0.191826 0.971487 1
#	314	11
#	3	163
#
49 0.191666 0.971487 1
#	314	11
#	3	163
#
50 0.19151 0.971487 1
#	314	11
#	3	163
#
51 0.191355 0.971487 1
#	314	11
#	3	163
#
52 0.191203 0.971487 1
#	314	11
#	3	163
#
53 0.191053 0.971487 1
#	314	11
#	3	163
#
54 0.190906 0.971487 1
#	314	11
#	3	163
#
55 0.19076 0.971487 1
#	314	11
#	3	163
#
56 0.190617 0.971487 1
#	314	11
#	3	163
#
57 0.190475 0.971487 1
#	314	11
#	3	163
#
58 0.190335 0.971487 1
#	314	11
#	3	163
#
59 0.190197 0.971487 1
#	314	11
#	3	163
#
60 0.190061 0.973523 1
#	314	11
#	2	164
#
61 0.189926 0.973523 1
#	314	11
#	2	164
#
62 0.189792 0.973523 1
#	314	11
#	2	164
#
63 0.18966 0.973523 1
#	314	11
#	2	164
#
64 0.189529 0.973523 1
#	314	11
#	2	164
#
65 0.189399 0.973523 1
#	314	11
#	2	164
#
66 0.18927 0.973523 1
#	314	11
#	2	164
#
67 0.189143 0.973523 1
#	314	11
#	2	164
#
68 0.189016 0.973523 1
#	314	11
#	2	164
#
69 0.18889 0.973523 1
#	314	11
#	2	164
#
70 0.188765 0.973523 1
#	314	11
#	2	164
#
71 0.18864 0.973523 1
#	314	11
#	2	164
#
72 0.188516 0.973523 1
#	314	11
#	2	164
#
73 0.188393 0.973523 1
#	314	11
#	2	164
#
74 0.188271 0.973523 1
#	314	11
#	2	164
#
75 0.188149 0.973523 1
#	314	11
#	2	164
#
76 0.188027 0.973523 1
#	314	11
#	2	164
#
77 0.187906 0.973523 1
#	314	11
#	2	164
#
78 0.187785 0.973523 1
#	314	11
#	2	164
#
79 0.187664 0.973523 1
#	314	11
#	2	164
#
80 0.187544 0.973523 1
#	314	11
#	2	164
#
81 0.187423 0.973523 1
#	314	11
#	2	164
#
82 0.187303 0.973523 1
#	314	11
#	2	164
#
83 0.187183 0.973523 1
#	314	11
#	2	164
#
84 0.187064 0.973523 1
#	314	11
#	2	164
#
85 0.186944 0.973523 1
#	314	11
#	2	164
#
86 0.186824 0.973523 1
#	314	11
#	2	164
#
87 0.186705 0.97556 1
#	314	11
#	1	165
#
88 0.186585 0.97556 1
#	314	11
#	1	165
#
89 0.186465 0.97556 1
#	314	11
#	1	165
#
90 0.186345 0.97556 1
#	314	11
#	1	165
#
91 0.186226 0.97556 1
#	314	11
#	1	165
#
92 0.186106 0.97556 1
#	314	11
#	1	165
#
93 0.185986 0.97556 1
#	314	11
#	1	165
#
94 0.185866 0.97556 1
#	314	11
#	1	165
#
95 0.185745 0.97556 1
#	314	11
#	1	165
#
96 0.185625 0.97556 1
#	314	11
#	1	165
#
97 0.185505 0.97556 1
#	314	11
#	1	165
#
98 0.185384 0.97556 1
#	314	11
#	1	165
#
99 0.185263 0.97556 1
#	314	11
#	1	165
#
100 0.185142 0.97556 1
#	314	11
#	1	165
#
101 0.185021 0.97556 1
#	314	11
#	1	165
#
102 0.184899 0.97556 1
#	314	11
#	1	165
#
103 0.184778 0.97556 1
#	314	11
#	1	165
#
104 0.184656 0.97556 1
#	314	11
#	1	165
#
105 0.184534 0.97556 1
#	314	11
#	1	165
#
106 0.184412 0.97556 1
#	314	11
#	1	165
#
107 0.18429 0.97556 1
#	314	11
#	1	165
#
108 0.184168 0.97556 1
#	314	11
#	1	165
#
109 0.184046 0.97556 1
#	314	11
#	1	165
#
110 0.183923 0.97556 1
#	314	11
#	1	165
#
111 0.183801 0.97556 1
#	314	11
#	1	165
#
112 0.183678 0.97556 1
#	314	11
#	1	165
#
113 0.183555 0.97556 1
#	314	11
#	1	165
#
114 0.183432 0.97556 1
#	314	11
#	1	165
#
115 0.183309 0.97556 1
#	314	11
#	1	165
#
116 0.183187 0.97556 1
#	314	11
#	1	165
#
117 0.183063 0.97556 1
#	314	11
#	1	165
#
118 0.182941 0.97556 1
#	314	11
#	1	165
#
119 0.182817 0.97556 1
#	314	11
#	1	165
#
120 0.182695 0.97556 1
#	314	11
#	1	165
#
121 0.182572 0.97556 1
#	314	11
#	1	165
#
122 0.182449 0.97556 1
#	314	11
#	1	165
#
123 0.182326 0.97556 1
#	314	11
#	1	165
#
124 0.182203 0.97556 1
#	314	11
#	1	165
#
125 0.182081 0.97556 1
#	314	11
#	1	165
#
126 0.181958 0.97556 1
#	314	11
#	1	165
#
127 0.181836 0.97556 1
#	314	11
#	1	165
#
128 0.181714 0.97556 1
#	314	11
#	1	165
#
129 0.181592 0.97556 1
#	314	11
#	1	165
#
130 0.18147 0.97556 1
#	314	11
#	1	165
#
131 0.181349 0.97556 1
#	314	11
#	1	165
#
132 0.181228 0.973523 1
#	313	12
#	1	165
#
133 0.181107 0.973523 1
#	313	12
#	1	165
#
134 0.180986 0.973523 1
#	313	12
#	1	165
#
135 0.180866 0.973523 1
#	313	12
#	1	165
#
136 0.180746 0.973523 1
#	313	12
#	1	165
#
137 0.180626 0.973523 1
#	313	12
#	1	165
#
138 0.180507 0.97556 1
#	314	11
#	1	165
#
139 0.180388 0.97556 1
#	314	11
#	1	165
#
140 0.18027 0.97556 1
#	314	11
#	1	165
#
141 0.180152 0.97556 1
#	314	11
#	1	165
#
142 0.180034 0.97556 1
#	314	11
#	1	165
#
143 0.179917 0.973523 1
#	313	12
#	1	165
#
144 0.1798 0.973523 1
#	313	12
#	1	165
#
145 0.179684 0.973523 1
#	313	12
#	1	165
#
146 0.179568 0.973523 1
#	313	12
#	1	165
#
147 0.179453 0.973523 1
#	313	12
#	1	165
#
148 0.179339 0.973523 1
#	313	12
#	1	165
#
149 0.179225 0.973523 1
#	313	12
#	1	165
#
150 0.179111 0.973523 1
#	313	12
#	1	165
#
151 0.178999 0.973523 1
#	313	12
#	1	165
#
152 0.178887 0.973523 1
#	313	12
#	1	165
#
153 0.178775 0.973523 1
#	313	12
#	1	165
#
154 0.178664 0.973523 1
#	313	12
#	1	165
#
155 0.178554 0.973523 1
#	313	12
#	1	165
#
156 0.178445 0.973523 1
#	313	12
#	1	165
#
157 0.178336 0.973523 1
#	313	12
#	1	165
#
158 0.178228 0.973523 1
#	313	12
#	1	165
#
159 0.17812 0.973523 1
#	313	12
#	1	165
#
160 0.178014 0.973523 1
#	313	12
#	1	165
#
161 0.177908 0.973523 1
#	313	12
#	1	165
#
162 0.177803 0.973523 1
#	313	12
#	1	165
#
163 0.177699 0.973523 1
#	313	12
#	1	165
#
164 0.177595 0.973523 1
#	313	12
#	1	165
#
165 0.177493 0.973523 1
#	313	12
#	1	165
#
166 0.177391 0.973523 1
#	313	12
#	1	165
#
167 0.17729 0.973523 1
#	313	12
#	1	165
#
168 0.17719 0.973523 1
#	313	12
#	1	165
#
169 0.177091 0.973523 1
#	313	12
#	1	165
#
170 0.176993 0.973523 1
#	313	12
#	1	165
#
171 0.176895 0.973523 1
#	313	12
#	1	165
#
172 0.176799 0.973523 1
#	313	12
#	1	165
#
173 0.176703 0.973523 1
#	313	12
#	1	165
#
174 0.176609 0.973523 1
#	313	12
#	1	165
#
175 0.176515 0.973523 1
#	313	12
#	1	165
#
176 0.176422 0.973523 1
#	313	12
#	1	165
#
177 0.17633 0.973523 1
#	313	12
#	1	165
#
178 0.176239 0.973523 1
#	313	12
#	1	165
#
179 0.176149 0.973523 1
#	313	12
#	1	165
#
180 0.17606 0.973523 1
#	313	12
#	1	165
#
181 0.175972 0.973523 1
#	313	12
#	1	165
#
182 0.175885 0.973523 1
#	313	12
#	1	165
#
183 0.175798 0.973523 1
#	313	12
#	1	165
#
184 0.175713 0.973523 1
#	313	12
#	1	165
#
185 0.175629 0.973523 1
#	313	12
#	1	165
#
186 0.175545 0.973523 1
#	313	12
#	1	165
#
187 0.175463 0.973523 1
#	313	12
#	1	165
#
188 0.175381 0.973523 1
#	313	12
#	1	165
#
189 0.175301 0.973523 1
#	313	12
#	1	165
#
190 0.175221 0.973523 1
#	313	12
#	1	165
#
191 0.175142 0.973523 1
#	313	12
#	1	165
#
192 0.175065 0.973523 1
#	313	12
#	1	165
#
193 0.174988 0.973523 1
#	313	12
#	1	165
#
194 0.174912 0.973523 1
#	313	12
#	1	165
#
195 0.174837 0.973523 1
#	313	12
#	1	165
#
196 0.174763 0.973523 1
#	313	12
#	1	165
#
197 0.17469 0.973523 1
#	313	12
#	1	165
#
198 0.174618 0.973523 1
#	313	12
#	1	165
#
199 0.174546 0.973523 1
#	313	12
#	1	165
#
200 0.174476 0.973523 1
#	313	12
#	1	165
#
201 0.174406 0.973523 1
#	313	12
#	1	165
#
202 0.174337 0.973523 1
#	313	12
#	1	165
#
203 0.174269 0.973523 1
#	313	12
#	1	165
#
204 0.174202 0.973523 1
#	313	12
#	1	165
#
205 0.174136 0.973523 1
#	313	12
#	1	165
#
206 0.17407 0.973523 1
#	313	12
#	1	165
#
207 0.174005 0.973523 1
#	313	12
#	1	165
#
208 0.173941 0.973523 1
#	313	12
#	1	165
#
209 0.173878 0.973523 1
#	313	12
#	1	165
#
210 0.173816 0.973523 1
#	313	12
#	1	165
#
211 0.173754 0.973523 1
#	313	12
#	1	165
#
212 0.173693 0.973523 1
#	313	12
#	1	165
#
213 0.173633 0.973523 1
#	313	12
#	1	165
#
214 0.173573 0.973523 1
#	313	12
#	1	165
#
215 0.173514 0.973523 1
#	313	12
#	1	165
#
216 0.173456 0.973523 1
#	313	12
#	1	165
#
217 0.173398 0.973523 1
#	313	12
#	1	165
#
218 0.173341 0.973523 1
#	313	12
#	1	165
#
219 0.173284 0.973523 1
#	313	12
#	1	165
#
220 0.173229 0.973523 1
#	313	12
#	1	165
#
221 0.173173 0.973523 1
#	313	12
#	1	165
#
222 0.173119 0.973523 1
#	313	12
#	1	165
#
223 0.173064 0.973523 1
#	313	12
#	1	165
#
224 0.173011 0.973523 1
#	313	12
#	1	165
#
225 0.172958 0.973523 1
#	313	12
#	1	165
#
226 0.172905 0.973523 1
#	313	12
#	1	165
#
227 0.172853 0.973523 1
#	313	12
#	1	165
#
228 0.172801 0.973523 1
#	313	12
#	1	165
#
229 0.17275 0.973523 1
#	313	12
#	1	165
#
230 0.172699 0.973523 1
#	313	12
#	1	165
#
231 0.172648 0.973523 1
#	313	12
#	1	165
#
232 0.172598 0.973523 1
#	313	12
#	1	165
#
233 0.172548 0.973523 1
#	313	12
#	1	165
#
234 0.172499 0.973523 1
#	313	12
#	1	165
#
235 0.17245 0.973523 1
#	313	12
#	1	165
#
236 0.172401 0.973523 1
#	313	12
#	1	165
#
237 0.172353 0.971487 1
#	312	13
#	1	165
#
238 0.172304 0.971487 1
#	312	13
#	1	165
#
239 0.172257 0.971487 1
#	312	13
#	1	165
#
240 0.172209 0.971487 1
#	312	13
#	1	165
#
241 0.172162 0.971487 1
#	312	13
#	1	165
#
242 0.172115 0.971487 1
#	312	13
#	1	165
#
243 0.172068 0.971487 1
#	312	13
#	1	165
#
244 0.172021 0.971487 1
#	312	13
#	1	165
#
245 0.171975 0.971487 1
#	312	13
#	1	165
#
246 0.171929 0.971487 1
#	312	13
#	1	165
#
247 0.171883 0.971487 1
#	312	13
#	1	165
#
248 0.171837 0.971487 1
#	312	13
#	1	165
#
249 0.171791 0.971487 1
#	312	13
#	1	165
#
250 0.171746 0.971487 1
#	312	13
#	1	165
#
251 0.1717 0.971487 1
#	312	13
#	1	165
#
252 0.171655 0.971487 1
#	312	13
#	1	165
#
253 0.17161 0.971487 1
#	312	13
#	1	165
#
254 0.171565 0.971487 1
#	312	13
#	1	165
#
255 0.17152 0.971487 1
#	312	13
#	1	165
#
256 0.171475 0.971487 1
#	312	13
#	1	165
#
257 0.171431 0.971487 1
#	312	13
#	1	165
#
258 0.171386 0.971487 1
#	312	13
#	1	165
#
259 0.171342 0.971487 1
#	312	13
#	1	165
#
260 0.171297 0.971487 1
#	312	13
#	1	165
#
261 0.171253 0.971487 1
#	312	13
#	1	165
#
262 0.171208 0.971487 1
#	312	13
#	1	165
#
263 0.171164 0.971487 1
#	312	13
#	1	165
#
264 0.17112 0.971487 1
#	312	13
#	1	165
#
265 0.171075 0.971487 1
#	312	13
#	1	165
#
266 0.171031 0.971487 1
#	312	13
#	1	165
#
267 0.170987 0.971487 1
#	312	13
#	1	165
#
268 0.170943 0.971487 1
#	312	13
#	1	165
#
269 0.170898 0.971487 1
#	312	13
#	1	165
#
270 0.170854 0.971487 1
#	312	13
#	1	165
#
271 0.17081 0.971487 1
#	312	13
#	1	165
#
272 0.170766 0.971487 1
#	312	13
#	1	165
#
273 0.170721 0.971487 0.990385
#	312	13
#	1	165
#
274 0.170677 0.971487 0.990385
#	312	13
#	1	165
#
275 0.170633 0.971487 0.990385
#	312	13
#	1	165
#
276 0.170588 0.971487 0.990385
#	312	13
#	1	165
#
277 0.170544 0.971487 0.990385
#	312	13
#	1	165
#
278 0.170499 0.971487 0.990385
#	312	13
#	1	165
#
279 0.170454 0.971487 0.990385
#	312	13
#	1	165
#
280 0.17041 0.971487 0.990385
#	312	13
#	1	165
#
281 0.170365 0.971487 0.990385
#	312	13
#	1	165
#
282 0.17032 0.971487 0.990385
#	312	13
#	1	165
#
283 0.170275 0.971487 0.990385
#	312	13
#	1	165
#
284 0.17023 0.971487 0.990385
#	312	13
#	1	165
#
285 0.170185 0.971487 0.990385
#	312	13
#	1	165
#
286 0.170139 0.971487 0.990385
#	312	13
#	1	165
#
287 0.170094 0.971487 0.990385
#	312	13
#	1	165
#
288 0.170048 0.971487 0.990385
#	312	13
#	1	165
#
289 0.170003 0.971487 0.990385
#	312	13
#	1	165
#
290 0.169957 0.971487 0.990385
#	312	13
#	1	165
#
291 0.169911 0.971487 0.990385
#	312	13
#	1	165
#
292 0.169864 0.971487 0.990385
#	312	13
#	1	165
#
293 0.169818 0.971487 0.990385
#	312	13
#	1	165
#
294 0.169771 0.971487 0.990385
#	312	13
#	1	165
#
295 0.169724 0.971487 0.990385
#	312	13
#	1	165
#
296 0.169677 0.971487 0.990385
#	312	13
#	1	165
#
297 0.16963 0.971487 0.990385
#	312	13
#	1	165
#
298 0.169583 0.971487 0.990385
#	312	13
#	1	165
#
299 0.169535 0.971487 0.990385
#	312	13
#	1	165
#
300 0.169487 0.971487 0.990385
#	312	13
#	1	165
#
301 0.169439 0.971487 0.990385
#	312	13
#	1	165
#
302 0.169391 0.971487 0.990385
#	312	13
#	1	165
#
303 0.169342 0.971487 0.990385
#	312	13
#	1	165
#
304 0.169293 0.971487 0.990385
#	312	13
#	1	165
#
305 0.169244 0.971487 0.990385
#	312	13
#	1	165
#
306 0.169194 0.971487 0.990385
#	312	13
#	1	165
#
307 0.169144 0.971487 0.990385
#	312	13
#	1	165
#
308 0.169094 0.971487 0.990385
#	312	13
#	1	165
#
309 0.169044 0.971487 0.990385
#	312	13
#	1	165
#
310 0.168993 0.971487 0.990385
#	312	13
#	1	165
#
311 0.168942 0.971487 0.990385
#	312	13
#	1	165
#
312 0.16889 0.971487 0.990385
#	312	13
#	1	165
#
313 0.168838 0.971487 0.990385
#	312	13
#	1	165
#
314 0.168786 0.971487 0.990385
#	312	13
#	1	165
#
315 0.168734 0.971487 0.990385
#	312	13
#	1	165
#
316 0.168681 0.971487 0.990385
#	312	13
#	1	165
#
317 0.168627 0.971487 0.990385
#	312	13
#	1	165
#
318 0.168573 0.971487 0.990385
#	312	13
#	1	165
#
319 0.168519 0.971487 0.990385
#	312	13
#	1	165
#
320 0.168464 0.971487 0.990385
#	312	13
#	1	165
#
321 0.168409 0.971487 0.990385
#	312	13
#	1	165
#
322 0.168354 0.971487 0.990385
#	312	13
#	1	165
#
#normalizar está a 0
#accuracy test final: 0.971154
#	64	2
#	1	37
#0.971154
