0 0.369051 0.967413 0.961538
#	319	9
#	7	156
#
1 0.23597 0.971487 0.961538
#	320	8
#	6	157
#
2 0.204172 0.971487 0.961538
#	320	8
#	6	157
#
3 0.190409 0.973523 0.961538
#	320	8
#	5	158
#
4 0.182756 0.973523 0.961538
#	320	8
#	5	158
#
5 0.177873 0.973523 0.961538
#	320	8
#	5	158
#
6 0.174476 0.973523 0.961538
#	320	8
#	5	158
#
7 0.171967 0.973523 0.961538
#	320	8
#	5	158
#
8 0.170028 0.973523 0.961538
#	320	8
#	5	158
#
9 0.168478 0.973523 0.961538
#	320	8
#	5	158
#
10 0.167204 0.973523 0.961538
#	320	8
#	5	158
#
11 0.166131 0.973523 0.961538
#	320	8
#	5	158
#
12 0.165211 0.97556 0.961538
#	321	7
#	5	158
#
13 0.164406 0.97556 0.961538
#	321	7
#	5	158
#
14 0.163692 0.97556 0.961538
#	321	7
#	5	158
#
15 0.16305 0.97556 0.961538
#	321	7
#	5	158
#
16 0.162465 0.97556 0.961538
#	321	7
#	5	158
#
17 0.161926 0.97556 0.961538
#	321	7
#	5	158
#
18 0.161423 0.97556 0.961538
#	321	7
#	5	158
#
19 0.160951 0.97556 0.961538
#	321	7
#	5	158
#
20 0.160503 0.97556 0.961538
#	321	7
#	5	158
#
21 0.160076 0.97556 0.961538
#	321	7
#	5	158
#
22 0.159665 0.97556 0.961538
#	321	7
#	5	158
#
23 0.159268 0.97556 0.961538
#	321	7
#	5	158
#
24 0.158882 0.97556 0.961538
#	321	7
#	5	158
#
25 0.158504 0.97556 0.961538
#	321	7
#	5	158
#
26 0.158135 0.97556 0.961538
#	321	7
#	5	158
#
27 0.15777 0.97556 0.961538
#	321	7
#	5	158
#
28 0.15741 0.97556 0.961538
#	321	7
#	5	158
#
29 0.157054 0.97556 0.961538
#	321	7
#	5	158
#
30 0.1567 0.97556 0.961538
#	321	7
#	5	158
#
31 0.156348 0.97556 0.961538
#	321	7
#	5	158
#
32 0.155996 0.97556 0.961538
#	321	7
#	5	158
#
33 0.155645 0.97556 0.961538
#	321	7
#	5	158
#
34 0.155294 0.97556 0.961538
#	321	7
#	5	158
#
35 0.154942 0.97556 0.961538
#	321	7
#	5	158
#
36 0.154588 0.97556 0.961538
#	321	7
#	5	158
#
37 0.154234 0.97556 0.961538
#	321	7
#	5	158
#
38 0.153876 0.97556 0.961538
#	321	7
#	5	158
#
39 0.153517 0.97556 0.961538
#	321	7
#	5	158
#
40 0.153156 0.97556 0.961538
#	321	7
#	5	158
#
41 0.152793 0.97556 0.961538
#	321	7
#	5	158
#
42 0.152428 0.97556 0.961538
#	321	7
#	5	158
#
43 0.15206 0.97556 0.961538
#	321	7
#	5	158
#
44 0.15169 0.97556 0.961538
#	321	7
#	5	158
#
45 0.151319 0.97556 0.961538
#	321	7
#	5	158
#
46 0.150945 0.97556 0.961538
#	321	7
#	5	158
#
47 0.150571 0.97556 0.961538
#	321	7
#	5	158
#
48 0.150197 0.97556 0.961538
#	321	7
#	5	158
#
49 0.149822 0.97556 0.961538
#	321	7
#	5	158
#
50 0.149448 0.97556 0.961538
#	321	7
#	5	158
#
51 0.149076 0.97556 0.961538
#	321	7
#	5	158
#
52 0.148705 0.97556 0.961538
#	321	7
#	5	158
#
53 0.148336 0.97556 0.961538
#	321	7
#	5	158
#
54 0.14797 0.97556 0.961538
#	321	7
#	5	158
#
55 0.147608 0.97556 0.961538
#	321	7
#	5	158
#
56 0.14725 0.97556 0.961538
#	321	7
#	5	158
#
57 0.146895 0.97556 0.961538
#	321	7
#	5	158
#
58 0.146546 0.97556 0.961538
#	321	7
#	5	158
#
59 0.1462 0.97556 0.961538
#	321	7
#	5	158
#
60 0.14586 0.97556 0.961538
#	321	7
#	5	158
#
61 0.145525 0.97556 0.961538
#	321	7
#	5	158
#
62 0.145195 0.97556 0.961538
#	321	7
#	5	158
#
63 0.14487 0.97556 0.961538
#	321	7
#	5	158
#
64 0.144549 0.97556 0.961538
#	321	7
#	5	158
#
65 0.144234 0.97556 0.961538
#	321	7
#	5	158
#
66 0.143922 0.97556 0.961538
#	321	7
#	5	158
#
67 0.143616 0.97556 0.961538
#	321	7
#	5	158
#
68 0.143314 0.97556 0.961538
#	321	7
#	5	158
#
69 0.143016 0.97556 0.961538
#	321	7
#	5	158
#
70 0.142722 0.97556 0.961538
#	321	7
#	5	158
#
71 0.142432 0.97556 0.961538
#	321	7
#	5	158
#
72 0.142145 0.97556 0.961538
#	321	7
#	5	158
#
73 0.141862 0.97556 0.961538
#	321	7
#	5	158
#
74 0.141583 0.97556 0.961538
#	321	7
#	5	158
#
75 0.141307 0.97556 0.961538
#	321	7
#	5	158
#
76 0.141034 0.97556 0.961538
#	321	7
#	5	158
#
77 0.140763 0.97556 0.961538
#	321	7
#	5	158
#
78 0.140496 0.97556 0.961538
#	321	7
#	5	158
#
79 0.140232 0.97556 0.961538
#	321	7
#	5	158
#
80 0.13997 0.97556 0.961538
#	321	7
#	5	158
#
81 0.13971 0.97556 0.961538
#	321	7
#	5	158
#
82 0.139454 0.97556 0.961538
#	321	7
#	5	158
#
83 0.139199 0.97556 0.961538
#	321	7
#	5	158
#
84 0.138947 0.97556 0.961538
#	321	7
#	5	158
#
85 0.138697 0.97556 0.961538
#	321	7
#	5	158
#
86 0.138449 0.97556 0.961538
#	321	7
#	5	158
#
87 0.138202 0.97556 0.961538
#	321	7
#	5	158
#
88 0.137958 0.977597 0.961538
#	321	7
#	4	159
#
89 0.137716 0.977597 0.961538
#	321	7
#	4	159
#
90 0.137476 0.977597 0.961538
#	321	7
#	4	159
#
91 0.137237 0.977597 0.961538
#	321	7
#	4	159
#
92 0.136999 0.977597 0.961538
#	321	7
#	4	159
#
93 0.136764 0.977597 0.961538
#	321	7
#	4	159
#
94 0.136529 0.977597 0.961538
#	321	7
#	4	159
#
95 0.136297 0.977597 0.961538
#	321	7
#	4	159
#
96 0.136065 0.977597 0.961538
#	321	7
#	4	159
#
97 0.135835 0.977597 0.961538
#	321	7
#	4	159
#
98 0.135607 0.977597 0.961538
#	321	7
#	4	159
#
99 0.135379 0.977597 0.961538
#	321	7
#	4	159
#
100 0.135153 0.977597 0.961538
#	321	7
#	4	159
#
#normalizar está a 1
#accuracy test final: 0.951923
#	63	2
#	3	36
#0.951923
