0 1.49232 0.688679 0.727273
#	34	0	0
#	0	39	0
#	0	33	0
#
1 1.38922 0.688679 0.727273
#	34	0	0
#	0	39	0
#	0	33	0
#
2 1.31023 0.688679 0.727273
#	34	0	0
#	0	39	0
#	0	33	0
#
3 1.24356 0.688679 0.727273
#	34	0	0
#	0	39	0
#	0	33	0
#
4 1.15248 0.698113 0.727273
#	34	0	0
#	0	39	0
#	0	32	1
#
5 1.02712 0.735849 0.818182
#	34	0	0
#	0	39	0
#	0	28	5
#
6 0.911498 0.811321 0.909091
#	34	0	0
#	0	39	0
#	0	20	13
#
7 0.820773 0.858491 0.909091
#	34	0	0
#	0	39	0
#	0	15	18
#
8 0.744871 0.877358 0.954545
#	34	0	0
#	0	39	0
#	0	13	20
#
9 0.684189 0.886792 0.954545
#	34	0	0
#	0	39	0
#	0	12	21
#
10 0.612227 0.915094 1
#	34	0	0
#	0	39	0
#	0	9	24
#
11 1.47447 0.707547 0.727273
#	34	0	0
#	0	39	0
#	0	31	2
#
12 1.91491 0.698113 0.727273
#	34	0	0
#	0	39	0
#	0	32	1
#
13 1.8004 0.698113 0.727273
#	34	0	0
#	0	39	0
#	0	32	1
#
14 1.71145 0.707547 0.727273
#	34	0	0
#	0	39	0
#	0	31	2
#
15 0.609434 0.90566 1
#	34	0	0
#	0	39	0
#	0	10	23
#
16 0.259109 0.971698 1
#	34	0	0
#	0	38	1
#	0	2	31
#
17 0.263296 0.95283 1
#	34	0	0
#	0	38	1
#	0	4	29
#
18 0.275876 0.943396 1
#	34	0	0
#	0	38	1
#	0	5	28
#
19 1.21903 0.792453 0.909091
#	34	0	0
#	0	39	0
#	0	22	11
#
20 1.30854 0.773585 0.909091
#	34	0	0
#	0	39	0
#	0	24	9
#
21 1.49436 0.745283 0.863636
#	34	0	0
#	0	39	0
#	0	27	6
#
22 1.8473 0.716981 0.772727
#	34	0	0
#	0	39	0
#	0	30	3
#
23 0.421765 0.924528 1
#	34	0	0
#	0	38	1
#	0	7	26
#
24 0.416177 0.924528 1
#	34	0	0
#	0	38	1
#	0	7	26
#
25 0.314803 0.924528 1
#	34	0	0
#	0	38	1
#	0	7	26
#
26 2.32586 0.698113 0.727273
#	34	0	0
#	0	39	0
#	0	32	1
#
27 0.285679 0.924528 1
#	34	0	0
#	0	38	1
#	0	7	26
#
28 1.27641 0.783019 0.909091
#	34	0	0
#	0	39	0
#	0	23	10
#
29 0.209711 0.962264 1
#	34	0	0
#	0	35	4
#	0	0	33
#
30 0.204292 0.971698 1
#	34	0	0
#	0	36	3
#	0	0	33
#
31 0.186579 0.971698 1
#	34	0	0
#	0	36	3
#	0	0	33
#
32 0.204463 0.981132 1
#	34	0	0
#	0	38	1
#	0	1	32
#
33 0.216596 0.962264 1
#	34	0	0
#	0	35	4
#	0	0	33
#
34 0.182066 0.971698 1
#	34	0	0
#	0	36	3
#	0	0	33
#
35 0.193686 0.981132 1
#	34	0	0
#	0	38	1
#	0	1	32
#
36 0.210276 0.962264 1
#	34	0	0
#	0	38	1
#	0	3	30
#
37 0.54943 0.915094 1
#	34	0	0
#	0	30	9
#	0	0	33
#
38 0.223913 0.962264 1
#	34	0	0
#	0	35	4
#	0	0	33
#
39 0.239282 0.962264 1
#	34	0	0
#	0	38	1
#	0	3	30
#
40 0.595771 0.915094 1
#	34	0	0
#	0	39	0
#	0	9	24
#
41 1.87283 0.716981 0.772727
#	34	0	0
#	0	39	0
#	0	30	3
#
42 1.88341 0.716981 0.772727
#	34	0	0
#	0	39	0
#	0	30	3
#
43 0.224461 0.962264 1
#	34	0	0
#	0	35	4
#	0	0	33
#
44 2.20951 0.698113 0.727273
#	34	0	0
#	0	39	0
#	0	32	1
#
45 2.18957 0.707547 0.727273
#	34	0	0
#	0	39	0
#	0	31	2
#
46 2.18396 0.707547 0.727273
#	34	0	0
#	0	39	0
#	0	31	2
#
47 2.17276 0.707547 0.727273
#	34	0	0
#	0	39	0
#	0	31	2
#
48 2.17993 0.707547 0.727273
#	34	0	0
#	0	39	0
#	0	31	2
#
49 2.18067 0.707547 0.727273
#	34	0	0
#	0	39	0
#	0	31	2
#
50 2.18637 0.707547 0.727273
#	34	0	0
#	0	39	0
#	0	31	2
#
51 2.1645 0.707547 0.727273
#	34	0	0
#	0	39	0
#	0	31	2
#
52 2.14634 0.707547 0.727273
#	34	0	0
#	0	39	0
#	0	31	2
#
53 2.14194 0.707547 0.727273
#	34	0	0
#	0	39	0
#	0	31	2
#
54 2.1301 0.707547 0.727273
#	34	0	0
#	0	39	0
#	0	31	2
#
55 2.14202 0.707547 0.727273
#	34	0	0
#	0	39	0
#	0	31	2
#
56 2.11152 0.707547 0.727273
#	34	0	0
#	0	39	0
#	0	31	2
#
57 2.09595 0.707547 0.727273
#	34	0	0
#	0	39	0
#	0	31	2
#
58 2.0584 0.707547 0.727273
#	34	0	0
#	0	39	0
#	0	31	2
#
59 1.94114 0.726415 0.772727
#	34	0	0
#	0	39	0
#	0	29	4
#
60 1.89024 0.726415 0.772727
#	34	0	0
#	0	39	0
#	0	29	4
#
#normalizar está a 0
#accuracy test final: 0.863636
#	6	0	0
#	0	5	0
#	0	3	8
#0.863636
