0 1.81326 0.666667 0.626506
#	0	131
#	0	262
#
1 1.79137 0.666667 0.626506
#	0	131
#	0	262
#
2 1.7812 0.666667 0.626506
#	0	131
#	0	262
#
3 1.77138 0.666667 0.626506
#	0	131
#	0	262
#
4 1.76109 0.666667 0.626506
#	0	131
#	0	262
#
5 1.75004 0.666667 0.626506
#	0	131
#	0	262
#
6 1.73796 0.666667 0.626506
#	0	131
#	0	262
#
7 1.72458 0.666667 0.626506
#	0	131
#	0	262
#
8 1.70968 0.666667 0.626506
#	0	131
#	0	262
#
9 1.69306 0.666667 0.626506
#	0	131
#	0	262
#
10 1.67461 0.666667 0.626506
#	0	131
#	0	262
#
11 1.65429 0.666667 0.626506
#	0	131
#	0	262
#
12 1.63217 0.666667 0.626506
#	0	131
#	0	262
#
13 1.60843 0.671756 0.626506
#	2	129
#	0	262
#
14 1.58337 0.676845 0.638554
#	4	127
#	0	262
#
15 1.55741 0.679389 0.638554
#	5	126
#	0	262
#
16 1.53104 0.697201 0.638554
#	12	119
#	0	262
#
17 1.5048 0.712468 0.626506
#	21	110
#	3	259
#
18 1.47917 0.709924 0.638554
#	22	109
#	5	257
#
19 1.45461 0.717557 0.626506
#	26	105
#	6	256
#
20 1.43142 0.725191 0.638554
#	30	101
#	7	255
#
21 1.40981 0.727735 0.650602
#	33	98
#	9	253
#
22 1.38988 0.732824 0.686747
#	36	95
#	10	252
#
23 1.37163 0.735369 0.686747
#	37	94
#	10	252
#
24 1.355 0.740458 0.686747
#	40	91
#	11	251
#
25 1.33989 0.745547 0.686747
#	42	89
#	11	251
#
26 1.32619 0.750636 0.698795
#	45	86
#	12	250
#
27 1.31376 0.75827 0.698795
#	49	82
#	13	249
#
28 1.30249 0.763359 0.686747
#	51	80
#	13	249
#
29 1.29225 0.765903 0.686747
#	53	78
#	14	248
#
30 1.28294 0.765903 0.686747
#	53	78
#	14	248
#
31 1.27446 0.768448 0.686747
#	54	77
#	14	248
#
32 1.26672 0.768448 0.686747
#	54	77
#	14	248
#
33 1.25965 0.768448 0.686747
#	54	77
#	14	248
#
34 1.25318 0.770992 0.686747
#	56	75
#	15	247
#
35 1.24724 0.770992 0.686747
#	56	75
#	15	247
#
36 1.24178 0.770992 0.686747
#	56	75
#	15	247
#
37 1.23676 0.78117 0.686747
#	60	71
#	15	247
#
38 1.23212 0.78117 0.686747
#	61	70
#	16	246
#
39 1.22784 0.778626 0.686747
#	61	70
#	17	245
#
40 1.22389 0.78117 0.686747
#	62	69
#	17	245
#
41 1.22022 0.783715 0.686747
#	63	68
#	17	245
#
42 1.21682 0.788804 0.686747
#	65	66
#	17	245
#
43 1.21366 0.791349 0.686747
#	66	65
#	17	245
#
44 1.21073 0.791349 0.686747
#	66	65
#	17	245
#
45 1.208 0.788804 0.686747
#	66	65
#	18	244
#
46 1.20545 0.788804 0.674699
#	66	65
#	18	244
#
47 1.20308 0.791349 0.686747
#	67	64
#	18	244
#
48 1.20087 0.791349 0.698795
#	67	64
#	18	244
#
49 1.19881 0.791349 0.698795
#	67	64
#	18	244
#
50 1.19688 0.791349 0.698795
#	68	63
#	19	243
#
51 1.19508 0.791349 0.698795
#	68	63
#	19	243
#
52 1.1934 0.791349 0.698795
#	68	63
#	19	243
#
53 1.19184 0.788804 0.698795
#	68	63
#	20	242
#
54 1.19037 0.791349 0.698795
#	69	62
#	20	242
#
55 1.189 0.793893 0.710843
#	69	62
#	19	243
#
56 1.18772 0.793893 0.710843
#	69	62
#	19	243
#
57 1.18653 0.793893 0.710843
#	69	62
#	19	243
#
58 1.18541 0.796438 0.710843
#	70	61
#	19	243
#
59 1.18437 0.796438 0.710843
#	70	61
#	19	243
#
60 1.1834 0.796438 0.710843
#	70	61
#	19	243
#
61 1.1825 0.796438 0.710843
#	70	61
#	19	243
#
62 1.18165 0.796438 0.710843
#	70	61
#	19	243
#
63 1.18087 0.796438 0.710843
#	70	61
#	19	243
#
64 1.18013 0.796438 0.710843
#	70	61
#	19	243
#
65 1.17945 0.798982 0.722892
#	70	61
#	18	244
#
66 1.17882 0.798982 0.722892
#	70	61
#	18	244
#
67 1.17822 0.798982 0.722892
#	70	61
#	18	244
#
68 1.17767 0.798982 0.722892
#	70	61
#	18	244
#
69 1.17716 0.798982 0.722892
#	70	61
#	18	244
#
70 1.17669 0.798982 0.73494
#	70	61
#	18	244
#
71 1.17625 0.798982 0.73494
#	70	61
#	18	244
#
72 1.17584 0.798982 0.73494
#	70	61
#	18	244
#
73 1.17546 0.798982 0.73494
#	70	61
#	18	244
#
74 1.17511 0.801527 0.73494
#	71	60
#	18	244
#
75 1.17478 0.801527 0.73494
#	71	60
#	18	244
#
76 1.17448 0.801527 0.73494
#	71	60
#	18	244
#
77 1.1742 0.801527 0.73494
#	71	60
#	18	244
#
78 1.17394 0.801527 0.722892
#	71	60
#	18	244
#
79 1.1737 0.801527 0.722892
#	71	60
#	18	244
#
80 1.17348 0.798982 0.722892
#	71	60
#	19	243
#
81 1.17327 0.798982 0.722892
#	71	60
#	19	243
#
82 1.17308 0.798982 0.722892
#	71	60
#	19	243
#
83 1.17291 0.796438 0.722892
#	70	61
#	19	243
#
84 1.17274 0.796438 0.722892
#	70	61
#	19	243
#
85 1.17259 0.796438 0.722892
#	70	61
#	19	243
#
86 1.17245 0.796438 0.722892
#	70	61
#	19	243
#
87 1.17232 0.796438 0.722892
#	70	61
#	19	243
#
88 1.1722 0.796438 0.722892
#	70	61
#	19	243
#
89 1.17209 0.796438 0.722892
#	70	61
#	19	243
#
90 1.17199 0.796438 0.722892
#	70	61
#	19	243
#
91 1.17189 0.796438 0.722892
#	70	61
#	19	243
#
92 1.1718 0.796438 0.73494
#	70	61
#	19	243
#
93 1.17172 0.793893 0.73494
#	69	62
#	19	243
#
94 1.17164 0.793893 0.73494
#	69	62
#	19	243
#
95 1.17157 0.793893 0.73494
#	69	62
#	19	243
#
96 1.1715 0.793893 0.73494
#	69	62
#	19	243
#
97 1.17143 0.793893 0.73494
#	69	62
#	19	243
#
98 1.17137 0.793893 0.73494
#	69	62
#	19	243
#
99 1.17131 0.793893 0.73494
#	69	62
#	19	243
#
100 1.17126 0.793893 0.73494
#	69	62
#	19	243
#
101 1.17121 0.793893 0.73494
#	69	62
#	19	243
#
102 1.17116 0.793893 0.73494
#	69	62
#	19	243
#
103 1.17111 0.793893 0.73494
#	69	62
#	19	243
#
104 1.17106 0.796438 0.73494
#	69	62
#	18	244
#
105 1.17102 0.796438 0.73494
#	69	62
#	18	244
#
106 1.17097 0.796438 0.73494
#	69	62
#	18	244
#
107 1.17093 0.796438 0.73494
#	69	62
#	18	244
#
108 1.17088 0.796438 0.73494
#	69	62
#	18	244
#
109 1.17084 0.796438 0.73494
#	69	62
#	18	244
#
110 1.1708 0.796438 0.73494
#	69	62
#	18	244
#
111 1.17076 0.796438 0.73494
#	69	62
#	18	244
#
112 1.17071 0.796438 0.73494
#	69	62
#	18	244
#
113 1.17067 0.796438 0.73494
#	69	62
#	18	244
#
114 1.17063 0.796438 0.73494
#	69	62
#	18	244
#
115 1.17059 0.796438 0.73494
#	69	62
#	18	244
#
116 1.17054 0.796438 0.73494
#	69	62
#	18	244
#
117 1.1705 0.796438 0.73494
#	69	62
#	18	244
#
118 1.17046 0.796438 0.73494
#	69	62
#	18	244
#
119 1.17041 0.796438 0.73494
#	69	62
#	18	244
#
120 1.17036 0.796438 0.73494
#	69	62
#	18	244
#
121 1.17031 0.796438 0.73494
#	69	62
#	18	244
#
122 1.17027 0.796438 0.73494
#	69	62
#	18	244
#
123 1.17022 0.796438 0.73494
#	69	62
#	18	244
#
124 1.17017 0.796438 0.73494
#	69	62
#	18	244
#
125 1.17011 0.796438 0.73494
#	69	62
#	18	244
#
126 1.17006 0.796438 0.73494
#	69	62
#	18	244
#
127 1.17 0.796438 0.73494
#	69	62
#	18	244
#
128 1.16995 0.796438 0.73494
#	69	62
#	18	244
#
129 1.16989 0.796438 0.73494
#	69	62
#	18	244
#
130 1.16983 0.796438 0.73494
#	69	62
#	18	244
#
131 1.16977 0.796438 0.73494
#	69	62
#	18	244
#
132 1.16971 0.796438 0.73494
#	69	62
#	18	244
#
133 1.16964 0.796438 0.73494
#	69	62
#	18	244
#
134 1.16958 0.796438 0.73494
#	69	62
#	18	244
#
135 1.16951 0.796438 0.73494
#	69	62
#	18	244
#
136 1.16944 0.796438 0.73494
#	69	62
#	18	244
#
137 1.16937 0.796438 0.73494
#	69	62
#	18	244
#
138 1.1693 0.796438 0.73494
#	69	62
#	18	244
#
139 1.16923 0.796438 0.73494
#	69	62
#	18	244
#
140 1.16915 0.796438 0.73494
#	69	62
#	18	244
#
141 1.16907 0.796438 0.73494
#	69	62
#	18	244
#
142 1.16899 0.796438 0.73494
#	69	62
#	18	244
#
143 1.16891 0.796438 0.73494
#	69	62
#	18	244
#
144 1.16883 0.796438 0.73494
#	69	62
#	18	244
#
145 1.16874 0.796438 0.73494
#	69	62
#	18	244
#
146 1.16866 0.796438 0.73494
#	69	62
#	18	244
#
147 1.16857 0.796438 0.73494
#	69	62
#	18	244
#
148 1.16848 0.796438 0.73494
#	69	62
#	18	244
#
149 1.16839 0.796438 0.73494
#	69	62
#	18	244
#
150 1.16829 0.798982 0.73494
#	69	62
#	17	245
#
151 1.1682 0.798982 0.73494
#	69	62
#	17	245
#
152 1.1681 0.798982 0.73494
#	69	62
#	17	245
#
153 1.168 0.798982 0.73494
#	69	62
#	17	245
#
154 1.1679 0.798982 0.73494
#	69	62
#	17	245
#
155 1.1678 0.798982 0.73494
#	69	62
#	17	245
#
156 1.16769 0.798982 0.73494
#	69	62
#	17	245
#
157 1.16758 0.798982 0.73494
#	69	62
#	17	245
#
158 1.16747 0.798982 0.73494
#	69	62
#	17	245
#
159 1.16736 0.798982 0.73494
#	69	62
#	17	245
#
160 1.16725 0.798982 0.73494
#	69	62
#	17	245
#
161 1.16714 0.798982 0.73494
#	69	62
#	17	245
#
162 1.16702 0.798982 0.73494
#	69	62
#	17	245
#
163 1.1669 0.798982 0.73494
#	69	62
#	17	245
#
164 1.16678 0.798982 0.73494
#	69	62
#	17	245
#
165 1.16666 0.798982 0.73494
#	69	62
#	17	245
#
166 1.16654 0.798982 0.73494
#	69	62
#	17	245
#
167 1.16641 0.798982 0.73494
#	69	62
#	17	245
#
168 1.16628 0.798982 0.73494
#	69	62
#	17	245
#
169 1.16615 0.798982 0.73494
#	69	62
#	17	245
#
170 1.16602 0.798982 0.73494
#	69	62
#	17	245
#
171 1.16589 0.798982 0.73494
#	69	62
#	17	245
#
172 1.16575 0.798982 0.73494
#	69	62
#	17	245
#
173 1.16561 0.798982 0.73494
#	69	62
#	17	245
#
174 1.16547 0.798982 0.73494
#	69	62
#	17	245
#
175 1.16533 0.798982 0.73494
#	69	62
#	17	245
#
176 1.16519 0.798982 0.73494
#	69	62
#	17	245
#
177 1.16504 0.798982 0.73494
#	69	62
#	17	245
#
178 1.16489 0.798982 0.73494
#	69	62
#	17	245
#
179 1.16474 0.798982 0.73494
#	69	62
#	17	245
#
180 1.16459 0.798982 0.73494
#	69	62
#	17	245
#
181 1.16444 0.798982 0.73494
#	69	62
#	17	245
#
182 1.16428 0.798982 0.73494
#	69	62
#	17	245
#
183 1.16412 0.798982 0.73494
#	69	62
#	17	245
#
184 1.16397 0.798982 0.73494
#	69	62
#	17	245
#
185 1.1638 0.798982 0.73494
#	69	62
#	17	245
#
186 1.16364 0.798982 0.73494
#	69	62
#	17	245
#
187 1.16347 0.798982 0.73494
#	69	62
#	17	245
#
188 1.16331 0.798982 0.73494
#	69	62
#	17	245
#
189 1.16314 0.796438 0.73494
#	68	63
#	17	245
#
190 1.16296 0.796438 0.73494
#	68	63
#	17	245
#
191 1.16279 0.796438 0.73494
#	68	63
#	17	245
#
192 1.16261 0.796438 0.73494
#	68	63
#	17	245
#
193 1.16243 0.796438 0.73494
#	68	63
#	17	245
#
194 1.16225 0.796438 0.73494
#	68	63
#	17	245
#
195 1.16207 0.796438 0.73494
#	68	63
#	17	245
#
196 1.16188 0.796438 0.73494
#	68	63
#	17	245
#
197 1.16169 0.796438 0.73494
#	68	63
#	17	245
#
198 1.1615 0.796438 0.73494
#	68	63
#	17	245
#
199 1.16131 0.796438 0.73494
#	68	63
#	17	245
#
200 1.16112 0.796438 0.73494
#	68	63
#	17	245
#
201 1.16092 0.796438 0.73494
#	68	63
#	17	245
#
202 1.16072 0.796438 0.73494
#	68	63
#	17	245
#
203 1.16052 0.796438 0.73494
#	68	63
#	17	245
#
204 1.16031 0.796438 0.73494
#	68	63
#	17	245
#
205 1.16011 0.796438 0.73494
#	68	63
#	17	245
#
206 1.1599 0.798982 0.73494
#	69	62
#	17	245
#
207 1.15969 0.798982 0.73494
#	69	62
#	17	245
#
208 1.15947 0.798982 0.73494
#	69	62
#	17	245
#
209 1.15926 0.798982 0.73494
#	69	62
#	17	245
#
210 1.15904 0.798982 0.73494
#	69	62
#	17	245
#
211 1.15882 0.798982 0.73494
#	69	62
#	17	245
#
212 1.15859 0.798982 0.73494
#	69	62
#	17	245
#
213 1.15837 0.798982 0.73494
#	69	62
#	17	245
#
214 1.15814 0.798982 0.73494
#	69	62
#	17	245
#
215 1.15791 0.798982 0.73494
#	69	62
#	17	245
#
216 1.15768 0.798982 0.73494
#	69	62
#	17	245
#
217 1.15744 0.798982 0.73494
#	69	62
#	17	245
#
218 1.1572 0.798982 0.73494
#	69	62
#	17	245
#
219 1.15696 0.798982 0.73494
#	69	62
#	17	245
#
220 1.15671 0.798982 0.73494
#	69	62
#	17	245
#
221 1.15647 0.798982 0.73494
#	69	62
#	17	245
#
222 1.15622 0.798982 0.73494
#	69	62
#	17	245
#
223 1.15597 0.798982 0.73494
#	69	62
#	17	245
#
224 1.15571 0.798982 0.73494
#	69	62
#	17	245
#
225 1.15546 0.798982 0.73494
#	69	62
#	17	245
#
226 1.1552 0.798982 0.73494
#	69	62
#	17	245
#
227 1.15493 0.798982 0.73494
#	69	62
#	17	245
#
228 1.15467 0.798982 0.73494
#	69	62
#	17	245
#
229 1.1544 0.798982 0.73494
#	69	62
#	17	245
#
230 1.15413 0.798982 0.73494
#	69	62
#	17	245
#
231 1.15386 0.798982 0.73494
#	69	62
#	17	245
#
232 1.15358 0.798982 0.73494
#	69	62
#	17	245
#
233 1.1533 0.798982 0.73494
#	69	62
#	17	245
#
234 1.15302 0.798982 0.73494
#	69	62
#	17	245
#
235 1.15274 0.798982 0.73494
#	69	62
#	17	245
#
236 1.15245 0.798982 0.73494
#	69	62
#	17	245
#
237 1.15216 0.798982 0.73494
#	69	62
#	17	245
#
238 1.15187 0.798982 0.73494
#	69	62
#	17	245
#
239 1.15158 0.801527 0.73494
#	69	62
#	16	246
#
240 1.15128 0.801527 0.73494
#	69	62
#	16	246
#
241 1.15098 0.801527 0.73494
#	69	62
#	16	246
#
242 1.15068 0.801527 0.73494
#	69	62
#	16	246
#
243 1.15037 0.801527 0.73494
#	69	62
#	16	246
#
244 1.15007 0.801527 0.73494
#	69	62
#	16	246
#
245 1.14976 0.801527 0.73494
#	69	62
#	16	246
#
246 1.14944 0.801527 0.73494
#	69	62
#	16	246
#
247 1.14913 0.801527 0.73494
#	69	62
#	16	246
#
248 1.14881 0.801527 0.73494
#	69	62
#	16	246
#
249 1.14849 0.801527 0.73494
#	69	62
#	16	246
#
250 1.14817 0.801527 0.73494
#	69	62
#	16	246
#
251 1.14784 0.804071 0.73494
#	70	61
#	16	246
#
252 1.14751 0.804071 0.73494
#	70	61
#	16	246
#
253 1.14718 0.804071 0.73494
#	70	61
#	16	246
#
254 1.14685 0.804071 0.73494
#	70	61
#	16	246
#
255 1.14651 0.804071 0.73494
#	70	61
#	16	246
#
256 1.14618 0.804071 0.73494
#	70	61
#	16	246
#
257 1.14584 0.804071 0.73494
#	70	61
#	16	246
#
258 1.14549 0.804071 0.746988
#	70	61
#	16	246
#
259 1.14515 0.804071 0.746988
#	70	61
#	16	246
#
260 1.1448 0.804071 0.746988
#	70	61
#	16	246
#
261 1.14445 0.804071 0.746988
#	70	61
#	16	246
#
262 1.1441 0.804071 0.746988
#	70	61
#	16	246
#
263 1.14375 0.804071 0.746988
#	70	61
#	16	246
#
264 1.14339 0.804071 0.746988
#	70	61
#	16	246
#
265 1.14304 0.804071 0.746988
#	70	61
#	16	246
#
266 1.14268 0.804071 0.746988
#	70	61
#	16	246
#
267 1.14231 0.804071 0.746988
#	70	61
#	16	246
#
268 1.14195 0.804071 0.746988
#	70	61
#	16	246
#
269 1.14159 0.804071 0.746988
#	70	61
#	16	246
#
270 1.14122 0.804071 0.746988
#	70	61
#	16	246
#
271 1.14085 0.804071 0.746988
#	70	61
#	16	246
#
272 1.14048 0.804071 0.746988
#	70	61
#	16	246
#
273 1.14011 0.804071 0.746988
#	70	61
#	16	246
#
274 1.13973 0.804071 0.746988
#	70	61
#	16	246
#
275 1.13936 0.804071 0.746988
#	70	61
#	16	246
#
276 1.13898 0.804071 0.746988
#	70	61
#	16	246
#
277 1.1386 0.804071 0.746988
#	70	61
#	16	246
#
278 1.13822 0.804071 0.746988
#	70	61
#	16	246
#
279 1.13784 0.806616 0.746988
#	70	61
#	15	247
#
280 1.13746 0.806616 0.746988
#	70	61
#	15	247
#
281 1.13707 0.806616 0.746988
#	70	61
#	15	247
#
282 1.13669 0.806616 0.746988
#	70	61
#	15	247
#
283 1.1363 0.806616 0.73494
#	70	61
#	15	247
#
284 1.13592 0.806616 0.73494
#	70	61
#	15	247
#
285 1.13553 0.806616 0.73494
#	70	61
#	15	247
#
286 1.13514 0.806616 0.73494
#	70	61
#	15	247
#
287 1.13475 0.806616 0.73494
#	70	61
#	15	247
#
288 1.13436 0.804071 0.73494
#	69	62
#	15	247
#
289 1.13397 0.804071 0.73494
#	69	62
#	15	247
#
290 1.13358 0.804071 0.73494
#	69	62
#	15	247
#
291 1.13319 0.804071 0.73494
#	69	62
#	15	247
#
292 1.1328 0.804071 0.73494
#	69	62
#	15	247
#
293 1.13241 0.804071 0.73494
#	69	62
#	15	247
#
294 1.13202 0.804071 0.73494
#	69	62
#	15	247
#
295 1.13162 0.804071 0.73494
#	69	62
#	15	247
#
296 1.13123 0.804071 0.73494
#	69	62
#	15	247
#
297 1.13084 0.804071 0.73494
#	69	62
#	15	247
#
298 1.13045 0.804071 0.73494
#	69	62
#	15	247
#
299 1.13006 0.806616 0.73494
#	70	61
#	15	247
#
300 1.12966 0.806616 0.73494
#	70	61
#	15	247
#
301 1.12927 0.806616 0.73494
#	70	61
#	15	247
#
302 1.12888 0.806616 0.73494
#	70	61
#	15	247
#
303 1.12849 0.806616 0.73494
#	70	61
#	15	247
#
304 1.1281 0.806616 0.73494
#	70	61
#	15	247
#
305 1.12772 0.806616 0.73494
#	70	61
#	15	247
#
306 1.12733 0.806616 0.73494
#	70	61
#	15	247
#
307 1.12694 0.806616 0.73494
#	70	61
#	15	247
#
308 1.12655 0.806616 0.73494
#	70	61
#	15	247
#
309 1.12617 0.806616 0.73494
#	70	61
#	15	247
#
310 1.12579 0.806616 0.73494
#	70	61
#	15	247
#
311 1.1254 0.80916 0.73494
#	71	60
#	15	247
#
312 1.12502 0.80916 0.73494
#	71	60
#	15	247
#
313 1.12464 0.80916 0.73494
#	71	60
#	15	247
#
314 1.12426 0.80916 0.73494
#	71	60
#	15	247
#
315 1.12389 0.80916 0.73494
#	71	60
#	15	247
#
316 1.12351 0.80916 0.73494
#	71	60
#	15	247
#
317 1.12314 0.811705 0.73494
#	72	59
#	15	247
#
318 1.12276 0.811705 0.73494
#	72	59
#	15	247
#
319 1.12239 0.811705 0.73494
#	72	59
#	15	247
#
320 1.12203 0.811705 0.73494
#	72	59
#	15	247
#
321 1.12166 0.811705 0.73494
#	72	59
#	15	247
#
322 1.12129 0.811705 0.73494
#	72	59
#	15	247
#
323 1.12093 0.80916 0.73494
#	71	60
#	15	247
#
324 1.12057 0.80916 0.73494
#	71	60
#	15	247
#
325 1.12021 0.80916 0.73494
#	71	60
#	15	247
#
326 1.11986 0.80916 0.73494
#	71	60
#	15	247
#
327 1.1195 0.80916 0.73494
#	71	60
#	15	247
#
328 1.11915 0.80916 0.73494
#	71	60
#	15	247
#
329 1.1188 0.80916 0.73494
#	71	60
#	15	247
#
330 1.11846 0.80916 0.73494
#	71	60
#	15	247
#
331 1.11811 0.80916 0.73494
#	71	60
#	15	247
#
332 1.11777 0.80916 0.73494
#	71	60
#	15	247
#
#normalizar está a 0
#accuracy test final: 0.722892
#	15	14
#	9	45
#0.722892
