0 0.947529 0.872131 0.876923
#	167	14
#	25	99
#
1 0.737717 0.87541 0.907692
#	163	18
#	20	104
#
2 0.639268 0.888525 0.892308
#	162	19
#	15	109
#
3 0.574035 0.901639 0.892308
#	164	17
#	13	111
#
4 0.524656 0.901639 0.907692
#	163	18
#	12	112
#
5 0.485423 0.918033 0.907692
#	165	16
#	9	115
#
6 0.453636 0.92459 0.907692
#	167	14
#	9	115
#
7 0.427684 0.931148 0.907692
#	167	14
#	7	117
#
8 0.406475 0.931148 0.923077
#	167	14
#	7	117
#
9 0.389182 0.937705 0.923077
#	167	14
#	5	119
#
10 0.375107 0.940984 0.907692
#	167	14
#	4	120
#
11 0.363632 0.940984 0.892308
#	167	14
#	4	120
#
12 0.354225 0.944262 0.892308
#	167	14
#	3	121
#
13 0.346447 0.95082 0.892308
#	168	13
#	2	122
#
14 0.339952 0.947541 0.892308
#	167	14
#	2	122
#
15 0.334468 0.947541 0.892308
#	167	14
#	2	122
#
16 0.329783 0.947541 0.892308
#	167	14
#	2	122
#
17 0.32573 0.947541 0.892308
#	167	14
#	2	122
#
18 0.32218 0.947541 0.907692
#	167	14
#	2	122
#
19 0.31903 0.944262 0.907692
#	166	15
#	2	122
#
20 0.316199 0.944262 0.907692
#	166	15
#	2	122
#
21 0.31362 0.944262 0.907692
#	166	15
#	2	122
#
22 0.311241 0.944262 0.907692
#	166	15
#	2	122
#
23 0.30902 0.944262 0.907692
#	166	15
#	2	122
#
24 0.306922 0.944262 0.907692
#	166	15
#	2	122
#
25 0.304916 0.944262 0.907692
#	166	15
#	2	122
#
26 0.30298 0.944262 0.923077
#	166	15
#	2	122
#
27 0.301093 0.944262 0.923077
#	166	15
#	2	122
#
28 0.299236 0.944262 0.923077
#	166	15
#	2	122
#
29 0.297396 0.944262 0.923077
#	166	15
#	2	122
#
30 0.29556 0.944262 0.923077
#	166	15
#	2	122
#
31 0.293715 0.944262 0.923077
#	166	15
#	2	122
#
32 0.291853 0.947541 0.923077
#	166	15
#	1	123
#
33 0.289965 0.95082 0.923077
#	167	14
#	1	123
#
34 0.288043 0.95082 0.923077
#	167	14
#	1	123
#
35 0.286079 0.95082 0.923077
#	167	14
#	1	123
#
36 0.284069 0.95082 0.923077
#	167	14
#	1	123
#
37 0.282007 0.95082 0.923077
#	167	14
#	1	123
#
38 0.279888 0.95082 0.923077
#	167	14
#	1	123
#
39 0.277709 0.95082 0.923077
#	167	14
#	1	123
#
40 0.275467 0.95082 0.923077
#	167	14
#	1	123
#
41 0.273164 0.95082 0.923077
#	167	14
#	1	123
#
42 0.270801 0.95082 0.923077
#	167	14
#	1	123
#
43 0.268384 0.954098 0.923077
#	168	13
#	1	123
#
44 0.265922 0.954098 0.938462
#	168	13
#	1	123
#
45 0.263423 0.954098 0.938462
#	168	13
#	1	123
#
46 0.260903 0.954098 0.938462
#	168	13
#	1	123
#
47 0.258373 0.954098 0.938462
#	168	13
#	1	123
#
48 0.255847 0.954098 0.938462
#	168	13
#	1	123
#
49 0.253339 0.954098 0.938462
#	168	13
#	1	123
#
50 0.250858 0.954098 0.938462
#	168	13
#	1	123
#
51 0.248415 0.954098 0.938462
#	168	13
#	1	123
#
52 0.246016 0.957377 0.938462
#	169	12
#	1	123
#
53 0.243668 0.957377 0.938462
#	169	12
#	1	123
#
54 0.241375 0.957377 0.938462
#	169	12
#	1	123
#
55 0.239137 0.957377 0.953846
#	169	12
#	1	123
#
56 0.236958 0.957377 0.953846
#	169	12
#	1	123
#
57 0.234836 0.957377 0.953846
#	169	12
#	1	123
#
58 0.232771 0.957377 0.953846
#	169	12
#	1	123
#
59 0.230762 0.957377 0.953846
#	169	12
#	1	123
#
60 0.228809 0.960656 0.953846
#	170	11
#	1	123
#
61 0.226908 0.957377 0.953846
#	170	11
#	2	122
#
62 0.225058 0.957377 0.953846
#	170	11
#	2	122
#
63 0.223258 0.960656 0.953846
#	171	10
#	2	122
#
64 0.221504 0.960656 0.953846
#	171	10
#	2	122
#
65 0.219795 0.960656 0.953846
#	171	10
#	2	122
#
66 0.218129 0.960656 0.953846
#	171	10
#	2	122
#
67 0.216505 0.960656 0.953846
#	171	10
#	2	122
#
68 0.214919 0.960656 0.953846
#	171	10
#	2	122
#
69 0.21337 0.960656 0.953846
#	171	10
#	2	122
#
70 0.211857 0.963934 0.953846
#	172	9
#	2	122
#
71 0.210378 0.967213 0.953846
#	173	8
#	2	122
#
72 0.208932 0.967213 0.953846
#	173	8
#	2	122
#
73 0.207516 0.967213 0.953846
#	173	8
#	2	122
#
74 0.20613 0.967213 0.953846
#	173	8
#	2	122
#
75 0.204773 0.967213 0.953846
#	173	8
#	2	122
#
76 0.203443 0.967213 0.953846
#	173	8
#	2	122
#
77 0.20214 0.967213 0.953846
#	173	8
#	2	122
#
78 0.200862 0.967213 0.953846
#	173	8
#	2	122
#
79 0.199609 0.970492 0.953846
#	174	7
#	2	122
#
80 0.198379 0.970492 0.953846
#	174	7
#	2	122
#
81 0.197172 0.970492 0.953846
#	174	7
#	2	122
#
82 0.195987 0.970492 0.953846
#	174	7
#	2	122
#
83 0.194824 0.970492 0.953846
#	174	7
#	2	122
#
84 0.193682 0.970492 0.953846
#	174	7
#	2	122
#
85 0.19256 0.970492 0.953846
#	174	7
#	2	122
#
86 0.191457 0.97377 0.953846
#	175	6
#	2	122
#
87 0.190373 0.97377 0.953846
#	175	6
#	2	122
#
88 0.189309 0.97377 0.953846
#	175	6
#	2	122
#
89 0.188262 0.97377 0.953846
#	175	6
#	2	122
#
90 0.187232 0.97377 0.953846
#	175	6
#	2	122
#
91 0.18622 0.97377 0.953846
#	175	6
#	2	122
#
92 0.185225 0.97377 0.953846
#	175	6
#	2	122
#
93 0.184246 0.97377 0.953846
#	175	6
#	2	122
#
94 0.183283 0.977049 0.953846
#	175	6
#	1	123
#
95 0.182335 0.977049 0.953846
#	175	6
#	1	123
#
96 0.181402 0.977049 0.953846
#	175	6
#	1	123
#
97 0.180485 0.977049 0.953846
#	175	6
#	1	123
#
98 0.179581 0.977049 0.953846
#	175	6
#	1	123
#
99 0.178692 0.977049 0.953846
#	175	6
#	1	123
#
100 0.177816 0.977049 0.953846
#	175	6
#	1	123
#
101 0.176954 0.977049 0.953846
#	175	6
#	1	123
#
102 0.176105 0.977049 0.953846
#	175	6
#	1	123
#
103 0.175269 0.977049 0.953846
#	175	6
#	1	123
#
104 0.174445 0.977049 0.953846
#	175	6
#	1	123
#
105 0.173634 0.977049 0.953846
#	175	6
#	1	123
#
#normalizar está a 0
#accuracy test final: 0.984615
#	41	1
#	0	23
#0.984615
