0 0.505412 0.95112 0.980769
#	306	8
#	16	161
#
1 0.302597 0.961303 0.990385
#	304	10
#	9	168
#
2 0.257844 0.96334 0.990385
#	304	10
#	8	169
#
3 0.238723 0.965377 0.980769
#	304	10
#	7	170
#
4 0.227952 0.965377 0.980769
#	304	10
#	7	170
#
5 0.220906 0.965377 0.980769
#	304	10
#	7	170
#
6 0.215854 0.965377 0.980769
#	304	10
#	7	170
#
7 0.212001 0.967413 0.980769
#	304	10
#	6	171
#
8 0.208934 0.967413 0.980769
#	304	10
#	6	171
#
9 0.206414 0.967413 0.980769
#	304	10
#	6	171
#
10 0.20429 0.971487 0.980769
#	304	10
#	4	173
#
11 0.202466 0.971487 0.980769
#	304	10
#	4	173
#
12 0.200873 0.971487 0.980769
#	304	10
#	4	173
#
13 0.199465 0.971487 0.980769
#	304	10
#	4	173
#
14 0.198205 0.971487 0.980769
#	304	10
#	4	173
#
15 0.197066 0.971487 0.980769
#	304	10
#	4	173
#
16 0.196028 0.973523 0.980769
#	305	9
#	4	173
#
17 0.195076 0.971487 0.980769
#	305	9
#	5	172
#
18 0.194196 0.971487 0.980769
#	305	9
#	5	172
#
19 0.193378 0.971487 0.980769
#	305	9
#	5	172
#
20 0.192613 0.971487 0.980769
#	305	9
#	5	172
#
21 0.191895 0.971487 0.980769
#	305	9
#	5	172
#
22 0.191218 0.971487 0.980769
#	305	9
#	5	172
#
23 0.190577 0.971487 0.980769
#	305	9
#	5	172
#
24 0.189969 0.971487 0.980769
#	305	9
#	5	172
#
25 0.189389 0.971487 0.980769
#	305	9
#	5	172
#
26 0.188834 0.971487 0.971154
#	305	9
#	5	172
#
27 0.188303 0.971487 0.971154
#	305	9
#	5	172
#
28 0.187793 0.971487 0.971154
#	305	9
#	5	172
#
29 0.187302 0.971487 0.971154
#	305	9
#	5	172
#
30 0.186828 0.971487 0.971154
#	305	9
#	5	172
#
31 0.18637 0.971487 0.971154
#	305	9
#	5	172
#
32 0.185927 0.971487 0.971154
#	305	9
#	5	172
#
33 0.185497 0.971487 0.971154
#	305	9
#	5	172
#
34 0.185079 0.971487 0.971154
#	305	9
#	5	172
#
35 0.184673 0.971487 0.971154
#	305	9
#	5	172
#
36 0.184277 0.971487 0.971154
#	305	9
#	5	172
#
37 0.183892 0.971487 0.971154
#	305	9
#	5	172
#
38 0.183516 0.971487 0.971154
#	305	9
#	5	172
#
39 0.183148 0.971487 0.971154
#	305	9
#	5	172
#
40 0.182789 0.971487 0.971154
#	305	9
#	5	172
#
41 0.182439 0.971487 0.971154
#	305	9
#	5	172
#
42 0.182096 0.971487 0.971154
#	305	9
#	5	172
#
43 0.18176 0.971487 0.971154
#	305	9
#	5	172
#
44 0.181432 0.971487 0.971154
#	305	9
#	5	172
#
45 0.181112 0.971487 0.971154
#	305	9
#	5	172
#
46 0.180798 0.971487 0.971154
#	305	9
#	5	172
#
47 0.180492 0.971487 0.971154
#	305	9
#	5	172
#
48 0.180192 0.971487 0.971154
#	305	9
#	5	172
#
49 0.1799 0.971487 0.971154
#	305	9
#	5	172
#
50 0.179615 0.971487 0.971154
#	305	9
#	5	172
#
51 0.179336 0.971487 0.971154
#	305	9
#	5	172
#
#normalizar está a 1
#accuracy test final: 0.980769
#	80	1
#	1	22
#0.980769
