0 0.230523 0.967413 0.990385
#	310	11
#	5	165
#
1 0.201111 0.971487 0.990385
#	309	12
#	2	168
#
2 0.193459 0.971487 0.990385
#	309	12
#	2	168
#
3 0.189368 0.971487 0.990385
#	309	12
#	2	168
#
4 0.186364 0.973523 0.990385
#	309	12
#	1	169
#
5 0.183904 0.973523 0.990385
#	309	12
#	1	169
#
6 0.181835 0.973523 0.990385
#	309	12
#	1	169
#
7 0.180072 0.97556 0.990385
#	310	11
#	1	169
#
8 0.178547 0.97556 0.990385
#	310	11
#	1	169
#
9 0.177207 0.97556 0.990385
#	310	11
#	1	169
#
10 0.176011 0.97556 0.990385
#	310	11
#	1	169
#
11 0.174929 0.97556 0.990385
#	310	11
#	1	169
#
12 0.173941 0.973523 0.990385
#	310	11
#	2	168
#
13 0.173031 0.973523 0.990385
#	310	11
#	2	168
#
14 0.172188 0.973523 0.990385
#	310	11
#	2	168
#
15 0.171402 0.973523 0.990385
#	310	11
#	2	168
#
16 0.170668 0.973523 0.990385
#	310	11
#	2	168
#
17 0.169981 0.973523 0.990385
#	310	11
#	2	168
#
18 0.169338 0.973523 0.990385
#	310	11
#	2	168
#
19 0.168735 0.973523 0.990385
#	310	11
#	2	168
#
20 0.16817 0.973523 0.990385
#	310	11
#	2	168
#
21 0.167642 0.973523 0.990385
#	310	11
#	2	168
#
22 0.167147 0.973523 0.990385
#	310	11
#	2	168
#
23 0.166683 0.973523 0.990385
#	310	11
#	2	168
#
24 0.166249 0.973523 0.990385
#	310	11
#	2	168
#
25 0.165841 0.973523 0.990385
#	310	11
#	2	168
#
26 0.165459 0.973523 0.990385
#	310	11
#	2	168
#
27 0.165099 0.973523 0.990385
#	310	11
#	2	168
#
28 0.164761 0.973523 0.990385
#	310	11
#	2	168
#
29 0.164441 0.973523 0.990385
#	310	11
#	2	168
#
30 0.16414 0.973523 0.990385
#	310	11
#	2	168
#
31 0.163854 0.973523 0.990385
#	310	11
#	2	168
#
32 0.163583 0.973523 0.990385
#	310	11
#	2	168
#
33 0.163325 0.973523 0.990385
#	310	11
#	2	168
#
34 0.16308 0.973523 0.990385
#	310	11
#	2	168
#
35 0.162846 0.973523 0.990385
#	310	11
#	2	168
#
36 0.162623 0.973523 0.990385
#	310	11
#	2	168
#
37 0.162409 0.97556 0.990385
#	311	10
#	2	168
#
38 0.162205 0.97556 0.990385
#	311	10
#	2	168
#
39 0.162008 0.97556 0.990385
#	311	10
#	2	168
#
40 0.16182 0.97556 0.990385
#	311	10
#	2	168
#
41 0.161639 0.97556 0.990385
#	311	10
#	2	168
#
42 0.161464 0.97556 0.990385
#	311	10
#	2	168
#
43 0.161296 0.97556 0.990385
#	311	10
#	2	168
#
44 0.161134 0.97556 0.990385
#	311	10
#	2	168
#
45 0.160977 0.97556 0.990385
#	311	10
#	2	168
#
46 0.160826 0.97556 0.990385
#	311	10
#	2	168
#
47 0.160679 0.97556 0.990385
#	311	10
#	2	168
#
48 0.160537 0.97556 0.990385
#	311	10
#	2	168
#
49 0.1604 0.977597 0.990385
#	312	9
#	2	168
#
50 0.160266 0.977597 0.990385
#	312	9
#	2	168
#
51 0.160137 0.977597 0.990385
#	312	9
#	2	168
#
52 0.160012 0.977597 0.990385
#	312	9
#	2	168
#
53 0.15989 0.977597 0.990385
#	312	9
#	2	168
#
54 0.159771 0.977597 0.990385
#	312	9
#	2	168
#
55 0.159655 0.977597 0.990385
#	312	9
#	2	168
#
56 0.159543 0.977597 0.990385
#	312	9
#	2	168
#
57 0.159434 0.977597 0.990385
#	312	9
#	2	168
#
58 0.159327 0.977597 0.990385
#	312	9
#	2	168
#
59 0.159223 0.977597 0.990385
#	312	9
#	2	168
#
60 0.159121 0.977597 0.990385
#	312	9
#	2	168
#
61 0.159022 0.977597 0.990385
#	312	9
#	2	168
#
62 0.158926 0.977597 0.990385
#	312	9
#	2	168
#
63 0.158831 0.977597 0.990385
#	312	9
#	2	168
#
64 0.158739 0.977597 0.990385
#	312	9
#	2	168
#
65 0.158649 0.977597 0.990385
#	312	9
#	2	168
#
66 0.158561 0.977597 0.990385
#	312	9
#	2	168
#
67 0.158475 0.977597 0.990385
#	312	9
#	2	168
#
68 0.15839 0.977597 0.990385
#	312	9
#	2	168
#
69 0.158308 0.977597 0.990385
#	312	9
#	2	168
#
70 0.158227 0.977597 0.990385
#	312	9
#	2	168
#
71 0.158147 0.977597 0.990385
#	312	9
#	2	168
#
72 0.15807 0.977597 0.990385
#	312	9
#	2	168
#
73 0.157993 0.977597 0.990385
#	312	9
#	2	168
#
74 0.157919 0.977597 0.990385
#	312	9
#	2	168
#
75 0.157845 0.977597 0.990385
#	312	9
#	2	168
#
76 0.157773 0.977597 0.990385
#	312	9
#	2	168
#
77 0.157703 0.977597 0.990385
#	312	9
#	2	168
#
78 0.157633 0.977597 0.990385
#	312	9
#	2	168
#
79 0.157565 0.979633 0.990385
#	313	8
#	2	168
#
80 0.157498 0.979633 0.990385
#	313	8
#	2	168
#
81 0.157432 0.979633 0.990385
#	313	8
#	2	168
#
82 0.157368 0.979633 0.990385
#	313	8
#	2	168
#
83 0.157304 0.979633 0.990385
#	313	8
#	2	168
#
84 0.157241 0.979633 0.990385
#	313	8
#	2	168
#
85 0.15718 0.979633 0.990385
#	313	8
#	2	168
#
86 0.157119 0.979633 0.990385
#	313	8
#	2	168
#
87 0.157059 0.979633 0.990385
#	313	8
#	2	168
#
88 0.157 0.979633 0.990385
#	313	8
#	2	168
#
89 0.156942 0.98167 0.990385
#	313	8
#	1	169
#
90 0.156885 0.98167 0.990385
#	313	8
#	1	169
#
91 0.156829 0.98167 0.990385
#	313	8
#	1	169
#
92 0.156773 0.98167 0.990385
#	313	8
#	1	169
#
93 0.156719 0.98167 0.990385
#	313	8
#	1	169
#
94 0.156665 0.98167 0.990385
#	313	8
#	1	169
#
95 0.156611 0.98167 0.990385
#	313	8
#	1	169
#
96 0.156559 0.98167 0.990385
#	313	8
#	1	169
#
97 0.156507 0.98167 0.990385
#	313	8
#	1	169
#
98 0.156455 0.98167 0.990385
#	313	8
#	1	169
#
99 0.156404 0.98167 0.990385
#	313	8
#	1	169
#
100 0.156354 0.98167 0.990385
#	313	8
#	1	169
#
101 0.156305 0.98167 0.990385
#	313	8
#	1	169
#
102 0.156256 0.98167 0.990385
#	313	8
#	1	169
#
103 0.156207 0.98167 0.990385
#	313	8
#	1	169
#
104 0.156159 0.98167 0.990385
#	313	8
#	1	169
#
105 0.156112 0.98167 0.990385
#	313	8
#	1	169
#
106 0.156065 0.98167 0.990385
#	313	8
#	1	169
#
107 0.156019 0.98167 0.990385
#	313	8
#	1	169
#
108 0.155973 0.98167 0.990385
#	313	8
#	1	169
#
109 0.155927 0.98167 0.990385
#	313	8
#	1	169
#
110 0.155882 0.98167 0.990385
#	313	8
#	1	169
#
111 0.155837 0.98167 0.990385
#	313	8
#	1	169
#
112 0.155793 0.98167 0.990385
#	313	8
#	1	169
#
113 0.155749 0.98167 0.990385
#	313	8
#	1	169
#
114 0.155705 0.98167 0.990385
#	313	8
#	1	169
#
115 0.155662 0.98167 0.990385
#	313	8
#	1	169
#
116 0.155619 0.98167 0.990385
#	313	8
#	1	169
#
117 0.155576 0.98167 0.990385
#	313	8
#	1	169
#
118 0.155534 0.98167 0.990385
#	313	8
#	1	169
#
119 0.155491 0.98167 0.990385
#	313	8
#	1	169
#
120 0.15545 0.98167 0.990385
#	313	8
#	1	169
#
121 0.155408 0.98167 0.990385
#	313	8
#	1	169
#
122 0.155367 0.98167 0.990385
#	313	8
#	1	169
#
123 0.155326 0.98167 0.990385
#	313	8
#	1	169
#
124 0.155285 0.98167 0.990385
#	313	8
#	1	169
#
125 0.155244 0.98167 0.990385
#	313	8
#	1	169
#
126 0.155204 0.98167 0.990385
#	313	8
#	1	169
#
127 0.155163 0.98167 0.990385
#	313	8
#	1	169
#
128 0.155123 0.98167 0.990385
#	313	8
#	1	169
#
129 0.155083 0.98167 0.990385
#	313	8
#	1	169
#
130 0.155043 0.98167 0.990385
#	313	8
#	1	169
#
131 0.155004 0.98167 0.990385
#	313	8
#	1	169
#
132 0.154964 0.98167 0.990385
#	313	8
#	1	169
#
133 0.154925 0.98167 0.990385
#	313	8
#	1	169
#
134 0.154885 0.98167 0.990385
#	313	8
#	1	169
#
135 0.154846 0.98167 0.990385
#	313	8
#	1	169
#
136 0.154807 0.98167 0.990385
#	313	8
#	1	169
#
137 0.154767 0.98167 0.990385
#	313	8
#	1	169
#
138 0.154728 0.98167 0.990385
#	313	8
#	1	169
#
139 0.154689 0.98167 0.990385
#	313	8
#	1	169
#
140 0.15465 0.98167 0.990385
#	313	8
#	1	169
#
141 0.154611 0.98167 0.990385
#	313	8
#	1	169
#
142 0.154572 0.98167 0.990385
#	313	8
#	1	169
#
143 0.154533 0.98167 0.990385
#	313	8
#	1	169
#
144 0.154494 0.98167 0.990385
#	313	8
#	1	169
#
145 0.154455 0.98167 0.990385
#	313	8
#	1	169
#
146 0.154416 0.98167 0.990385
#	313	8
#	1	169
#
147 0.154376 0.98167 0.990385
#	313	8
#	1	169
#
148 0.154337 0.98167 0.990385
#	313	8
#	1	169
#
149 0.154297 0.98167 0.990385
#	313	8
#	1	169
#
150 0.154258 0.98167 0.990385
#	313	8
#	1	169
#
151 0.154218 0.98167 0.990385
#	313	8
#	1	169
#
152 0.154178 0.98167 0.990385
#	313	8
#	1	169
#
153 0.154139 0.98167 0.990385
#	313	8
#	1	169
#
154 0.154098 0.98167 0.990385
#	313	8
#	1	169
#
155 0.154058 0.98167 0.990385
#	313	8
#	1	169
#
156 0.154018 0.98167 0.990385
#	313	8
#	1	169
#
157 0.153977 0.98167 0.990385
#	313	8
#	1	169
#
158 0.153936 0.98167 0.990385
#	313	8
#	1	169
#
159 0.153895 0.98167 0.990385
#	313	8
#	1	169
#
160 0.153853 0.98167 0.990385
#	313	8
#	1	169
#
161 0.153812 0.98167 0.990385
#	313	8
#	1	169
#
162 0.15377 0.98167 0.990385
#	313	8
#	1	169
#
163 0.153728 0.98167 0.990385
#	313	8
#	1	169
#
164 0.153685 0.98167 0.990385
#	313	8
#	1	169
#
165 0.153642 0.98167 0.990385
#	313	8
#	1	169
#
166 0.153599 0.98167 0.990385
#	313	8
#	1	169
#
167 0.153555 0.98167 0.990385
#	313	8
#	1	169
#
168 0.153511 0.98167 0.990385
#	313	8
#	1	169
#
169 0.153467 0.98167 0.990385
#	313	8
#	1	169
#
170 0.153422 0.98167 0.990385
#	313	8
#	1	169
#
171 0.153377 0.98167 0.990385
#	313	8
#	1	169
#
172 0.153331 0.98167 0.990385
#	313	8
#	1	169
#
173 0.153285 0.98167 0.990385
#	313	8
#	1	169
#
174 0.153238 0.98167 0.990385
#	313	8
#	1	169
#
175 0.15319 0.98167 0.990385
#	313	8
#	1	169
#
176 0.153143 0.98167 0.990385
#	313	8
#	1	169
#
177 0.153094 0.98167 0.990385
#	313	8
#	1	169
#
178 0.153045 0.98167 0.990385
#	313	8
#	1	169
#
179 0.152996 0.98167 0.990385
#	313	8
#	1	169
#
180 0.152945 0.98167 0.990385
#	313	8
#	1	169
#
181 0.152894 0.98167 0.990385
#	313	8
#	1	169
#
182 0.152843 0.98167 0.990385
#	313	8
#	1	169
#
183 0.15279 0.98167 0.990385
#	313	8
#	1	169
#
184 0.152737 0.98167 0.990385
#	313	8
#	1	169
#
185 0.152683 0.98167 0.990385
#	313	8
#	1	169
#
186 0.152628 0.98167 0.990385
#	313	8
#	1	169
#
187 0.152573 0.98167 0.990385
#	313	8
#	1	169
#
188 0.152516 0.98167 0.990385
#	313	8
#	1	169
#
189 0.152459 0.98167 0.990385
#	313	8
#	1	169
#
190 0.152401 0.98167 0.990385
#	313	8
#	1	169
#
191 0.152342 0.98167 0.990385
#	313	8
#	1	169
#
192 0.152281 0.98167 0.990385
#	313	8
#	1	169
#
193 0.15222 0.98167 0.990385
#	313	8
#	1	169
#
194 0.152158 0.98167 0.990385
#	313	8
#	1	169
#
195 0.152095 0.98167 0.990385
#	313	8
#	1	169
#
196 0.15203 0.98167 0.990385
#	313	8
#	1	169
#
197 0.151964 0.98167 0.990385
#	313	8
#	1	169
#
198 0.151897 0.98167 0.990385
#	313	8
#	1	169
#
199 0.151829 0.98167 0.990385
#	313	8
#	1	169
#
200 0.15176 0.98167 0.990385
#	313	8
#	1	169
#
201 0.151689 0.98167 0.990385
#	313	8
#	1	169
#
202 0.151617 0.98167 0.990385
#	313	8
#	1	169
#
203 0.151543 0.98167 0.990385
#	313	8
#	1	169
#
204 0.151468 0.98167 0.990385
#	313	8
#	1	169
#
205 0.151392 0.98167 0.990385
#	313	8
#	1	169
#
206 0.151314 0.98167 0.990385
#	313	8
#	1	169
#
207 0.151234 0.98167 0.990385
#	313	8
#	1	169
#
208 0.151153 0.98167 0.990385
#	313	8
#	1	169
#
209 0.15107 0.98167 0.990385
#	313	8
#	1	169
#
210 0.150985 0.98167 0.990385
#	313	8
#	1	169
#
211 0.150899 0.98167 0.990385
#	313	8
#	1	169
#
212 0.150811 0.98167 0.990385
#	313	8
#	1	169
#
213 0.150721 0.98167 0.990385
#	313	8
#	1	169
#
214 0.150629 0.98167 0.990385
#	313	8
#	1	169
#
215 0.150535 0.98167 0.990385
#	313	8
#	1	169
#
216 0.150438 0.98167 0.990385
#	313	8
#	1	169
#
217 0.15034 0.98167 0.990385
#	313	8
#	1	169
#
218 0.15024 0.98167 0.990385
#	313	8
#	1	169
#
219 0.150137 0.98167 0.990385
#	313	8
#	1	169
#
220 0.150033 0.98167 0.990385
#	313	8
#	1	169
#
221 0.149926 0.98167 0.990385
#	313	8
#	1	169
#
222 0.149816 0.98167 0.990385
#	313	8
#	1	169
#
223 0.149704 0.98167 0.990385
#	313	8
#	1	169
#
224 0.14959 0.98167 0.990385
#	313	8
#	1	169
#
225 0.149473 0.98167 0.990385
#	313	8
#	1	169
#
226 0.149354 0.98167 0.990385
#	313	8
#	1	169
#
227 0.149231 0.98167 0.990385
#	313	8
#	1	169
#
228 0.149107 0.98167 0.990385
#	313	8
#	1	169
#
229 0.148979 0.98167 0.990385
#	313	8
#	1	169
#
230 0.148849 0.98167 0.990385
#	313	8
#	1	169
#
231 0.148716 0.98167 0.990385
#	313	8
#	1	169
#
232 0.148579 0.98167 0.990385
#	313	8
#	1	169
#
233 0.14844 0.98167 0.990385
#	313	8
#	1	169
#
234 0.148298 0.98167 0.990385
#	313	8
#	1	169
#
235 0.148153 0.98167 0.990385
#	313	8
#	1	169
#
236 0.148005 0.98167 0.990385
#	313	8
#	1	169
#
237 0.147853 0.98167 0.990385
#	313	8
#	1	169
#
238 0.147699 0.98167 0.990385
#	313	8
#	1	169
#
239 0.147541 0.98167 0.990385
#	313	8
#	1	169
#
240 0.14738 0.98167 0.990385
#	313	8
#	1	169
#
241 0.147216 0.98167 0.990385
#	313	8
#	1	169
#
242 0.147048 0.98167 0.990385
#	313	8
#	1	169
#
243 0.146877 0.98167 0.990385
#	313	8
#	1	169
#
244 0.146703 0.98167 0.990385
#	313	8
#	1	169
#
245 0.146525 0.98167 0.990385
#	313	8
#	1	169
#
246 0.146344 0.98167 0.990385
#	313	8
#	1	169
#
247 0.146159 0.98167 0.990385
#	313	8
#	1	169
#
248 0.145971 0.98167 0.990385
#	313	8
#	1	169
#
249 0.145779 0.98167 0.990385
#	313	8
#	1	169
#
250 0.145585 0.979633 0.990385
#	313	8
#	2	168
#
251 0.145386 0.979633 0.990385
#	313	8
#	2	168
#
252 0.145185 0.979633 0.990385
#	313	8
#	2	168
#
253 0.14498 0.979633 0.990385
#	313	8
#	2	168
#
254 0.144771 0.979633 0.990385
#	313	8
#	2	168
#
255 0.14456 0.979633 0.990385
#	313	8
#	2	168
#
256 0.144345 0.979633 0.990385
#	313	8
#	2	168
#
257 0.144127 0.979633 0.990385
#	313	8
#	2	168
#
258 0.143905 0.979633 0.990385
#	313	8
#	2	168
#
259 0.143681 0.979633 0.990385
#	313	8
#	2	168
#
260 0.143454 0.979633 0.990385
#	313	8
#	2	168
#
261 0.143223 0.979633 0.990385
#	313	8
#	2	168
#
262 0.14299 0.979633 0.990385
#	313	8
#	2	168
#
263 0.142755 0.979633 0.990385
#	313	8
#	2	168
#
264 0.142516 0.979633 0.990385
#	313	8
#	2	168
#
265 0.142275 0.979633 0.990385
#	313	8
#	2	168
#
266 0.142032 0.979633 0.990385
#	313	8
#	2	168
#
267 0.141786 0.979633 0.990385
#	313	8
#	2	168
#
268 0.141539 0.979633 0.990385
#	313	8
#	2	168
#
269 0.141289 0.979633 0.990385
#	313	8
#	2	168
#
270 0.141037 0.979633 0.990385
#	313	8
#	2	168
#
271 0.140784 0.979633 0.990385
#	313	8
#	2	168
#
272 0.140529 0.979633 0.990385
#	313	8
#	2	168
#
273 0.140273 0.979633 0.990385
#	313	8
#	2	168
#
274 0.140015 0.979633 0.990385
#	313	8
#	2	168
#
275 0.139756 0.979633 0.990385
#	313	8
#	2	168
#
276 0.139497 0.979633 0.990385
#	313	8
#	2	168
#
277 0.139236 0.979633 0.990385
#	313	8
#	2	168
#
278 0.138976 0.979633 0.990385
#	313	8
#	2	168
#
279 0.138714 0.979633 0.990385
#	313	8
#	2	168
#
280 0.138453 0.979633 0.990385
#	313	8
#	2	168
#
281 0.138192 0.979633 0.990385
#	313	8
#	2	168
#
282 0.13793 0.979633 0.990385
#	313	8
#	2	168
#
283 0.13767 0.979633 0.990385
#	313	8
#	2	168
#
284 0.137409 0.979633 0.990385
#	313	8
#	2	168
#
285 0.13715 0.979633 0.990385
#	313	8
#	2	168
#
286 0.136891 0.979633 0.990385
#	313	8
#	2	168
#
287 0.136634 0.979633 0.990385
#	313	8
#	2	168
#
288 0.136377 0.979633 0.990385
#	313	8
#	2	168
#
289 0.136123 0.979633 0.990385
#	313	8
#	2	168
#
290 0.135869 0.979633 0.990385
#	313	8
#	2	168
#
291 0.135618 0.979633 0.990385
#	313	8
#	2	168
#
292 0.135368 0.979633 0.990385
#	313	8
#	2	168
#
293 0.135121 0.979633 0.990385
#	313	8
#	2	168
#
294 0.134875 0.979633 0.990385
#	313	8
#	2	168
#
295 0.134633 0.979633 0.990385
#	313	8
#	2	168
#
296 0.134392 0.979633 0.990385
#	313	8
#	2	168
#
297 0.134154 0.979633 0.990385
#	313	8
#	2	168
#
298 0.133919 0.979633 0.990385
#	313	8
#	2	168
#
299 0.133687 0.979633 0.990385
#	313	8
#	2	168
#
300 0.133457 0.979633 0.990385
#	313	8
#	2	168
#
301 0.133231 0.979633 0.990385
#	313	8
#	2	168
#
302 0.133008 0.979633 0.990385
#	313	8
#	2	168
#
303 0.132788 0.979633 0.990385
#	313	8
#	2	168
#
304 0.132571 0.979633 0.990385
#	313	8
#	2	168
#
305 0.132357 0.979633 0.990385
#	313	8
#	2	168
#
306 0.132147 0.979633 0.990385
#	313	8
#	2	168
#
307 0.13194 0.979633 0.990385
#	313	8
#	2	168
#
308 0.131737 0.979633 0.990385
#	313	8
#	2	168
#
309 0.131538 0.979633 0.990385
#	313	8
#	2	168
#
310 0.131341 0.979633 0.990385
#	313	8
#	2	168
#
311 0.131149 0.979633 0.990385
#	313	8
#	2	168
#
312 0.13096 0.979633 0.990385
#	313	8
#	2	168
#
313 0.130774 0.979633 0.990385
#	313	8
#	2	168
#
314 0.130592 0.979633 0.990385
#	313	8
#	2	168
#
315 0.130414 0.979633 0.990385
#	313	8
#	2	168
#
316 0.130239 0.979633 0.990385
#	313	8
#	2	168
#
317 0.130068 0.979633 0.990385
#	313	8
#	2	168
#
318 0.1299 0.979633 0.990385
#	313	8
#	2	168
#
319 0.129736 0.979633 0.990385
#	313	8
#	2	168
#
320 0.129575 0.979633 0.990385
#	313	8
#	2	168
#
321 0.129417 0.979633 0.990385
#	313	8
#	2	168
#
322 0.129264 0.979633 0.990385
#	313	8
#	2	168
#
323 0.129113 0.979633 0.990385
#	313	8
#	2	168
#
324 0.128966 0.979633 0.990385
#	313	8
#	2	168
#
325 0.128822 0.979633 0.990385
#	313	8
#	2	168
#
326 0.128681 0.979633 0.990385
#	313	8
#	2	168
#
327 0.128544 0.979633 0.990385
#	313	8
#	2	168
#
328 0.128409 0.979633 0.990385
#	313	8
#	2	168
#
329 0.128278 0.98167 0.990385
#	314	7
#	2	168
#
330 0.12815 0.98167 0.990385
#	314	7
#	2	168
#
331 0.128024 0.98167 0.990385
#	314	7
#	2	168
#
332 0.127902 0.983707 0.990385
#	314	7
#	1	169
#
333 0.127782 0.983707 0.990385
#	314	7
#	1	169
#
334 0.127666 0.983707 0.990385
#	314	7
#	1	169
#
335 0.127551 0.983707 0.990385
#	314	7
#	1	169
#
336 0.12744 0.983707 0.990385
#	314	7
#	1	169
#
337 0.127331 0.983707 0.990385
#	314	7
#	1	169
#
338 0.127225 0.983707 0.990385
#	314	7
#	1	169
#
339 0.127121 0.983707 0.990385
#	314	7
#	1	169
#
340 0.127019 0.983707 0.990385
#	314	7
#	1	169
#
341 0.12692 0.983707 0.990385
#	314	7
#	1	169
#
342 0.126822 0.983707 0.990385
#	314	7
#	1	169
#
343 0.126727 0.983707 0.990385
#	314	7
#	1	169
#
344 0.126634 0.983707 0.990385
#	314	7
#	1	169
#
345 0.126543 0.983707 0.990385
#	314	7
#	1	169
#
346 0.126453 0.983707 0.990385
#	314	7
#	1	169
#
347 0.126366 0.983707 0.990385
#	314	7
#	1	169
#
348 0.12628 0.983707 0.990385
#	314	7
#	1	169
#
349 0.126196 0.983707 0.990385
#	314	7
#	1	169
#
350 0.126113 0.983707 0.990385
#	314	7
#	1	169
#
351 0.126032 0.983707 0.990385
#	314	7
#	1	169
#
352 0.125951 0.983707 0.990385
#	314	7
#	1	169
#
353 0.125873 0.983707 0.990385
#	314	7
#	1	169
#
354 0.125795 0.983707 0.990385
#	314	7
#	1	169
#
355 0.125719 0.983707 0.990385
#	314	7
#	1	169
#
356 0.125643 0.983707 0.990385
#	314	7
#	1	169
#
357 0.125569 0.983707 0.990385
#	314	7
#	1	169
#
358 0.125495 0.983707 0.990385
#	314	7
#	1	169
#
359 0.125423 0.983707 0.990385
#	314	7
#	1	169
#
360 0.125351 0.983707 0.990385
#	314	7
#	1	169
#
361 0.125279 0.983707 0.990385
#	314	7
#	1	169
#
362 0.125208 0.983707 0.990385
#	314	7
#	1	169
#
363 0.125138 0.983707 0.990385
#	314	7
#	1	169
#
364 0.125069 0.983707 0.990385
#	314	7
#	1	169
#
365 0.124999 0.983707 0.990385
#	314	7
#	1	169
#
366 0.12493 0.983707 0.990385
#	314	7
#	1	169
#
367 0.124861 0.983707 0.990385
#	314	7
#	1	169
#
368 0.124793 0.983707 0.990385
#	314	7
#	1	169
#
369 0.124724 0.985743 0.990385
#	315	6
#	1	169
#
370 0.124656 0.985743 0.990385
#	315	6
#	1	169
#
371 0.124588 0.985743 0.990385
#	315	6
#	1	169
#
372 0.12452 0.985743 0.990385
#	315	6
#	1	169
#
373 0.124452 0.985743 0.990385
#	315	6
#	1	169
#
374 0.124383 0.985743 0.990385
#	315	6
#	1	169
#
375 0.124315 0.985743 0.990385
#	315	6
#	1	169
#
376 0.124246 0.985743 0.990385
#	315	6
#	1	169
#
377 0.124177 0.985743 0.990385
#	315	6
#	1	169
#
378 0.124108 0.985743 0.990385
#	315	6
#	1	169
#
379 0.124038 0.985743 0.990385
#	315	6
#	1	169
#
380 0.123969 0.985743 0.990385
#	315	6
#	1	169
#
381 0.123898 0.985743 0.990385
#	315	6
#	1	169
#
382 0.123828 0.985743 0.990385
#	315	6
#	1	169
#
383 0.123757 0.985743 0.990385
#	315	6
#	1	169
#
384 0.123685 0.985743 0.990385
#	315	6
#	1	169
#
385 0.123613 0.985743 0.990385
#	315	6
#	1	169
#
386 0.12354 0.985743 0.990385
#	315	6
#	1	169
#
387 0.123466 0.985743 0.990385
#	315	6
#	1	169
#
388 0.123392 0.985743 0.990385
#	315	6
#	1	169
#
389 0.123317 0.985743 0.990385
#	315	6
#	1	169
#
390 0.123242 0.985743 0.990385
#	315	6
#	1	169
#
391 0.123166 0.985743 0.990385
#	315	6
#	1	169
#
392 0.123089 0.985743 0.990385
#	315	6
#	1	169
#
393 0.123011 0.985743 0.990385
#	315	6
#	1	169
#
394 0.122932 0.983707 0.990385
#	315	6
#	2	168
#
395 0.122853 0.983707 0.990385
#	315	6
#	2	168
#
396 0.122772 0.983707 0.990385
#	315	6
#	2	168
#
397 0.122691 0.983707 0.990385
#	315	6
#	2	168
#
398 0.122608 0.983707 0.990385
#	315	6
#	2	168
#
399 0.122525 0.983707 0.990385
#	315	6
#	2	168
#
400 0.122441 0.983707 0.990385
#	315	6
#	2	168
#
401 0.122355 0.983707 0.990385
#	315	6
#	2	168
#
402 0.122269 0.983707 0.990385
#	315	6
#	2	168
#
403 0.122181 0.983707 0.990385
#	315	6
#	2	168
#
404 0.122092 0.983707 0.990385
#	315	6
#	2	168
#
405 0.122002 0.983707 0.990385
#	315	6
#	2	168
#
406 0.121911 0.983707 0.990385
#	315	6
#	2	168
#
407 0.121818 0.983707 0.990385
#	315	6
#	2	168
#
408 0.121725 0.983707 0.990385
#	315	6
#	2	168
#
409 0.12163 0.983707 0.990385
#	315	6
#	2	168
#
410 0.121533 0.983707 0.990385
#	315	6
#	2	168
#
411 0.121436 0.983707 0.990385
#	315	6
#	2	168
#
412 0.121337 0.983707 0.990385
#	315	6
#	2	168
#
413 0.121236 0.983707 0.990385
#	315	6
#	2	168
#
414 0.121134 0.983707 0.990385
#	315	6
#	2	168
#
415 0.121031 0.983707 0.990385
#	315	6
#	2	168
#
416 0.120926 0.985743 0.990385
#	315	6
#	1	169
#
417 0.120819 0.985743 0.990385
#	315	6
#	1	169
#
418 0.120711 0.985743 0.990385
#	315	6
#	1	169
#
419 0.120601 0.985743 0.990385
#	315	6
#	1	169
#
420 0.12049 0.985743 0.990385
#	315	6
#	1	169
#
421 0.120377 0.985743 0.990385
#	315	6
#	1	169
#
422 0.120262 0.985743 0.990385
#	315	6
#	1	169
#
423 0.120146 0.985743 0.990385
#	315	6
#	1	169
#
424 0.120028 0.985743 0.990385
#	315	6
#	1	169
#
425 0.119908 0.985743 0.990385
#	315	6
#	1	169
#
426 0.119786 0.985743 0.990385
#	315	6
#	1	169
#
427 0.119663 0.985743 0.990385
#	315	6
#	1	169
#
428 0.119538 0.985743 0.990385
#	315	6
#	1	169
#
429 0.119411 0.985743 0.990385
#	315	6
#	1	169
#
430 0.119282 0.985743 0.990385
#	315	6
#	1	169
#
431 0.119151 0.985743 0.990385
#	315	6
#	1	169
#
432 0.119018 0.985743 0.990385
#	315	6
#	1	169
#
433 0.118884 0.985743 0.990385
#	315	6
#	1	169
#
434 0.118747 0.985743 0.990385
#	315	6
#	1	169
#
435 0.118609 0.985743 0.990385
#	315	6
#	1	169
#
436 0.118468 0.985743 0.990385
#	315	6
#	1	169
#
437 0.118326 0.98778 0.990385
#	315	6
#	0	170
#
438 0.118182 0.98778 0.990385
#	315	6
#	0	170
#
439 0.118036 0.98778 0.990385
#	315	6
#	0	170
#
440 0.117888 0.98778 0.990385
#	315	6
#	0	170
#
441 0.117738 0.98778 0.990385
#	315	6
#	0	170
#
442 0.117587 0.98778 0.990385
#	315	6
#	0	170
#
443 0.117433 0.98778 0.990385
#	315	6
#	0	170
#
444 0.117278 0.98778 0.990385
#	315	6
#	0	170
#
445 0.117122 0.98778 0.990385
#	315	6
#	0	170
#
446 0.116963 0.98778 0.990385
#	315	6
#	0	170
#
447 0.116803 0.98778 0.990385
#	315	6
#	0	170
#
448 0.116642 0.98778 0.990385
#	315	6
#	0	170
#
449 0.116479 0.98778 0.990385
#	315	6
#	0	170
#
450 0.116314 0.98778 0.990385
#	315	6
#	0	170
#
451 0.116148 0.98778 0.990385
#	315	6
#	0	170
#
452 0.115981 0.98778 0.990385
#	315	6
#	0	170
#
453 0.115813 0.98778 0.990385
#	315	6
#	0	170
#
454 0.115644 0.98778 0.990385
#	315	6
#	0	170
#
455 0.115474 0.98778 0.990385
#	315	6
#	0	170
#
456 0.115303 0.98778 0.990385
#	315	6
#	0	170
#
457 0.115132 0.98778 0.990385
#	315	6
#	0	170
#
458 0.11496 0.98778 0.990385
#	315	6
#	0	170
#
459 0.114787 0.98778 0.990385
#	315	6
#	0	170
#
460 0.114615 0.98778 0.990385
#	315	6
#	0	170
#
461 0.114442 0.98778 0.990385
#	315	6
#	0	170
#
462 0.114269 0.98778 0.990385
#	315	6
#	0	170
#
463 0.114097 0.98778 0.990385
#	315	6
#	0	170
#
464 0.113924 0.98778 0.990385
#	315	6
#	0	170
#
465 0.113753 0.98778 0.990385
#	315	6
#	0	170
#
466 0.113581 0.98778 0.990385
#	315	6
#	0	170
#
467 0.113411 0.98778 0.990385
#	315	6
#	0	170
#
468 0.113242 0.98778 0.990385
#	315	6
#	0	170
#
469 0.113074 0.98778 0.990385
#	315	6
#	0	170
#
470 0.112907 0.98778 0.990385
#	315	6
#	0	170
#
471 0.112742 0.985743 0.990385
#	314	7
#	0	170
#
472 0.112578 0.985743 0.990385
#	314	7
#	0	170
#
473 0.112416 0.985743 0.990385
#	314	7
#	0	170
#
474 0.112255 0.985743 0.990385
#	314	7
#	0	170
#
475 0.112097 0.985743 0.990385
#	314	7
#	0	170
#
476 0.111941 0.985743 0.990385
#	314	7
#	0	170
#
477 0.111787 0.985743 0.990385
#	314	7
#	0	170
#
478 0.111636 0.985743 0.990385
#	314	7
#	0	170
#
479 0.111486 0.985743 0.990385
#	314	7
#	0	170
#
480 0.11134 0.985743 0.990385
#	314	7
#	0	170
#
481 0.111196 0.985743 0.990385
#	314	7
#	0	170
#
482 0.111054 0.985743 0.990385
#	314	7
#	0	170
#
483 0.110915 0.985743 0.990385
#	314	7
#	0	170
#
484 0.110778 0.985743 0.990385
#	314	7
#	0	170
#
485 0.110645 0.985743 0.990385
#	314	7
#	0	170
#
486 0.110513 0.985743 0.990385
#	314	7
#	0	170
#
487 0.110385 0.985743 0.990385
#	314	7
#	0	170
#
488 0.110259 0.985743 0.990385
#	314	7
#	0	170
#
489 0.110135 0.985743 0.990385
#	314	7
#	0	170
#
490 0.110014 0.985743 0.990385
#	314	7
#	0	170
#
491 0.109895 0.985743 0.990385
#	314	7
#	0	170
#
492 0.109778 0.985743 0.990385
#	314	7
#	0	170
#
493 0.109664 0.985743 0.990385
#	314	7
#	0	170
#
494 0.109552 0.985743 0.990385
#	314	7
#	0	170
#
495 0.109441 0.985743 0.990385
#	314	7
#	0	170
#
496 0.109333 0.985743 0.990385
#	314	7
#	0	170
#
497 0.109226 0.985743 0.990385
#	314	7
#	0	170
#
498 0.10912 0.985743 0.990385
#	314	7
#	0	170
#
499 0.109016 0.985743 0.990385
#	314	7
#	0	170
#
500 0.108914 0.985743 0.990385
#	314	7
#	0	170
#
501 0.108812 0.985743 0.990385
#	314	7
#	0	170
#
502 0.108712 0.985743 0.990385
#	314	7
#	0	170
#
503 0.108613 0.985743 0.990385
#	314	7
#	0	170
#
504 0.108514 0.985743 0.990385
#	314	7
#	0	170
#
505 0.108416 0.985743 0.990385
#	314	7
#	0	170
#
506 0.108319 0.985743 0.990385
#	314	7
#	0	170
#
507 0.108222 0.985743 0.990385
#	314	7
#	0	170
#
508 0.108125 0.985743 0.990385
#	314	7
#	0	170
#
509 0.108028 0.985743 0.990385
#	314	7
#	0	170
#
510 0.107932 0.985743 0.990385
#	314	7
#	0	170
#
511 0.107836 0.985743 0.980769
#	314	7
#	0	170
#
512 0.107739 0.985743 0.980769
#	314	7
#	0	170
#
513 0.107643 0.985743 0.980769
#	314	7
#	0	170
#
514 0.107546 0.985743 0.980769
#	314	7
#	0	170
#
515 0.107449 0.985743 0.980769
#	314	7
#	0	170
#
516 0.107352 0.985743 0.980769
#	314	7
#	0	170
#
517 0.107254 0.985743 0.980769
#	314	7
#	0	170
#
518 0.107156 0.985743 0.980769
#	314	7
#	0	170
#
519 0.107058 0.985743 0.980769
#	314	7
#	0	170
#
520 0.106959 0.985743 0.980769
#	314	7
#	0	170
#
521 0.10686 0.985743 0.980769
#	314	7
#	0	170
#
522 0.10676 0.985743 0.980769
#	314	7
#	0	170
#
523 0.10666 0.985743 0.980769
#	314	7
#	0	170
#
524 0.10656 0.985743 0.980769
#	314	7
#	0	170
#
525 0.106459 0.985743 0.980769
#	314	7
#	0	170
#
526 0.106358 0.985743 0.980769
#	314	7
#	0	170
#
527 0.106257 0.985743 0.980769
#	314	7
#	0	170
#
528 0.106156 0.985743 0.980769
#	314	7
#	0	170
#
529 0.106054 0.985743 0.980769
#	314	7
#	0	170
#
530 0.105952 0.985743 0.980769
#	314	7
#	0	170
#
531 0.10585 0.985743 0.980769
#	314	7
#	0	170
#
532 0.105748 0.985743 0.980769
#	314	7
#	0	170
#
533 0.105645 0.985743 0.980769
#	314	7
#	0	170
#
534 0.105543 0.985743 0.980769
#	314	7
#	0	170
#
535 0.105441 0.985743 0.980769
#	314	7
#	0	170
#
536 0.105339 0.985743 0.980769
#	314	7
#	0	170
#
537 0.105238 0.985743 0.980769
#	314	7
#	0	170
#
538 0.105136 0.985743 0.980769
#	314	7
#	0	170
#
539 0.105035 0.985743 0.980769
#	314	7
#	0	170
#
540 0.104934 0.985743 0.980769
#	314	7
#	0	170
#
541 0.104834 0.985743 0.980769
#	314	7
#	0	170
#
542 0.104734 0.985743 0.980769
#	314	7
#	0	170
#
543 0.104635 0.985743 0.980769
#	314	7
#	0	170
#
544 0.104536 0.985743 0.980769
#	314	7
#	0	170
#
545 0.104438 0.985743 0.980769
#	314	7
#	0	170
#
546 0.104341 0.985743 0.980769
#	314	7
#	0	170
#
547 0.104245 0.985743 0.980769
#	314	7
#	0	170
#
548 0.10415 0.985743 0.980769
#	314	7
#	0	170
#
549 0.104055 0.985743 0.980769
#	314	7
#	0	170
#
550 0.103962 0.985743 0.980769
#	314	7
#	0	170
#
551 0.103869 0.985743 0.980769
#	314	7
#	0	170
#
552 0.103778 0.985743 0.980769
#	314	7
#	0	170
#
553 0.103688 0.985743 0.980769
#	314	7
#	0	170
#
554 0.103599 0.985743 0.980769
#	314	7
#	0	170
#
555 0.103512 0.985743 0.980769
#	314	7
#	0	170
#
556 0.103425 0.985743 0.980769
#	314	7
#	0	170
#
557 0.103341 0.985743 0.980769
#	314	7
#	0	170
#
558 0.103257 0.985743 0.980769
#	314	7
#	0	170
#
559 0.103175 0.985743 0.980769
#	314	7
#	0	170
#
560 0.103095 0.985743 0.980769
#	314	7
#	0	170
#
#normalizar está a 0
#accuracy test final: 0.951923
#	68	4
#	1	31
#0.951923
