0 1.70817 0.653944 0.698795
#	0	136
#	0	257
#
1 1.54627 0.692112 0.783133
#	20	116
#	5	252
#
2 1.41633 0.740458 0.807229
#	51	85
#	17	240
#
3 1.34497 0.763359 0.855422
#	67	69
#	24	233
#
4 1.30831 0.763359 0.819277
#	71	65
#	28	229
#
5 1.28959 0.770992 0.795181
#	76	60
#	30	227
#
6 1.28025 0.765903 0.795181
#	78	58
#	34	223
#
7 1.27575 0.773537 0.795181
#	81	55
#	34	223
#
8 1.27367 0.768448 0.795181
#	81	55
#	36	221
#
9 1.27278 0.765903 0.795181
#	83	53
#	39	218
#
10 1.27248 0.760814 0.807229
#	83	53
#	41	216
#
11 1.27243 0.763359 0.807229
#	84	52
#	41	216
#
12 1.27249 0.763359 0.807229
#	85	51
#	42	215
#
13 1.27255 0.770992 0.807229
#	89	47
#	43	214
#
#normalizar está a 0
#accuracy test final: 0.783133
#	16	14
#	4	49
#0.783133
