0 1.23321 0.859016 0.769231
#	183	3
#	40	79
#
1 0.832847 0.898361 0.830769
#	181	5
#	26	93
#
2 0.679797 0.908197 0.846154
#	182	4
#	24	95
#
3 0.602644 0.914754 0.846154
#	182	4
#	22	97
#
4 0.555519 0.918033 0.876923
#	182	4
#	21	98
#
5 0.52388 0.918033 0.861538
#	182	4
#	21	98
#
6 0.501559 0.92459 0.846154
#	182	4
#	19	100
#
7 0.485515 0.927869 0.846154
#	183	3
#	19	100
#
8 0.473969 0.927869 0.846154
#	183	3
#	19	100
#
9 0.465671 0.934426 0.861538
#	184	2
#	18	101
#
10 0.459643 0.934426 0.861538
#	184	2
#	18	101
#
11 0.455125 0.931148 0.861538
#	184	2
#	19	100
#
12 0.451559 0.931148 0.861538
#	184	2
#	19	100
#
13 0.448568 0.931148 0.861538
#	184	2
#	19	100
#
14 0.445917 0.931148 0.861538
#	184	2
#	19	100
#
15 0.443478 0.927869 0.861538
#	184	2
#	20	99
#
16 0.441198 0.92459 0.861538
#	184	2
#	21	98
#
17 0.439067 0.92459 0.861538
#	184	2
#	21	98
#
18 0.437094 0.92459 0.861538
#	184	2
#	21	98
#
19 0.435293 0.921311 0.861538
#	183	3
#	21	98
#
20 0.433675 0.921311 0.861538
#	183	3
#	21	98
#
21 0.432246 0.921311 0.861538
#	183	3
#	21	98
#
22 0.431015 0.92459 0.876923
#	183	3
#	20	99
#
23 0.429992 0.921311 0.876923
#	183	3
#	21	98
#
24 0.429188 0.921311 0.876923
#	183	3
#	21	98
#
25 0.42861 0.921311 0.876923
#	183	3
#	21	98
#
26 0.428257 0.921311 0.876923
#	183	3
#	21	98
#
27 0.428122 0.92459 0.876923
#	184	2
#	21	98
#
28 0.42819 0.92459 0.876923
#	184	2
#	21	98
#
29 0.428439 0.92459 0.876923
#	184	2
#	21	98
#
30 0.428845 0.92459 0.876923
#	184	2
#	21	98
#
31 0.429383 0.92459 0.876923
#	184	2
#	21	98
#
32 0.430025 0.92459 0.876923
#	184	2
#	21	98
#
33 0.430743 0.92459 0.876923
#	184	2
#	21	98
#
34 0.431513 0.92459 0.876923
#	184	2
#	21	98
#
35 0.432306 0.92459 0.876923
#	184	2
#	21	98
#
36 0.433098 0.92459 0.876923
#	184	2
#	21	98
#
37 0.433864 0.92459 0.876923
#	184	2
#	21	98
#
38 0.434582 0.921311 0.876923
#	184	2
#	22	97
#
39 0.435228 0.921311 0.892308
#	184	2
#	22	97
#
40 0.435784 0.918033 0.892308
#	184	2
#	23	96
#
41 0.436232 0.918033 0.892308
#	184	2
#	23	96
#
42 0.436558 0.918033 0.892308
#	184	2
#	23	96
#
43 0.436747 0.921311 0.892308
#	184	2
#	22	97
#
44 0.436791 0.921311 0.892308
#	184	2
#	22	97
#
45 0.436681 0.92459 0.892308
#	184	2
#	21	98
#
46 0.436414 0.92459 0.907692
#	184	2
#	21	98
#
47 0.435986 0.92459 0.907692
#	184	2
#	21	98
#
48 0.435398 0.92459 0.907692
#	184	2
#	21	98
#
49 0.434651 0.921311 0.907692
#	184	2
#	22	97
#
50 0.43375 0.92459 0.907692
#	184	2
#	21	98
#
51 0.4327 0.927869 0.907692
#	184	2
#	20	99
#
52 0.431508 0.927869 0.907692
#	184	2
#	20	99
#
53 0.430183 0.927869 0.907692
#	184	2
#	20	99
#
54 0.428735 0.927869 0.907692
#	184	2
#	20	99
#
55 0.427172 0.927869 0.907692
#	184	2
#	20	99
#
56 0.425507 0.927869 0.907692
#	184	2
#	20	99
#
57 0.423751 0.927869 0.907692
#	184	2
#	20	99
#
58 0.421914 0.927869 0.907692
#	184	2
#	20	99
#
59 0.420009 0.927869 0.907692
#	184	2
#	20	99
#
60 0.418047 0.927869 0.923077
#	184	2
#	20	99
#
61 0.416038 0.927869 0.938462
#	184	2
#	20	99
#
62 0.413994 0.927869 0.938462
#	184	2
#	20	99
#
63 0.411924 0.927869 0.938462
#	184	2
#	20	99
#
64 0.409838 0.927869 0.938462
#	184	2
#	20	99
#
65 0.407745 0.927869 0.938462
#	184	2
#	20	99
#
66 0.405653 0.927869 0.938462
#	184	2
#	20	99
#
67 0.403569 0.927869 0.938462
#	184	2
#	20	99
#
68 0.401501 0.927869 0.938462
#	184	2
#	20	99
#
69 0.399454 0.927869 0.938462
#	184	2
#	20	99
#
70 0.397432 0.927869 0.938462
#	184	2
#	20	99
#
71 0.395442 0.927869 0.938462
#	184	2
#	20	99
#
72 0.393486 0.927869 0.938462
#	184	2
#	20	99
#
73 0.391569 0.927869 0.938462
#	184	2
#	20	99
#
74 0.389691 0.927869 0.938462
#	184	2
#	20	99
#
75 0.387857 0.927869 0.938462
#	184	2
#	20	99
#
76 0.386066 0.927869 0.938462
#	184	2
#	20	99
#
77 0.384321 0.927869 0.938462
#	184	2
#	20	99
#
78 0.382621 0.927869 0.938462
#	184	2
#	20	99
#
79 0.380967 0.931148 0.938462
#	184	2
#	19	100
#
80 0.379359 0.934426 0.938462
#	184	2
#	18	101
#
81 0.377796 0.934426 0.938462
#	184	2
#	18	101
#
82 0.376277 0.937705 0.938462
#	184	2
#	17	102
#
83 0.374804 0.937705 0.938462
#	184	2
#	17	102
#
84 0.373372 0.937705 0.938462
#	184	2
#	17	102
#
85 0.371983 0.937705 0.938462
#	184	2
#	17	102
#
86 0.370634 0.937705 0.938462
#	184	2
#	17	102
#
87 0.369325 0.937705 0.938462
#	184	2
#	17	102
#
88 0.368053 0.937705 0.938462
#	184	2
#	17	102
#
89 0.366817 0.937705 0.938462
#	184	2
#	17	102
#
90 0.365618 0.937705 0.938462
#	184	2
#	17	102
#
91 0.364451 0.940984 0.938462
#	184	2
#	16	103
#
92 0.363317 0.940984 0.938462
#	184	2
#	16	103
#
93 0.362213 0.940984 0.938462
#	184	2
#	16	103
#
94 0.36114 0.940984 0.938462
#	184	2
#	16	103
#
95 0.360094 0.940984 0.938462
#	184	2
#	16	103
#
96 0.359075 0.940984 0.938462
#	184	2
#	16	103
#
97 0.358081 0.940984 0.938462
#	184	2
#	16	103
#
98 0.357111 0.940984 0.938462
#	184	2
#	16	103
#
99 0.356163 0.940984 0.938462
#	184	2
#	16	103
#
100 0.355238 0.940984 0.938462
#	184	2
#	16	103
#
101 0.354332 0.940984 0.938462
#	184	2
#	16	103
#
102 0.353445 0.940984 0.938462
#	184	2
#	16	103
#
103 0.352575 0.940984 0.938462
#	184	2
#	16	103
#
104 0.351723 0.940984 0.938462
#	184	2
#	16	103
#
105 0.350885 0.940984 0.938462
#	184	2
#	16	103
#
106 0.350062 0.940984 0.938462
#	184	2
#	16	103
#
107 0.349252 0.940984 0.938462
#	184	2
#	16	103
#
108 0.348454 0.940984 0.938462
#	184	2
#	16	103
#
109 0.347668 0.937705 0.938462
#	184	2
#	17	102
#
110 0.346892 0.937705 0.938462
#	184	2
#	17	102
#
111 0.346126 0.937705 0.938462
#	184	2
#	17	102
#
#normalizar está a 0
#accuracy test final: 0.938462
#	34	0
#	4	27
#0.938462
