0 0.217028 0.967413 0.932692
#	305	6
#	10	170
#
1 0.204122 0.96945 0.932692
#	306	5
#	10	170
#
2 0.196667 0.96945 0.932692
#	306	5
#	10	170
#
3 0.190505 0.96945 0.932692
#	306	5
#	10	170
#
4 0.185441 0.96945 0.932692
#	306	5
#	10	170
#
5 0.181502 0.96945 0.942308
#	306	5
#	10	170
#
6 0.178576 0.96945 0.942308
#	306	5
#	10	170
#
7 0.176434 0.96945 0.942308
#	306	5
#	10	170
#
8 0.174846 0.971487 0.942308
#	306	5
#	9	171
#
9 0.173626 0.971487 0.942308
#	306	5
#	9	171
#
10 0.172641 0.971487 0.942308
#	306	5
#	9	171
#
11 0.171803 0.973523 0.942308
#	306	5
#	8	172
#
12 0.171056 0.973523 0.942308
#	306	5
#	8	172
#
13 0.170363 0.973523 0.942308
#	306	5
#	8	172
#
14 0.169702 0.973523 0.942308
#	306	5
#	8	172
#
15 0.16906 0.973523 0.942308
#	306	5
#	8	172
#
16 0.16843 0.973523 0.942308
#	306	5
#	8	172
#
17 0.167808 0.973523 0.942308
#	306	5
#	8	172
#
18 0.16719 0.973523 0.942308
#	306	5
#	8	172
#
19 0.166577 0.973523 0.942308
#	306	5
#	8	172
#
20 0.165968 0.973523 0.942308
#	306	5
#	8	172
#
21 0.165362 0.973523 0.942308
#	306	5
#	8	172
#
22 0.16476 0.973523 0.942308
#	306	5
#	8	172
#
23 0.164163 0.973523 0.942308
#	306	5
#	8	172
#
24 0.163568 0.973523 0.942308
#	306	5
#	8	172
#
25 0.162978 0.97556 0.942308
#	306	5
#	7	173
#
26 0.162392 0.97556 0.942308
#	306	5
#	7	173
#
27 0.16181 0.97556 0.942308
#	306	5
#	7	173
#
28 0.161231 0.973523 0.942308
#	305	6
#	7	173
#
29 0.160656 0.973523 0.942308
#	305	6
#	7	173
#
30 0.160085 0.973523 0.942308
#	305	6
#	7	173
#
31 0.159518 0.973523 0.942308
#	305	6
#	7	173
#
32 0.158955 0.973523 0.942308
#	305	6
#	7	173
#
33 0.158396 0.973523 0.942308
#	305	6
#	7	173
#
34 0.15784 0.973523 0.942308
#	305	6
#	7	173
#
35 0.157288 0.973523 0.942308
#	305	6
#	7	173
#
36 0.15674 0.973523 0.942308
#	305	6
#	7	173
#
37 0.156196 0.973523 0.942308
#	305	6
#	7	173
#
38 0.155657 0.973523 0.942308
#	305	6
#	7	173
#
39 0.155121 0.973523 0.942308
#	305	6
#	7	173
#
40 0.15459 0.973523 0.942308
#	305	6
#	7	173
#
41 0.154063 0.973523 0.942308
#	305	6
#	7	173
#
42 0.153541 0.973523 0.951923
#	305	6
#	7	173
#
43 0.153024 0.973523 0.951923
#	305	6
#	7	173
#
44 0.152512 0.973523 0.951923
#	305	6
#	7	173
#
45 0.152004 0.973523 0.951923
#	305	6
#	7	173
#
46 0.151502 0.973523 0.951923
#	305	6
#	7	173
#
47 0.151006 0.973523 0.951923
#	305	6
#	7	173
#
48 0.150514 0.973523 0.961538
#	305	6
#	7	173
#
49 0.150029 0.973523 0.961538
#	305	6
#	7	173
#
50 0.149549 0.973523 0.961538
#	305	6
#	7	173
#
51 0.149075 0.973523 0.961538
#	305	6
#	7	173
#
52 0.148608 0.973523 0.961538
#	305	6
#	7	173
#
53 0.148146 0.973523 0.961538
#	305	6
#	7	173
#
54 0.147691 0.973523 0.961538
#	305	6
#	7	173
#
55 0.147241 0.973523 0.961538
#	305	6
#	7	173
#
56 0.146799 0.973523 0.961538
#	305	6
#	7	173
#
57 0.146362 0.973523 0.961538
#	305	6
#	7	173
#
58 0.145932 0.973523 0.961538
#	305	6
#	7	173
#
59 0.145508 0.973523 0.961538
#	305	6
#	7	173
#
60 0.145091 0.973523 0.961538
#	305	6
#	7	173
#
61 0.144681 0.973523 0.961538
#	305	6
#	7	173
#
62 0.144276 0.973523 0.961538
#	305	6
#	7	173
#
63 0.143878 0.973523 0.961538
#	305	6
#	7	173
#
64 0.143487 0.973523 0.961538
#	305	6
#	7	173
#
65 0.143101 0.973523 0.961538
#	305	6
#	7	173
#
66 0.142722 0.973523 0.961538
#	305	6
#	7	173
#
67 0.142349 0.973523 0.961538
#	305	6
#	7	173
#
68 0.141982 0.973523 0.961538
#	305	6
#	7	173
#
69 0.141621 0.973523 0.961538
#	305	6
#	7	173
#
70 0.141266 0.973523 0.961538
#	305	6
#	7	173
#
71 0.140917 0.973523 0.961538
#	305	6
#	7	173
#
72 0.140574 0.973523 0.961538
#	305	6
#	7	173
#
73 0.140236 0.973523 0.961538
#	305	6
#	7	173
#
74 0.139903 0.973523 0.961538
#	305	6
#	7	173
#
75 0.139576 0.973523 0.961538
#	305	6
#	7	173
#
76 0.139255 0.973523 0.961538
#	305	6
#	7	173
#
77 0.138938 0.973523 0.961538
#	305	6
#	7	173
#
78 0.138627 0.973523 0.961538
#	305	6
#	7	173
#
79 0.13832 0.973523 0.961538
#	305	6
#	7	173
#
80 0.138018 0.973523 0.961538
#	305	6
#	7	173
#
81 0.137721 0.973523 0.961538
#	305	6
#	7	173
#
82 0.137429 0.973523 0.961538
#	305	6
#	7	173
#
83 0.137141 0.973523 0.961538
#	305	6
#	7	173
#
84 0.136858 0.973523 0.961538
#	305	6
#	7	173
#
85 0.136578 0.973523 0.961538
#	305	6
#	7	173
#
86 0.136303 0.973523 0.961538
#	305	6
#	7	173
#
87 0.136032 0.973523 0.961538
#	305	6
#	7	173
#
88 0.135765 0.973523 0.961538
#	305	6
#	7	173
#
89 0.135502 0.973523 0.961538
#	305	6
#	7	173
#
90 0.135242 0.973523 0.961538
#	305	6
#	7	173
#
91 0.134986 0.973523 0.961538
#	305	6
#	7	173
#
92 0.134733 0.973523 0.961538
#	305	6
#	7	173
#
93 0.134484 0.973523 0.961538
#	305	6
#	7	173
#
94 0.134237 0.973523 0.961538
#	305	6
#	7	173
#
95 0.133994 0.973523 0.961538
#	305	6
#	7	173
#
96 0.133754 0.973523 0.961538
#	305	6
#	7	173
#
97 0.133517 0.973523 0.961538
#	305	6
#	7	173
#
98 0.133283 0.973523 0.961538
#	305	6
#	7	173
#
99 0.133052 0.973523 0.961538
#	305	6
#	7	173
#
100 0.132823 0.973523 0.961538
#	305	6
#	7	173
#
101 0.132597 0.973523 0.961538
#	305	6
#	7	173
#
102 0.132373 0.973523 0.961538
#	305	6
#	7	173
#
103 0.132151 0.973523 0.961538
#	305	6
#	7	173
#
104 0.131932 0.973523 0.961538
#	305	6
#	7	173
#
105 0.131715 0.973523 0.961538
#	305	6
#	7	173
#
106 0.1315 0.973523 0.961538
#	305	6
#	7	173
#
107 0.131287 0.973523 0.961538
#	305	6
#	7	173
#
108 0.131076 0.973523 0.961538
#	305	6
#	7	173
#
109 0.130866 0.973523 0.961538
#	305	6
#	7	173
#
110 0.130659 0.973523 0.961538
#	305	6
#	7	173
#
111 0.130453 0.973523 0.961538
#	305	6
#	7	173
#
112 0.130249 0.973523 0.961538
#	305	6
#	7	173
#
113 0.130046 0.973523 0.961538
#	305	6
#	7	173
#
114 0.129845 0.973523 0.961538
#	305	6
#	7	173
#
115 0.129645 0.973523 0.961538
#	305	6
#	7	173
#
116 0.129446 0.973523 0.961538
#	305	6
#	7	173
#
117 0.129249 0.973523 0.961538
#	305	6
#	7	173
#
118 0.129053 0.973523 0.961538
#	305	6
#	7	173
#
119 0.128858 0.973523 0.961538
#	305	6
#	7	173
#
120 0.128664 0.973523 0.961538
#	305	6
#	7	173
#
121 0.128471 0.973523 0.961538
#	305	6
#	7	173
#
122 0.128279 0.973523 0.961538
#	305	6
#	7	173
#
123 0.128087 0.973523 0.961538
#	305	6
#	7	173
#
124 0.127897 0.973523 0.961538
#	305	6
#	7	173
#
125 0.127707 0.973523 0.961538
#	305	6
#	7	173
#
126 0.127518 0.973523 0.961538
#	305	6
#	7	173
#
127 0.12733 0.973523 0.961538
#	305	6
#	7	173
#
128 0.127142 0.973523 0.961538
#	305	6
#	7	173
#
129 0.126954 0.973523 0.961538
#	305	6
#	7	173
#
130 0.126767 0.973523 0.961538
#	305	6
#	7	173
#
131 0.126581 0.973523 0.961538
#	305	6
#	7	173
#
132 0.126395 0.97556 0.961538
#	305	6
#	6	174
#
133 0.126209 0.97556 0.961538
#	305	6
#	6	174
#
134 0.126023 0.97556 0.961538
#	305	6
#	6	174
#
135 0.125838 0.97556 0.961538
#	305	6
#	6	174
#
136 0.125653 0.97556 0.961538
#	305	6
#	6	174
#
137 0.125467 0.977597 0.961538
#	305	6
#	5	175
#
138 0.125282 0.977597 0.961538
#	305	6
#	5	175
#
139 0.125097 0.977597 0.961538
#	305	6
#	5	175
#
140 0.124912 0.977597 0.961538
#	305	6
#	5	175
#
141 0.124727 0.977597 0.961538
#	305	6
#	5	175
#
142 0.124541 0.977597 0.961538
#	305	6
#	5	175
#
143 0.124356 0.977597 0.961538
#	305	6
#	5	175
#
144 0.12417 0.977597 0.961538
#	305	6
#	5	175
#
145 0.123984 0.979633 0.961538
#	305	6
#	4	176
#
146 0.123798 0.979633 0.961538
#	305	6
#	4	176
#
147 0.123611 0.979633 0.961538
#	305	6
#	4	176
#
148 0.123425 0.979633 0.961538
#	305	6
#	4	176
#
149 0.123237 0.979633 0.961538
#	305	6
#	4	176
#
150 0.123049 0.979633 0.961538
#	305	6
#	4	176
#
151 0.122861 0.979633 0.961538
#	305	6
#	4	176
#
152 0.122672 0.979633 0.961538
#	305	6
#	4	176
#
153 0.122483 0.979633 0.961538
#	305	6
#	4	176
#
154 0.122293 0.979633 0.961538
#	305	6
#	4	176
#
155 0.122103 0.979633 0.961538
#	305	6
#	4	176
#
156 0.121912 0.979633 0.961538
#	305	6
#	4	176
#
157 0.12172 0.979633 0.961538
#	305	6
#	4	176
#
158 0.121527 0.979633 0.961538
#	305	6
#	4	176
#
159 0.121334 0.979633 0.951923
#	305	6
#	4	176
#
160 0.12114 0.979633 0.951923
#	305	6
#	4	176
#
161 0.120945 0.979633 0.951923
#	305	6
#	4	176
#
162 0.120749 0.979633 0.951923
#	305	6
#	4	176
#
163 0.120553 0.979633 0.951923
#	305	6
#	4	176
#
#normalizar está a 0
#accuracy test final: 0.942308
#	73	1
#	5	25
#0.942308
