0 1.78717 0.648855 0.73494
#	0	138
#	0	255
#
1 1.6214 0.659033 0.746988
#	4	134
#	0	255
#
2 1.43883 0.720102 0.795181
#	43	95
#	15	240
#
3 1.33326 0.735369 0.819277
#	55	83
#	21	234
#
4 1.28902 0.765903 0.807229
#	67	71
#	21	234
#
5 1.27011 0.776081 0.807229
#	71	67
#	21	234
#
6 1.26011 0.770992 0.795181
#	72	66
#	24	231
#
7 1.25383 0.773537 0.795181
#	73	65
#	24	231
#
8 1.24951 0.776081 0.807229
#	74	64
#	24	231
#
9 1.24634 0.778626 0.807229
#	75	63
#	24	231
#
10 1.24383 0.770992 0.807229
#	74	64
#	26	229
#
11 1.24168 0.770992 0.807229
#	74	64
#	26	229
#
12 1.23967 0.770992 0.807229
#	74	64
#	26	229
#
13 1.23766 0.770992 0.807229
#	74	64
#	26	229
#
14 1.23554 0.778626 0.795181
#	76	62
#	25	230
#
15 1.23327 0.778626 0.795181
#	76	62
#	25	230
#
16 1.23081 0.778626 0.795181
#	76	62
#	25	230
#
17 1.22815 0.778626 0.795181
#	76	62
#	25	230
#
18 1.2253 0.783715 0.783133
#	78	60
#	25	230
#
19 1.22229 0.78626 0.783133
#	78	60
#	24	231
#
20 1.21914 0.78626 0.783133
#	78	60
#	24	231
#
21 1.2159 0.78626 0.783133
#	78	60
#	24	231
#
22 1.2126 0.78626 0.795181
#	78	60
#	24	231
#
23 1.20927 0.78626 0.795181
#	78	60
#	24	231
#
24 1.20593 0.788804 0.795181
#	79	59
#	24	231
#
25 1.20262 0.788804 0.795181
#	79	59
#	24	231
#
26 1.19935 0.788804 0.795181
#	79	59
#	24	231
#
27 1.19612 0.788804 0.795181
#	79	59
#	24	231
#
28 1.19296 0.78626 0.783133
#	79	59
#	25	230
#
29 1.18986 0.788804 0.783133
#	79	59
#	24	231
#
30 1.18683 0.793893 0.783133
#	80	58
#	23	232
#
31 1.18388 0.793893 0.783133
#	80	58
#	23	232
#
32 1.18099 0.793893 0.783133
#	80	58
#	23	232
#
33 1.17819 0.788804 0.771084
#	79	59
#	24	231
#
34 1.17546 0.788804 0.771084
#	79	59
#	24	231
#
35 1.17282 0.78626 0.771084
#	79	59
#	25	230
#
36 1.17027 0.783715 0.771084
#	79	59
#	26	229
#
37 1.16781 0.78626 0.771084
#	79	59
#	25	230
#
38 1.16544 0.78626 0.771084
#	79	59
#	25	230
#
39 1.16318 0.78626 0.771084
#	79	59
#	25	230
#
40 1.16101 0.791349 0.759036
#	80	58
#	24	231
#
41 1.15895 0.791349 0.759036
#	80	58
#	24	231
#
42 1.15699 0.791349 0.771084
#	80	58
#	24	231
#
43 1.15514 0.791349 0.771084
#	80	58
#	24	231
#
44 1.15338 0.788804 0.771084
#	80	58
#	25	230
#
45 1.15173 0.788804 0.783133
#	80	58
#	25	230
#
46 1.15017 0.791349 0.783133
#	81	57
#	25	230
#
47 1.14871 0.791349 0.783133
#	81	57
#	25	230
#
48 1.14733 0.791349 0.783133
#	81	57
#	25	230
#
49 1.14604 0.793893 0.795181
#	82	56
#	25	230
#
50 1.14483 0.793893 0.795181
#	82	56
#	25	230
#
51 1.14369 0.793893 0.795181
#	82	56
#	25	230
#
52 1.14262 0.793893 0.795181
#	82	56
#	25	230
#
53 1.14161 0.796438 0.795181
#	83	55
#	25	230
#
#normalizar está a 0
#accuracy test final: 0.759036
#	14	17
#	3	49
#0.759036
