0 1.89105 0.585447 0.589675
#	4673	1099
#	3248	1466
#
1 1.87618 0.593839 0.601691
#	4733	1039
#	3220	1494
#
2 1.86568 0.599371 0.605251
#	4754	1018
#	3183	1531
#
3 1.85647 0.605569 0.609257
#	4734	1038
#	3098	1616
#
4 1.84779 0.609575 0.615932
#	4706	1066
#	3028	1686
#
5 1.83937 0.613389 0.619048
#	4684	1088
#	2966	1748
#
6 1.83115 0.617395 0.623943
#	4672	1100
#	2912	1802
#
7 1.82315 0.621972 0.630619
#	4663	1109
#	2855	1859
#
8 1.8154 0.624547 0.627503
#	4636	1136
#	2801	1913
#
9 1.80791 0.624833 0.631509
#	4604	1168
#	2766	1948
#
10 1.80067 0.627885 0.636849
#	4591	1181
#	2721	1993
#
11 1.79367 0.63065 0.640854
#	4581	1191
#	2682	2032
#
12 1.78687 0.632176 0.642635
#	4574	1198
#	2659	2055
#
13 1.78024 0.635895 0.640854
#	4574	1198
#	2620	2094
#
14 1.7737 0.638756 0.643525
#	4574	1198
#	2590	2124
#
15 1.76718 0.643334 0.64575
#	4585	1187
#	2553	2161
#
16 1.76059 0.648007 0.648865
#	4597	1175
#	2516	2198
#
17 1.75386 0.650772 0.64753
#	4600	1172
#	2490	2224
#
18 1.74692 0.653824 0.649755
#	4606	1166
#	2464	2250
#
19 1.73968 0.656113 0.6502
#	4607	1165
#	2441	2273
#
20 1.73209 0.658688 0.655096
#	4621	1151
#	2428	2286
#
21 1.7241 0.661644 0.656876
#	4629	1143
#	2405	2309
#
22 1.71568 0.665173 0.659546
#	4636	1136
#	2375	2339
#
23 1.70683 0.667747 0.663551
#	4633	1139
#	2345	2369
#
24 1.69754 0.669941 0.664441
#	4641	1131
#	2330	2384
#
25 1.68777 0.67099 0.668447
#	4652	1120
#	2330	2384
#
26 1.67753 0.672611 0.669782
#	4663	1109
#	2324	2390
#
27 1.6668 0.675853 0.671562
#	4669	1103
#	2296	2418
#
28 1.65558 0.679001 0.674232
#	4678	1094
#	2272	2442
#
29 1.64389 0.68148 0.677348
#	4685	1087
#	2253	2461
#
30 1.63176 0.686725 0.679128
#	4716	1056
#	2229	2485
#
31 1.61922 0.691398 0.682688
#	4732	1040
#	2196	2518
#
32 1.60632 0.694164 0.688474
#	4751	1021
#	2186	2528
#
33 1.59313 0.698169 0.692924
#	4769	1003
#	2162	2552
#
34 1.57976 0.703223 0.694259
#	4793	979
#	2133	2581
#
35 1.56626 0.706943 0.70049
#	4798	974
#	2099	2615
#
36 1.55276 0.711329 0.702715
#	4812	960
#	2067	2647
#
37 1.53935 0.714858 0.711616
#	4815	957
#	2033	2681
#
38 1.52609 0.719531 0.716511
#	4825	947
#	1994	2720
#
39 1.51294 0.723345 0.720961
#	4821	951
#	1950	2764
#
40 1.49994 0.727542 0.724077
#	4836	936
#	1921	2793
#
41 1.48711 0.731261 0.727192
#	4849	923
#	1895	2819
#
42 1.47444 0.73498 0.731197
#	4855	917
#	1862	2852
#
43 1.46187 0.737173 0.731197
#	4854	918
#	1838	2876
#
44 1.44937 0.739748 0.730752
#	4856	916
#	1813	2901
#
45 1.43691 0.742895 0.734312
#	4865	907
#	1789	2925
#
46 1.42445 0.745375 0.738763
#	4870	902
#	1768	2946
#
47 1.41194 0.748045 0.741433
#	4872	900
#	1742	2972
#
48 1.39939 0.749952 0.742323
#	4869	903
#	1719	2995
#
49 1.38675 0.751764 0.743658
#	4872	900
#	1703	3011
#
50 1.37401 0.753576 0.748554
#	4876	896
#	1688	3026
#
51 1.36119 0.757772 0.749444
#	4882	890
#	1650	3064
#
52 1.34826 0.760442 0.752559
#	4884	888
#	1624	3090
#
53 1.33527 0.762922 0.756119
#	4883	889
#	1597	3117
#
54 1.32222 0.767309 0.761905
#	4894	878
#	1562	3152
#
55 1.30917 0.770647 0.76502
#	4901	871
#	1534	3180
#
56 1.29612 0.774461 0.769025
#	4910	862
#	1503	3211
#
57 1.28317 0.777513 0.76947
#	4922	850
#	1483	3231
#
58 1.27031 0.781041 0.773476
#	4936	836
#	1460	3254
#
59 1.25766 0.783902 0.774366
#	4946	826
#	1440	3274
#
60 1.24519 0.786859 0.775701
#	4956	816
#	1419	3295
#
61 1.23303 0.790006 0.778816
#	4969	803
#	1399	3315
#
62 1.22114 0.794106 0.785047
#	4982	790
#	1369	3345
#
63 1.20967 0.796395 0.787717
#	4987	785
#	1350	3364
#
64 1.19848 0.799828 0.789052
#	4998	774
#	1325	3389
#
65 1.18769 0.802403 0.793057
#	5003	769
#	1303	3411
#
66 1.17736 0.804692 0.793057
#	5008	764
#	1284	3430
#
67 1.16737 0.806409 0.794393
#	5012	760
#	1270	3444
#
68 1.1578 0.808602 0.796173
#	5014	758
#	1249	3465
#
69 1.14874 0.809269 0.796618
#	5011	761
#	1239	3475
#
70 1.13995 0.811081 0.797508
#	5017	755
#	1226	3488
#
71 1.13154 0.812226 0.800178
#	5019	753
#	1216	3498
#
72 1.12358 0.813752 0.802848
#	5021	751
#	1202	3512
#
73 1.11589 0.81604 0.805073
#	5034	738
#	1191	3523
#
74 1.10875 0.816708 0.806409
#	5031	741
#	1181	3533
#
75 1.10177 0.817566 0.807299
#	5030	742
#	1171	3543
#
76 1.09503 0.819283 0.808634
#	5037	735
#	1160	3554
#
77 1.08857 0.820713 0.809969
#	5040	732
#	1148	3566
#
78 1.08239 0.821953 0.812639
#	5044	728
#	1139	3575
#
79 1.07646 0.823002 0.810414
#	5045	727
#	1129	3585
#
80 1.07084 0.824814 0.809079
#	5053	719
#	1118	3596
#
81 1.06541 0.825672 0.810859
#	5053	719
#	1109	3605
#
82 1.06019 0.826912 0.813084
#	5061	711
#	1104	3610
#
83 1.05519 0.827675 0.811749
#	5062	710
#	1097	3617
#
84 1.05035 0.829201 0.812639
#	5067	705
#	1086	3628
#
85 1.04567 0.829201 0.813084
#	5065	707
#	1084	3630
#
86 1.04112 0.829678 0.814864
#	5066	706
#	1080	3634
#
87 1.03671 0.830059 0.815309
#	5065	707
#	1075	3639
#
88 1.03243 0.830536 0.815309
#	5065	707
#	1070	3644
#
89 1.02829 0.830822 0.816644
#	5065	707
#	1067	3647
#
90 1.02426 0.831299 0.81798
#	5066	706
#	1063	3651
#
91 1.02034 0.83149 0.81887
#	5067	705
#	1062	3652
#
92 1.01652 0.832062 0.821095
#	5067	705
#	1056	3658
#
93 1.01279 0.833015 0.820205
#	5070	702
#	1049	3665
#
94 1.00915 0.833588 0.82154
#	5068	704
#	1041	3673
#
95 1.00558 0.834732 0.82243
#	5073	699
#	1034	3680
#
96 1.00208 0.834732 0.82243
#	5074	698
#	1035	3679
#
97 0.998647 0.835018 0.821985
#	5075	697
#	1033	3681
#
98 0.995271 0.8354 0.82332
#	5074	698
#	1028	3686
#
99 0.991948 0.836258 0.82332
#	5077	695
#	1022	3692
#
100 0.988672 0.836544 0.822875
#	5075	697
#	1017	3697
#
101 0.985435 0.836639 0.823765
#	5076	696
#	1017	3697
#
102 0.982237 0.837021 0.824655
#	5076	696
#	1013	3701
#
103 0.97907 0.837498 0.8251
#	5079	693
#	1011	3703
#
104 0.975921 0.838261 0.826435
#	5082	690
#	1006	3708
#
105 0.972794 0.838737 0.825545
#	5083	689
#	1002	3712
#
106 0.969678 0.839023 0.82688
#	5083	689
#	999	3715
#
107 0.966575 0.839977 0.82777
#	5089	683
#	995	3719
#
108 0.963467 0.840072 0.82777
#	5086	686
#	991	3723
#
109 0.96036 0.839977 0.827325
#	5085	687
#	991	3723
#
110 0.957247 0.840072 0.82777
#	5080	692
#	985	3729
#
111 0.954125 0.840645 0.828215
#	5080	692
#	979	3735
#
112 0.950995 0.841503 0.829551
#	5081	691
#	971	3743
#
113 0.947861 0.842266 0.830441
#	5083	689
#	965	3749
#
114 0.944725 0.842933 0.829996
#	5088	684
#	963	3751
#
115 0.941583 0.842933 0.830886
#	5091	681
#	966	3748
#
116 0.938454 0.842743 0.833111
#	5087	685
#	964	3750
#
117 0.935369 0.842933 0.834001
#	5087	685
#	962	3752
#
118 0.932305 0.843601 0.834446
#	5089	683
#	957	3757
#
119 0.929265 0.84322 0.834891
#	5083	689
#	955	3759
#
120 0.926254 0.843887 0.835336
#	5087	685
#	952	3762
#
121 0.923275 0.844364 0.835781
#	5089	683
#	949	3765
#
122 0.920323 0.844936 0.835781
#	5093	679
#	947	3767
#
123 0.9174 0.845604 0.837116
#	5097	675
#	944	3770
#
124 0.914509 0.845794 0.838006
#	5096	676
#	941	3773
#
125 0.911647 0.846176 0.838451
#	5095	677
#	936	3778
#
126 0.908821 0.846653 0.838451
#	5092	680
#	928	3786
#
127 0.906028 0.847511 0.839341
#	5095	677
#	922	3792
#
128 0.903271 0.847702 0.840676
#	5095	677
#	920	3794
#
129 0.900546 0.848083 0.839786
#	5101	671
#	922	3792
#
130 0.897855 0.849037 0.840231
#	5104	668
#	915	3799
#
131 0.895197 0.849418 0.840676
#	5107	665
#	914	3800
#
132 0.892572 0.8498 0.840676
#	5110	662
#	913	3801
#
133 0.889977 0.850467 0.839786
#	5113	659
#	909	3805
#
134 0.887413 0.850944 0.839786
#	5116	656
#	907	3807
#
135 0.884884 0.85123 0.841121
#	5116	656
#	904	3810
#
136 0.882382 0.851612 0.842457
#	5120	652
#	904	3810
#
137 0.879904 0.851993 0.843347
#	5119	653
#	899	3815
#
138 0.877458 0.852375 0.843347
#	5118	654
#	894	3820
#
139 0.875039 0.852756 0.843347
#	5120	652
#	892	3822
#
140 0.872645 0.852851 0.842902
#	5122	650
#	893	3821
#
141 0.870277 0.853137 0.842902
#	5125	647
#	893	3821
#
142 0.867932 0.85371 0.842457
#	5125	647
#	887	3827
#
143 0.865613 0.853805 0.843792
#	5127	645
#	888	3826
#
144 0.863315 0.854377 0.844682
#	5132	640
#	887	3827
#
145 0.861041 0.854759 0.845572
#	5132	640
#	883	3831
#
146 0.858788 0.85514 0.846462
#	5133	639
#	880	3834
#
147 0.856555 0.855617 0.845572
#	5136	636
#	878	3836
#
148 0.854344 0.855998 0.845572
#	5141	631
#	879	3835
#
149 0.85215 0.856666 0.845572
#	5144	628
#	875	3839
#
150 0.849977 0.857334 0.845572
#	5147	625
#	871	3843
#
151 0.847824 0.858287 0.846017
#	5150	622
#	864	3850
#
152 0.845685 0.858764 0.846462
#	5155	617
#	864	3850
#
153 0.843569 0.858764 0.847352
#	5157	615
#	866	3848
#
154 0.841466 0.859241 0.848242
#	5159	613
#	863	3851
#
155 0.839385 0.859908 0.848687
#	5161	611
#	858	3856
#
156 0.837316 0.860099 0.849577
#	5160	612
#	855	3859
#
157 0.83527 0.86029 0.849577
#	5161	611
#	854	3860
#
158 0.833237 0.861053 0.850467
#	5165	607
#	850	3864
#
159 0.831222 0.861053 0.850467
#	5164	608
#	849	3865
#
160 0.829222 0.861911 0.850022
#	5171	601
#	847	3867
#
161 0.82724 0.862388 0.850467
#	5173	599
#	844	3870
#
162 0.825272 0.862865 0.850912
#	5177	595
#	843	3871
#
163 0.823324 0.863723 0.851357
#	5180	592
#	837	3877
#
164 0.821391 0.8642 0.852247
#	5183	589
#	835	3879
#
165 0.819473 0.865058 0.851357
#	5188	584
#	831	3883
#
166 0.817572 0.864677 0.851357
#	5182	590
#	829	3885
#
167 0.815688 0.865058 0.851357
#	5185	587
#	828	3886
#
168 0.813823 0.865249 0.850912
#	5186	586
#	827	3887
#
169 0.811973 0.865726 0.850467
#	5188	584
#	824	3890
#
170 0.810144 0.866012 0.851357
#	5191	581
#	824	3890
#
171 0.808327 0.866393 0.851802
#	5193	579
#	822	3892
#
172 0.80653 0.86687 0.851802
#	5195	577
#	819	3895
#
173 0.804751 0.866775 0.853583
#	5195	577
#	820	3894
#
174 0.802989 0.866775 0.853583
#	5195	577
#	820	3894
#
175 0.801244 0.866965 0.853583
#	5196	576
#	819	3895
#
176 0.799518 0.86687 0.853583
#	5195	577
#	819	3895
#
177 0.797809 0.867156 0.853583
#	5198	574
#	819	3895
#
178 0.796119 0.867156 0.854918
#	5198	574
#	819	3895
#
179 0.794443 0.86811 0.855808
#	5202	570
#	813	3901
#
180 0.792788 0.868205 0.856253
#	5203	569
#	813	3901
#
181 0.791151 0.868968 0.857143
#	5208	564
#	810	3904
#
182 0.78953 0.86954 0.858033
#	5209	563
#	805	3909
#
183 0.787927 0.869445 0.859813
#	5208	564
#	805	3909
#
184 0.786338 0.869826 0.860258
#	5211	561
#	804	3910
#
185 0.784767 0.869922 0.860258
#	5211	561
#	803	3911
#
186 0.783209 0.870017 0.859813
#	5213	559
#	804	3910
#
187 0.781666 0.870589 0.860258
#	5213	559
#	798	3916
#
188 0.780135 0.870971 0.860258
#	5217	555
#	798	3916
#
189 0.778624 0.871257 0.861148
#	5217	555
#	795	3919
#
190 0.777134 0.871257 0.861593
#	5216	556
#	794	3920
#
191 0.775666 0.871734 0.861593
#	5219	553
#	792	3922
#
192 0.774237 0.872115 0.861593
#	5220	552
#	789	3925
#
193 0.772812 0.872497 0.862038
#	5222	550
#	787	3927
#
194 0.771426 0.872687 0.862928
#	5222	550
#	785	3929
#
195 0.77004 0.872974 0.862928
#	5221	551
#	781	3933
#
196 0.768688 0.87326 0.863373
#	5225	547
#	782	3932
#
197 0.76733 0.873832 0.863818
#	5227	545
#	778	3936
#
198 0.766004 0.874309 0.863818
#	5226	546
#	772	3942
#
199 0.764674 0.874499 0.863373
#	5224	548
#	768	3946
#
200 0.763374 0.874881 0.862928
#	5226	546
#	766	3948
#
201 0.762069 0.875167 0.862928
#	5228	544
#	765	3949
#
202 0.760792 0.875548 0.863373
#	5229	543
#	762	3952
#
203 0.759513 0.875834 0.863373
#	5230	542
#	760	3954
#
204 0.758261 0.875739 0.864263
#	5231	541
#	762	3952
#
205 0.757003 0.876025 0.864708
#	5231	541
#	759	3955
#
206 0.755768 0.876025 0.865599
#	5230	542
#	758	3956
#
207 0.754533 0.876216 0.866489
#	5230	542
#	756	3958
#
208 0.753321 0.876693 0.866489
#	5230	542
#	751	3963
#
209 0.752107 0.877265 0.867379
#	5231	541
#	746	3968
#
210 0.75091 0.877646 0.867379
#	5231	541
#	742	3972
#
211 0.749713 0.877551 0.868269
#	5228	544
#	740	3974
#
212 0.748536 0.87736 0.868269
#	5227	545
#	741	3973
#
213 0.747357 0.877456 0.868714
#	5227	545
#	740	3974
#
214 0.746194 0.877456 0.869604
#	5227	545
#	740	3974
#
215 0.745033 0.877742 0.869159
#	5227	545
#	737	3977
#
216 0.743885 0.877742 0.868269
#	5227	545
#	737	3977
#
217 0.742737 0.877837 0.868714
#	5226	546
#	735	3979
#
218 0.741602 0.878219 0.868714
#	5229	543
#	734	3980
#
219 0.740471 0.878219 0.869159
#	5230	542
#	735	3979
#
220 0.739344 0.878981 0.869159
#	5231	541
#	728	3986
#
221 0.738225 0.879363 0.870049
#	5232	540
#	725	3989
#
222 0.737114 0.879458 0.870494
#	5234	538
#	726	3988
#
223 0.736006 0.87984 0.870494
#	5236	536
#	724	3990
#
224 0.734905 0.879935 0.870939
#	5235	537
#	722	3992
#
225 0.733806 0.879935 0.871384
#	5236	536
#	723	3991
#
226 0.732713 0.880221 0.871829
#	5238	534
#	722	3992
#
227 0.731628 0.880412 0.872274
#	5237	535
#	719	3995
#
228 0.730545 0.880793 0.872274
#	5238	534
#	716	3998
#
229 0.729466 0.88127 0.871829
#	5238	534
#	711	4003
#
230 0.728395 0.88127 0.870939
#	5240	532
#	713	4001
#
231 0.727325 0.881366 0.870939
#	5240	532
#	712	4002
#
232 0.726257 0.881461 0.871384
#	5239	533
#	710	4004
#
233 0.725194 0.881652 0.871829
#	5240	532
#	709	4005
#
234 0.724133 0.881556 0.871829
#	5239	533
#	709	4005
#
235 0.723076 0.881461 0.872274
#	5238	534
#	709	4005
#
236 0.722023 0.881747 0.872719
#	5238	534
#	706	4008
#
237 0.720971 0.881747 0.871829
#	5236	536
#	704	4010
#
238 0.719927 0.881747 0.871829
#	5233	539
#	701	4013
#
239 0.718884 0.881747 0.871829
#	5233	539
#	701	4013
#
240 0.717845 0.881938 0.872274
#	5234	538
#	700	4014
#
241 0.71681 0.882224 0.872274
#	5238	534
#	701	4013
#
242 0.715775 0.882415 0.872274
#	5239	533
#	700	4014
#
243 0.714745 0.88251 0.871829
#	5240	532
#	700	4014
#
244 0.713719 0.882796 0.871829
#	5242	530
#	699	4015
#
245 0.712697 0.883273 0.871829
#	5246	526
#	698	4016
#
246 0.711677 0.883464 0.871384
#	5244	528
#	694	4020
#
247 0.710665 0.883464 0.871829
#	5245	527
#	695	4019
#
248 0.709653 0.883368 0.872719
#	5244	528
#	695	4019
#
249 0.708648 0.883273 0.873609
#	5244	528
#	696	4018
#
250 0.707649 0.883368 0.874499
#	5244	528
#	695	4019
#
251 0.706659 0.883654 0.874499
#	5246	526
#	694	4020
#
252 0.705676 0.883845 0.874499
#	5247	525
#	693	4021
#
253 0.704701 0.883654 0.874499
#	5246	526
#	694	4020
#
254 0.703733 0.883845 0.874944
#	5247	525
#	693	4021
#
255 0.702772 0.884322 0.875389
#	5249	523
#	690	4024
#
256 0.701824 0.884417 0.875389
#	5250	522
#	690	4024
#
257 0.700883 0.884513 0.875834
#	5250	522
#	689	4025
#
258 0.699947 0.884513 0.874944
#	5250	522
#	689	4025
#
259 0.699025 0.884799 0.874499
#	5251	521
#	687	4027
#
260 0.698107 0.884417 0.873609
#	5249	523
#	689	4025
#
261 0.6972 0.884131 0.873609
#	5246	526
#	689	4025
#
262 0.696298 0.884513 0.873609
#	5246	526
#	685	4029
#
263 0.695408 0.884799 0.874054
#	5249	523
#	685	4029
#
264 0.694525 0.88499 0.873609
#	5249	523
#	683	4031
#
265 0.69365 0.884799 0.874499
#	5249	523
#	685	4029
#
266 0.692785 0.885085 0.874944
#	5248	524
#	681	4033
#
267 0.691922 0.884894 0.875389
#	5245	527
#	680	4034
#
268 0.691069 0.88499 0.876279
#	5245	527
#	679	4035
#
269 0.690225 0.88518 0.876725
#	5246	526
#	678	4036
#
270 0.689388 0.885562 0.876279
#	5247	525
#	675	4039
#
271 0.688556 0.885657 0.876725
#	5249	523
#	676	4038
#
272 0.687737 0.885657 0.876725
#	5250	522
#	677	4037
#
273 0.686923 0.885943 0.876725
#	5249	523
#	673	4041
#
274 0.686112 0.885848 0.876725
#	5247	525
#	672	4042
#
275 0.685306 0.886134 0.876725
#	5247	525
#	669	4045
#
276 0.684506 0.886229 0.876279
#	5246	526
#	667	4047
#
277 0.68371 0.886134 0.876725
#	5245	527
#	667	4047
#
278 0.682922 0.886229 0.87717
#	5246	526
#	667	4047
#
279 0.682136 0.886515 0.877615
#	5248	524
#	666	4048
#
280 0.681358 0.886134 0.87717
#	5246	526
#	668	4046
#
281 0.680584 0.886229 0.87717
#	5247	525
#	668	4046
#
282 0.679814 0.88642 0.877615
#	5247	525
#	666	4048
#
283 0.679049 0.886611 0.877615
#	5248	524
#	665	4049
#
284 0.678331 0.886801 0.87717
#	5249	523
#	664	4050
#
285 0.677559 0.886801 0.877615
#	5250	522
#	665	4049
#
286 0.67684 0.886897 0.878505
#	5249	523
#	663	4051
#
287 0.676109 0.887088 0.878505
#	5249	523
#	661	4053
#
288 0.67565 0.887183 0.878505
#	5249	523
#	660	4054
#
289 0.675088 0.887374 0.878505
#	5252	520
#	661	4053
#
290 0.67433 0.887374 0.87806
#	5251	521
#	660	4054
#
291 0.6736 0.88766 0.877615
#	5253	519
#	659	4055
#
292 0.672877 0.887946 0.878505
#	5255	517
#	658	4056
#
293 0.672154 0.888137 0.87895
#	5255	517
#	656	4058
#
294 0.671433 0.888137 0.87895
#	5255	517
#	656	4058
#
295 0.670716 0.888232 0.879395
#	5256	516
#	656	4058
#
296 0.670003 0.888137 0.87895
#	5253	519
#	654	4060
#
297 0.669289 0.888423 0.87806
#	5255	517
#	653	4061
#
298 0.668582 0.888518 0.87806
#	5257	515
#	654	4060
#
299 0.667875 0.88909 0.877615
#	5258	514
#	649	4065
#
300 0.66717 0.889186 0.876725
#	5258	514
#	648	4066
#
301 0.666467 0.889376 0.876279
#	5257	515
#	645	4069
#
302 0.665769 0.889853 0.876279
#	5259	513
#	642	4072
#
303 0.665065 0.889948 0.876279
#	5258	514
#	640	4074
#
304 0.664372 0.889853 0.876279
#	5257	515
#	640	4074
#
305 0.663738 0.889948 0.876279
#	5258	514
#	640	4074
#
306 0.66303 0.890139 0.876279
#	5259	513
#	639	4075
#
307 0.662337 0.890425 0.875834
#	5261	511
#	638	4076
#
308 0.661645 0.890616 0.875834
#	5262	510
#	637	4077
#
309 0.660963 0.890998 0.875834
#	5265	507
#	636	4078
#
310 0.660284 0.890998 0.875834
#	5265	507
#	636	4078
#
311 0.659621 0.890998 0.876279
#	5265	507
#	636	4078
#
312 0.65894 0.891093 0.877615
#	5266	506
#	636	4078
#
313 0.658255 0.891379 0.877615
#	5266	506
#	633	4081
#
314 0.657598 0.891379 0.87717
#	5265	507
#	632	4082
#
315 0.656924 0.89157 0.876725
#	5266	506
#	631	4083
#
316 0.65624 0.891665 0.876279
#	5264	508
#	628	4086
#
317 0.655565 0.892142 0.875834
#	5266	506
#	625	4089
#
318 0.654895 0.892047 0.875389
#	5265	507
#	625	4089
#
319 0.654221 0.892237 0.874944
#	5266	506
#	624	4090
#
320 0.653573 0.892619 0.874944
#	5266	506
#	620	4094
#
321 0.652909 0.893096 0.874499
#	5272	500
#	621	4093
#
322 0.652229 0.893382 0.873609
#	5274	498
#	620	4094
#
323 0.651553 0.893477 0.873609
#	5274	498
#	619	4095
#
324 0.65091 0.893668 0.874499
#	5275	497
#	618	4096
#
325 0.650257 0.894145 0.874499
#	5277	495
#	615	4099
#
326 0.64958 0.894145 0.874054
#	5277	495
#	615	4099
#
327 0.648904 0.894145 0.874499
#	5276	496
#	614	4100
#
328 0.648228 0.89424 0.874499
#	5275	497
#	612	4102
#
329 0.647586 0.894335 0.874499
#	5275	497
#	611	4103
#
330 0.646934 0.894621 0.874944
#	5278	494
#	611	4103
#
331 0.64626 0.894812 0.874944
#	5278	494
#	609	4105
#
332 0.645584 0.894717 0.874944
#	5277	495
#	609	4105
#
333 0.644913 0.894717 0.874944
#	5279	493
#	611	4103
#
334 0.644265 0.895003 0.875834
#	5280	492
#	609	4105
#
335 0.643614 0.895384 0.875834
#	5284	488
#	609	4105
#
336 0.642939 0.89548 0.875834
#	5286	486
#	610	4104
#
337 0.642262 0.895384 0.875834
#	5286	486
#	611	4103
#
338 0.641619 0.895384 0.875834
#	5287	485
#	612	4102
#
339 0.640973 0.895766 0.876279
#	5290	482
#	611	4103
#
340 0.640294 0.895861 0.876279
#	5290	482
#	610	4104
#
341 0.639618 0.896052 0.875834
#	5290	482
#	608	4106
#
342 0.638939 0.896243 0.875834
#	5290	482
#	606	4108
#
343 0.638291 0.896338 0.876279
#	5289	483
#	604	4110
#
344 0.637642 0.896624 0.875834
#	5291	481
#	603	4111
#
345 0.636958 0.896624 0.876279
#	5290	482
#	602	4112
#
346 0.636277 0.896529 0.87717
#	5290	482
#	603	4111
#
347 0.635592 0.896529 0.877615
#	5290	482
#	603	4111
#
348 0.634941 0.896815 0.877615
#	5291	481
#	601	4113
#
349 0.634283 0.896719 0.877615
#	5290	482
#	601	4113
#
350 0.633596 0.897387 0.877615
#	5294	478
#	598	4116
#
351 0.632905 0.897387 0.87806
#	5293	479
#	597	4117
#
352 0.632215 0.897578 0.87806
#	5295	477
#	597	4117
#
353 0.631542 0.898055 0.878505
#	5299	473
#	596	4118
#
354 0.63087 0.89815 0.878505
#	5300	472
#	596	4118
#
355 0.630174 0.898341 0.87895
#	5300	472
#	594	4120
#
356 0.629482 0.898627 0.87895
#	5303	469
#	594	4120
#
357 0.628809 0.898722 0.87895
#	5303	469
#	593	4121
#
358 0.628134 0.899104 0.87895
#	5306	466
#	592	4122
#
359 0.627433 0.898913 0.87984
#	5305	467
#	593	4121
#
360 0.626734 0.898436 0.87984
#	5304	468
#	597	4117
#
361 0.626067 0.898817 0.87984
#	5306	466
#	595	4119
#
362 0.625396 0.899104 0.879395
#	5308	464
#	594	4120
#
363 0.624692 0.89939 0.879395
#	5310	462
#	593	4121
#
364 0.623988 0.899485 0.879395
#	5311	461
#	593	4121
#
365 0.623287 0.89958 0.880285
#	5312	460
#	593	4121
#
366 0.622585 0.899676 0.880285
#	5311	461
#	591	4123
#
367 0.621923 0.899962 0.880285
#	5312	460
#	589	4125
#
368 0.621257 0.900057 0.87984
#	5312	460
#	588	4126
#
369 0.620554 0.899962 0.879395
#	5311	461
#	588	4126
#
370 0.619851 0.900057 0.87984
#	5312	460
#	588	4126
#
371 0.619152 0.900057 0.880285
#	5312	460
#	588	4126
#
372 0.61845 0.900057 0.87984
#	5312	460
#	588	4126
#
373 0.617756 0.900153 0.880285
#	5311	461
#	586	4128
#
374 0.617081 0.900248 0.880285
#	5310	462
#	584	4130
#
375 0.616404 0.900725 0.879395
#	5312	460
#	581	4133
#
376 0.61571 0.900725 0.87895
#	5312	460
#	581	4133
#
377 0.615023 0.90082 0.87895
#	5311	461
#	579	4135
#
378 0.614345 0.900725 0.87895
#	5310	462
#	579	4135
#
379 0.613666 0.901106 0.87895
#	5311	461
#	576	4138
#
380 0.613022 0.901011 0.878505
#	5312	460
#	578	4136
#
381 0.612379 0.901106 0.87806
#	5312	460
#	577	4137
#
382 0.611697 0.901297 0.878505
#	5314	458
#	577	4137
#
383 0.611021 0.901297 0.878505
#	5314	458
#	577	4137
#
384 0.61035 0.901488 0.878505
#	5314	458
#	575	4139
#
385 0.609676 0.901869 0.879395
#	5315	457
#	572	4142
#
386 0.609009 0.90206 0.879395
#	5314	458
#	569	4145
#
387 0.60837 0.902346 0.87984
#	5317	455
#	569	4145
#
388 0.607734 0.902346 0.87984
#	5316	456
#	568	4146
#
389 0.607076 0.902537 0.87984
#	5318	454
#	568	4146
#
390 0.606425 0.902537 0.879395
#	5318	454
#	568	4146
#
391 0.605776 0.902537 0.879395
#	5316	456
#	566	4148
#
392 0.605146 0.902823 0.87984
#	5319	453
#	566	4148
#
393 0.60452 0.902537 0.880285
#	5315	457
#	565	4149
#
394 0.603881 0.902537 0.880285
#	5315	457
#	565	4149
#
395 0.603247 0.902632 0.880285
#	5316	456
#	565	4149
#
396 0.602648 0.902918 0.880285
#	5318	454
#	564	4150
#
397 0.602051 0.903109 0.88073
#	5319	453
#	563	4151
#
398 0.601426 0.903109 0.88073
#	5319	453
#	563	4151
#
399 0.600806 0.903586 0.88073
#	5321	451
#	560	4154
#
400 0.60019 0.903681 0.880285
#	5324	448
#	562	4152
#
401 0.599575 0.903776 0.879395
#	5325	447
#	562	4152
#
402 0.59897 0.903586 0.87895
#	5324	448
#	563	4151
#
403 0.598377 0.903586 0.879395
#	5324	448
#	563	4151
#
404 0.597785 0.9033 0.87984
#	5322	450
#	564	4150
#
405 0.597189 0.903681 0.88073
#	5323	449
#	561	4153
#
406 0.59664 0.903776 0.881175
#	5324	448
#	561	4153
#
407 0.596087 0.903872 0.88073
#	5324	448
#	560	4154
#
408 0.595501 0.904063 0.881175
#	5324	448
#	558	4156
#
409 0.594916 0.904063 0.88162
#	5325	447
#	559	4155
#
410 0.594335 0.903967 0.88162
#	5324	448
#	559	4155
#
411 0.593758 0.904253 0.88162
#	5325	447
#	557	4157
#
412 0.593181 0.904349 0.882065
#	5327	445
#	558	4156
#
413 0.592611 0.904253 0.882065
#	5326	446
#	558	4156
#
414 0.592079 0.904253 0.882065
#	5326	446
#	558	4156
#
415 0.59155 0.90473 0.88162
#	5327	445
#	554	4160
#
416 0.590988 0.904444 0.881175
#	5326	446
#	556	4158
#
417 0.590432 0.904539 0.881175
#	5327	445
#	556	4158
#
418 0.589877 0.904539 0.880285
#	5327	445
#	556	4158
#
419 0.589323 0.904921 0.87984
#	5329	443
#	554	4160
#
420 0.588774 0.905016 0.880285
#	5329	443
#	553	4161
#
421 0.588241 0.905016 0.880285
#	5331	441
#	555	4159
#
422 0.587711 0.90473 0.88073
#	5330	442
#	557	4157
#
423 0.587173 0.90473 0.881175
#	5330	442
#	557	4157
#
424 0.586645 0.904921 0.88162
#	5329	443
#	554	4160
#
425 0.586119 0.905112 0.88162
#	5331	441
#	554	4160
#
426 0.585596 0.905302 0.882065
#	5332	440
#	553	4161
#
427 0.585076 0.905493 0.88251
#	5335	437
#	554	4160
#
428 0.584564 0.905398 0.882065
#	5335	437
#	555	4159
#
429 0.584053 0.905398 0.88162
#	5335	437
#	555	4159
#
430 0.583532 0.905588 0.882065
#	5336	436
#	554	4160
#
431 0.583038 0.905493 0.882065
#	5336	436
#	555	4159
#
432 0.582546 0.905207 0.882065
#	5335	437
#	557	4157
#
433 0.582033 0.905302 0.882065
#	5335	437
#	556	4158
#
434 0.581523 0.905398 0.882065
#	5336	436
#	556	4158
#
435 0.581011 0.905684 0.882065
#	5337	435
#	554	4160
#
436 0.580545 0.905588 0.882065
#	5336	436
#	554	4160
#
437 0.58009 0.905874 0.88251
#	5339	433
#	554	4160
#
438 0.579589 0.905874 0.882955
#	5338	434
#	553	4161
#
439 0.579089 0.905874 0.8834
#	5338	434
#	553	4161
#
440 0.57859 0.905874 0.882955
#	5338	434
#	553	4161
#
441 0.578092 0.905874 0.882955
#	5338	434
#	553	4161
#
442 0.577595 0.90597 0.88251
#	5338	434
#	552	4162
#
443 0.577101 0.906065 0.883845
#	5339	433
#	552	4162
#
444 0.576607 0.906065 0.88429
#	5340	432
#	553	4161
#
445 0.576114 0.906161 0.88429
#	5341	431
#	553	4161
#
446 0.575625 0.90597 0.88429
#	5340	432
#	554	4160
#
447 0.575137 0.906256 0.88429
#	5342	430
#	553	4161
#
448 0.574652 0.906447 0.88429
#	5345	427
#	554	4160
#
449 0.574166 0.906351 0.88429
#	5345	427
#	555	4159
#
450 0.573683 0.906447 0.88429
#	5345	427
#	554	4160
#
451 0.573204 0.906542 0.88429
#	5345	427
#	553	4161
#
452 0.572725 0.906447 0.88429
#	5346	426
#	555	4159
#
453 0.572247 0.906924 0.884735
#	5347	425
#	551	4163
#
454 0.571771 0.907019 0.884735
#	5347	425
#	550	4164
#
455 0.571297 0.906637 0.884735
#	5343	429
#	550	4164
#
456 0.570823 0.906828 0.88429
#	5343	429
#	548	4166
#
457 0.570351 0.906924 0.88429
#	5343	429
#	547	4167
#
458 0.569882 0.907019 0.88518
#	5343	429
#	546	4168
#
459 0.569414 0.907114 0.884735
#	5343	429
#	545	4169
#
460 0.568945 0.9074 0.884735
#	5345	427
#	544	4170
#
461 0.568479 0.907496 0.88518
#	5345	427
#	543	4171
#
462 0.568014 0.907496 0.885625
#	5345	427
#	543	4171
#
463 0.56755 0.9074 0.88607
#	5344	428
#	543	4171
#
464 0.567089 0.907591 0.88607
#	5345	427
#	542	4172
#
465 0.566628 0.907686 0.88607
#	5347	425
#	543	4171
#
466 0.566167 0.907782 0.88607
#	5347	425
#	542	4172
#
467 0.56571 0.907496 0.885625
#	5346	426
#	544	4170
#
468 0.565252 0.9074 0.885625
#	5345	427
#	544	4170
#
469 0.564796 0.907591 0.886515
#	5345	427
#	542	4172
#
470 0.564341 0.907591 0.886515
#	5345	427
#	542	4172
#
471 0.563889 0.907686 0.886515
#	5346	426
#	542	4172
#
472 0.563434 0.907877 0.88696
#	5348	424
#	542	4172
#
473 0.562983 0.907973 0.88696
#	5349	423
#	542	4172
#
474 0.562534 0.907973 0.887405
#	5349	423
#	542	4172
#
475 0.562084 0.908068 0.887405
#	5350	422
#	542	4172
#
476 0.561634 0.908259 0.887405
#	5350	422
#	540	4174
#
477 0.561187 0.908259 0.88785
#	5350	422
#	540	4174
#
478 0.560742 0.908545 0.888296
#	5352	420
#	539	4175
#
479 0.560298 0.908545 0.889186
#	5350	422
#	537	4177
#
480 0.559853 0.90864 0.890076
#	5351	421
#	537	4177
#
481 0.559412 0.908831 0.890076
#	5352	420
#	536	4178
#
482 0.55897 0.908831 0.889631
#	5350	422
#	534	4180
#
483 0.55853 0.909117 0.890076
#	5351	421
#	532	4182
#
484 0.558092 0.909403 0.890076
#	5352	420
#	530	4184
#
485 0.557654 0.909594 0.890076
#	5353	419
#	529	4185
#
486 0.557217 0.909784 0.890076
#	5353	419
#	527	4187
#
487 0.556782 0.909594 0.890076
#	5352	420
#	528	4186
#
488 0.55635 0.909975 0.889631
#	5353	419
#	525	4189
#
489 0.555916 0.910071 0.889631
#	5354	418
#	525	4189
#
490 0.555484 0.910071 0.889186
#	5355	417
#	526	4188
#
491 0.555052 0.910071 0.889631
#	5355	417
#	526	4188
#
492 0.554625 0.910166 0.889631
#	5356	416
#	526	4188
#
493 0.554196 0.910357 0.889631
#	5356	416
#	524	4190
#
494 0.55377 0.910643 0.890966
#	5357	415
#	522	4192
#
495 0.553347 0.910738 0.891411
#	5358	414
#	522	4192
#
496 0.552922 0.91112 0.891411
#	5360	412
#	520	4194
#
497 0.5525 0.91112 0.891411
#	5360	412
#	520	4194
#
498 0.552078 0.911406 0.891411
#	5360	412
#	517	4197
#
499 0.55166 0.911406 0.891856
#	5361	411
#	518	4196
#
500 0.551241 0.911406 0.891856
#	5361	411
#	518	4196
#
501 0.550824 0.911501 0.891856
#	5362	410
#	518	4196
#
502 0.550408 0.911883 0.891856
#	5363	409
#	515	4199
#
503 0.549994 0.911978 0.891856
#	5363	409
#	514	4200
#
504 0.549582 0.912169 0.891856
#	5363	409
#	512	4202
#
505 0.54917 0.912264 0.892301
#	5363	409
#	511	4203
#
506 0.548761 0.912359 0.891856
#	5364	408
#	511	4203
#
507 0.548352 0.912455 0.892301
#	5365	407
#	511	4203
#
508 0.547947 0.91255 0.892301
#	5366	406
#	511	4203
#
509 0.547541 0.912932 0.892301
#	5371	401
#	512	4202
#
510 0.547136 0.912932 0.892301
#	5371	401
#	512	4202
#
511 0.546735 0.912932 0.891856
#	5371	401
#	512	4202
#
512 0.546335 0.912932 0.891411
#	5371	401
#	512	4202
#
513 0.545935 0.913122 0.891411
#	5371	401
#	510	4204
#
514 0.545537 0.913122 0.891856
#	5370	402
#	509	4205
#
515 0.545143 0.913218 0.892746
#	5369	403
#	507	4207
#
516 0.544749 0.913218 0.893191
#	5369	403
#	507	4207
#
517 0.544354 0.913218 0.893636
#	5370	402
#	508	4206
#
518 0.543964 0.913122 0.893636
#	5369	403
#	508	4206
#
519 0.543572 0.913408 0.893636
#	5371	401
#	507	4207
#
520 0.543186 0.913408 0.893636
#	5371	401
#	507	4207
#
521 0.542801 0.91379 0.893636
#	5373	399
#	505	4209
#
522 0.542415 0.91379 0.893636
#	5373	399
#	505	4209
#
523 0.542031 0.914076 0.893636
#	5375	397
#	504	4210
#
524 0.541652 0.914076 0.893636
#	5375	397
#	504	4210
#
525 0.541271 0.914267 0.893636
#	5375	397
#	502	4212
#
526 0.540893 0.914267 0.893636
#	5374	398
#	501	4213
#
527 0.540515 0.914362 0.894081
#	5374	398
#	500	4214
#
528 0.540142 0.914457 0.894081
#	5373	399
#	498	4216
#
529 0.539768 0.914553 0.894081
#	5373	399
#	497	4217
#
530 0.539397 0.914648 0.894081
#	5373	399
#	496	4218
#
531 0.539028 0.914743 0.894081
#	5373	399
#	495	4219
#
532 0.538659 0.914553 0.894081
#	5372	400
#	496	4218
#
533 0.538292 0.914934 0.894081
#	5375	397
#	495	4219
#
534 0.537928 0.91503 0.894081
#	5376	396
#	495	4219
#
535 0.537565 0.91522 0.894526
#	5376	396
#	493	4221
#
536 0.537203 0.91522 0.894526
#	5376	396
#	493	4221
#
537 0.536842 0.915316 0.894971
#	5377	395
#	493	4221
#
538 0.536483 0.915411 0.894971
#	5378	394
#	493	4221
#
539 0.536126 0.915506 0.894971
#	5379	393
#	493	4221
#
540 0.535772 0.915792 0.894971
#	5382	390
#	493	4221
#
541 0.535416 0.915792 0.894971
#	5382	390
#	493	4221
#
542 0.535063 0.915792 0.894526
#	5383	389
#	494	4220
#
543 0.534712 0.915888 0.895416
#	5383	389
#	493	4221
#
544 0.534361 0.915792 0.895416
#	5383	389
#	494	4220
#
545 0.534012 0.915697 0.895861
#	5382	390
#	494	4220
#
546 0.533665 0.915602 0.895861
#	5382	390
#	495	4219
#
547 0.53332 0.915697 0.895861
#	5382	390
#	494	4220
#
548 0.532974 0.915602 0.895861
#	5381	391
#	494	4220
#
549 0.532632 0.915697 0.895861
#	5381	391
#	493	4221
#
550 0.53229 0.915792 0.896306
#	5381	391
#	492	4222
#
551 0.531948 0.915983 0.896306
#	5381	391
#	490	4224
#
552 0.531608 0.916079 0.896751
#	5380	392
#	488	4226
#
553 0.531272 0.915983 0.897196
#	5379	393
#	488	4226
#
554 0.530933 0.915983 0.897196
#	5379	393
#	488	4226
#
555 0.530597 0.915983 0.897196
#	5379	393
#	488	4226
#
556 0.530263 0.916174 0.896751
#	5380	392
#	487	4227
#
557 0.529929 0.916174 0.896751
#	5380	392
#	487	4227
#
558 0.529597 0.916174 0.896751
#	5380	392
#	487	4227
#
559 0.529265 0.916174 0.897641
#	5380	392
#	487	4227
#
560 0.528934 0.916174 0.897641
#	5380	392
#	487	4227
#
561 0.528606 0.916079 0.897641
#	5379	393
#	487	4227
#
562 0.528277 0.916174 0.897196
#	5378	394
#	485	4229
#
563 0.52795 0.916174 0.897196
#	5379	393
#	486	4228
#
564 0.527623 0.916079 0.896751
#	5379	393
#	487	4227
#
565 0.527299 0.916174 0.896751
#	5379	393
#	486	4228
#
566 0.526974 0.916269 0.896751
#	5379	393
#	485	4229
#
567 0.526651 0.916365 0.896751
#	5380	392
#	485	4229
#
568 0.526326 0.91646 0.896751
#	5381	391
#	485	4229
#
569 0.526005 0.91646 0.896751
#	5380	392
#	484	4230
#
570 0.525685 0.916079 0.896751
#	5378	394
#	486	4228
#
571 0.525364 0.916079 0.896751
#	5379	393
#	487	4227
#
572 0.525045 0.916079 0.896751
#	5379	393
#	487	4227
#
573 0.524726 0.916365 0.896306
#	5379	393
#	484	4230
#
574 0.524409 0.915983 0.895861
#	5377	395
#	486	4228
#
575 0.524091 0.915983 0.895861
#	5378	394
#	487	4227
#
576 0.523774 0.915983 0.895861
#	5378	394
#	487	4227
#
577 0.523459 0.915888 0.895861
#	5377	395
#	487	4227
#
578 0.523143 0.915888 0.895416
#	5379	393
#	489	4225
#
579 0.522829 0.915888 0.895861
#	5378	394
#	488	4226
#
580 0.522516 0.915888 0.895861
#	5378	394
#	488	4226
#
581 0.522203 0.915792 0.895861
#	5378	394
#	489	4225
#
582 0.521891 0.915983 0.895861
#	5379	393
#	488	4226
#
583 0.521579 0.915888 0.895416
#	5377	395
#	487	4227
#
584 0.521267 0.916079 0.895861
#	5378	394
#	486	4228
#
585 0.520957 0.916174 0.895416
#	5380	392
#	487	4227
#
586 0.520647 0.916174 0.895861
#	5380	392
#	487	4227
#
587 0.520338 0.916365 0.895861
#	5381	391
#	486	4228
#
588 0.520028 0.916365 0.895416
#	5381	391
#	486	4228
#
589 0.519719 0.91646 0.895416
#	5381	391
#	485	4229
#
590 0.519413 0.91646 0.895861
#	5381	391
#	485	4229
#
591 0.519104 0.916746 0.895861
#	5382	390
#	483	4231
#
592 0.518799 0.916842 0.895416
#	5384	388
#	484	4230
#
593 0.518492 0.916842 0.894971
#	5384	388
#	484	4230
#
594 0.518186 0.916842 0.894971
#	5384	388
#	484	4230
#
595 0.517883 0.916651 0.894526
#	5382	390
#	484	4230
#
596 0.517579 0.91646 0.894526
#	5381	391
#	485	4229
#
597 0.517275 0.916555 0.894526
#	5382	390
#	485	4229
#
598 0.516974 0.91646 0.894526
#	5382	390
#	486	4228
#
599 0.516674 0.916555 0.894526
#	5382	390
#	485	4229
#
600 0.516374 0.916746 0.894526
#	5383	389
#	484	4230
#
601 0.516075 0.916937 0.895416
#	5383	389
#	482	4232
#
602 0.515776 0.917128 0.895416
#	5384	388
#	481	4233
#
603 0.51548 0.916937 0.895416
#	5382	390
#	481	4233
#
604 0.515185 0.917128 0.895861
#	5383	389
#	480	4234
#
605 0.514889 0.917128 0.895861
#	5383	389
#	480	4234
#
606 0.514597 0.917223 0.895861
#	5384	388
#	480	4234
#
607 0.514303 0.917223 0.895861
#	5385	387
#	481	4233
#
608 0.514012 0.917223 0.895861
#	5387	385
#	483	4231
#
609 0.513722 0.917223 0.895861
#	5387	385
#	483	4231
#
610 0.513434 0.917128 0.895861
#	5387	385
#	484	4230
#
611 0.513147 0.917128 0.896306
#	5387	385
#	484	4230
#
612 0.512861 0.917318 0.896306
#	5388	384
#	483	4231
#
613 0.512575 0.917509 0.896306
#	5390	382
#	483	4231
#
614 0.512293 0.917604 0.896306
#	5391	381
#	483	4231
#
615 0.512012 0.917891 0.896751
#	5394	378
#	483	4231
#
616 0.51173 0.917891 0.896751
#	5393	379
#	482	4232
#
617 0.511451 0.917986 0.896751
#	5392	380
#	480	4234
#
618 0.511173 0.917986 0.896751
#	5392	380
#	480	4234
#
619 0.510897 0.917986 0.896306
#	5393	379
#	481	4233
#
620 0.510621 0.918081 0.896751
#	5393	379
#	480	4234
#
621 0.510348 0.918081 0.896306
#	5393	379
#	480	4234
#
622 0.510075 0.917891 0.896751
#	5392	380
#	481	4233
#
623 0.509804 0.918081 0.896751
#	5393	379
#	480	4234
#
624 0.509536 0.918177 0.896306
#	5393	379
#	479	4235
#
625 0.509267 0.918177 0.896306
#	5394	378
#	480	4234
#
626 0.509001 0.918272 0.896751
#	5396	376
#	481	4233
#
627 0.508736 0.918367 0.896751
#	5396	376
#	480	4234
#
628 0.508472 0.918653 0.896751
#	5396	376
#	477	4237
#
629 0.50821 0.918558 0.896751
#	5396	376
#	478	4236
#
630 0.507948 0.918463 0.897196
#	5395	377
#	478	4236
#
631 0.507689 0.918463 0.896751
#	5395	377
#	478	4236
#
632 0.507431 0.918463 0.896751
#	5395	377
#	478	4236
#
633 0.507175 0.918463 0.896306
#	5395	377
#	478	4236
#
634 0.50692 0.918558 0.896306
#	5396	376
#	478	4236
#
635 0.506666 0.918463 0.896306
#	5396	376
#	479	4235
#
636 0.506414 0.918558 0.895861
#	5397	375
#	479	4235
#
637 0.506163 0.918558 0.895861
#	5396	376
#	478	4236
#
638 0.505915 0.918653 0.896306
#	5397	375
#	478	4236
#
639 0.505666 0.918749 0.896306
#	5397	375
#	477	4237
#
640 0.505421 0.918749 0.896306
#	5397	375
#	477	4237
#
641 0.505176 0.918749 0.896306
#	5397	375
#	477	4237
#
642 0.504932 0.918844 0.895861
#	5397	375
#	476	4238
#
643 0.504689 0.918844 0.896306
#	5397	375
#	476	4238
#
644 0.504447 0.918844 0.896751
#	5397	375
#	476	4238
#
645 0.504209 0.918749 0.896306
#	5397	375
#	477	4237
#
646 0.503969 0.918749 0.896306
#	5396	376
#	476	4238
#
647 0.503732 0.918749 0.896751
#	5396	376
#	476	4238
#
648 0.503496 0.918749 0.896751
#	5396	376
#	476	4238
#
649 0.503261 0.918749 0.896751
#	5396	376
#	476	4238
#
650 0.503029 0.91894 0.896751
#	5396	376
#	474	4240
#
651 0.502796 0.91894 0.896751
#	5396	376
#	474	4240
#
652 0.502566 0.91894 0.896751
#	5396	376
#	474	4240
#
653 0.502336 0.919035 0.896751
#	5398	374
#	475	4239
#
654 0.502108 0.919035 0.896751
#	5398	374
#	475	4239
#
655 0.501881 0.91894 0.897196
#	5397	375
#	475	4239
#
656 0.501655 0.91894 0.897196
#	5397	375
#	475	4239
#
657 0.50143 0.919035 0.897196
#	5398	374
#	475	4239
#
658 0.501207 0.91913 0.897196
#	5399	373
#	475	4239
#
659 0.500984 0.919416 0.897196
#	5400	372
#	473	4241
#
#normalizar está a 1
#accuracy test final: 0.900757
#	1156	96
#	127	868
#0.900757
