0 1.69878 0.656489 0.686747
#	0	135
#	0	258
#
1 1.5375 0.697201 0.73494
#	24	111
#	8	250
#
2 1.43202 0.715013 0.771084
#	39	96
#	16	242
#
3 1.38062 0.727735 0.795181
#	48	87
#	20	238
#
4 1.35383 0.737913 0.831325
#	54	81
#	22	236
#
5 1.33803 0.75827 0.831325
#	63	72
#	23	235
#
6 1.32777 0.763359 0.831325
#	65	70
#	23	235
#
7 1.32069 0.765903 0.831325
#	66	69
#	23	235
#
8 1.31562 0.770992 0.831325
#	69	66
#	24	234
#
9 1.31189 0.768448 0.831325
#	69	66
#	25	233
#
10 1.30908 0.765903 0.831325
#	69	66
#	26	232
#
11 1.30691 0.765903 0.831325
#	70	65
#	27	231
#
12 1.3052 0.765903 0.831325
#	70	65
#	27	231
#
13 1.30381 0.768448 0.831325
#	71	64
#	27	231
#
14 1.30266 0.768448 0.843373
#	71	64
#	27	231
#
15 1.30169 0.773537 0.843373
#	72	63
#	26	232
#
16 1.30086 0.773537 0.843373
#	72	63
#	26	232
#
17 1.30014 0.773537 0.843373
#	72	63
#	26	232
#
18 1.29949 0.773537 0.843373
#	72	63
#	26	232
#
19 1.29891 0.773537 0.843373
#	72	63
#	26	232
#
20 1.29838 0.773537 0.843373
#	72	63
#	26	232
#
21 1.29788 0.773537 0.843373
#	72	63
#	26	232
#
22 1.29741 0.773537 0.843373
#	72	63
#	26	232
#
23 1.29695 0.773537 0.843373
#	72	63
#	26	232
#
24 1.2965 0.773537 0.843373
#	72	63
#	26	232
#
25 1.29604 0.773537 0.843373
#	72	63
#	26	232
#
26 1.29558 0.773537 0.843373
#	72	63
#	26	232
#
27 1.2951 0.773537 0.843373
#	72	63
#	26	232
#
28 1.2946 0.773537 0.831325
#	72	63
#	26	232
#
29 1.29407 0.773537 0.831325
#	72	63
#	26	232
#
30 1.2935 0.773537 0.831325
#	72	63
#	26	232
#
31 1.2929 0.773537 0.831325
#	72	63
#	26	232
#
32 1.29224 0.770992 0.831325
#	71	64
#	26	232
#
33 1.29154 0.768448 0.831325
#	71	64
#	27	231
#
34 1.29077 0.768448 0.831325
#	71	64
#	27	231
#
35 1.28995 0.770992 0.831325
#	71	64
#	26	232
#
36 1.28905 0.773537 0.831325
#	71	64
#	25	233
#
37 1.28809 0.773537 0.831325
#	71	64
#	25	233
#
38 1.28705 0.773537 0.831325
#	71	64
#	25	233
#
39 1.28593 0.773537 0.831325
#	71	64
#	25	233
#
40 1.28474 0.773537 0.831325
#	71	64
#	25	233
#
41 1.28346 0.773537 0.843373
#	71	64
#	25	233
#
42 1.28211 0.770992 0.843373
#	71	64
#	26	232
#
43 1.28069 0.773537 0.843373
#	71	64
#	25	233
#
44 1.27919 0.770992 0.855422
#	72	63
#	27	231
#
45 1.27762 0.770992 0.855422
#	72	63
#	27	231
#
46 1.27599 0.768448 0.855422
#	71	64
#	27	231
#
47 1.27431 0.768448 0.855422
#	71	64
#	27	231
#
48 1.27257 0.768448 0.855422
#	71	64
#	27	231
#
49 1.2708 0.768448 0.855422
#	71	64
#	27	231
#
50 1.26899 0.768448 0.843373
#	71	64
#	27	231
#
51 1.26715 0.765903 0.843373
#	71	64
#	28	230
#
52 1.2653 0.765903 0.855422
#	71	64
#	28	230
#
53 1.26344 0.765903 0.855422
#	71	64
#	28	230
#
54 1.26157 0.763359 0.855422
#	71	64
#	29	229
#
55 1.2597 0.760814 0.855422
#	71	64
#	30	228
#
56 1.25785 0.760814 0.855422
#	72	63
#	31	227
#
57 1.25601 0.760814 0.855422
#	72	63
#	31	227
#
58 1.25419 0.760814 0.855422
#	72	63
#	31	227
#
59 1.2524 0.763359 0.855422
#	72	63
#	30	228
#
60 1.25064 0.763359 0.855422
#	72	63
#	30	228
#
61 1.24891 0.763359 0.855422
#	72	63
#	30	228
#
62 1.24721 0.765903 0.855422
#	72	63
#	29	229
#
63 1.24556 0.770992 0.855422
#	72	63
#	27	231
#
64 1.24395 0.770992 0.843373
#	72	63
#	27	231
#
65 1.24238 0.770992 0.843373
#	72	63
#	27	231
#
66 1.24085 0.768448 0.843373
#	72	63
#	28	230
#
67 1.23936 0.765903 0.843373
#	72	63
#	29	229
#
68 1.23793 0.763359 0.843373
#	72	63
#	30	228
#
69 1.23654 0.760814 0.831325
#	71	64
#	30	228
#
70 1.23519 0.760814 0.831325
#	71	64
#	30	228
#
71 1.23388 0.763359 0.831325
#	71	64
#	29	229
#
72 1.23262 0.763359 0.831325
#	71	64
#	29	229
#
73 1.2314 0.763359 0.831325
#	71	64
#	29	229
#
74 1.23023 0.760814 0.831325
#	71	64
#	30	228
#
75 1.22909 0.760814 0.831325
#	71	64
#	30	228
#
76 1.22799 0.760814 0.831325
#	71	64
#	30	228
#
77 1.22693 0.760814 0.831325
#	71	64
#	30	228
#
78 1.22591 0.760814 0.831325
#	71	64
#	30	228
#
79 1.22493 0.763359 0.831325
#	72	63
#	30	228
#
80 1.22397 0.760814 0.843373
#	71	64
#	30	228
#
81 1.22305 0.75827 0.855422
#	71	64
#	31	227
#
82 1.22216 0.75827 0.855422
#	71	64
#	31	227
#
83 1.22131 0.75827 0.855422
#	71	64
#	31	227
#
84 1.22048 0.75827 0.855422
#	71	64
#	31	227
#
85 1.21968 0.75827 0.86747
#	71	64
#	31	227
#
86 1.2189 0.75827 0.86747
#	71	64
#	31	227
#
87 1.21815 0.75827 0.86747
#	71	64
#	31	227
#
88 1.21743 0.75827 0.86747
#	71	64
#	31	227
#
89 1.21673 0.75827 0.86747
#	71	64
#	31	227
#
90 1.21605 0.75827 0.86747
#	71	64
#	31	227
#
91 1.21539 0.75827 0.86747
#	71	64
#	31	227
#
92 1.21476 0.75827 0.86747
#	71	64
#	31	227
#
93 1.21414 0.75827 0.86747
#	71	64
#	31	227
#
94 1.21354 0.760814 0.86747
#	72	63
#	31	227
#
95 1.21297 0.760814 0.86747
#	72	63
#	31	227
#
96 1.2124 0.763359 0.86747
#	72	63
#	30	228
#
97 1.21186 0.763359 0.86747
#	72	63
#	30	228
#
98 1.21133 0.765903 0.86747
#	73	62
#	30	228
#
99 1.21081 0.765903 0.86747
#	73	62
#	30	228
#
100 1.21031 0.763359 0.86747
#	73	62
#	31	227
#
101 1.20983 0.765903 0.86747
#	73	62
#	30	228
#
102 1.20936 0.765903 0.86747
#	73	62
#	30	228
#
103 1.2089 0.765903 0.86747
#	73	62
#	30	228
#
104 1.20845 0.763359 0.86747
#	73	62
#	31	227
#
105 1.20802 0.763359 0.86747
#	73	62
#	31	227
#
106 1.20759 0.763359 0.86747
#	73	62
#	31	227
#
107 1.20718 0.763359 0.86747
#	73	62
#	31	227
#
108 1.20678 0.763359 0.86747
#	73	62
#	31	227
#
109 1.20639 0.763359 0.86747
#	73	62
#	31	227
#
110 1.206 0.763359 0.86747
#	73	62
#	31	227
#
111 1.20563 0.763359 0.86747
#	73	62
#	31	227
#
112 1.20527 0.760814 0.86747
#	72	63
#	31	227
#
113 1.20491 0.760814 0.86747
#	72	63
#	31	227
#
114 1.20456 0.760814 0.86747
#	72	63
#	31	227
#
115 1.20422 0.760814 0.86747
#	72	63
#	31	227
#
116 1.20389 0.760814 0.86747
#	72	63
#	31	227
#
117 1.20357 0.760814 0.86747
#	72	63
#	31	227
#
118 1.20325 0.760814 0.855422
#	72	63
#	31	227
#
119 1.20294 0.763359 0.855422
#	73	62
#	31	227
#
120 1.20264 0.765903 0.855422
#	74	61
#	31	227
#
121 1.20234 0.763359 0.855422
#	73	62
#	31	227
#
122 1.20205 0.760814 0.855422
#	73	62
#	32	226
#
123 1.20177 0.760814 0.855422
#	73	62
#	32	226
#
124 1.20149 0.760814 0.855422
#	73	62
#	32	226
#
125 1.20122 0.760814 0.843373
#	73	62
#	32	226
#
126 1.20095 0.760814 0.843373
#	73	62
#	32	226
#
127 1.20069 0.763359 0.843373
#	74	61
#	32	226
#
128 1.20043 0.763359 0.843373
#	74	61
#	32	226
#
129 1.20018 0.763359 0.843373
#	74	61
#	32	226
#
130 1.19993 0.763359 0.843373
#	74	61
#	32	226
#
131 1.19968 0.763359 0.843373
#	74	61
#	32	226
#
132 1.19945 0.763359 0.843373
#	74	61
#	32	226
#
133 1.19921 0.763359 0.843373
#	74	61
#	32	226
#
134 1.19898 0.763359 0.843373
#	74	61
#	32	226
#
135 1.19875 0.763359 0.843373
#	74	61
#	32	226
#
136 1.19853 0.763359 0.843373
#	74	61
#	32	226
#
137 1.19831 0.763359 0.843373
#	74	61
#	32	226
#
138 1.19809 0.763359 0.843373
#	74	61
#	32	226
#
139 1.19787 0.763359 0.843373
#	74	61
#	32	226
#
140 1.19766 0.763359 0.843373
#	74	61
#	32	226
#
141 1.19746 0.763359 0.843373
#	74	61
#	32	226
#
142 1.19725 0.763359 0.843373
#	74	61
#	32	226
#
143 1.19705 0.763359 0.843373
#	74	61
#	32	226
#
144 1.19685 0.763359 0.843373
#	74	61
#	32	226
#
145 1.19665 0.760814 0.843373
#	73	62
#	32	226
#
146 1.19646 0.760814 0.843373
#	73	62
#	32	226
#
147 1.19627 0.760814 0.843373
#	73	62
#	32	226
#
148 1.19608 0.763359 0.843373
#	74	61
#	32	226
#
149 1.19589 0.763359 0.843373
#	74	61
#	32	226
#
150 1.1957 0.765903 0.843373
#	75	60
#	32	226
#
151 1.19552 0.770992 0.843373
#	77	58
#	32	226
#
152 1.19534 0.770992 0.843373
#	77	58
#	32	226
#
153 1.19516 0.768448 0.843373
#	76	59
#	32	226
#
154 1.19498 0.768448 0.843373
#	76	59
#	32	226
#
155 1.1948 0.768448 0.843373
#	76	59
#	32	226
#
156 1.19462 0.768448 0.843373
#	76	59
#	32	226
#
157 1.19445 0.768448 0.843373
#	76	59
#	32	226
#
158 1.19427 0.765903 0.843373
#	76	59
#	33	225
#
159 1.1941 0.765903 0.843373
#	76	59
#	33	225
#
160 1.19393 0.763359 0.843373
#	76	59
#	34	224
#
161 1.19376 0.765903 0.843373
#	76	59
#	33	225
#
162 1.19359 0.765903 0.843373
#	76	59
#	33	225
#
163 1.19342 0.765903 0.843373
#	76	59
#	33	225
#
164 1.19325 0.765903 0.843373
#	76	59
#	33	225
#
165 1.19309 0.765903 0.843373
#	76	59
#	33	225
#
166 1.19292 0.765903 0.843373
#	76	59
#	33	225
#
167 1.19275 0.765903 0.843373
#	76	59
#	33	225
#
#normalizar está a 0
#accuracy test final: 0.819277
#	20	10
#	5	48
#0.819277
