0 1.42538 0.650943 0.727273
#	33	0	0
#	0	35	0
#	0	37	1
#
1 1.30843 0.669811 0.727273
#	33	0	0
#	0	35	0
#	0	35	3
#
2 1.39207 0.650943 0.727273
#	33	0	0
#	0	35	0
#	0	37	1
#
3 1.52911 0.650943 0.727273
#	33	0	0
#	0	35	0
#	0	37	1
#
4 1.57617 0.650943 0.727273
#	33	0	0
#	0	35	0
#	0	37	1
#
5 1.33385 0.669811 0.727273
#	33	0	0
#	0	35	0
#	0	35	3
#
6 1.329 0.669811 0.727273
#	33	0	0
#	0	35	0
#	0	35	3
#
7 1.42367 0.660377 0.727273
#	33	0	0
#	0	35	0
#	0	36	2
#
8 0.891666 0.839623 0.818182
#	33	0	0
#	0	35	0
#	0	17	21
#
9 2.38759 0.641509 0.727273
#	33	0	0
#	0	35	0
#	0	38	0
#
10 1.14502 0.783019 0.727273
#	33	0	0
#	0	35	0
#	0	23	15
#
11 0.443334 0.924528 0.954545
#	33	0	0
#	0	34	1
#	0	7	31
#
12 0.349415 0.933962 1
#	33	0	0
#	0	33	2
#	0	5	33
#
13 0.319071 0.962264 1
#	33	0	0
#	0	32	3
#	0	1	37
#
14 0.30394 0.971698 1
#	33	0	0
#	0	32	3
#	0	0	38
#
15 0.296393 0.971698 1
#	33	0	0
#	0	32	3
#	0	0	38
#
16 0.282222 0.971698 1
#	33	0	0
#	0	32	3
#	0	0	38
#
17 0.282848 0.962264 1
#	33	0	0
#	0	31	4
#	0	0	38
#
18 0.262523 0.962264 1
#	33	0	0
#	0	31	4
#	0	0	38
#
19 0.291448 0.95283 1
#	33	0	0
#	0	30	5
#	0	0	38
#
20 0.300811 0.95283 1
#	33	0	0
#	0	30	5
#	0	0	38
#
21 0.263144 0.962264 1
#	33	0	0
#	0	31	4
#	0	0	38
#
22 0.263416 0.962264 1
#	33	0	0
#	0	31	4
#	0	0	38
#
23 0.28813 0.95283 1
#	33	0	0
#	0	30	5
#	0	0	38
#
24 0.315994 0.943396 1
#	33	0	0
#	0	29	6
#	0	0	38
#
25 0.281451 0.95283 1
#	33	0	0
#	0	30	5
#	0	0	38
#
26 0.308623 0.943396 1
#	33	0	0
#	0	29	6
#	0	0	38
#
27 0.309965 0.943396 1
#	33	0	0
#	0	29	6
#	0	0	38
#
28 0.295247 0.95283 1
#	33	0	0
#	0	30	5
#	0	0	38
#
29 0.29842 0.95283 1
#	33	0	0
#	0	30	5
#	0	0	38
#
30 0.344665 0.933962 1
#	33	0	0
#	0	28	7
#	0	0	38
#
31 0.329884 0.933962 1
#	33	0	0
#	0	28	7
#	0	0	38
#
32 0.351656 0.933962 1
#	33	0	0
#	0	28	7
#	0	0	38
#
33 0.356573 0.933962 1
#	33	0	0
#	0	28	7
#	0	0	38
#
34 0.404633 0.933962 0.954545
#	33	0	0
#	0	28	7
#	0	0	38
#
35 0.306808 0.943396 1
#	33	0	0
#	0	29	6
#	0	0	38
#
36 0.297947 0.95283 1
#	33	0	0
#	0	30	5
#	0	0	38
#
37 0.401415 0.933962 0.954545
#	33	0	0
#	0	28	7
#	0	0	38
#
38 0.359274 0.933962 1
#	33	0	0
#	0	28	7
#	0	0	38
#
39 0.39517 0.933962 0.954545
#	33	0	0
#	0	28	7
#	0	0	38
#
40 0.411505 0.933962 0.954545
#	33	0	0
#	0	28	7
#	0	0	38
#
41 0.331733 0.933962 1
#	33	0	0
#	0	28	7
#	0	0	38
#
42 0.272664 0.95283 1
#	33	0	0
#	0	30	5
#	0	0	38
#
43 0.301406 0.943396 1
#	33	0	0
#	0	29	6
#	0	0	38
#
44 0.331656 0.933962 1
#	33	0	0
#	0	28	7
#	0	0	38
#
45 0.318856 0.933962 1
#	33	0	0
#	0	28	7
#	0	0	38
#
46 0.290206 0.95283 1
#	33	0	0
#	0	30	5
#	0	0	38
#
47 0.383907 0.933962 0.954545
#	33	0	0
#	0	28	7
#	0	0	38
#
48 0.311689 0.933962 1
#	33	0	0
#	0	28	7
#	0	0	38
#
49 0.441121 0.933962 0.863636
#	33	0	0
#	0	28	7
#	0	0	38
#
50 0.455044 0.933962 0.863636
#	33	0	0
#	0	28	7
#	0	0	38
#
51 0.429135 0.933962 0.909091
#	33	0	0
#	0	28	7
#	0	0	38
#
52 0.397101 0.933962 0.954545
#	33	0	0
#	0	28	7
#	0	0	38
#
53 0.382083 0.933962 1
#	33	0	0
#	0	28	7
#	0	0	38
#
54 0.374557 0.933962 1
#	33	0	0
#	0	28	7
#	0	0	38
#
55 0.366377 0.933962 1
#	33	0	0
#	0	28	7
#	0	0	38
#
56 0.356261 0.933962 1
#	33	0	0
#	0	28	7
#	0	0	38
#
57 0.346507 0.933962 1
#	33	0	0
#	0	28	7
#	0	0	38
#
58 0.338791 0.933962 1
#	33	0	0
#	0	28	7
#	0	0	38
#
59 0.333288 0.933962 1
#	33	0	0
#	0	28	7
#	0	0	38
#
60 0.329711 0.933962 1
#	33	0	0
#	0	28	7
#	0	0	38
#
61 0.327762 0.933962 1
#	33	0	0
#	0	28	7
#	0	0	38
#
62 0.327173 0.933962 1
#	33	0	0
#	0	28	7
#	0	0	38
#
#normalizar está a 0
#accuracy test final: 0.954545
#	10	0	0
#	0	6	0
#	0	1	5
#0.954545
