0 0.192445 0.979633 0.961538
#	321	7
#	3	160
#
1 0.170053 0.979633 0.961538
#	321	7
#	3	160
#
2 0.161636 0.979633 0.961538
#	320	8
#	2	161
#
3 0.156842 0.979633 0.961538
#	320	8
#	2	161
#
4 0.15374 0.979633 0.961538
#	320	8
#	2	161
#
5 0.151615 0.979633 0.951923
#	320	8
#	2	161
#
6 0.150114 0.977597 0.951923
#	319	9
#	2	161
#
7 0.149033 0.977597 0.951923
#	319	9
#	2	161
#
8 0.148245 0.977597 0.951923
#	319	9
#	2	161
#
9 0.147664 0.977597 0.951923
#	319	9
#	2	161
#
10 0.14723 0.977597 0.951923
#	319	9
#	2	161
#
11 0.146903 0.977597 0.951923
#	319	9
#	2	161
#
12 0.146651 0.977597 0.951923
#	319	9
#	2	161
#
13 0.146453 0.977597 0.951923
#	319	9
#	2	161
#
14 0.146293 0.977597 0.951923
#	319	9
#	2	161
#
15 0.146159 0.977597 0.951923
#	319	9
#	2	161
#
16 0.146042 0.977597 0.951923
#	319	9
#	2	161
#
17 0.145934 0.977597 0.951923
#	319	9
#	2	161
#
18 0.145829 0.977597 0.951923
#	319	9
#	2	161
#
19 0.145725 0.977597 0.951923
#	319	9
#	2	161
#
20 0.145617 0.977597 0.951923
#	319	9
#	2	161
#
21 0.145503 0.977597 0.951923
#	319	9
#	2	161
#
22 0.145381 0.977597 0.951923
#	319	9
#	2	161
#
23 0.145249 0.977597 0.951923
#	319	9
#	2	161
#
24 0.145107 0.977597 0.951923
#	319	9
#	2	161
#
25 0.144954 0.977597 0.951923
#	319	9
#	2	161
#
26 0.144791 0.977597 0.951923
#	319	9
#	2	161
#
27 0.144618 0.977597 0.951923
#	319	9
#	2	161
#
28 0.144436 0.977597 0.951923
#	319	9
#	2	161
#
29 0.144245 0.977597 0.951923
#	319	9
#	2	161
#
30 0.144046 0.977597 0.951923
#	319	9
#	2	161
#
31 0.143841 0.977597 0.951923
#	319	9
#	2	161
#
32 0.143631 0.977597 0.951923
#	319	9
#	2	161
#
33 0.143417 0.977597 0.951923
#	319	9
#	2	161
#
34 0.1432 0.977597 0.951923
#	319	9
#	2	161
#
35 0.142981 0.977597 0.951923
#	319	9
#	2	161
#
36 0.142762 0.977597 0.951923
#	319	9
#	2	161
#
37 0.142543 0.977597 0.951923
#	319	9
#	2	161
#
38 0.142324 0.977597 0.951923
#	319	9
#	2	161
#
39 0.142108 0.977597 0.951923
#	319	9
#	2	161
#
40 0.141894 0.979633 0.951923
#	320	8
#	2	161
#
41 0.141684 0.979633 0.951923
#	320	8
#	2	161
#
42 0.141476 0.979633 0.951923
#	320	8
#	2	161
#
43 0.141273 0.979633 0.951923
#	320	8
#	2	161
#
44 0.141073 0.979633 0.951923
#	320	8
#	2	161
#
45 0.140878 0.979633 0.951923
#	320	8
#	2	161
#
46 0.140688 0.979633 0.951923
#	320	8
#	2	161
#
47 0.140502 0.979633 0.951923
#	320	8
#	2	161
#
48 0.140321 0.979633 0.951923
#	320	8
#	2	161
#
49 0.140145 0.979633 0.951923
#	320	8
#	2	161
#
50 0.139973 0.979633 0.951923
#	320	8
#	2	161
#
51 0.139806 0.979633 0.951923
#	320	8
#	2	161
#
52 0.139644 0.979633 0.951923
#	320	8
#	2	161
#
53 0.139486 0.979633 0.951923
#	320	8
#	2	161
#
54 0.139333 0.979633 0.951923
#	320	8
#	2	161
#
55 0.139185 0.979633 0.951923
#	320	8
#	2	161
#
56 0.13904 0.979633 0.951923
#	320	8
#	2	161
#
57 0.1389 0.979633 0.951923
#	320	8
#	2	161
#
58 0.138764 0.979633 0.951923
#	320	8
#	2	161
#
59 0.138632 0.979633 0.951923
#	320	8
#	2	161
#
60 0.138503 0.979633 0.951923
#	320	8
#	2	161
#
61 0.138378 0.979633 0.951923
#	320	8
#	2	161
#
62 0.138257 0.979633 0.951923
#	320	8
#	2	161
#
63 0.138139 0.979633 0.951923
#	320	8
#	2	161
#
64 0.138024 0.979633 0.951923
#	320	8
#	2	161
#
65 0.137912 0.979633 0.951923
#	320	8
#	2	161
#
66 0.137804 0.979633 0.951923
#	320	8
#	2	161
#
67 0.137698 0.979633 0.951923
#	320	8
#	2	161
#
68 0.137595 0.979633 0.951923
#	320	8
#	2	161
#
69 0.137494 0.979633 0.951923
#	320	8
#	2	161
#
70 0.137396 0.979633 0.951923
#	320	8
#	2	161
#
71 0.1373 0.979633 0.951923
#	320	8
#	2	161
#
72 0.137207 0.979633 0.951923
#	320	8
#	2	161
#
73 0.137116 0.979633 0.951923
#	320	8
#	2	161
#
74 0.137026 0.979633 0.951923
#	320	8
#	2	161
#
75 0.136939 0.979633 0.951923
#	320	8
#	2	161
#
76 0.136853 0.979633 0.951923
#	320	8
#	2	161
#
77 0.13677 0.979633 0.951923
#	320	8
#	2	161
#
78 0.136687 0.979633 0.951923
#	320	8
#	2	161
#
79 0.136607 0.979633 0.951923
#	320	8
#	2	161
#
80 0.136528 0.979633 0.951923
#	320	8
#	2	161
#
81 0.13645 0.979633 0.951923
#	320	8
#	2	161
#
82 0.136374 0.979633 0.951923
#	320	8
#	2	161
#
83 0.136299 0.979633 0.951923
#	320	8
#	2	161
#
84 0.136225 0.979633 0.951923
#	320	8
#	2	161
#
85 0.136152 0.979633 0.951923
#	320	8
#	2	161
#
86 0.136081 0.979633 0.951923
#	320	8
#	2	161
#
87 0.13601 0.979633 0.951923
#	320	8
#	2	161
#
88 0.13594 0.979633 0.951923
#	320	8
#	2	161
#
89 0.135871 0.979633 0.951923
#	320	8
#	2	161
#
90 0.135804 0.979633 0.951923
#	320	8
#	2	161
#
91 0.135736 0.979633 0.951923
#	320	8
#	2	161
#
92 0.13567 0.979633 0.951923
#	320	8
#	2	161
#
93 0.135604 0.979633 0.951923
#	320	8
#	2	161
#
94 0.135539 0.979633 0.951923
#	320	8
#	2	161
#
95 0.135475 0.979633 0.951923
#	320	8
#	2	161
#
96 0.135411 0.979633 0.951923
#	320	8
#	2	161
#
97 0.135347 0.979633 0.951923
#	320	8
#	2	161
#
98 0.135284 0.979633 0.951923
#	320	8
#	2	161
#
99 0.135222 0.979633 0.951923
#	320	8
#	2	161
#
100 0.13516 0.979633 0.951923
#	320	8
#	2	161
#
101 0.135098 0.979633 0.951923
#	320	8
#	2	161
#
102 0.135036 0.977597 0.951923
#	320	8
#	3	160
#
103 0.134975 0.977597 0.951923
#	320	8
#	3	160
#
104 0.134914 0.977597 0.951923
#	320	8
#	3	160
#
#normalizar está a 0
#accuracy test final: 0.961538
#	68	4
#	0	32
#0.961538
