0 3.53528 0.358491 0.227273
#	0	31	0
#	0	38	0
#	0	37	0
#
1 3.23272 0.358491 0.227273
#	0	31	0
#	0	38	0
#	0	37	0
#
2 3.03227 0.358491 0.227273
#	0	31	0
#	0	38	0
#	0	37	0
#
3 2.89864 0.358491 0.227273
#	0	31	0
#	0	38	0
#	0	37	0
#
4 2.80797 0.358491 0.227273
#	0	31	0
#	0	38	0
#	0	37	0
#
5 2.74504 0.358491 0.227273
#	0	31	0
#	0	38	0
#	0	37	0
#
6 2.70006 0.358491 0.227273
#	0	31	0
#	0	38	0
#	0	37	0
#
7 2.66668 0.358491 0.227273
#	0	31	0
#	0	38	0
#	0	37	0
#
8 2.64077 0.358491 0.227273
#	0	31	0
#	0	38	0
#	0	37	0
#
9 2.61962 0.358491 0.227273
#	0	31	0
#	0	38	0
#	0	37	0
#
10 2.60145 0.358491 0.227273
#	0	31	0
#	0	38	0
#	0	37	0
#
11 2.5851 0.358491 0.227273
#	0	31	0
#	0	38	0
#	0	37	0
#
12 2.5698 0.358491 0.227273
#	0	31	0
#	0	38	0
#	0	37	0
#
13 2.55503 0.358491 0.227273
#	0	31	0
#	0	38	0
#	0	37	0
#
14 2.54046 0.358491 0.227273
#	0	31	0
#	0	38	0
#	0	37	0
#
15 2.52589 0.358491 0.227273
#	0	31	0
#	0	38	0
#	0	37	0
#
16 2.51117 0.358491 0.227273
#	0	31	0
#	0	38	0
#	0	37	0
#
17 2.49623 0.358491 0.227273
#	0	31	0
#	0	38	0
#	0	37	0
#
18 2.481 0.433962 0.272727
#	8	23	0
#	0	38	0
#	0	37	0
#
19 2.46545 0.566038 0.454545
#	21	10	0
#	0	38	0
#	0	36	1
#
20 2.44954 0.59434 0.545455
#	28	3	0
#	0	33	5
#	0	35	2
#
21 2.43326 0.566038 0.545455
#	29	2	0
#	0	27	11
#	0	33	4
#
22 2.4166 0.509434 0.590909
#	30	1	0
#	0	17	21
#	0	30	7
#
23 2.39953 0.575472 0.636364
#	31	0	0
#	0	13	25
#	0	20	17
#
24 2.38207 0.556604 0.727273
#	31	0	0
#	0	8	30
#	0	17	20
#
25 2.3642 0.59434 0.681818
#	31	0	0
#	0	2	36
#	0	7	30
#
26 2.34594 0.622642 0.772727
#	31	0	0
#	0	0	38
#	0	2	35
#
27 2.32731 0.632075 0.772727
#	31	0	0
#	0	0	38
#	0	1	36
#
28 2.30832 0.641509 0.772727
#	31	0	0
#	0	0	38
#	0	0	37
#
29 2.28901 0.641509 0.772727
#	31	0	0
#	0	0	38
#	0	0	37
#
30 2.26939 0.641509 0.772727
#	31	0	0
#	0	0	38
#	0	0	37
#
31 2.24952 0.641509 0.772727
#	31	0	0
#	0	0	38
#	0	0	37
#
32 2.22942 0.641509 0.772727
#	31	0	0
#	0	0	38
#	0	0	37
#
33 2.20914 0.641509 0.772727
#	31	0	0
#	0	0	38
#	0	0	37
#
34 2.18873 0.641509 0.772727
#	31	0	0
#	0	0	38
#	0	0	37
#
35 2.16823 0.641509 0.772727
#	31	0	0
#	0	0	38
#	0	0	37
#
36 2.14769 0.641509 0.772727
#	31	0	0
#	0	0	38
#	0	0	37
#
37 2.12716 0.641509 0.772727
#	31	0	0
#	0	0	38
#	0	0	37
#
38 2.10669 0.641509 0.772727
#	31	0	0
#	0	0	38
#	0	0	37
#
39 2.08632 0.641509 0.772727
#	31	0	0
#	0	0	38
#	0	0	37
#
40 2.06609 0.641509 0.772727
#	31	0	0
#	0	0	38
#	0	0	37
#
41 2.04606 0.641509 0.772727
#	31	0	0
#	0	0	38
#	0	0	37
#
42 2.02626 0.641509 0.772727
#	31	0	0
#	0	0	38
#	0	0	37
#
43 2.00673 0.641509 0.772727
#	31	0	0
#	0	0	38
#	0	0	37
#
44 1.9875 0.641509 0.772727
#	31	0	0
#	0	0	38
#	0	0	37
#
45 1.96861 0.641509 0.772727
#	31	0	0
#	0	0	38
#	0	0	37
#
46 1.95007 0.641509 0.772727
#	31	0	0
#	0	0	38
#	0	0	37
#
47 1.93192 0.641509 0.772727
#	31	0	0
#	0	0	38
#	0	0	37
#
48 1.91418 0.641509 0.772727
#	31	0	0
#	0	0	38
#	0	0	37
#
49 1.89685 0.641509 0.772727
#	31	0	0
#	0	0	38
#	0	0	37
#
50 1.87996 0.641509 0.772727
#	31	0	0
#	0	0	38
#	0	0	37
#
51 1.86351 0.641509 0.772727
#	31	0	0
#	0	0	38
#	0	0	37
#
52 1.8475 0.641509 0.772727
#	31	0	0
#	0	0	38
#	0	0	37
#
53 1.83195 0.641509 0.772727
#	31	0	0
#	0	0	38
#	0	0	37
#
54 1.81685 0.641509 0.772727
#	31	0	0
#	0	0	38
#	0	0	37
#
55 1.80219 0.641509 0.772727
#	31	0	0
#	0	0	38
#	0	0	37
#
56 1.78799 0.641509 0.772727
#	31	0	0
#	0	0	38
#	0	0	37
#
57 1.77422 0.641509 0.772727
#	31	0	0
#	0	0	38
#	0	0	37
#
58 1.76088 0.641509 0.772727
#	31	0	0
#	0	0	38
#	0	0	37
#
59 1.74796 0.641509 0.772727
#	31	0	0
#	0	0	38
#	0	0	37
#
60 1.73546 0.641509 0.772727
#	31	0	0
#	0	0	38
#	0	0	37
#
61 1.72336 0.641509 0.772727
#	31	0	0
#	0	0	38
#	0	0	37
#
62 1.71164 0.641509 0.772727
#	31	0	0
#	0	0	38
#	0	0	37
#
63 1.70031 0.650943 0.772727
#	31	0	0
#	0	1	37
#	0	0	37
#
64 1.68933 0.650943 0.772727
#	31	0	0
#	0	1	37
#	0	0	37
#
65 1.67871 0.650943 0.772727
#	31	0	0
#	0	1	37
#	0	0	37
#
66 1.66842 0.660377 0.772727
#	31	0	0
#	0	2	36
#	0	0	37
#
67 1.65846 0.660377 0.772727
#	31	0	0
#	0	2	36
#	0	0	37
#
68 1.64881 0.660377 0.772727
#	31	0	0
#	0	2	36
#	0	0	37
#
69 1.63946 0.660377 0.772727
#	31	0	0
#	0	2	36
#	0	0	37
#
70 1.63039 0.660377 0.772727
#	31	0	0
#	0	2	36
#	0	0	37
#
71 1.62159 0.660377 0.772727
#	31	0	0
#	0	2	36
#	0	0	37
#
72 1.61306 0.660377 0.772727
#	31	0	0
#	0	2	36
#	0	0	37
#
73 1.60477 0.660377 0.772727
#	31	0	0
#	0	2	36
#	0	0	37
#
74 1.59673 0.660377 0.772727
#	31	0	0
#	0	2	36
#	0	0	37
#
75 1.58891 0.660377 0.772727
#	31	0	0
#	0	2	36
#	0	0	37
#
76 1.58131 0.660377 0.772727
#	31	0	0
#	0	2	36
#	0	0	37
#
#normalizar está a 0
#accuracy test final: 0.681818
#	10	0	0
#	0	0	7
#	0	0	5
#0.681818
