0 1.0966 0.872131 0.830769
#	186	12
#	27	80
#
1 0.734623 0.914754 0.907692
#	185	13
#	13	94
#
2 0.601381 0.921311 0.907692
#	186	12
#	12	95
#
3 0.530414 0.921311 0.938462
#	186	12
#	12	95
#
4 0.483197 0.934426 0.953846
#	187	11
#	9	98
#
5 0.448842 0.944262 0.953846
#	188	10
#	7	100
#
6 0.422863 0.944262 0.953846
#	188	10
#	7	100
#
7 0.402741 0.944262 0.953846
#	188	10
#	7	100
#
8 0.386845 0.944262 0.953846
#	188	10
#	7	100
#
9 0.374061 0.940984 0.969231
#	188	10
#	8	99
#
10 0.363603 0.944262 0.969231
#	189	9
#	8	99
#
11 0.354911 0.944262 0.969231
#	190	8
#	9	98
#
12 0.347574 0.940984 0.969231
#	190	8
#	10	97
#
13 0.341291 0.940984 0.969231
#	190	8
#	10	97
#
14 0.335834 0.937705 0.969231
#	189	9
#	10	97
#
15 0.331034 0.937705 0.969231
#	189	9
#	10	97
#
16 0.326759 0.940984 0.969231
#	190	8
#	10	97
#
17 0.32291 0.944262 0.969231
#	191	7
#	10	97
#
18 0.31941 0.944262 0.969231
#	191	7
#	10	97
#
19 0.316201 0.944262 0.969231
#	191	7
#	10	97
#
#normalizar está a 0
#accuracy test final: 0.923077
#	30	2
#	3	30
#0.923077
