0 1.89833 0.587831 0.589675
#	3619	2157
#	2165	2545
#
1 1.8612 0.612436 0.627058
#	3690	2086
#	1978	2732
#
2 1.78705 0.643334 0.647975
#	3522	2254
#	1486	3224
#
3 1.74829 0.655159 0.658656
#	3674	2102
#	1514	3196
#
4 1.72246 0.661644 0.664441
#	3758	2018
#	1530	3180
#
5 1.69765 0.672516 0.674677
#	3767	2009
#	1425	3285
#
6 1.6763 0.68005 0.672452
#	3710	2066
#	1289	3421
#
7 1.64419 0.685962 0.677793
#	3713	2063
#	1230	3480
#
8 1.61538 0.692066 0.680463
#	3778	1998
#	1231	3479
#
9 1.55735 0.704272 0.690254
#	3905	1871
#	1230	3480
#
10 1.49725 0.718386 0.711616
#	4015	1761
#	1192	3518
#
11 1.47626 0.725825 0.718291
#	4028	1748
#	1127	3583
#
12 1.46764 0.728304 0.713841
#	4009	1767
#	1082	3628
#
13 1.46906 0.727828 0.712506
#	3942	1834
#	1020	3690
#
14 1.45878 0.729926 0.713396
#	3954	1822
#	1010	3700
#
15 1.45237 0.732977 0.714731
#	3936	1840
#	960	3750
#
16 1.46202 0.731547 0.716956
#	3878	1898
#	917	3793
#
17 1.431 0.735648 0.730752
#	3968	1808
#	964	3746
#
18 1.40832 0.739176 0.737873
#	3988	1788
#	947	3763
#
19 1.4098 0.740225 0.740988
#	3995	1781
#	943	3767
#
20 1.4162 0.739748 0.742768
#	3979	1797
#	932	3778
#
21 1.41059 0.740702 0.746773
#	3993	1783
#	936	3774
#
22 1.37558 0.749189 0.758789
#	4111	1665
#	965	3745
#
23 1.37391 0.74795 0.758344
#	4090	1686
#	957	3753
#
24 1.36929 0.748617 0.755674
#	4092	1684
#	952	3758
#
25 1.366 0.749857 0.758789
#	4107	1669
#	954	3756
#
26 1.37149 0.748522 0.76235
#	4064	1712
#	925	3785
#
27 1.36995 0.748045 0.76502
#	4050	1726
#	916	3794
#
28 1.36757 0.749475 0.763685
#	4051	1725
#	902	3808
#
29 1.3634 0.751669 0.766355
#	4072	1704
#	900	3810
#
30 1.35925 0.751955 0.76591
#	4080	1696
#	905	3805
#
31 1.35513 0.752336 0.76502
#	4087	1689
#	908	3802
#
32 1.34788 0.754148 0.766355
#	4109	1667
#	911	3799
#
33 1.33768 0.753958 0.76947
#	4125	1651
#	929	3781
#
34 1.33639 0.754911 0.76947
#	4139	1637
#	933	3777
#
35 1.33243 0.756914 0.771251
#	4162	1614
#	935	3775
#
36 1.32719 0.761015 0.769025
#	4260	1516
#	990	3720
#
37 1.30092 0.765878 0.76947
#	4329	1447
#	1008	3702
#
38 1.30177 0.765115 0.772141
#	4318	1458
#	1005	3705
#
39 1.30506 0.764448 0.771251
#	4305	1471
#	999	3711
#
40 1.30705 0.763685 0.769915
#	4294	1482
#	996	3714
#
41 1.30786 0.763971 0.769915
#	4293	1483
#	992	3718
#
42 1.30899 0.764257 0.76947
#	4289	1487
#	985	3725
#
43 1.31025 0.764066 0.770806
#	4287	1489
#	985	3725
#
44 1.30877 0.763876 0.773031
#	4289	1487
#	989	3721
#
45 1.30717 0.764639 0.772141
#	4298	1478
#	990	3720
#
46 1.30605 0.764352 0.771251
#	4306	1470
#	1001	3709
#
47 1.30658 0.764639 0.770806
#	4312	1464
#	1004	3706
#
48 1.30559 0.76378 0.771696
#	4303	1473
#	1004	3706
#
49 1.30121 0.76502 0.773476
#	4322	1454
#	1010	3700
#
50 1.30156 0.764543 0.774366
#	4317	1459
#	1010	3700
#
51 1.30294 0.763685 0.773921
#	4306	1470
#	1008	3702
#
52 1.30201 0.763876 0.773921
#	4305	1471
#	1005	3705
#
53 1.29585 0.765688 0.777036
#	4326	1450
#	1007	3703
#
54 1.29861 0.765783 0.777036
#	4317	1459
#	997	3713
#
55 1.29729 0.765592 0.776591
#	4313	1463
#	995	3715
#
56 1.29626 0.767309 0.775256
#	4320	1456
#	984	3726
#
57 1.29302 0.767881 0.775256
#	4317	1459
#	975	3735
#
58 1.28739 0.770742 0.777926
#	4340	1436
#	968	3742
#
59 1.28138 0.772077 0.779706
#	4359	1417
#	973	3737
#
60 1.27134 0.773412 0.777036
#	4387	1389
#	987	3723
#
61 1.26557 0.774557 0.778371
#	4409	1367
#	997	3713
#
62 1.25657 0.775701 0.777036
#	4433	1343
#	1009	3701
#
63 1.2567 0.774366 0.778371
#	4398	1378
#	988	3722
#
64 1.2549 0.775415 0.778371
#	4367	1409
#	946	3764
#
65 1.25125 0.775033 0.781041
#	4334	1442
#	917	3793
#
66 1.2482 0.773984 0.781041
#	4327	1449
#	921	3789
#
67 1.24854 0.773221 0.777481
#	4289	1487
#	891	3819
#
68 1.24676 0.774366 0.778371
#	4305	1471
#	895	3815
#
69 1.24585 0.775033 0.777481
#	4290	1486
#	873	3837
#
70 1.24382 0.775892 0.777481
#	4308	1468
#	882	3828
#
71 1.24134 0.776464 0.776146
#	4321	1455
#	889	3821
#
72 1.24343 0.777608 0.774811
#	4327	1449
#	883	3827
#
73 1.24235 0.777894 0.772586
#	4329	1447
#	882	3828
#
74 1.24015 0.77818 0.774811
#	4301	1475
#	851	3859
#
75 1.23462 0.779229 0.775256
#	4321	1455
#	860	3850
#
76 1.22226 0.781614 0.773031
#	4353	1423
#	867	3843
#
77 1.20768 0.785142 0.774366
#	4399	1377
#	876	3834
#
78 1.19629 0.786668 0.777036
#	4433	1343
#	894	3816
#
79 1.19775 0.785524 0.780151
#	4412	1364
#	885	3825
#
80 1.19433 0.786573 0.779261
#	4415	1361
#	877	3833
#
81 1.19569 0.785333 0.780151
#	4415	1361
#	890	3820
#
82 1.1877 0.786763 0.781486
#	4436	1340
#	896	3814
#
83 1.18684 0.786668 0.783712
#	4411	1365
#	872	3838
#
84 1.18745 0.787049 0.782377
#	4409	1367
#	866	3844
#
85 1.18621 0.786859 0.782377
#	4403	1373
#	862	3848
#
86 1.18485 0.78848 0.781486
#	4422	1354
#	864	3846
#
87 1.18431 0.78848 0.783267
#	4424	1352
#	866	3844
#
88 1.18271 0.788957 0.782377
#	4415	1361
#	852	3858
#
89 1.18249 0.789529 0.781486
#	4426	1350
#	857	3853
#
90 1.21994 0.781423 0.774811
#	4402	1374
#	918	3792
#
91 1.20825 0.784856 0.775256
#	4423	1353
#	903	3807
#
92 1.22235 0.782949 0.770806
#	4437	1339
#	937	3773
#
93 1.21473 0.785524 0.771251
#	4469	1307
#	942	3768
#
94 1.21105 0.786382 0.771251
#	4464	1312
#	928	3782
#
95 1.21187 0.785905 0.774366
#	4452	1324
#	921	3789
#
96 1.20964 0.786477 0.773921
#	4459	1317
#	922	3788
#
97 1.2102 0.786668 0.772586
#	4455	1321
#	916	3794
#
98 1.20961 0.786763 0.775256
#	4453	1323
#	913	3797
#
99 1.20649 0.786668 0.774366
#	4453	1323
#	914	3796
#
100 1.20365 0.787431 0.776591
#	4455	1321
#	908	3802
#
101 1.20201 0.788957 0.778816
#	4484	1292
#	921	3789
#
102 1.20019 0.788289 0.776146
#	4489	1287
#	933	3777
#
103 1.20462 0.786573 0.776591
#	4338	1438
#	800	3910
#
104 1.20087 0.787526 0.776591
#	4342	1434
#	794	3916
#
105 1.19692 0.787812 0.776591
#	4348	1428
#	797	3913
#
106 1.1965 0.788194 0.774366
#	4347	1429
#	792	3918
#
107 1.19527 0.787336 0.773921
#	4347	1429
#	801	3909
#
108 1.19546 0.787622 0.775701
#	4361	1415
#	812	3898
#
109 1.1958 0.78724 0.777036
#	4364	1412
#	819	3891
#
110 1.19476 0.787145 0.775701
#	4364	1412
#	820	3890
#
111 1.19402 0.78724 0.775256
#	4363	1413
#	818	3892
#
112 1.19261 0.787336 0.777036
#	4371	1405
#	825	3885
#
113 1.19071 0.787812 0.775701
#	4381	1395
#	830	3880
#
114 1.18874 0.78848 0.777036
#	4395	1381
#	837	3873
#
115 1.18644 0.788194 0.779261
#	4406	1370
#	851	3859
#
116 1.18343 0.789243 0.783267
#	4428	1348
#	862	3848
#
117 1.18078 0.790387 0.782377
#	4448	1328
#	870	3840
#
118 1.18095 0.789434 0.780151
#	4427	1349
#	859	3851
#
119 1.18248 0.789338 0.781041
#	4422	1354
#	855	3855
#
120 1.18276 0.790196 0.777926
#	4427	1349
#	851	3859
#
121 1.18077 0.789529 0.781486
#	4437	1339
#	868	3842
#
122 1.20647 0.786859 0.774366
#	4360	1416
#	819	3891
#
123 1.2028 0.786573 0.774811
#	4381	1395
#	843	3867
#
124 1.20648 0.787049 0.773921
#	4376	1400
#	833	3877
#
125 1.20468 0.786573 0.773031
#	4369	1407
#	831	3879
#
126 1.19575 0.788003 0.777036
#	4417	1359
#	864	3846
#
127 1.21071 0.786859 0.775701
#	4374	1402
#	833	3877
#
128 1.19847 0.787526 0.776146
#	4415	1361
#	867	3843
#
129 1.18553 0.788957 0.777036
#	4470	1306
#	907	3803
#
130 1.18485 0.791055 0.780596
#	4465	1311
#	880	3830
#
131 1.18325 0.78991 0.775701
#	4482	1294
#	909	3801
#
132 1.19009 0.78972 0.775701
#	4478	1298
#	907	3803
#
133 1.18234 0.790483 0.775256
#	4507	1269
#	928	3782
#
#normalizar está a 1
#accuracy test final: 0.779706
#	958	293
#	202	794
#0.779706
