0 0.368598 0.95112 0.980769
#	310	12
#	12	157
#
1 0.272495 0.961303 0.980769
#	310	12
#	7	162
#
2 0.245757 0.96334 0.980769
#	310	12
#	6	163
#
3 0.233231 0.96334 0.980769
#	310	12
#	6	163
#
4 0.22565 0.965377 0.980769
#	310	12
#	5	164
#
5 0.220308 0.965377 0.980769
#	310	12
#	5	164
#
6 0.216163 0.965377 0.980769
#	310	12
#	5	164
#
7 0.212749 0.96334 0.980769
#	310	12
#	6	163
#
8 0.209834 0.96334 0.980769
#	310	12
#	6	163
#
9 0.207294 0.965377 0.980769
#	311	11
#	6	163
#
10 0.205057 0.965377 0.980769
#	311	11
#	6	163
#
11 0.203075 0.965377 0.980769
#	311	11
#	6	163
#
12 0.201313 0.967413 0.980769
#	312	10
#	6	163
#
13 0.19974 0.967413 0.971154
#	312	10
#	6	163
#
14 0.198328 0.967413 0.971154
#	312	10
#	6	163
#
15 0.197057 0.967413 0.971154
#	312	10
#	6	163
#
16 0.195905 0.967413 0.971154
#	312	10
#	6	163
#
17 0.194856 0.967413 0.971154
#	312	10
#	6	163
#
18 0.193896 0.967413 0.971154
#	312	10
#	6	163
#
19 0.193013 0.965377 0.971154
#	312	10
#	7	162
#
20 0.192196 0.965377 0.971154
#	312	10
#	7	162
#
21 0.19144 0.965377 0.971154
#	312	10
#	7	162
#
22 0.190737 0.965377 0.971154
#	312	10
#	7	162
#
23 0.190082 0.965377 0.971154
#	312	10
#	7	162
#
24 0.189471 0.965377 0.971154
#	312	10
#	7	162
#
25 0.188901 0.965377 0.971154
#	312	10
#	7	162
#
26 0.18837 0.967413 0.971154
#	313	9
#	7	162
#
27 0.187873 0.967413 0.971154
#	313	9
#	7	162
#
28 0.18741 0.967413 0.971154
#	313	9
#	7	162
#
29 0.186979 0.967413 0.971154
#	313	9
#	7	162
#
30 0.186577 0.967413 0.961538
#	313	9
#	7	162
#
31 0.186203 0.967413 0.961538
#	313	9
#	7	162
#
32 0.185854 0.967413 0.961538
#	313	9
#	7	162
#
33 0.185529 0.967413 0.961538
#	313	9
#	7	162
#
34 0.185227 0.967413 0.961538
#	313	9
#	7	162
#
35 0.184944 0.967413 0.961538
#	313	9
#	7	162
#
36 0.18468 0.967413 0.961538
#	313	9
#	7	162
#
37 0.184432 0.967413 0.961538
#	313	9
#	7	162
#
38 0.184199 0.967413 0.961538
#	313	9
#	7	162
#
39 0.18398 0.96945 0.961538
#	314	8
#	7	162
#
40 0.183773 0.96945 0.961538
#	314	8
#	7	162
#
41 0.183577 0.96945 0.961538
#	314	8
#	7	162
#
42 0.18339 0.96945 0.961538
#	314	8
#	7	162
#
43 0.183211 0.96945 0.961538
#	314	8
#	7	162
#
44 0.183039 0.96945 0.961538
#	314	8
#	7	162
#
45 0.182873 0.96945 0.961538
#	314	8
#	7	162
#
46 0.182713 0.96945 0.961538
#	314	8
#	7	162
#
47 0.182557 0.96945 0.961538
#	314	8
#	7	162
#
48 0.182404 0.96945 0.961538
#	314	8
#	7	162
#
49 0.182255 0.96945 0.961538
#	314	8
#	7	162
#
50 0.182108 0.96945 0.961538
#	314	8
#	7	162
#
#normalizar está a 1
#accuracy test final: 0.980769
#	65	2
#	0	37
#0.980769
