0 1.6022 0.688679 0.590909
#	31	0	0
#	0	0	33
#	0	0	42
#
1 1.38275 0.688679 0.590909
#	31	0	0
#	0	0	33
#	0	0	42
#
2 1.32717 0.688679 0.590909
#	31	0	0
#	0	0	33
#	0	0	42
#
3 1.27799 0.698113 0.590909
#	31	0	0
#	0	1	32
#	0	0	42
#
4 1.1904 0.698113 0.636364
#	31	0	0
#	0	1	32
#	0	0	42
#
5 1.06854 0.783019 0.681818
#	31	0	0
#	0	10	23
#	0	0	42
#
6 0.874841 0.830189 0.772727
#	31	0	0
#	0	15	18
#	0	0	42
#
7 0.66512 0.886792 0.772727
#	31	0	0
#	0	21	12
#	0	0	42
#
8 0.535479 0.933962 0.863636
#	31	0	0
#	0	26	7
#	0	0	42
#
9 0.444044 0.95283 0.863636
#	31	0	0
#	0	28	5
#	0	0	42
#
10 0.380868 0.962264 0.863636
#	31	0	0
#	0	29	4
#	0	0	42
#
11 0.329777 0.962264 0.863636
#	31	0	0
#	0	29	4
#	0	0	42
#
12 0.283777 0.971698 0.909091
#	31	0	0
#	0	30	3
#	0	0	42
#
13 0.268129 0.971698 0.909091
#	31	0	0
#	0	30	3
#	0	0	42
#
14 0.24415 0.971698 0.909091
#	31	0	0
#	0	30	3
#	0	0	42
#
15 0.315135 0.962264 0.863636
#	31	0	0
#	0	29	4
#	0	0	42
#
16 0.224523 0.971698 0.954545
#	31	0	0
#	0	30	3
#	0	0	42
#
17 0.226986 0.971698 0.954545
#	31	0	0
#	0	30	3
#	0	0	42
#
18 0.222264 0.971698 1
#	31	0	0
#	0	30	3
#	0	0	42
#
19 0.241338 0.971698 0.909091
#	31	0	0
#	0	30	3
#	0	0	42
#
20 0.257808 0.971698 0.909091
#	31	0	0
#	0	30	3
#	0	0	42
#
21 0.271255 0.971698 0.863636
#	31	0	0
#	0	30	3
#	0	0	42
#
22 0.247385 0.971698 0.909091
#	31	0	0
#	0	30	3
#	0	0	42
#
23 0.222964 0.971698 0.909091
#	31	0	0
#	0	30	3
#	0	0	42
#
24 0.236462 0.971698 0.909091
#	31	0	0
#	0	30	3
#	0	0	42
#
25 0.209056 0.971698 1
#	31	0	0
#	0	30	3
#	0	0	42
#
26 0.205344 0.971698 1
#	31	0	0
#	0	30	3
#	0	0	42
#
27 0.205558 0.971698 1
#	31	0	0
#	0	30	3
#	0	0	42
#
28 0.205229 0.971698 1
#	31	0	0
#	0	30	3
#	0	0	42
#
29 0.208089 0.981132 1
#	31	0	0
#	0	31	2
#	0	0	42
#
30 0.209987 0.981132 1
#	31	0	0
#	0	31	2
#	0	0	42
#
31 0.211875 0.971698 1
#	31	0	0
#	0	31	2
#	0	1	41
#
32 0.211214 0.962264 1
#	31	0	0
#	0	31	2
#	0	2	40
#
33 0.208283 0.981132 1
#	31	0	0
#	0	31	2
#	0	0	42
#
34 0.205357 0.981132 1
#	31	0	0
#	0	31	2
#	0	0	42
#
35 0.203002 0.981132 1
#	31	0	0
#	0	31	2
#	0	0	42
#
36 0.199065 0.981132 1
#	31	0	0
#	0	31	2
#	0	0	42
#
37 0.198798 0.981132 1
#	31	0	0
#	0	31	2
#	0	0	42
#
38 0.205746 0.971698 1
#	31	0	0
#	0	32	1
#	0	2	40
#
39 0.215988 0.962264 1
#	31	0	0
#	0	32	1
#	0	3	39
#
40 0.228462 0.95283 1
#	31	0	0
#	0	32	1
#	0	4	38
#
41 0.209286 0.971698 1
#	31	0	0
#	0	32	1
#	0	2	40
#
42 0.207099 0.971698 1
#	31	0	0
#	0	32	1
#	0	2	40
#
43 0.228684 0.95283 1
#	31	0	0
#	0	32	1
#	0	4	38
#
44 0.235402 0.95283 1
#	31	0	0
#	0	32	1
#	0	4	38
#
45 0.217552 0.95283 1
#	31	0	0
#	0	32	1
#	0	4	38
#
46 0.212967 0.962264 1
#	31	0	0
#	0	32	1
#	0	3	39
#
47 0.227972 0.95283 1
#	31	0	0
#	0	32	1
#	0	4	38
#
48 0.190627 0.971698 1
#	31	0	0
#	0	31	2
#	0	1	41
#
49 0.189734 0.971698 1
#	31	0	0
#	0	31	2
#	0	1	41
#
50 0.219228 0.95283 1
#	31	0	0
#	0	32	1
#	0	4	38
#
51 0.173958 0.971698 1
#	31	0	0
#	0	30	3
#	0	0	42
#
52 0.256935 0.95283 1
#	31	0	0
#	0	32	1
#	0	4	38
#
53 0.247761 0.95283 1
#	31	0	0
#	0	32	1
#	0	4	38
#
54 0.178351 0.971698 1
#	31	0	0
#	0	30	3
#	0	0	42
#
55 0.19965 0.971698 1
#	31	0	0
#	0	31	2
#	0	1	41
#
56 0.199489 0.971698 1
#	31	0	0
#	0	31	2
#	0	1	41
#
57 0.174011 0.971698 1
#	31	0	0
#	0	30	3
#	0	0	42
#
58 0.198847 0.971698 1
#	31	0	0
#	0	32	1
#	0	2	40
#
59 0.194452 0.971698 1
#	31	0	0
#	0	31	2
#	0	1	41
#
60 0.173693 0.971698 1
#	31	0	0
#	0	30	3
#	0	0	42
#
61 0.243565 0.95283 1
#	31	0	0
#	0	32	1
#	0	4	38
#
62 0.169896 0.971698 1
#	31	0	0
#	0	30	3
#	0	0	42
#
63 0.275964 0.943396 1
#	31	0	0
#	0	32	1
#	0	5	37
#
64 0.174135 0.971698 0.954545
#	31	0	0
#	0	30	3
#	0	0	42
#
65 0.187724 0.981132 1
#	31	0	0
#	0	32	1
#	0	1	41
#
66 0.213823 0.95283 1
#	31	0	0
#	0	32	1
#	0	4	38
#
67 0.171287 0.971698 1
#	31	0	0
#	0	30	3
#	0	0	42
#
68 0.182009 0.981132 1
#	31	0	0
#	0	31	2
#	0	0	42
#
#normalizar está a 0
#accuracy test final: 1
#	7	0	0
#	0	8	0
#	0	0	7
#1
