0 1.96962 0.552451 0.542501
#	5691	107
#	4586	102
#
1 1.9487 0.558364 0.546506
#	5659	139
#	4492	196
#
2 1.92671 0.566946 0.559858
#	5426	372
#	4169	519
#
3 1.90983 0.565707 0.556297
#	5094	704
#	3850	838
#
4 1.89987 0.571333 0.547842
#	4884	914
#	3581	1107
#
5 1.89436 0.574385 0.548287
#	4756	1042
#	3421	1267
#
6 1.89103 0.573622 0.557632
#	4682	1116
#	3355	1333
#
7 1.88873 0.575148 0.562528
#	4645	1153
#	3302	1386
#
8 1.88696 0.577341 0.565198
#	4628	1170
#	3262	1426
#
9 1.88545 0.577532 0.565643
#	4616	1182
#	3248	1440
#
10 1.88409 0.577913 0.568758
#	4613	1185
#	3241	1447
#
11 1.88281 0.577723 0.566978
#	4600	1198
#	3230	1458
#
12 1.8816 0.578104 0.569648
#	4588	1210
#	3214	1474
#
13 1.88048 0.579058 0.569203
#	4583	1215
#	3199	1489
#
14 1.87944 0.580107 0.571429
#	4583	1215
#	3188	1500
#
15 1.8785 0.581347 0.571429
#	4584	1214
#	3176	1512
#
16 1.87766 0.582586 0.570093
#	4584	1214
#	3163	1525
#
17 1.87691 0.584303 0.573209
#	4588	1210
#	3149	1539
#
18 1.87624 0.585447 0.574989
#	4584	1214
#	3133	1555
#
19 1.87564 0.586115 0.576324
#	4584	1214
#	3126	1562
#
20 1.8751 0.586782 0.577659
#	4580	1218
#	3115	1573
#
21 1.87461 0.586401 0.575879
#	4576	1222
#	3115	1573
#
22 1.87416 0.587068 0.577659
#	4574	1224
#	3106	1582
#
23 1.87373 0.58745 0.578994
#	4574	1224
#	3102	1586
#
24 1.87333 0.588213 0.581664
#	4573	1225
#	3093	1595
#
25 1.87295 0.588976 0.580329
#	4580	1218
#	3092	1596
#
26 1.87259 0.589548 0.579884
#	4582	1216
#	3088	1600
#
27 1.87223 0.59012 0.581219
#	4582	1216
#	3082	1606
#
28 1.87189 0.590406 0.580329
#	4584	1214
#	3081	1607
#
29 1.87155 0.590788 0.579884
#	4584	1214
#	3077	1611
#
30 1.8712 0.590978 0.579439
#	4584	1214
#	3075	1613
#
31 1.87087 0.591455 0.581664
#	4585	1213
#	3071	1617
#
32 1.87051 0.591837 0.581664
#	4585	1213
#	3067	1621
#
33 1.87016 0.591646 0.583
#	4583	1215
#	3067	1621
#
34 1.8698 0.591741 0.582109
#	4583	1215
#	3066	1622
#
35 1.86942 0.592027 0.582109
#	4584	1214
#	3064	1624
#
36 1.86903 0.5926 0.581664
#	4586	1212
#	3060	1628
#
37 1.86864 0.592981 0.581664
#	4589	1209
#	3059	1629
#
38 1.86821 0.593744 0.582555
#	4595	1203
#	3057	1631
#
39 1.86776 0.594126 0.581219
#	4597	1201
#	3055	1633
#
40 1.8673 0.594316 0.580329
#	4598	1200
#	3054	1634
#
41 1.8668 0.594793 0.580329
#	4598	1200
#	3049	1639
#
42 1.86628 0.594888 0.581664
#	4599	1199
#	3049	1639
#
43 1.86571 0.595842 0.583
#	4608	1190
#	3048	1640
#
44 1.86512 0.595651 0.583
#	4607	1191
#	3049	1639
#
45 1.86447 0.595174 0.582109
#	4608	1190
#	3055	1633
#
46 1.86367 0.595079 0.583
#	4610	1188
#	3058	1630
#
47 1.86282 0.59527 0.582109
#	4609	1189
#	3055	1633
#
48 1.86204 0.595079 0.581664
#	4605	1193
#	3053	1635
#
49 1.86121 0.595079 0.581219
#	4605	1193
#	3053	1635
#
50 1.86034 0.594507 0.582109
#	4602	1196
#	3056	1632
#
51 1.85941 0.594507 0.581219
#	4600	1198
#	3054	1634
#
52 1.85843 0.594412 0.581664
#	4600	1198
#	3055	1633
#
53 1.85741 0.595079 0.580329
#	4605	1193
#	3053	1635
#
54 1.85632 0.595079 0.580774
#	4604	1194
#	3052	1636
#
55 1.85519 0.59527 0.580774
#	4603	1195
#	3049	1639
#
56 1.854 0.595651 0.582555
#	4601	1197
#	3043	1645
#
57 1.85276 0.59527 0.583445
#	4600	1198
#	3046	1642
#
58 1.85145 0.595937 0.582555
#	4609	1189
#	3048	1640
#
59 1.8501 0.596319 0.582555
#	4604	1194
#	3039	1649
#
60 1.84869 0.595842 0.583445
#	4599	1199
#	3039	1649
#
61 1.84722 0.595174 0.582555
#	4591	1207
#	3038	1650
#
62 1.84569 0.595174 0.582555
#	4583	1215
#	3030	1658
#
63 1.84411 0.595365 0.584335
#	4580	1218
#	3025	1663
#
64 1.84247 0.59527 0.58478
#	4581	1217
#	3027	1661
#
65 1.84077 0.594888 0.58567
#	4576	1222
#	3026	1662
#
66 1.83903 0.595365 0.587005
#	4576	1222
#	3021	1667
#
67 1.83724 0.595842 0.589675
#	4578	1220
#	3018	1670
#
68 1.83542 0.596224 0.59012
#	4582	1216
#	3018	1670
#
69 1.83357 0.596891 0.59101
#	4582	1216
#	3011	1677
#
70 1.83171 0.597463 0.59101
#	4582	1216
#	3005	1683
#
71 1.82985 0.598226 0.59279
#	4578	1220
#	2993	1695
#
72 1.82799 0.598894 0.595461
#	4581	1217
#	2989	1699
#
73 1.82615 0.599561 0.597686
#	4589	1209
#	2990	1698
#
74 1.82434 0.600515 0.598131
#	4593	1205
#	2984	1704
#
75 1.82256 0.601183 0.596796
#	4586	1212
#	2970	1718
#
76 1.82083 0.602518 0.597686
#	4586	1212
#	2956	1732
#
77 1.81914 0.604043 0.596796
#	4585	1213
#	2939	1749
#
78 1.81748 0.603567 0.598131
#	4569	1229
#	2928	1760
#
79 1.81588 0.604902 0.600356
#	4567	1231
#	2912	1776
#
80 1.81431 0.606618 0.599466
#	4566	1232
#	2893	1795
#
81 1.8128 0.606904 0.599021
#	4555	1243
#	2879	1809
#
82 1.81128 0.607667 0.597241
#	4552	1246
#	2868	1820
#
83 1.8096 0.609098 0.597686
#	4552	1246
#	2853	1835
#
84 1.80819 0.609002 0.596796
#	4539	1259
#	2841	1847
#
85 1.80683 0.608907 0.599466
#	4535	1263
#	2838	1850
#
86 1.8055 0.609002 0.599466
#	4534	1264
#	2836	1852
#
87 1.80421 0.609479 0.599466
#	4531	1267
#	2828	1860
#
88 1.80295 0.609289 0.599466
#	4524	1274
#	2823	1865
#
89 1.80171 0.60967 0.598576
#	4517	1281
#	2812	1876
#
90 1.8005 0.610338 0.599466
#	4512	1286
#	2800	1888
#
91 1.79932 0.610433 0.598576
#	4510	1288
#	2797	1891
#
92 1.79814 0.610528 0.597686
#	4508	1290
#	2794	1894
#
93 1.79698 0.611482 0.599466
#	4517	1281
#	2793	1895
#
94 1.79584 0.61215 0.597686
#	4515	1283
#	2784	1904
#
95 1.79469 0.612054 0.595461
#	4513	1285
#	2783	1905
#
96 1.79357 0.612912 0.596351
#	4512	1286
#	2773	1915
#
97 1.79245 0.613199 0.596796
#	4513	1285
#	2771	1917
#
98 1.79133 0.613771 0.598576
#	4509	1289
#	2761	1927
#
99 1.79023 0.614438 0.599911
#	4509	1289
#	2754	1934
#
100 1.78911 0.613771 0.599466
#	4502	1296
#	2754	1934
#
101 1.788 0.614724 0.602136
#	4507	1291
#	2749	1939
#
102 1.7869 0.614724 0.603026
#	4506	1292
#	2748	1940
#
103 1.78578 0.615773 0.603916
#	4511	1287
#	2742	1946
#
104 1.78466 0.616346 0.603916
#	4514	1284
#	2739	1949
#
105 1.78353 0.616727 0.605251
#	4515	1283
#	2736	1952
#
106 1.7824 0.617013 0.606142
#	4511	1287
#	2729	1959
#
107 1.78126 0.616822 0.605696
#	4510	1288
#	2730	1958
#
108 1.7801 0.616822 0.608367
#	4509	1289
#	2729	1959
#
109 1.77894 0.617585 0.608367
#	4509	1289
#	2721	1967
#
110 1.77777 0.617967 0.607922
#	4508	1290
#	2716	1972
#
111 1.77657 0.619111 0.608367
#	4514	1284
#	2710	1978
#
112 1.77537 0.619683 0.610147
#	4514	1284
#	2704	1984
#
113 1.77414 0.621019 0.612372
#	4519	1279
#	2695	1993
#
114 1.7729 0.621591 0.612817
#	4519	1279
#	2689	1999
#
115 1.77164 0.622068 0.613262
#	4522	1276
#	2687	2001
#
116 1.77037 0.62264 0.613262
#	4523	1275
#	2682	2006
#
117 1.76906 0.622544 0.614597
#	4521	1277
#	2681	2007
#
118 1.76774 0.623307 0.616822
#	4527	1271
#	2679	2009
#
119 1.7664 0.623689 0.617267
#	4528	1270
#	2676	2012
#
120 1.76503 0.624738 0.619493
#	4531	1267
#	2668	2020
#
121 1.76364 0.625215 0.621718
#	4531	1267
#	2663	2025
#
122 1.76223 0.625119 0.621718
#	4535	1263
#	2668	2020
#
123 1.76078 0.625691 0.620828
#	4536	1262
#	2663	2025
#
124 1.75932 0.62655 0.622163
#	4541	1257
#	2659	2029
#
125 1.75782 0.627026 0.621718
#	4544	1254
#	2657	2031
#
126 1.75631 0.628266 0.623053
#	4546	1252
#	2646	2042
#
127 1.75477 0.629029 0.622608
#	4553	1245
#	2645	2043
#
128 1.7532 0.629411 0.624388
#	4554	1244
#	2642	2046
#
129 1.75161 0.629983 0.624833
#	4557	1241
#	2639	2049
#
130 1.74999 0.630841 0.624833
#	4562	1236
#	2635	2053
#
131 1.74834 0.631699 0.625723
#	4566	1232
#	2630	2058
#
132 1.74668 0.632367 0.627058
#	4566	1232
#	2623	2065
#
133 1.74499 0.632367 0.629283
#	4567	1231
#	2624	2064
#
134 1.74327 0.632558 0.629283
#	4563	1235
#	2618	2070
#
135 1.74154 0.633416 0.630174
#	4573	1225
#	2619	2069
#
136 1.73979 0.634274 0.631064
#	4576	1222
#	2613	2075
#
137 1.73801 0.635419 0.634179
#	4577	1221
#	2602	2086
#
138 1.73622 0.635895 0.636404
#	4581	1217
#	2601	2087
#
139 1.73441 0.636468 0.637739
#	4584	1214
#	2598	2090
#
140 1.73258 0.636182 0.639074
#	4582	1216
#	2599	2089
#
141 1.73074 0.637421 0.641299
#	4588	1210
#	2592	2096
#
142 1.72889 0.637612 0.64308
#	4585	1213
#	2587	2101
#
143 1.72702 0.638852 0.64397
#	4590	1208
#	2579	2109
#
144 1.72514 0.639901 0.64397
#	4599	1199
#	2577	2111
#
145 1.72324 0.640759 0.644415
#	4601	1197
#	2570	2118
#
146 1.72134 0.641617 0.64397
#	4598	1200
#	2558	2130
#
147 1.71944 0.641808 0.64308
#	4601	1197
#	2559	2129
#
148 1.71752 0.642285 0.64219
#	4602	1196
#	2555	2133
#
149 1.71559 0.643334 0.641745
#	4604	1194
#	2546	2142
#
150 1.71366 0.644574 0.643525
#	4609	1189
#	2538	2150
#
151 1.71173 0.644192 0.64219
#	4606	1192
#	2539	2149
#
152 1.70978 0.645146 0.64486
#	4606	1192
#	2529	2159
#
153 1.70783 0.645337 0.64575
#	4601	1197
#	2522	2166
#
154 1.70588 0.646195 0.647975
#	4604	1194
#	2516	2172
#
155 1.70393 0.648102 0.64842
#	4611	1187
#	2503	2185
#
156 1.70196 0.649056 0.648865
#	4611	1187
#	2493	2195
#
157 1.7 0.650772 0.64931
#	4616	1182
#	2480	2208
#
158 1.69803 0.651535 0.648865
#	4618	1180
#	2474	2214
#
159 1.69606 0.651821 0.64931
#	4615	1183
#	2468	2220
#
160 1.69409 0.652012 0.64931
#	4611	1187
#	2462	2226
#
161 1.69212 0.652203 0.650645
#	4610	1188
#	2459	2229
#
162 1.69014 0.653252 0.653761
#	4613	1185
#	2451	2237
#
163 1.68817 0.653443 0.654651
#	4611	1187
#	2447	2241
#
164 1.6862 0.654587 0.657766
#	4615	1183
#	2439	2249
#
165 1.68422 0.655445 0.658211
#	4619	1179
#	2434	2254
#
166 1.68226 0.65659 0.658211
#	4628	1170
#	2431	2257
#
167 1.68043 0.657829 0.658211
#	4626	1172
#	2416	2272
#
168 1.67845 0.659069 0.662216
#	4627	1171
#	2404	2284
#
169 1.6765 0.659451 0.663996
#	4625	1173
#	2398	2290
#
170 1.67481 0.660786 0.664887
#	4625	1173
#	2384	2304
#
171 1.67284 0.661167 0.665777
#	4631	1167
#	2386	2302
#
172 1.67091 0.662407 0.664441
#	4637	1161
#	2379	2309
#
173 1.66901 0.66317 0.663551
#	4638	1160
#	2372	2316
#
174 1.6672 0.663647 0.663551
#	4634	1164
#	2363	2325
#
175 1.66532 0.664696 0.664441
#	4640	1158
#	2358	2330
#
176 1.66375 0.665268 0.666222
#	4639	1159
#	2351	2337
#
177 1.66187 0.666031 0.666222
#	4641	1157
#	2345	2343
#
178 1.66005 0.666508 0.670227
#	4643	1155
#	2342	2346
#
179 1.65826 0.667652 0.667112
#	4644	1154
#	2331	2357
#
180 1.65653 0.66851 0.667557
#	4642	1156
#	2320	2368
#
181 1.65499 0.668796 0.670227
#	4638	1160
#	2313	2375
#
182 1.65324 0.669178 0.671562
#	4635	1163
#	2306	2382
#
183 1.65154 0.671181 0.674232
#	4638	1160
#	2288	2400
#
184 1.64994 0.671944 0.674677
#	4639	1159
#	2281	2407
#
185 1.64832 0.673183 0.674677
#	4647	1151
#	2276	2412
#
186 1.64699 0.673374 0.673342
#	4641	1157
#	2268	2420
#
187 1.64535 0.674423 0.672007
#	4648	1150
#	2264	2424
#
188 1.64377 0.675281 0.672897
#	4653	1145
#	2260	2428
#
189 1.64222 0.675663 0.673342
#	4651	1147
#	2254	2434
#
190 1.64088 0.675949 0.672897
#	4652	1146
#	2252	2436
#
191 1.63936 0.676044 0.673787
#	4654	1144
#	2253	2435
#
192 1.63788 0.676616 0.672897
#	4654	1144
#	2247	2441
#
193 1.63681 0.676616 0.672452
#	4647	1151
#	2240	2448
#
194 1.63532 0.676998 0.673342
#	4643	1155
#	2232	2456
#
195 1.6339 0.677093 0.672452
#	4639	1159
#	2227	2461
#
196 1.63251 0.677284 0.672007
#	4639	1159
#	2225	2463
#
197 1.63114 0.677475 0.674232
#	4638	1160
#	2222	2466
#
198 1.63015 0.677475 0.674677
#	4635	1163
#	2219	2469
#
199 1.62874 0.678428 0.676012
#	4641	1157
#	2215	2473
#
200 1.62742 0.679001 0.674232
#	4644	1154
#	2212	2476
#
201 1.6261 0.679477 0.675567
#	4644	1154
#	2207	2481
#
202 1.6248 0.679859 0.676012
#	4643	1155
#	2202	2486
#
203 1.62393 0.679477 0.675567
#	4636	1162
#	2199	2489
#
204 1.62259 0.680526 0.676012
#	4642	1156
#	2194	2494
#
205 1.62131 0.680908 0.675567
#	4644	1154
#	2192	2496
#
206 1.62005 0.681671 0.676012
#	4648	1150
#	2188	2500
#
207 1.61881 0.681862 0.679573
#	4646	1152
#	2184	2504
#
208 1.61772 0.681575 0.680463
#	4641	1157
#	2182	2506
#
209 1.61649 0.681957 0.680908
#	4641	1157
#	2178	2510
#
210 1.61573 0.683387 0.679573
#	4640	1158
#	2162	2526
#
211 1.61443 0.68396 0.680908
#	4644	1154
#	2160	2528
#
212 1.61319 0.684913 0.680908
#	4652	1146
#	2158	2530
#
213 1.61197 0.686153 0.681353
#	4654	1144
#	2147	2541
#
214 1.61082 0.686725 0.681798
#	4655	1143
#	2142	2546
#
215 1.60961 0.687011 0.682243
#	4654	1144
#	2138	2550
#
216 1.60883 0.68663 0.682688
#	4650	1148
#	2138	2550
#
217 1.60758 0.687393 0.684023
#	4652	1146
#	2132	2556
#
218 1.60641 0.687488 0.684023
#	4650	1148
#	2129	2559
#
219 1.60537 0.687393 0.684468
#	4648	1150
#	2128	2560
#
220 1.60415 0.68787 0.684468
#	4653	1145
#	2128	2560
#
221 1.60305 0.68787 0.685358
#	4648	1150
#	2123	2565
#
222 1.60187 0.688442 0.685358
#	4652	1146
#	2121	2567
#
223 1.60113 0.688442 0.684023
#	4646	1152
#	2115	2573
#
224 1.5999 0.688728 0.684023
#	4648	1150
#	2114	2574
#
225 1.5987 0.688156 0.683578
#	4644	1154
#	2116	2572
#
226 1.59758 0.68806 0.685803
#	4642	1156
#	2115	2573
#
227 1.59659 0.688156 0.687583
#	4643	1155
#	2115	2573
#
228 1.5954 0.688919 0.687583
#	4647	1151
#	2111	2577
#
229 1.59475 0.688728 0.686248
#	4644	1154
#	2110	2578
#
230 1.59352 0.688823 0.689364
#	4647	1151
#	2112	2576
#
231 1.59234 0.6893 0.689809
#	4647	1151
#	2107	2581
#
232 1.59117 0.690158 0.689809
#	4656	1142
#	2107	2581
#
233 1.59001 0.69054 0.689364
#	4658	1140
#	2105	2583
#
234 1.58893 0.690063 0.688919
#	4657	1141
#	2109	2579
#
235 1.58777 0.690063 0.689809
#	4655	1143
#	2107	2581
#
236 1.58698 0.689968 0.688474
#	4654	1144
#	2107	2581
#
237 1.58585 0.690731 0.688028
#	4658	1140
#	2103	2585
#
238 1.58497 0.690349 0.687583
#	4657	1141
#	2106	2582
#
239 1.58378 0.689968 0.687138
#	4658	1140
#	2111	2577
#
240 1.58262 0.690349 0.688028
#	4661	1137
#	2110	2578
#
241 1.58147 0.690063 0.688028
#	4657	1141
#	2109	2579
#
242 1.58036 0.691589 0.688919
#	4664	1134
#	2100	2588
#
243 1.57944 0.691017 0.688028
#	4658	1140
#	2100	2588
#
244 1.57826 0.691589 0.687583
#	4661	1137
#	2097	2591
#
245 1.57712 0.692161 0.688919
#	4665	1133
#	2095	2593
#
246 1.57599 0.692161 0.690254
#	4664	1134
#	2094	2594
#
247 1.57498 0.692542 0.690254
#	4665	1133
#	2091	2597
#
248 1.57417 0.69197 0.688474
#	4655	1143
#	2087	2601
#
249 1.57298 0.692447 0.689809
#	4658	1140
#	2085	2603
#
250 1.57184 0.692638 0.691589
#	4657	1141
#	2082	2606
#
251 1.57073 0.693019 0.692034
#	4659	1139
#	2080	2608
#
252 1.56966 0.693115 0.690699
#	4657	1141
#	2077	2611
#
253 1.56856 0.693687 0.689809
#	4659	1139
#	2073	2615
#
254 1.56768 0.69445 0.688919
#	4659	1139
#	2065	2623
#
255 1.56654 0.694736 0.688474
#	4659	1139
#	2062	2626
#
256 1.56543 0.694831 0.687583
#	4658	1140
#	2060	2628
#
257 1.56442 0.695213 0.687138
#	4657	1141
#	2055	2633
#
258 1.56332 0.695785 0.687138
#	4661	1137
#	2053	2635
#
259 1.56224 0.695689 0.688474
#	4661	1137
#	2054	2634
#
260 1.56119 0.696548 0.689364
#	4663	1135
#	2047	2641
#
261 1.56031 0.695976 0.690254
#	4660	1138
#	2050	2638
#
262 1.55936 0.696548 0.690254
#	4657	1141
#	2041	2647
#
263 1.55828 0.696929 0.689809
#	4660	1138
#	2040	2648
#
264 1.55725 0.697501 0.690699
#	4660	1138
#	2034	2654
#
265 1.55622 0.697978 0.690254
#	4660	1138
#	2029	2659
#
266 1.55522 0.698264 0.689364
#	4660	1138
#	2026	2662
#
267 1.55445 0.69855 0.690699
#	4660	1138
#	2023	2665
#
268 1.55344 0.69836 0.689809
#	4658	1140
#	2023	2665
#
269 1.55249 0.69855 0.690254
#	4656	1142
#	2019	2669
#
270 1.55152 0.698455 0.690699
#	4657	1141
#	2021	2667
#
271 1.55059 0.698932 0.691144
#	4652	1146
#	2011	2677
#
272 1.54969 0.698932 0.691144
#	4650	1148
#	2009	2679
#
273 1.54877 0.699504 0.690699
#	4655	1143
#	2008	2680
#
274 1.5479 0.700267 0.691589
#	4657	1141
#	2002	2686
#
275 1.54731 0.701316 0.692034
#	4662	1136
#	1996	2692
#
276 1.54639 0.700935 0.692924
#	4657	1141
#	1995	2693
#
277 1.54555 0.700362 0.692924
#	4653	1145
#	1997	2691
#
278 1.54469 0.700744 0.692924
#	4656	1142
#	1996	2692
#
279 1.54387 0.700839 0.694259
#	4657	1141
#	1996	2692
#
280 1.54307 0.701125 0.693369
#	4654	1144
#	1990	2698
#
281 1.54227 0.70103 0.693369
#	4652	1146
#	1989	2699
#
282 1.5415 0.700839 0.693814
#	4649	1149
#	1988	2700
#
283 1.54075 0.701411 0.693814
#	4649	1149
#	1982	2706
#
284 1.53999 0.702079 0.694704
#	4652	1146
#	1978	2710
#
285 1.53927 0.702842 0.695594
#	4652	1146
#	1970	2718
#
286 1.53862 0.703319 0.695149
#	4657	1141
#	1970	2718
#
287 1.53791 0.703796 0.695149
#	4658	1140
#	1966	2722
#
288 1.53722 0.704463 0.694704
#	4657	1141
#	1958	2730
#
289 1.53657 0.705226 0.695149
#	4661	1137
#	1954	2734
#
290 1.53604 0.705226 0.695594
#	4660	1138
#	1953	2735
#
291 1.53537 0.705512 0.695594
#	4659	1139
#	1949	2739
#
292 1.53473 0.705894 0.695149
#	4661	1137
#	1947	2741
#
293 1.53411 0.706275 0.696484
#	4662	1136
#	1944	2744
#
294 1.53351 0.706943 0.695149
#	4662	1136
#	1937	2751
#
295 1.53291 0.707133 0.695594
#	4661	1137
#	1934	2754
#
296 1.53233 0.707324 0.696484
#	4661	1137
#	1932	2756
#
297 1.53177 0.70761 0.697374
#	4661	1137
#	1929	2759
#
298 1.53128 0.707896 0.698264
#	4666	1132
#	1931	2757
#
299 1.53073 0.708468 0.698709
#	4669	1129
#	1928	2760
#
300 1.53019 0.70885 0.698709
#	4671	1127
#	1926	2762
#
301 1.52967 0.708945 0.698709
#	4668	1130
#	1922	2766
#
302 1.52915 0.708659 0.699599
#	4669	1129
#	1926	2762
#
303 1.52866 0.708564 0.700935
#	4666	1132
#	1924	2764
#
304 1.52819 0.709041 0.701825
#	4671	1127
#	1924	2764
#
305 1.5277 0.709136 0.70227
#	4668	1130
#	1920	2768
#
306 1.52724 0.709517 0.70227
#	4669	1129
#	1917	2771
#
307 1.52684 0.709899 0.70227
#	4672	1126
#	1916	2772
#
308 1.52637 0.709708 0.701825
#	4669	1129
#	1915	2773
#
309 1.52593 0.709994 0.701825
#	4671	1127
#	1914	2774
#
310 1.52549 0.710853 0.701825
#	4676	1122
#	1910	2778
#
311 1.52505 0.710853 0.70227
#	4677	1121
#	1911	2777
#
312 1.52464 0.710662 0.70227
#	4675	1123
#	1911	2777
#
313 1.52423 0.710757 0.70227
#	4675	1123
#	1910	2778
#
314 1.52385 0.711425 0.70227
#	4681	1117
#	1909	2779
#
315 1.52345 0.711806 0.702715
#	4683	1115
#	1907	2781
#
316 1.52306 0.711997 0.702715
#	4682	1116
#	1904	2784
#
317 1.52268 0.711997 0.70316
#	4682	1116
#	1904	2784
#
318 1.52231 0.711806 0.70316
#	4681	1117
#	1905	2783
#
319 1.52197 0.712188 0.703605
#	4680	1118
#	1900	2788
#
320 1.5216 0.712283 0.703605
#	4680	1118
#	1899	2789
#
321 1.52125 0.712283 0.70405
#	4679	1119
#	1898	2790
#
322 1.52091 0.712188 0.704495
#	4680	1118
#	1900	2788
#
323 1.52057 0.712283 0.704495
#	4679	1119
#	1898	2790
#
324 1.52023 0.712569 0.704495
#	4683	1115
#	1899	2789
#
325 1.51991 0.712951 0.70494
#	4686	1112
#	1898	2790
#
326 1.51959 0.713237 0.704495
#	4688	1110
#	1897	2791
#
327 1.51927 0.713332 0.705385
#	4688	1110
#	1896	2792
#
328 1.51896 0.713141 0.70494
#	4688	1110
#	1898	2790
#
329 1.51865 0.712664 0.70494
#	4686	1112
#	1901	2787
#
330 1.51834 0.712951 0.70494
#	4688	1110
#	1900	2788
#
331 1.51805 0.71276 0.70405
#	4686	1112
#	1900	2788
#
332 1.51776 0.713237 0.703605
#	4688	1110
#	1897	2791
#
333 1.51747 0.713237 0.704495
#	4687	1111
#	1896	2792
#
334 1.51718 0.713523 0.70405
#	4687	1111
#	1893	2795
#
335 1.51691 0.713523 0.70494
#	4687	1111
#	1893	2795
#
336 1.51663 0.713618 0.705385
#	4687	1111
#	1892	2796
#
337 1.51637 0.713809 0.705385
#	4690	1108
#	1893	2795
#
338 1.51609 0.713904 0.70494
#	4690	1108
#	1892	2796
#
339 1.51583 0.713618 0.70494
#	4688	1110
#	1893	2795
#
340 1.51557 0.713714 0.70583
#	4687	1111
#	1891	2797
#
341 1.51532 0.713904 0.706275
#	4686	1112
#	1888	2800
#
342 1.51507 0.713904 0.706275
#	4686	1112
#	1888	2800
#
343 1.51482 0.714286 0.70583
#	4687	1111
#	1885	2803
#
344 1.51458 0.71419 0.705385
#	4687	1111
#	1886	2802
#
345 1.51434 0.714667 0.70583
#	4686	1112
#	1880	2808
#
346 1.5141 0.714953 0.706275
#	4685	1113
#	1876	2812
#
347 1.51388 0.715049 0.706275
#	4686	1112
#	1876	2812
#
348 1.51365 0.715049 0.706275
#	4686	1112
#	1876	2812
#
349 1.51342 0.714953 0.70672
#	4685	1113
#	1876	2812
#
350 1.5132 0.715049 0.70672
#	4686	1112
#	1876	2812
#
351 1.51298 0.71543 0.70672
#	4686	1112
#	1872	2816
#
352 1.51277 0.715525 0.70583
#	4686	1112
#	1871	2817
#
353 1.51256 0.715525 0.70583
#	4686	1112
#	1871	2817
#
354 1.51235 0.715239 0.70583
#	4681	1117
#	1869	2819
#
355 1.51215 0.714953 0.70583
#	4677	1121
#	1868	2820
#
356 1.51195 0.715049 0.70583
#	4677	1121
#	1867	2821
#
357 1.51174 0.715049 0.70583
#	4675	1123
#	1865	2823
#
358 1.51154 0.714953 0.706275
#	4673	1125
#	1864	2824
#
359 1.51135 0.715525 0.70583
#	4675	1123
#	1860	2828
#
360 1.51116 0.715621 0.705385
#	4676	1122
#	1860	2828
#
361 1.51097 0.715621 0.706275
#	4676	1122
#	1860	2828
#
362 1.51078 0.715716 0.70672
#	4676	1122
#	1859	2829
#
363 1.51059 0.715716 0.70672
#	4675	1123
#	1858	2830
#
364 1.51042 0.715621 0.70672
#	4676	1122
#	1860	2828
#
365 1.51023 0.716098 0.706275
#	4678	1120
#	1857	2831
#
366 1.51006 0.716193 0.706275
#	4677	1121
#	1855	2833
#
367 1.50988 0.716002 0.70583
#	4675	1123
#	1855	2833
#
368 1.50971 0.716288 0.70583
#	4677	1121
#	1854	2834
#
369 1.50954 0.716479 0.70583
#	4678	1120
#	1853	2835
#
370 1.50937 0.716574 0.704495
#	4679	1119
#	1853	2835
#
371 1.5092 0.716384 0.70494
#	4678	1120
#	1854	2834
#
372 1.50904 0.716288 0.70494
#	4679	1119
#	1856	2832
#
373 1.50888 0.716002 0.705385
#	4679	1119
#	1859	2829
#
374 1.50872 0.716193 0.705385
#	4681	1117
#	1859	2829
#
375 1.50856 0.716002 0.705385
#	4678	1120
#	1858	2830
#
376 1.50839 0.716193 0.705385
#	4679	1119
#	1857	2831
#
377 1.50824 0.716384 0.70494
#	4680	1118
#	1856	2832
#
378 1.50809 0.716193 0.70494
#	4681	1117
#	1859	2829
#
379 1.50794 0.716288 0.70494
#	4682	1116
#	1859	2829
#
380 1.50779 0.716288 0.70494
#	4683	1115
#	1860	2828
#
381 1.50763 0.716193 0.70494
#	4684	1114
#	1862	2826
#
382 1.50749 0.716193 0.70494
#	4685	1113
#	1863	2825
#
383 1.50734 0.716193 0.70494
#	4685	1113
#	1863	2825
#
384 1.5072 0.715907 0.70494
#	4683	1115
#	1864	2824
#
385 1.50705 0.716002 0.705385
#	4683	1115
#	1863	2825
#
386 1.50692 0.715907 0.705385
#	4684	1114
#	1865	2823
#
387 1.50677 0.715812 0.70583
#	4684	1114
#	1866	2822
#
388 1.50663 0.715812 0.70583
#	4685	1113
#	1867	2821
#
389 1.5065 0.715907 0.706275
#	4686	1112
#	1867	2821
#
390 1.50636 0.715812 0.706275
#	4685	1113
#	1867	2821
#
391 1.50623 0.715812 0.706275
#	4687	1111
#	1869	2819
#
392 1.5061 0.715716 0.706275
#	4687	1111
#	1870	2818
#
393 1.50597 0.715621 0.70672
#	4687	1111
#	1871	2817
#
394 1.50583 0.715621 0.70672
#	4687	1111
#	1871	2817
#
395 1.50571 0.715907 0.706275
#	4689	1109
#	1870	2818
#
396 1.50558 0.715812 0.706275
#	4688	1110
#	1870	2818
#
397 1.50545 0.715621 0.706275
#	4688	1110
#	1872	2816
#
398 1.50533 0.71543 0.70672
#	4686	1112
#	1872	2816
#
399 1.5052 0.715525 0.70672
#	4687	1111
#	1872	2816
#
400 1.50508 0.715525 0.707165
#	4687	1111
#	1872	2816
#
401 1.50496 0.715525 0.707165
#	4685	1113
#	1870	2818
#
402 1.50484 0.715525 0.707165
#	4684	1114
#	1869	2819
#
403 1.50472 0.715716 0.706275
#	4684	1114
#	1867	2821
#
404 1.5046 0.715716 0.706275
#	4683	1115
#	1866	2822
#
405 1.50448 0.715716 0.706275
#	4683	1115
#	1866	2822
#
406 1.50437 0.715812 0.70494
#	4683	1115
#	1865	2823
#
407 1.50425 0.715812 0.70494
#	4682	1116
#	1864	2824
#
408 1.50414 0.715621 0.70494
#	4681	1117
#	1865	2823
#
409 1.50402 0.71543 0.705385
#	4681	1117
#	1867	2821
#
410 1.50391 0.71543 0.705385
#	4682	1116
#	1868	2820
#
411 1.50379 0.715239 0.70583
#	4681	1117
#	1869	2819
#
412 1.50369 0.715335 0.705385
#	4681	1117
#	1868	2820
#
413 1.50358 0.715621 0.70583
#	4681	1117
#	1865	2823
#
414 1.50346 0.715716 0.70583
#	4682	1116
#	1865	2823
#
415 1.50336 0.715621 0.70583
#	4681	1117
#	1865	2823
#
416 1.50325 0.715716 0.706275
#	4681	1117
#	1864	2824
#
417 1.50315 0.715716 0.706275
#	4682	1116
#	1865	2823
#
418 1.50304 0.715812 0.706275
#	4683	1115
#	1865	2823
#
419 1.50294 0.715716 0.70672
#	4681	1117
#	1864	2824
#
420 1.50284 0.715812 0.707165
#	4682	1116
#	1864	2824
#
421 1.50273 0.715907 0.707165
#	4682	1116
#	1863	2825
#
422 1.50263 0.716002 0.707165
#	4683	1115
#	1863	2825
#
423 1.50253 0.715907 0.70672
#	4682	1116
#	1863	2825
#
424 1.50242 0.715716 0.70672
#	4682	1116
#	1865	2823
#
425 1.50232 0.715621 0.70672
#	4682	1116
#	1866	2822
#
426 1.50222 0.715525 0.70672
#	4682	1116
#	1867	2821
#
427 1.50213 0.715525 0.706275
#	4682	1116
#	1867	2821
#
428 1.50203 0.715621 0.706275
#	4683	1115
#	1867	2821
#
429 1.50193 0.715621 0.706275
#	4683	1115
#	1867	2821
#
430 1.50184 0.715335 0.70672
#	4682	1116
#	1869	2819
#
431 1.50173 0.715239 0.707165
#	4680	1118
#	1868	2820
#
432 1.50164 0.715144 0.707165
#	4679	1119
#	1868	2820
#
433 1.50155 0.715144 0.707165
#	4678	1120
#	1867	2821
#
434 1.50145 0.714953 0.707165
#	4678	1120
#	1869	2819
#
435 1.50136 0.714763 0.707165
#	4677	1121
#	1870	2818
#
436 1.50127 0.714953 0.707165
#	4678	1120
#	1869	2819
#
437 1.50117 0.714953 0.708055
#	4678	1120
#	1869	2819
#
438 1.50109 0.714858 0.708055
#	4676	1122
#	1868	2820
#
439 1.50099 0.714763 0.7085
#	4675	1123
#	1868	2820
#
440 1.5009 0.715049 0.7085
#	4677	1121
#	1867	2821
#
441 1.50081 0.714858 0.708055
#	4676	1122
#	1868	2820
#
442 1.50072 0.714763 0.7085
#	4675	1123
#	1868	2820
#
443 1.50063 0.714763 0.708055
#	4675	1123
#	1868	2820
#
444 1.50055 0.714763 0.708055
#	4674	1124
#	1867	2821
#
445 1.50046 0.714381 0.708055
#	4673	1125
#	1870	2818
#
446 1.50037 0.714381 0.70761
#	4673	1125
#	1870	2818
#
447 1.50029 0.714095 0.70761
#	4672	1126
#	1872	2816
#
448 1.5002 0.71419 0.70761
#	4672	1126
#	1871	2817
#
449 1.50012 0.714286 0.707165
#	4673	1125
#	1871	2817
#
450 1.50003 0.714286 0.708055
#	4674	1124
#	1872	2816
#
451 1.49994 0.714572 0.7085
#	4675	1123
#	1870	2818
#
452 1.49986 0.714476 0.7085
#	4675	1123
#	1871	2817
#
453 1.49978 0.714381 0.708055
#	4675	1123
#	1872	2816
#
454 1.49969 0.714286 0.708055
#	4674	1124
#	1872	2816
#
455 1.49961 0.714095 0.7085
#	4674	1124
#	1874	2814
#
456 1.49953 0.71419 0.7085
#	4675	1123
#	1874	2814
#
457 1.49944 0.713904 0.7085
#	4673	1125
#	1875	2813
#
458 1.49936 0.713809 0.7085
#	4672	1126
#	1875	2813
#
459 1.49928 0.714 0.708945
#	4674	1124
#	1875	2813
#
460 1.4992 0.714095 0.708945
#	4675	1123
#	1875	2813
#
461 1.49912 0.714 0.70939
#	4674	1124
#	1875	2813
#
462 1.49904 0.713904 0.70939
#	4675	1123
#	1877	2811
#
463 1.49896 0.714 0.70939
#	4676	1122
#	1877	2811
#
464 1.49888 0.713904 0.70939
#	4674	1124
#	1876	2812
#
465 1.4988 0.71419 0.70939
#	4675	1123
#	1874	2814
#
466 1.49873 0.71419 0.70939
#	4676	1122
#	1875	2813
#
467 1.49865 0.714095 0.70939
#	4676	1122
#	1876	2812
#
468 1.49857 0.713618 0.708945
#	4675	1123
#	1880	2808
#
469 1.4985 0.713618 0.70939
#	4675	1123
#	1880	2808
#
470 1.49842 0.713809 0.70939
#	4676	1122
#	1879	2809
#
471 1.49834 0.713904 0.710725
#	4677	1121
#	1879	2809
#
472 1.49827 0.714 0.710725
#	4677	1121
#	1878	2810
#
473 1.49819 0.714 0.710725
#	4677	1121
#	1878	2810
#
474 1.49811 0.714095 0.710725
#	4677	1121
#	1877	2811
#
475 1.49805 0.71419 0.71117
#	4678	1120
#	1877	2811
#
476 1.49797 0.714381 0.71117
#	4680	1118
#	1877	2811
#
477 1.4979 0.714476 0.71117
#	4682	1116
#	1878	2810
#
478 1.49783 0.714476 0.71117
#	4682	1116
#	1878	2810
#
479 1.49775 0.714476 0.711616
#	4682	1116
#	1878	2810
#
480 1.49767 0.714476 0.71117
#	4682	1116
#	1878	2810
#
481 1.4976 0.714572 0.71117
#	4683	1115
#	1878	2810
#
482 1.49753 0.714763 0.71117
#	4682	1116
#	1875	2813
#
483 1.49746 0.714763 0.71117
#	4683	1115
#	1876	2812
#
484 1.49739 0.714667 0.71117
#	4682	1116
#	1876	2812
#
485 1.49731 0.714572 0.71117
#	4681	1117
#	1876	2812
#
486 1.49724 0.714572 0.71117
#	4681	1117
#	1876	2812
#
487 1.49718 0.714572 0.71117
#	4681	1117
#	1876	2812
#
488 1.4971 0.714572 0.710725
#	4680	1118
#	1875	2813
#
489 1.49703 0.714763 0.710725
#	4681	1117
#	1874	2814
#
490 1.49696 0.714667 0.71117
#	4681	1117
#	1875	2813
#
491 1.49689 0.714476 0.711616
#	4681	1117
#	1877	2811
#
492 1.49682 0.714572 0.711616
#	4682	1116
#	1877	2811
#
493 1.49675 0.714476 0.711616
#	4681	1117
#	1877	2811
#
494 1.49668 0.714381 0.711616
#	4681	1117
#	1878	2810
#
495 1.49662 0.714381 0.711616
#	4681	1117
#	1878	2810
#
496 1.49655 0.71419 0.712061
#	4680	1118
#	1879	2809
#
497 1.49648 0.71419 0.712061
#	4680	1118
#	1879	2809
#
498 1.49641 0.71419 0.712061
#	4680	1118
#	1879	2809
#
499 1.49635 0.714286 0.712061
#	4680	1118
#	1878	2810
#
500 1.49628 0.714286 0.712061
#	4680	1118
#	1878	2810
#
501 1.49621 0.71419 0.712506
#	4679	1119
#	1878	2810
#
502 1.49614 0.714286 0.712506
#	4679	1119
#	1877	2811
#
503 1.49608 0.714476 0.712506
#	4679	1119
#	1875	2813
#
504 1.49601 0.714667 0.712506
#	4680	1118
#	1874	2814
#
505 1.49595 0.715049 0.712506
#	4683	1115
#	1873	2815
#
506 1.49588 0.715144 0.712506
#	4684	1114
#	1873	2815
#
507 1.49581 0.715144 0.712061
#	4684	1114
#	1873	2815
#
508 1.49575 0.715239 0.712061
#	4684	1114
#	1872	2816
#
509 1.49568 0.715049 0.712061
#	4684	1114
#	1874	2814
#
510 1.49562 0.715144 0.712061
#	4684	1114
#	1873	2815
#
511 1.49555 0.715239 0.712061
#	4684	1114
#	1872	2816
#
512 1.49549 0.715144 0.711616
#	4683	1115
#	1872	2816
#
513 1.49543 0.715239 0.711616
#	4683	1115
#	1871	2817
#
514 1.49537 0.715144 0.712061
#	4682	1116
#	1871	2817
#
515 1.4953 0.715144 0.712061
#	4682	1116
#	1871	2817
#
516 1.49523 0.715144 0.712506
#	4682	1116
#	1871	2817
#
517 1.49517 0.715239 0.712506
#	4681	1117
#	1869	2819
#
518 1.49511 0.715335 0.712506
#	4681	1117
#	1868	2820
#
519 1.49504 0.71543 0.712506
#	4682	1116
#	1868	2820
#
520 1.49498 0.715335 0.712506
#	4681	1117
#	1868	2820
#
521 1.49492 0.715335 0.712506
#	4681	1117
#	1868	2820
#
522 1.49486 0.71543 0.712506
#	4682	1116
#	1868	2820
#
523 1.49479 0.71543 0.712506
#	4681	1117
#	1867	2821
#
524 1.49474 0.715335 0.712506
#	4681	1117
#	1868	2820
#
525 1.49467 0.715239 0.712506
#	4682	1116
#	1870	2818
#
526 1.4946 0.715525 0.712506
#	4683	1115
#	1868	2820
#
527 1.49454 0.71543 0.712506
#	4683	1115
#	1869	2819
#
528 1.49449 0.715621 0.712951
#	4683	1115
#	1867	2821
#
529 1.49443 0.715621 0.712951
#	4683	1115
#	1867	2821
#
530 1.49437 0.715716 0.713396
#	4683	1115
#	1866	2822
#
531 1.4943 0.715716 0.713841
#	4683	1115
#	1866	2822
#
532 1.49424 0.715621 0.713841
#	4682	1116
#	1866	2822
#
533 1.49418 0.715525 0.714286
#	4681	1117
#	1866	2822
#
534 1.49412 0.715525 0.714731
#	4681	1117
#	1866	2822
#
535 1.49406 0.715621 0.714731
#	4682	1116
#	1866	2822
#
536 1.494 0.71543 0.714731
#	4680	1118
#	1866	2822
#
537 1.49394 0.715525 0.714286
#	4680	1118
#	1865	2823
#
538 1.49388 0.715525 0.714286
#	4680	1118
#	1865	2823
#
539 1.49382 0.715716 0.714286
#	4682	1116
#	1865	2823
#
540 1.49376 0.715621 0.714731
#	4681	1117
#	1865	2823
#
541 1.49371 0.715525 0.714731
#	4681	1117
#	1866	2822
#
542 1.49365 0.71543 0.714731
#	4680	1118
#	1866	2822
#
543 1.49359 0.715335 0.714731
#	4681	1117
#	1868	2820
#
544 1.49352 0.715335 0.715176
#	4681	1117
#	1868	2820
#
545 1.49347 0.715335 0.715176
#	4681	1117
#	1868	2820
#
546 1.49341 0.715239 0.715176
#	4681	1117
#	1869	2819
#
547 1.49335 0.71543 0.715176
#	4683	1115
#	1869	2819
#
548 1.49329 0.715525 0.715176
#	4683	1115
#	1868	2820
#
549 1.49323 0.715621 0.715176
#	4684	1114
#	1868	2820
#
550 1.49318 0.715621 0.715176
#	4684	1114
#	1868	2820
#
551 1.49312 0.715621 0.715621
#	4684	1114
#	1868	2820
#
552 1.49306 0.715621 0.715621
#	4684	1114
#	1868	2820
#
553 1.493 0.715621 0.715621
#	4684	1114
#	1868	2820
#
554 1.49294 0.715525 0.715621
#	4683	1115
#	1868	2820
#
555 1.49289 0.715525 0.715621
#	4683	1115
#	1868	2820
#
556 1.49283 0.715335 0.715621
#	4682	1116
#	1869	2819
#
557 1.49277 0.715335 0.715621
#	4681	1117
#	1868	2820
#
558 1.49271 0.715525 0.715621
#	4681	1117
#	1866	2822
#
559 1.49266 0.715525 0.715176
#	4681	1117
#	1866	2822
#
560 1.4926 0.715525 0.714731
#	4681	1117
#	1866	2822
#
561 1.49254 0.715716 0.714731
#	4681	1117
#	1864	2824
#
562 1.49249 0.715812 0.715176
#	4681	1117
#	1863	2825
#
563 1.49243 0.715907 0.715176
#	4682	1116
#	1863	2825
#
564 1.49237 0.716002 0.715176
#	4682	1116
#	1862	2826
#
565 1.49231 0.715907 0.715176
#	4681	1117
#	1862	2826
#
566 1.49225 0.716002 0.715176
#	4681	1117
#	1861	2827
#
567 1.4922 0.716002 0.715176
#	4681	1117
#	1861	2827
#
568 1.49215 0.716193 0.715176
#	4681	1117
#	1859	2829
#
569 1.49209 0.716288 0.715176
#	4682	1116
#	1859	2829
#
570 1.49204 0.716384 0.715176
#	4682	1116
#	1858	2830
#
571 1.49198 0.71667 0.715176
#	4682	1116
#	1855	2833
#
572 1.49192 0.716765 0.715176
#	4682	1116
#	1854	2834
#
573 1.49187 0.716861 0.715176
#	4682	1116
#	1853	2835
#
574 1.49181 0.716765 0.715176
#	4681	1117
#	1853	2835
#
575 1.49176 0.716861 0.715621
#	4681	1117
#	1852	2836
#
576 1.4917 0.716861 0.715621
#	4681	1117
#	1852	2836
#
577 1.49165 0.716765 0.715621
#	4680	1118
#	1852	2836
#
578 1.49159 0.716861 0.715621
#	4680	1118
#	1851	2837
#
579 1.49153 0.716861 0.715621
#	4680	1118
#	1851	2837
#
580 1.49148 0.716956 0.715621
#	4681	1117
#	1851	2837
#
581 1.49142 0.717147 0.715621
#	4683	1115
#	1851	2837
#
582 1.49137 0.717337 0.715621
#	4685	1113
#	1851	2837
#
583 1.49131 0.717433 0.715621
#	4685	1113
#	1850	2838
#
584 1.49126 0.717433 0.715621
#	4685	1113
#	1850	2838
#
585 1.4912 0.717433 0.715621
#	4685	1113
#	1850	2838
#
586 1.49115 0.717433 0.715176
#	4685	1113
#	1850	2838
#
587 1.4911 0.717433 0.715176
#	4685	1113
#	1850	2838
#
588 1.49104 0.717433 0.715176
#	4685	1113
#	1850	2838
#
589 1.49099 0.717719 0.715176
#	4686	1112
#	1848	2840
#
590 1.49094 0.717719 0.715176
#	4686	1112
#	1848	2840
#
591 1.49088 0.717719 0.714731
#	4686	1112
#	1848	2840
#
592 1.49083 0.717719 0.714731
#	4686	1112
#	1848	2840
#
593 1.49077 0.717528 0.715176
#	4685	1113
#	1849	2839
#
594 1.49072 0.717528 0.715176
#	4685	1113
#	1849	2839
#
595 1.49066 0.717528 0.714731
#	4685	1113
#	1849	2839
#
596 1.49061 0.717719 0.714731
#	4686	1112
#	1848	2840
#
597 1.49056 0.717623 0.715176
#	4685	1113
#	1848	2840
#
598 1.4905 0.717623 0.715176
#	4685	1113
#	1848	2840
#
599 1.49045 0.717719 0.715176
#	4686	1112
#	1848	2840
#
600 1.4904 0.717814 0.714731
#	4686	1112
#	1847	2841
#
601 1.49034 0.717814 0.714731
#	4686	1112
#	1847	2841
#
#normalizar está a 1
#accuracy test final: 0.70939
#	1004	224
#	429	590
#0.70939
