0 0.204513 0.96945 0.980769
#	312	11
#	4	164
#
1 0.201432 0.96945 0.980769
#	312	11
#	4	164
#
2 0.199788 0.96945 0.980769
#	312	11
#	4	164
#
3 0.198322 0.96945 0.980769
#	312	11
#	4	164
#
4 0.196868 0.96945 0.990385
#	312	11
#	4	164
#
5 0.195385 0.96945 0.990385
#	312	11
#	4	164
#
6 0.193856 0.96945 0.990385
#	312	11
#	4	164
#
7 0.192266 0.96945 0.990385
#	312	11
#	4	164
#
8 0.190601 0.96945 0.990385
#	312	11
#	4	164
#
9 0.188852 0.96945 0.990385
#	312	11
#	4	164
#
10 0.187016 0.971487 0.990385
#	312	11
#	3	165
#
11 0.185093 0.971487 0.990385
#	312	11
#	3	165
#
12 0.183082 0.973523 0.990385
#	313	10
#	3	165
#
13 0.180977 0.973523 0.990385
#	313	10
#	3	165
#
14 0.178768 0.973523 0.990385
#	313	10
#	3	165
#
15 0.176443 0.973523 0.990385
#	313	10
#	3	165
#
16 0.173992 0.973523 0.990385
#	313	10
#	3	165
#
17 0.171408 0.973523 0.990385
#	313	10
#	3	165
#
18 0.168689 0.973523 0.990385
#	313	10
#	3	165
#
19 0.165839 0.973523 0.990385
#	313	10
#	3	165
#
20 0.162874 0.97556 0.990385
#	314	9
#	3	165
#
21 0.159816 0.97556 0.990385
#	314	9
#	3	165
#
22 0.156693 0.97556 0.980769
#	314	9
#	3	165
#
23 0.153539 0.97556 0.980769
#	314	9
#	3	165
#
24 0.150386 0.97556 0.980769
#	314	9
#	3	165
#
25 0.147267 0.977597 0.971154
#	314	9
#	2	166
#
26 0.144204 0.977597 0.971154
#	314	9
#	2	166
#
27 0.141206 0.977597 0.971154
#	314	9
#	2	166
#
28 0.138272 0.979633 0.971154
#	315	8
#	2	166
#
29 0.135385 0.979633 0.971154
#	315	8
#	2	166
#
30 0.13252 0.98167 0.971154
#	316	7
#	2	166
#
31 0.129648 0.983707 0.971154
#	317	6
#	2	166
#
32 0.12674 0.983707 0.971154
#	317	6
#	2	166
#
33 0.123779 0.983707 0.971154
#	317	6
#	2	166
#
34 0.120755 0.983707 0.971154
#	317	6
#	2	166
#
35 0.117672 0.983707 0.971154
#	317	6
#	2	166
#
36 0.114544 0.983707 0.971154
#	317	6
#	2	166
#
37 0.111386 0.983707 0.971154
#	317	6
#	2	166
#
38 0.108213 0.983707 0.971154
#	317	6
#	2	166
#
39 0.105038 0.983707 0.971154
#	317	6
#	2	166
#
40 0.101871 0.983707 0.971154
#	317	6
#	2	166
#
41 0.0987206 0.983707 0.971154
#	317	6
#	2	166
#
42 0.0956045 0.983707 0.971154
#	317	6
#	2	166
#
43 0.0925458 0.985743 0.971154
#	318	5
#	2	166
#
44 0.0895699 0.985743 0.971154
#	318	5
#	2	166
#
45 0.0866859 0.98778 0.971154
#	319	4
#	2	166
#
46 0.0838721 0.989817 0.971154
#	319	4
#	1	167
#
47 0.0810827 0.991853 0.951923
#	320	3
#	1	167
#
48 0.0782764 0.991853 0.951923
#	320	3
#	1	167
#
49 0.0754424 0.991853 0.951923
#	320	3
#	1	167
#
50 0.0726177 0.991853 0.961538
#	320	3
#	1	167
#
51 0.0699084 0.991853 0.961538
#	320	3
#	1	167
#
52 0.0675479 0.991853 0.961538
#	320	3
#	1	167
#
53 0.0659207 0.991853 0.961538
#	320	3
#	1	167
#
54 0.0652269 0.995927 0.961538
#	321	2
#	0	168
#
#normalizar está a 1
#accuracy test final: 0.951923
#	61	2
#	3	38
#0.951923
