0 1.22941 0.852459 0.969231
#	153	32
#	13	107
#
1 0.800284 0.898361 0.969231
#	161	24
#	7	113
#
2 0.629306 0.911475 0.969231
#	164	21
#	6	114
#
3 0.53182 0.918033 0.969231
#	167	18
#	7	113
#
4 0.466564 0.92459 0.969231
#	169	16
#	7	113
#
5 0.420286 0.937705 0.969231
#	171	14
#	5	115
#
6 0.386343 0.940984 0.969231
#	171	14
#	4	116
#
7 0.36082 0.947541 0.953846
#	172	13
#	3	117
#
8 0.341237 0.947541 0.953846
#	172	13
#	3	117
#
9 0.325913 0.944262 0.953846
#	171	14
#	3	117
#
10 0.313658 0.947541 0.953846
#	171	14
#	2	118
#
11 0.303626 0.947541 0.953846
#	171	14
#	2	118
#
12 0.29522 0.947541 0.953846
#	171	14
#	2	118
#
13 0.288029 0.947541 0.953846
#	171	14
#	2	118
#
14 0.281765 0.947541 0.953846
#	171	14
#	2	118
#
15 0.27623 0.95082 0.953846
#	172	13
#	2	118
#
16 0.271277 0.954098 0.953846
#	172	13
#	1	119
#
17 0.266802 0.954098 0.953846
#	172	13
#	1	119
#
18 0.262724 0.954098 0.953846
#	172	13
#	1	119
#
19 0.25898 0.954098 0.938462
#	172	13
#	1	119
#
20 0.25552 0.954098 0.938462
#	172	13
#	1	119
#
21 0.252303 0.954098 0.938462
#	172	13
#	1	119
#
22 0.249296 0.960656 0.938462
#	174	11
#	1	119
#
23 0.246471 0.960656 0.938462
#	174	11
#	1	119
#
24 0.243804 0.960656 0.938462
#	174	11
#	1	119
#
25 0.241275 0.963934 0.938462
#	175	10
#	1	119
#
26 0.238865 0.963934 0.938462
#	175	10
#	1	119
#
27 0.23656 0.963934 0.938462
#	175	10
#	1	119
#
28 0.234345 0.967213 0.938462
#	175	10
#	0	120
#
29 0.232209 0.967213 0.938462
#	175	10
#	0	120
#
30 0.230141 0.967213 0.938462
#	175	10
#	0	120
#
31 0.228133 0.967213 0.938462
#	175	10
#	0	120
#
32 0.226176 0.967213 0.938462
#	175	10
#	0	120
#
33 0.224266 0.967213 0.938462
#	175	10
#	0	120
#
34 0.222396 0.967213 0.938462
#	175	10
#	0	120
#
35 0.220566 0.967213 0.938462
#	175	10
#	0	120
#
36 0.218771 0.963934 0.938462
#	175	10
#	1	119
#
37 0.217012 0.967213 0.938462
#	176	9
#	1	119
#
38 0.215289 0.967213 0.938462
#	176	9
#	1	119
#
39 0.213601 0.967213 0.938462
#	176	9
#	1	119
#
40 0.211948 0.967213 0.938462
#	176	9
#	1	119
#
41 0.21033 0.967213 0.938462
#	176	9
#	1	119
#
42 0.208748 0.967213 0.938462
#	176	9
#	1	119
#
43 0.207201 0.967213 0.938462
#	176	9
#	1	119
#
44 0.205687 0.967213 0.938462
#	176	9
#	1	119
#
45 0.204206 0.967213 0.938462
#	176	9
#	1	119
#
46 0.202758 0.970492 0.938462
#	177	8
#	1	119
#
47 0.20134 0.970492 0.938462
#	177	8
#	1	119
#
48 0.199952 0.970492 0.938462
#	177	8
#	1	119
#
49 0.198595 0.970492 0.938462
#	177	8
#	1	119
#
50 0.197266 0.970492 0.938462
#	177	8
#	1	119
#
51 0.195965 0.970492 0.938462
#	177	8
#	1	119
#
52 0.194692 0.970492 0.938462
#	177	8
#	1	119
#
53 0.193445 0.970492 0.938462
#	177	8
#	1	119
#
54 0.192224 0.970492 0.938462
#	177	8
#	1	119
#
55 0.191028 0.97377 0.938462
#	178	7
#	1	119
#
56 0.189858 0.97377 0.938462
#	178	7
#	1	119
#
57 0.188711 0.97377 0.938462
#	178	7
#	1	119
#
58 0.187588 0.97377 0.938462
#	178	7
#	1	119
#
59 0.186488 0.97377 0.938462
#	178	7
#	1	119
#
60 0.18541 0.97377 0.938462
#	178	7
#	1	119
#
61 0.184353 0.97377 0.938462
#	178	7
#	1	119
#
62 0.183318 0.97377 0.938462
#	178	7
#	1	119
#
63 0.182303 0.97377 0.938462
#	178	7
#	1	119
#
64 0.181308 0.97377 0.938462
#	178	7
#	1	119
#
65 0.180332 0.97377 0.938462
#	178	7
#	1	119
#
66 0.179376 0.97377 0.938462
#	178	7
#	1	119
#
67 0.178437 0.97377 0.938462
#	178	7
#	1	119
#
68 0.177517 0.97377 0.938462
#	178	7
#	1	119
#
69 0.176614 0.97377 0.938462
#	178	7
#	1	119
#
70 0.175728 0.97377 0.938462
#	178	7
#	1	119
#
71 0.174858 0.97377 0.938462
#	178	7
#	1	119
#
72 0.174004 0.97377 0.938462
#	178	7
#	1	119
#
73 0.173167 0.97377 0.938462
#	178	7
#	1	119
#
74 0.172344 0.97377 0.938462
#	178	7
#	1	119
#
75 0.171537 0.97377 0.938462
#	178	7
#	1	119
#
76 0.170744 0.97377 0.938462
#	178	7
#	1	119
#
77 0.169965 0.97377 0.938462
#	178	7
#	1	119
#
78 0.1692 0.97377 0.938462
#	178	7
#	1	119
#
79 0.16845 0.97377 0.938462
#	178	7
#	1	119
#
80 0.167712 0.97377 0.938462
#	178	7
#	1	119
#
81 0.166987 0.97377 0.938462
#	178	7
#	1	119
#
82 0.166275 0.97377 0.938462
#	178	7
#	1	119
#
83 0.165575 0.97377 0.938462
#	178	7
#	1	119
#
84 0.164888 0.97377 0.938462
#	178	7
#	1	119
#
85 0.164212 0.97377 0.938462
#	178	7
#	1	119
#
86 0.163548 0.97377 0.938462
#	178	7
#	1	119
#
87 0.162895 0.97377 0.938462
#	178	7
#	1	119
#
88 0.162253 0.97377 0.938462
#	178	7
#	1	119
#
89 0.161622 0.97377 0.938462
#	178	7
#	1	119
#
90 0.161001 0.97377 0.938462
#	178	7
#	1	119
#
91 0.16039 0.97377 0.938462
#	178	7
#	1	119
#
92 0.159788 0.97377 0.938462
#	178	7
#	1	119
#
93 0.159197 0.97377 0.938462
#	178	7
#	1	119
#
94 0.158614 0.97377 0.938462
#	178	7
#	1	119
#
95 0.158041 0.97377 0.938462
#	178	7
#	1	119
#
96 0.157476 0.97377 0.938462
#	178	7
#	1	119
#
97 0.156919 0.97377 0.938462
#	178	7
#	1	119
#
98 0.15637 0.97377 0.938462
#	178	7
#	1	119
#
99 0.155829 0.97377 0.938462
#	178	7
#	1	119
#
100 0.155296 0.97377 0.938462
#	178	7
#	1	119
#
#normalizar está a 0
#accuracy test final: 0.815385
#	30	11
#	1	23
#0.815385
