0 0.204832 0.973523 0.951923
#	319	8
#	5	159
#
1 0.165557 0.98167 0.951923
#	319	8
#	1	163
#
2 0.150521 0.983707 0.951923
#	320	7
#	1	163
#
3 0.142271 0.98167 0.942308
#	320	7
#	2	162
#
4 0.137198 0.98167 0.942308
#	320	7
#	2	162
#
5 0.133826 0.98167 0.942308
#	320	7
#	2	162
#
6 0.131409 0.98167 0.942308
#	320	7
#	2	162
#
7 0.129561 0.983707 0.942308
#	321	6
#	2	162
#
8 0.128077 0.983707 0.942308
#	321	6
#	2	162
#
9 0.126843 0.983707 0.942308
#	321	6
#	2	162
#
10 0.125795 0.983707 0.942308
#	321	6
#	2	162
#
11 0.124895 0.985743 0.942308
#	321	6
#	1	163
#
12 0.124115 0.985743 0.942308
#	321	6
#	1	163
#
13 0.123437 0.985743 0.942308
#	321	6
#	1	163
#
14 0.122848 0.985743 0.942308
#	321	6
#	1	163
#
15 0.122335 0.985743 0.942308
#	321	6
#	1	163
#
16 0.121889 0.985743 0.942308
#	321	6
#	1	163
#
17 0.121501 0.985743 0.942308
#	321	6
#	1	163
#
18 0.121166 0.985743 0.942308
#	321	6
#	1	163
#
19 0.120877 0.983707 0.942308
#	321	6
#	2	162
#
20 0.120627 0.983707 0.942308
#	321	6
#	2	162
#
21 0.120413 0.983707 0.942308
#	321	6
#	2	162
#
22 0.120229 0.983707 0.942308
#	321	6
#	2	162
#
23 0.120071 0.983707 0.942308
#	321	6
#	2	162
#
24 0.119936 0.983707 0.942308
#	321	6
#	2	162
#
25 0.119821 0.983707 0.942308
#	321	6
#	2	162
#
26 0.119722 0.983707 0.942308
#	321	6
#	2	162
#
27 0.119637 0.983707 0.942308
#	321	6
#	2	162
#
28 0.119564 0.983707 0.942308
#	321	6
#	2	162
#
29 0.119499 0.983707 0.942308
#	321	6
#	2	162
#
30 0.119442 0.983707 0.942308
#	321	6
#	2	162
#
31 0.119391 0.983707 0.942308
#	321	6
#	2	162
#
32 0.119343 0.983707 0.942308
#	321	6
#	2	162
#
33 0.119299 0.983707 0.942308
#	321	6
#	2	162
#
34 0.119257 0.983707 0.942308
#	321	6
#	2	162
#
35 0.119215 0.983707 0.942308
#	321	6
#	2	162
#
36 0.119175 0.983707 0.942308
#	321	6
#	2	162
#
37 0.119133 0.983707 0.942308
#	321	6
#	2	162
#
38 0.119092 0.983707 0.942308
#	321	6
#	2	162
#
39 0.119049 0.983707 0.942308
#	321	6
#	2	162
#
40 0.119004 0.983707 0.942308
#	321	6
#	2	162
#
41 0.118959 0.983707 0.942308
#	321	6
#	2	162
#
42 0.118911 0.983707 0.942308
#	321	6
#	2	162
#
43 0.118862 0.983707 0.942308
#	321	6
#	2	162
#
44 0.118811 0.983707 0.942308
#	321	6
#	2	162
#
45 0.118758 0.983707 0.942308
#	321	6
#	2	162
#
46 0.118703 0.983707 0.942308
#	321	6
#	2	162
#
47 0.118647 0.983707 0.942308
#	321	6
#	2	162
#
48 0.118589 0.983707 0.942308
#	321	6
#	2	162
#
49 0.118529 0.983707 0.942308
#	321	6
#	2	162
#
50 0.118468 0.983707 0.942308
#	321	6
#	2	162
#
51 0.118406 0.983707 0.942308
#	321	6
#	2	162
#
52 0.118342 0.983707 0.942308
#	321	6
#	2	162
#
#normalizar está a 0
#accuracy test final: 0.951923
#	69	3
#	2	30
#0.951923
