0 0.890868 0.898361 0.923077
#	184	5
#	26	90
#
1 0.669186 0.901639 0.923077
#	184	5
#	25	91
#
2 0.594737 0.908197 0.938462
#	184	5
#	23	93
#
3 0.557349 0.911475 0.938462
#	184	5
#	22	94
#
4 0.53458 0.918033 0.938462
#	185	4
#	21	95
#
5 0.519133 0.921311 0.923077
#	186	3
#	21	95
#
6 0.507592 0.92459 0.923077
#	186	3
#	20	96
#
7 0.498217 0.921311 0.923077
#	185	4
#	20	96
#
8 0.490105 0.918033 0.923077
#	185	4
#	21	95
#
9 0.482786 0.914754 0.923077
#	185	4
#	22	94
#
10 0.47602 0.914754 0.923077
#	185	4
#	22	94
#
11 0.469687 0.914754 0.923077
#	185	4
#	22	94
#
12 0.463725 0.918033 0.923077
#	186	3
#	22	94
#
13 0.45809 0.918033 0.923077
#	186	3
#	22	94
#
14 0.452743 0.921311 0.923077
#	186	3
#	21	95
#
15 0.447639 0.921311 0.938462
#	186	3
#	21	95
#
16 0.442733 0.921311 0.938462
#	186	3
#	21	95
#
17 0.437977 0.921311 0.938462
#	186	3
#	21	95
#
18 0.433329 0.921311 0.938462
#	186	3
#	21	95
#
19 0.42875 0.921311 0.938462
#	186	3
#	21	95
#
20 0.424211 0.92459 0.938462
#	186	3
#	20	96
#
21 0.419694 0.92459 0.938462
#	186	3
#	20	96
#
22 0.415189 0.927869 0.938462
#	186	3
#	19	97
#
23 0.410693 0.927869 0.938462
#	186	3
#	19	97
#
24 0.406211 0.931148 0.938462
#	186	3
#	18	98
#
25 0.401753 0.931148 0.938462
#	186	3
#	18	98
#
26 0.397329 0.931148 0.938462
#	186	3
#	18	98
#
27 0.392951 0.931148 0.938462
#	186	3
#	18	98
#
28 0.38863 0.931148 0.938462
#	186	3
#	18	98
#
29 0.384376 0.931148 0.938462
#	186	3
#	18	98
#
30 0.380196 0.931148 0.938462
#	186	3
#	18	98
#
31 0.376097 0.931148 0.938462
#	186	3
#	18	98
#
32 0.372083 0.931148 0.938462
#	186	3
#	18	98
#
33 0.368155 0.934426 0.938462
#	186	3
#	17	99
#
34 0.364315 0.937705 0.938462
#	186	3
#	16	100
#
35 0.360561 0.937705 0.938462
#	186	3
#	16	100
#
36 0.356891 0.944262 0.938462
#	186	3
#	14	102
#
37 0.353303 0.944262 0.938462
#	186	3
#	14	102
#
38 0.349791 0.944262 0.938462
#	186	3
#	14	102
#
39 0.346352 0.944262 0.938462
#	186	3
#	14	102
#
40 0.34298 0.944262 0.938462
#	186	3
#	14	102
#
41 0.339669 0.944262 0.938462
#	186	3
#	14	102
#
42 0.336412 0.944262 0.938462
#	186	3
#	14	102
#
43 0.333203 0.944262 0.938462
#	186	3
#	14	102
#
44 0.330034 0.944262 0.938462
#	186	3
#	14	102
#
45 0.3269 0.944262 0.938462
#	186	3
#	14	102
#
46 0.323792 0.944262 0.938462
#	186	3
#	14	102
#
47 0.320704 0.944262 0.938462
#	186	3
#	14	102
#
48 0.317629 0.947541 0.938462
#	186	3
#	13	103
#
49 0.314561 0.947541 0.938462
#	186	3
#	13	103
#
50 0.311494 0.95082 0.938462
#	186	3
#	12	104
#
51 0.30842 0.95082 0.938462
#	186	3
#	12	104
#
52 0.305336 0.95082 0.938462
#	186	3
#	12	104
#
#normalizar está a 0
#accuracy test final: 0.892308
#	36	0
#	7	22
#0.892308
