0 0.264235 0.95723 0.990385
#	310	11
#	10	160
#
1 0.242082 0.959267 0.990385
#	310	11
#	9	161
#
2 0.234821 0.961303 0.980769
#	310	11
#	8	162
#
3 0.230579 0.96334 0.980769
#	310	11
#	7	163
#
4 0.227562 0.965377 0.980769
#	310	11
#	6	164
#
5 0.22521 0.967413 0.980769
#	311	10
#	6	164
#
6 0.223288 0.967413 0.980769
#	311	10
#	6	164
#
7 0.22168 0.967413 0.980769
#	311	10
#	6	164
#
8 0.220318 0.967413 0.971154
#	311	10
#	6	164
#
9 0.219156 0.967413 0.971154
#	311	10
#	6	164
#
10 0.218161 0.967413 0.971154
#	311	10
#	6	164
#
11 0.217309 0.967413 0.971154
#	311	10
#	6	164
#
12 0.216579 0.967413 0.971154
#	311	10
#	6	164
#
13 0.215956 0.967413 0.971154
#	311	10
#	6	164
#
14 0.215428 0.967413 0.971154
#	311	10
#	6	164
#
15 0.214982 0.967413 0.971154
#	311	10
#	6	164
#
16 0.21461 0.967413 0.971154
#	311	10
#	6	164
#
17 0.214302 0.967413 0.971154
#	311	10
#	6	164
#
18 0.21405 0.967413 0.971154
#	311	10
#	6	164
#
19 0.213847 0.967413 0.971154
#	311	10
#	6	164
#
20 0.213685 0.967413 0.971154
#	311	10
#	6	164
#
21 0.213558 0.967413 0.971154
#	311	10
#	6	164
#
22 0.21346 0.967413 0.971154
#	311	10
#	6	164
#
23 0.213385 0.967413 0.971154
#	311	10
#	6	164
#
24 0.213328 0.967413 0.971154
#	311	10
#	6	164
#
25 0.213286 0.967413 0.971154
#	311	10
#	6	164
#
26 0.213252 0.967413 0.971154
#	311	10
#	6	164
#
27 0.213227 0.967413 0.971154
#	311	10
#	6	164
#
28 0.213205 0.967413 0.971154
#	311	10
#	6	164
#
29 0.213185 0.967413 0.971154
#	311	10
#	6	164
#
30 0.213165 0.967413 0.971154
#	311	10
#	6	164
#
31 0.213145 0.967413 0.971154
#	311	10
#	6	164
#
32 0.213122 0.967413 0.971154
#	311	10
#	6	164
#
33 0.213096 0.967413 0.971154
#	311	10
#	6	164
#
34 0.213065 0.967413 0.971154
#	311	10
#	6	164
#
35 0.213031 0.967413 0.971154
#	311	10
#	6	164
#
36 0.212993 0.967413 0.971154
#	311	10
#	6	164
#
37 0.21295 0.967413 0.971154
#	311	10
#	6	164
#
38 0.212902 0.967413 0.971154
#	311	10
#	6	164
#
39 0.21285 0.967413 0.971154
#	311	10
#	6	164
#
40 0.212793 0.967413 0.971154
#	311	10
#	6	164
#
41 0.212732 0.967413 0.971154
#	311	10
#	6	164
#
42 0.212666 0.967413 0.971154
#	311	10
#	6	164
#
43 0.212596 0.967413 0.971154
#	311	10
#	6	164
#
44 0.212523 0.967413 0.971154
#	311	10
#	6	164
#
45 0.212445 0.967413 0.971154
#	311	10
#	6	164
#
46 0.212364 0.967413 0.971154
#	311	10
#	6	164
#
47 0.21228 0.967413 0.971154
#	311	10
#	6	164
#
48 0.212194 0.967413 0.971154
#	311	10
#	6	164
#
49 0.212104 0.967413 0.971154
#	311	10
#	6	164
#
50 0.212012 0.967413 0.971154
#	311	10
#	6	164
#
51 0.211917 0.967413 0.971154
#	311	10
#	6	164
#
#normalizar está a 0
#accuracy test final: 0.990385
#	69	0
#	1	34
#0.990385
