0 1.90521 0.599084 0.597686
#	5155	636
#	3568	1127
#
1 1.86053 0.602994 0.608812
#	4661	1130
#	3033	1662
#
2 1.83468 0.617109 0.620828
#	4619	1172
#	2843	1852
#
3 1.81297 0.63046 0.638184
#	4648	1143
#	2732	1963
#
4 1.79282 0.643811 0.64575
#	4688	1103
#	2632	2063
#
5 1.77378 0.653061 0.656876
#	4688	1103
#	2535	2160
#
6 1.75549 0.663075 0.667557
#	4694	1097
#	2436	2259
#
7 1.73727 0.674328 0.681353
#	4723	1068
#	2347	2348
#
8 1.7183 0.682052 0.686693
#	4711	1080
#	2254	2441
#
9 1.69777 0.691684 0.696039
#	4722	1069
#	2164	2531
#
10 1.67549 0.697978 0.701825
#	4715	1076
#	2091	2604
#
11 1.65132 0.704463 0.70672
#	4728	1063
#	2036	2659
#
12 1.62497 0.711139 0.715621
#	4731	1060
#	1969	2726
#
13 1.59653 0.718196 0.725857
#	4756	1035
#	1920	2775
#
14 1.5666 0.723822 0.733867
#	4764	1027
#	1869	2826
#
15 1.53593 0.727637 0.736538
#	4772	1019
#	1837	2858
#
16 1.50508 0.733645 0.747218
#	4794	997
#	1796	2899
#
17 1.47467 0.741179 0.752559
#	4832	959
#	1755	2940
#
18 1.44546 0.745184 0.756119
#	4865	926
#	1746	2949
#
19 1.41823 0.751287 0.756564
#	4896	895
#	1713	2982
#
20 1.3934 0.755674 0.75968
#	4917	874
#	1688	3007
#
21 1.37103 0.759203 0.76235
#	4930	861
#	1664	3031
#
22 1.35093 0.76235 0.765465
#	4939	852
#	1640	3055
#
23 1.33283 0.763971 0.76769
#	4940	851
#	1624	3071
#
24 1.31643 0.767595 0.775701
#	4946	845
#	1592	3103
#
25 1.30148 0.771505 0.776591
#	4955	836
#	1560	3135
#
26 1.28774 0.773889 0.777481
#	4964	827
#	1544	3151
#
27 1.27501 0.77675 0.781041
#	4970	821
#	1520	3175
#
28 1.26313 0.777513 0.785937
#	4963	828
#	1505	3190
#
29 1.25196 0.780374 0.787717
#	4977	814
#	1489	3206
#
30 1.24137 0.782758 0.792612
#	4976	815
#	1463	3232
#
31 1.23129 0.784093 0.794838
#	4973	818
#	1446	3249
#
32 1.22165 0.786286 0.797063
#	4977	814
#	1427	3268
#
33 1.21237 0.787717 0.797953
#	4975	816
#	1410	3285
#
34 1.20341 0.78991 0.796618
#	4978	813
#	1390	3305
#
35 1.19471 0.791055 0.798843
#	4977	814
#	1377	3318
#
36 1.18625 0.793439 0.802403
#	4979	812
#	1354	3341
#
37 1.17797 0.794583 0.802848
#	4986	805
#	1349	3346
#
38 1.16984 0.797158 0.802403
#	4997	794
#	1333	3362
#
39 1.16184 0.798493 0.804628
#	4999	792
#	1321	3374
#
40 1.15392 0.800591 0.804183
#	5010	781
#	1310	3385
#
41 1.14607 0.801259 0.804183
#	5004	787
#	1297	3398
#
42 1.13824 0.802689 0.806854
#	5010	781
#	1288	3407
#
43 1.13043 0.804501 0.808189
#	5017	774
#	1276	3419
#
44 1.12264 0.806027 0.809969
#	5027	764
#	1270	3425
#
45 1.11488 0.807362 0.810414
#	5031	760
#	1260	3435
#
46 1.10719 0.809079 0.813974
#	5037	754
#	1248	3447
#
47 1.09958 0.810795 0.816199
#	5050	741
#	1243	3452
#
48 1.09205 0.811463 0.817089
#	5051	740
#	1237	3458
#
49 1.08459 0.81194 0.816644
#	5053	738
#	1234	3461
#
50 1.07719 0.813084 0.818425
#	5054	737
#	1223	3472
#
51 1.06986 0.81461 0.81976
#	5056	735
#	1209	3486
#
52 1.0626 0.815754 0.82154
#	5060	731
#	1201	3494
#
53 1.05546 0.817185 0.82065
#	5063	728
#	1189	3506
#
54 1.04845 0.818615 0.82154
#	5063	728
#	1174	3521
#
55 1.04162 0.821286 0.822875
#	5072	719
#	1155	3540
#
56 1.03498 0.822239 0.824655
#	5070	721
#	1143	3552
#
57 1.02856 0.824051 0.825545
#	5075	716
#	1129	3566
#
58 1.02236 0.8251 0.82688
#	5078	713
#	1121	3574
#
59 1.01639 0.826054 0.82599
#	5074	717
#	1107	3588
#
60 1.01063 0.828533 0.828215
#	5081	710
#	1088	3607
#
61 1.00508 0.829868 0.829551
#	5086	705
#	1079	3616
#
62 0.99971 0.831299 0.830886
#	5091	700
#	1069	3626
#
63 0.994501 0.831108 0.831331
#	5084	707
#	1064	3631
#
64 0.989433 0.832729 0.830886
#	5083	708
#	1046	3649
#
65 0.984483 0.833492 0.832666
#	5083	708
#	1038	3657
#
66 0.979628 0.834351 0.834891
#	5085	706
#	1031	3664
#
67 0.974847 0.835018 0.834891
#	5087	704
#	1026	3669
#
68 0.97012 0.835018 0.834891
#	5084	707
#	1023	3672
#
69 0.965432 0.835876 0.834446
#	5084	707
#	1014	3681
#
70 0.960769 0.836639 0.835336
#	5086	705
#	1008	3687
#
71 0.956122 0.83807 0.837116
#	5098	693
#	1005	3690
#
72 0.951481 0.839691 0.839786
#	5106	685
#	996	3699
#
73 0.946843 0.840835 0.840676
#	5112	679
#	990	3705
#
74 0.942205 0.841312 0.841121
#	5113	678
#	986	3709
#
75 0.937573 0.841694 0.843347
#	5114	677
#	983	3712
#
76 0.932947 0.843506 0.845127
#	5122	669
#	972	3723
#
77 0.928337 0.844269 0.846462
#	5123	668
#	965	3730
#
78 0.923747 0.844936 0.850022
#	5126	665
#	961	3734
#
79 0.919182 0.846843 0.850467
#	5134	657
#	949	3746
#
80 0.914654 0.847606 0.853137
#	5138	653
#	945	3750
#
81 0.910169 0.848846 0.852247
#	5143	648
#	937	3758
#
82 0.905728 0.849418 0.853137
#	5144	647
#	932	3763
#
83 0.901339 0.850944 0.853583
#	5152	639
#	924	3771
#
84 0.897002 0.851421 0.854473
#	5152	639
#	919	3776
#
85 0.892723 0.85247 0.854918
#	5154	637
#	910	3785
#
86 0.888503 0.853328 0.856253
#	5155	636
#	902	3793
#
87 0.884346 0.854187 0.857143
#	5156	635
#	894	3801
#
88 0.880248 0.854663 0.858478
#	5157	634
#	890	3805
#
89 0.876209 0.855808 0.858478
#	5163	628
#	884	3811
#
90 0.872236 0.857334 0.859813
#	5165	626
#	870	3825
#
91 0.86832 0.857906 0.860703
#	5165	626
#	864	3831
#
92 0.864463 0.858478 0.863818
#	5167	624
#	860	3835
#
93 0.860665 0.859241 0.864263
#	5167	624
#	852	3843
#
94 0.856931 0.860004 0.864708
#	5169	622
#	846	3849
#
95 0.85325 0.861625 0.866044
#	5177	614
#	837	3858
#
96 0.849632 0.862483 0.866934
#	5179	612
#	830	3865
#
97 0.846075 0.863056 0.868269
#	5182	609
#	827	3868
#
98 0.842577 0.8642 0.869159
#	5183	608
#	816	3879
#
99 0.839142 0.864581 0.868714
#	5186	605
#	815	3880
#
100 0.83577 0.864867 0.869604
#	5186	605
#	812	3883
#
101 0.83246 0.864867 0.870494
#	5192	599
#	818	3877
#
102 0.829219 0.865821 0.871384
#	5197	594
#	813	3882
#
103 0.826046 0.866775 0.872274
#	5202	589
#	808	3887
#
104 0.822933 0.867633 0.872719
#	5204	587
#	801	3894
#
105 0.819892 0.867442 0.874499
#	5201	590
#	800	3895
#
106 0.81692 0.867538 0.876279
#	5196	595
#	794	3901
#
107 0.814015 0.868015 0.876725
#	5199	592
#	792	3903
#
108 0.811177 0.868396 0.87717
#	5200	591
#	789	3906
#
109 0.80841 0.869063 0.877615
#	5200	591
#	782	3913
#
110 0.805712 0.869826 0.876725
#	5200	591
#	774	3921
#
111 0.803082 0.87078 0.87717
#	5205	586
#	769	3926
#
112 0.800521 0.871257 0.877615
#	5209	582
#	768	3927
#
113 0.798028 0.872211 0.877615
#	5212	579
#	761	3934
#
114 0.795604 0.872592 0.877615
#	5213	578
#	758	3937
#
115 0.793244 0.873069 0.877615
#	5213	578
#	753	3942
#
116 0.790948 0.87345 0.877615
#	5213	578
#	749	3946
#
117 0.788719 0.873927 0.877615
#	5217	574
#	748	3947
#
118 0.786549 0.873736 0.877615
#	5215	576
#	748	3947
#
119 0.784443 0.874499 0.87806
#	5221	570
#	746	3949
#
120 0.782401 0.874976 0.87717
#	5223	568
#	743	3952
#
121 0.780416 0.875358 0.877615
#	5224	567
#	740	3955
#
122 0.778491 0.876025 0.878505
#	5226	565
#	735	3960
#
123 0.776625 0.875739 0.877615
#	5223	568
#	735	3960
#
124 0.774813 0.875834 0.87806
#	5220	571
#	731	3964
#
125 0.773053 0.876025 0.87806
#	5221	570
#	730	3965
#
126 0.771348 0.876597 0.878505
#	5223	568
#	726	3969
#
127 0.769698 0.876883 0.87895
#	5223	568
#	723	3972
#
128 0.768097 0.876979 0.87895
#	5222	569
#	721	3974
#
129 0.76654 0.87736 0.87895
#	5221	570
#	716	3979
#
130 0.765037 0.877742 0.87984
#	5225	566
#	716	3979
#
131 0.763575 0.877932 0.87895
#	5226	565
#	715	3980
#
132 0.762158 0.878314 0.87806
#	5228	563
#	713	3982
#
133 0.760787 0.878123 0.877615
#	5224	567
#	711	3984
#
134 0.759457 0.878695 0.87895
#	5228	563
#	709	3986
#
135 0.758162 0.878695 0.879395
#	5226	565
#	707	3988
#
136 0.756906 0.878981 0.87984
#	5223	568
#	701	3994
#
137 0.75569 0.879363 0.88073
#	5224	567
#	698	3997
#
138 0.754506 0.879744 0.88073
#	5226	565
#	696	3999
#
139 0.753357 0.879935 0.881175
#	5227	564
#	695	4000
#
140 0.752242 0.880126 0.88162
#	5229	562
#	695	4000
#
141 0.751155 0.880507 0.881175
#	5228	563
#	690	4005
#
142 0.750095 0.880412 0.881175
#	5227	564
#	690	4005
#
143 0.749065 0.880412 0.88162
#	5225	566
#	688	4007
#
144 0.748059 0.880412 0.88162
#	5224	567
#	687	4008
#
145 0.74708 0.880603 0.88162
#	5225	566
#	686	4009
#
146 0.746121 0.880412 0.882065
#	5226	565
#	689	4006
#
147 0.745183 0.880507 0.882065
#	5226	565
#	688	4007
#
148 0.744267 0.880317 0.88251
#	5225	566
#	689	4006
#
149 0.743367 0.880507 0.882955
#	5225	566
#	687	4008
#
150 0.742485 0.880698 0.882955
#	5226	565
#	686	4009
#
151 0.741619 0.880698 0.88162
#	5227	564
#	687	4008
#
152 0.740768 0.880984 0.881175
#	5229	562
#	686	4009
#
153 0.739931 0.881366 0.881175
#	5230	561
#	683	4012
#
154 0.739102 0.881556 0.88162
#	5229	562
#	680	4015
#
155 0.738286 0.881652 0.88162
#	5229	562
#	679	4016
#
156 0.737479 0.881652 0.88162
#	5230	561
#	680	4015
#
157 0.736681 0.881652 0.88162
#	5229	562
#	679	4016
#
158 0.735887 0.881842 0.88162
#	5227	564
#	675	4020
#
159 0.7351 0.882033 0.88251
#	5230	561
#	676	4019
#
160 0.734314 0.882319 0.8834
#	5229	562
#	672	4023
#
161 0.733534 0.882796 0.88251
#	5230	561
#	668	4027
#
162 0.732756 0.883082 0.88251
#	5231	560
#	666	4029
#
163 0.731975 0.883368 0.8834
#	5233	558
#	665	4030
#
164 0.731196 0.883178 0.882955
#	5232	559
#	666	4029
#
165 0.730413 0.883273 0.882955
#	5231	560
#	664	4031
#
166 0.72963 0.883464 0.882955
#	5230	561
#	661	4034
#
167 0.728841 0.883559 0.8834
#	5230	561
#	660	4035
#
168 0.728044 0.884036 0.88429
#	5230	561
#	655	4040
#
169 0.727244 0.884227 0.88518
#	5230	561
#	653	4042
#
170 0.726434 0.884513 0.88518
#	5229	562
#	649	4046
#
171 0.72562 0.884417 0.886515
#	5228	563
#	649	4046
#
172 0.724796 0.884513 0.885625
#	5229	562
#	649	4046
#
173 0.723963 0.884608 0.88696
#	5231	560
#	650	4045
#
174 0.723121 0.884417 0.887405
#	5230	561
#	651	4044
#
175 0.72227 0.884227 0.886515
#	5228	563
#	651	4044
#
176 0.721409 0.884608 0.886515
#	5231	560
#	650	4045
#
177 0.720536 0.884608 0.886515
#	5231	560
#	650	4045
#
178 0.719657 0.884513 0.88696
#	5230	561
#	650	4045
#
179 0.718767 0.884608 0.88607
#	5230	561
#	649	4046
#
180 0.717871 0.885085 0.88607
#	5233	558
#	647	4048
#
181 0.716961 0.885371 0.88607
#	5236	555
#	647	4048
#
182 0.716047 0.885943 0.887405
#	5240	551
#	645	4050
#
183 0.715123 0.885943 0.88696
#	5239	552
#	644	4051
#
184 0.714191 0.885848 0.886515
#	5239	552
#	645	4050
#
185 0.713251 0.885752 0.88696
#	5238	553
#	645	4050
#
186 0.712305 0.885848 0.886515
#	5237	554
#	643	4052
#
187 0.711354 0.885657 0.88696
#	5236	555
#	644	4051
#
188 0.710397 0.886134 0.886515
#	5238	553
#	641	4054
#
189 0.709434 0.885848 0.88696
#	5236	555
#	642	4053
#
190 0.708465 0.886134 0.88696
#	5238	553
#	641	4054
#
191 0.707495 0.886229 0.887405
#	5240	551
#	642	4053
#
192 0.70652 0.886134 0.88696
#	5240	551
#	643	4052
#
193 0.705542 0.88642 0.887405
#	5242	549
#	642	4053
#
194 0.704562 0.886706 0.88785
#	5245	546
#	642	4053
#
195 0.703579 0.886801 0.888741
#	5245	546
#	641	4054
#
196 0.702598 0.887088 0.889631
#	5247	544
#	640	4055
#
197 0.701618 0.887183 0.889631
#	5249	542
#	641	4054
#
198 0.700637 0.887469 0.889631
#	5251	540
#	640	4055
#
199 0.699658 0.88785 0.889631
#	5254	537
#	639	4056
#
200 0.698686 0.888041 0.890076
#	5253	538
#	636	4059
#
201 0.697716 0.888232 0.889631
#	5253	538
#	634	4061
#
202 0.696754 0.888518 0.889631
#	5257	534
#	635	4060
#
203 0.695795 0.888709 0.889631
#	5257	534
#	633	4062
#
204 0.694844 0.888709 0.890076
#	5256	535
#	632	4063
#
205 0.6939 0.888804 0.889631
#	5256	535
#	631	4064
#
206 0.692963 0.888709 0.890076
#	5254	537
#	630	4065
#
207 0.692036 0.888804 0.891411
#	5255	536
#	630	4065
#
208 0.691121 0.888327 0.891411
#	5251	540
#	631	4064
#
209 0.690213 0.888232 0.890966
#	5252	539
#	633	4062
#
210 0.689315 0.888518 0.891856
#	5255	536
#	633	4062
#
211 0.68843 0.8889 0.893191
#	5257	534
#	631	4064
#
212 0.687551 0.8889 0.893191
#	5258	533
#	632	4063
#
213 0.686688 0.889186 0.893636
#	5260	531
#	631	4064
#
214 0.685828 0.889376 0.893636
#	5261	530
#	630	4065
#
215 0.684988 0.889758 0.894081
#	5264	527
#	629	4066
#
216 0.684152 0.889662 0.894081
#	5264	527
#	630	4065
#
217 0.683329 0.889662 0.894081
#	5265	526
#	631	4064
#
218 0.682514 0.889948 0.894081
#	5266	525
#	629	4066
#
219 0.681711 0.889948 0.894081
#	5266	525
#	629	4066
#
220 0.680918 0.890616 0.893191
#	5267	524
#	623	4072
#
221 0.680135 0.890807 0.893636
#	5269	522
#	623	4072
#
222 0.679363 0.891188 0.894081
#	5271	520
#	621	4074
#
223 0.678598 0.891474 0.894526
#	5272	519
#	619	4076
#
224 0.677841 0.891474 0.894526
#	5273	518
#	620	4075
#
225 0.677094 0.891856 0.895416
#	5275	516
#	618	4077
#
226 0.676356 0.892333 0.896306
#	5277	514
#	615	4080
#
227 0.675624 0.892237 0.897196
#	5277	514
#	616	4079
#
228 0.674901 0.892333 0.896751
#	5277	514
#	615	4080
#
229 0.674185 0.892523 0.896751
#	5280	511
#	616	4079
#
230 0.673476 0.893286 0.898086
#	5283	508
#	611	4084
#
231 0.672775 0.893668 0.897641
#	5285	506
#	609	4086
#
232 0.672077 0.893763 0.898976
#	5285	506
#	608	4087
#
233 0.671388 0.893763 0.898976
#	5286	505
#	609	4086
#
234 0.670704 0.893954 0.898976
#	5287	504
#	608	4087
#
235 0.670024 0.89424 0.898531
#	5287	504
#	605	4090
#
236 0.669348 0.894526 0.898976
#	5290	501
#	605	4090
#
237 0.668681 0.89424 0.899866
#	5290	501
#	608	4087
#
238 0.668016 0.894145 0.899866
#	5291	500
#	610	4085
#
239 0.667358 0.893954 0.899866
#	5288	503
#	609	4086
#
240 0.666701 0.89424 0.900312
#	5288	503
#	606	4089
#
241 0.666049 0.894049 0.900312
#	5287	504
#	607	4088
#
242 0.665405 0.894431 0.900312
#	5290	501
#	606	4089
#
243 0.664767 0.894431 0.900757
#	5290	501
#	606	4089
#
244 0.664137 0.894812 0.901202
#	5292	499
#	604	4091
#
245 0.663512 0.894812 0.901647
#	5291	500
#	603	4092
#
246 0.662896 0.895384 0.902092
#	5292	499
#	598	4097
#
247 0.662289 0.895384 0.902092
#	5294	497
#	600	4095
#
248 0.661689 0.895384 0.902537
#	5294	497
#	600	4095
#
249 0.6611 0.895194 0.902537
#	5294	497
#	602	4093
#
250 0.660521 0.895098 0.902537
#	5292	499
#	601	4094
#
251 0.659952 0.895003 0.902982
#	5291	500
#	601	4094
#
252 0.659395 0.894621 0.903427
#	5290	501
#	604	4091
#
253 0.658849 0.894907 0.903427
#	5292	499
#	603	4092
#
254 0.658312 0.894907 0.902982
#	5293	498
#	604	4091
#
255 0.657787 0.894907 0.902982
#	5294	497
#	605	4090
#
256 0.657273 0.894907 0.902537
#	5292	499
#	603	4092
#
257 0.656769 0.895003 0.902537
#	5293	498
#	603	4092
#
258 0.656273 0.895289 0.902537
#	5294	497
#	601	4094
#
259 0.655788 0.895289 0.902537
#	5295	496
#	602	4093
#
260 0.655311 0.89548 0.902982
#	5296	495
#	601	4094
#
261 0.654842 0.89548 0.902982
#	5296	495
#	601	4094
#
262 0.654382 0.89567 0.902982
#	5297	494
#	600	4095
#
263 0.653928 0.895861 0.902537
#	5299	492
#	600	4095
#
264 0.653482 0.896052 0.902982
#	5300	491
#	599	4096
#
265 0.653042 0.896243 0.902982
#	5301	490
#	598	4097
#
266 0.652608 0.895766 0.903427
#	5298	493
#	600	4095
#
267 0.65218 0.895766 0.903427
#	5297	494
#	599	4096
#
268 0.65176 0.896338 0.902537
#	5299	492
#	595	4100
#
269 0.651344 0.896624 0.902537
#	5301	490
#	594	4101
#
270 0.650933 0.896338 0.902092
#	5299	492
#	595	4100
#
271 0.650529 0.896338 0.901647
#	5299	492
#	595	4100
#
272 0.650126 0.896624 0.902092
#	5300	491
#	593	4102
#
273 0.649731 0.896815 0.902092
#	5299	492
#	590	4105
#
274 0.649342 0.89691 0.902092
#	5300	491
#	590	4105
#
275 0.648957 0.89691 0.901647
#	5299	492
#	589	4106
#
276 0.648574 0.897196 0.901202
#	5300	491
#	587	4108
#
277 0.648199 0.897101 0.901202
#	5299	492
#	587	4108
#
278 0.647826 0.897292 0.901202
#	5298	493
#	584	4111
#
279 0.64746 0.897673 0.901202
#	5301	490
#	583	4112
#
280 0.647096 0.897578 0.901202
#	5300	491
#	583	4112
#
281 0.646737 0.897959 0.901202
#	5303	488
#	582	4113
#
282 0.646382 0.897959 0.901202
#	5302	489
#	581	4114
#
283 0.646033 0.898055 0.900312
#	5302	489
#	580	4115
#
284 0.645686 0.89815 0.900312
#	5304	487
#	581	4114
#
285 0.645346 0.898245 0.900757
#	5303	488
#	579	4116
#
286 0.645007 0.898436 0.901647
#	5303	488
#	577	4118
#
287 0.644675 0.898245 0.901647
#	5301	490
#	577	4118
#
288 0.644346 0.89815 0.901202
#	5300	491
#	577	4118
#
289 0.644021 0.898436 0.901202
#	5303	488
#	577	4118
#
290 0.643701 0.898531 0.901202
#	5304	487
#	577	4118
#
291 0.643385 0.898245 0.901647
#	5303	488
#	579	4116
#
292 0.643074 0.89815 0.900312
#	5301	490
#	578	4117
#
293 0.642765 0.897959 0.900757
#	5301	490
#	580	4115
#
294 0.642459 0.897768 0.900757
#	5298	493
#	579	4116
#
295 0.642161 0.897673 0.900757
#	5297	494
#	579	4116
#
296 0.641868 0.897387 0.901202
#	5296	495
#	581	4114
#
297 0.641575 0.897292 0.901202
#	5295	496
#	581	4114
#
298 0.641287 0.897292 0.900757
#	5295	496
#	581	4114
#
299 0.641004 0.897673 0.900757
#	5298	493
#	580	4115
#
300 0.640723 0.897959 0.901202
#	5300	491
#	579	4116
#
301 0.640448 0.897959 0.901202
#	5300	491
#	579	4116
#
302 0.640176 0.897768 0.900757
#	5300	491
#	581	4114
#
#normalizar está a 1
#accuracy test final: 0.869159
#	1085	147
#	147	868
#0.869159
