0 1.89302 0.566756 0.570093
#	3510	2283
#	2260	2433
#
1 1.88608 0.570475 0.577214
#	3453	2340
#	2164	2529
#
2 1.88041 0.573527 0.583
#	3467	2326
#	2146	2547
#
3 1.87451 0.577246 0.58745
#	3474	2319
#	2114	2579
#
4 1.86779 0.581919 0.595016
#	3477	2316
#	2068	2625
#
5 1.86008 0.586019 0.601691
#	3481	2312
#	2029	2664
#
6 1.85071 0.589929 0.607922
#	3486	2307
#	1993	2700
#
7 1.83883 0.594984 0.607922
#	3516	2277
#	1970	2723
#
8 1.82397 0.602232 0.612372
#	3561	2232
#	1939	2754
#
9 1.80584 0.611959 0.623498
#	3636	2157
#	1912	2781
#
10 1.78509 0.622258 0.631509
#	3712	2081
#	1880	2813
#
11 1.76336 0.629506 0.631509
#	3766	2027
#	1858	2835
#
12 1.74283 0.637994 0.64664
#	3810	1983
#	1813	2880
#
13 1.72572 0.643811 0.650645
#	3847	1946
#	1789	2904
#
14 1.71192 0.648198 0.654651
#	3872	1921
#	1768	2925
#
15 1.70048 0.652203 0.655986
#	3892	1901
#	1746	2947
#
16 1.69052 0.655731 0.656876
#	3921	1872
#	1738	2955
#
17 1.68152 0.658783 0.659991
#	3924	1869
#	1709	2984
#
18 1.67303 0.661644 0.660881
#	3941	1852
#	1696	2997
#
19 1.66482 0.665554 0.660881
#	3958	1835
#	1672	3021
#
20 1.65676 0.667366 0.662661
#	3956	1837
#	1651	3042
#
21 1.64901 0.668892 0.664887
#	3944	1849
#	1623	3070
#
22 1.64064 0.669273 0.665332
#	3931	1862
#	1606	3087
#
23 1.63206 0.673469 0.665332
#	3933	1860
#	1564	3129
#
24 1.62315 0.674423 0.668447
#	3919	1874
#	1540	3153
#
25 1.61395 0.677665 0.668447
#	3924	1869
#	1511	3182
#
26 1.6046 0.680336 0.671117
#	3915	1878
#	1474	3219
#
27 1.59539 0.681957 0.672452
#	3901	1892
#	1443	3250
#
28 1.58647 0.686534 0.680908
#	3900	1893
#	1394	3299
#
29 1.57825 0.688251 0.678238
#	3890	1903
#	1366	3327
#
30 1.57061 0.691779 0.681353
#	3890	1903
#	1329	3364
#
31 1.56343 0.692161 0.683133
#	3873	1920
#	1308	3385
#
32 1.55887 0.693305 0.684913
#	3853	1940
#	1276	3417
#
33 1.55216 0.69464 0.686248
#	3840	1953
#	1249	3444
#
34 1.54557 0.697215 0.686248
#	3826	1967
#	1208	3485
#
35 1.53868 0.697692 0.689809
#	3820	1973
#	1197	3496
#
36 1.53176 0.699409 0.690254
#	3820	1973
#	1179	3514
#
37 1.52484 0.700648 0.691589
#	3807	1986
#	1153	3540
#
38 1.51782 0.702842 0.698264
#	3822	1971
#	1145	3548
#
39 1.51119 0.704463 0.701825
#	3829	1964
#	1135	3558
#
40 1.50495 0.705607 0.702715
#	3832	1961
#	1126	3567
#
41 1.49911 0.707515 0.704495
#	3853	1940
#	1127	3566
#
42 1.49383 0.708945 0.7085
#	3864	1929
#	1123	3570
#
43 1.48913 0.709994 0.708945
#	3867	1926
#	1115	3578
#
44 1.4849 0.710662 0.7085
#	3870	1923
#	1111	3582
#
45 1.48101 0.711043 0.71028
#	3876	1917
#	1113	3580
#
46 1.4774 0.71276 0.710725
#	3886	1907
#	1105	3588
#
47 1.47394 0.714667 0.71117
#	3893	1900
#	1092	3601
#
48 1.47063 0.717337 0.708055
#	3909	1884
#	1080	3613
#
49 1.46737 0.7181 0.70939
#	3917	1876
#	1080	3613
#
50 1.46418 0.718482 0.707165
#	3925	1868
#	1084	3609
#
51 1.46073 0.719054 0.708055
#	3933	1860
#	1086	3607
#
52 1.45744 0.720389 0.71028
#	3940	1853
#	1079	3614
#
53 1.45411 0.720961 0.71117
#	3951	1842
#	1084	3609
#
54 1.4508 0.722392 0.712061
#	3957	1836
#	1075	3618
#
55 1.44754 0.72325 0.712951
#	3966	1827
#	1075	3618
#
56 1.44438 0.723918 0.713396
#	3975	1818
#	1077	3616
#
57 1.44136 0.72449 0.716066
#	3986	1807
#	1082	3611
#
58 1.43848 0.726588 0.716956
#	4004	1789
#	1078	3615
#
59 1.43576 0.726588 0.717846
#	4007	1786
#	1081	3612
#
60 1.43317 0.727351 0.717401
#	4015	1778
#	1081	3612
#
61 1.43066 0.728018 0.718736
#	4020	1773
#	1079	3614
#
62 1.42828 0.728209 0.719181
#	4026	1767
#	1083	3610
#
63 1.42611 0.729258 0.720516
#	4034	1759
#	1080	3613
#
64 1.4242 0.730307 0.720071
#	4035	1758
#	1070	3623
#
65 1.42247 0.730593 0.719626
#	4038	1755
#	1070	3623
#
66 1.42088 0.72983 0.720516
#	4027	1766
#	1067	3626
#
67 1.41941 0.730307 0.719626
#	4027	1766
#	1062	3631
#
68 1.41803 0.731642 0.720071
#	4034	1759
#	1055	3638
#
69 1.41674 0.732024 0.721851
#	4035	1758
#	1052	3641
#
70 1.41552 0.732691 0.720516
#	4039	1754
#	1049	3644
#
71 1.41436 0.732882 0.719181
#	4036	1757
#	1044	3649
#
72 1.41326 0.7325 0.718291
#	4029	1764
#	1041	3652
#
73 1.4122 0.7325 0.718291
#	4025	1768
#	1037	3656
#
74 1.41117 0.732405 0.718736
#	4024	1769
#	1037	3656
#
75 1.41015 0.732882 0.718291
#	4023	1770
#	1031	3662
#
76 1.40915 0.733263 0.718736
#	4022	1771
#	1026	3667
#
77 1.40818 0.734694 0.717846
#	4029	1764
#	1018	3675
#
78 1.40727 0.735648 0.718291
#	4030	1763
#	1009	3684
#
79 1.40641 0.73641 0.716511
#	4037	1756
#	1008	3685
#
80 1.40559 0.73641 0.717401
#	4034	1759
#	1005	3688
#
81 1.40482 0.735743 0.718736
#	4031	1762
#	1009	3684
#
82 1.40409 0.736029 0.718291
#	4031	1762
#	1006	3687
#
83 1.40338 0.73622 0.718291
#	4034	1759
#	1007	3686
#
84 1.40267 0.736029 0.719181
#	4031	1762
#	1006	3687
#
85 1.402 0.735743 0.720516
#	4028	1765
#	1006	3687
#
86 1.40133 0.736315 0.719626
#	4032	1761
#	1004	3689
#
87 1.40069 0.737364 0.720071
#	4039	1754
#	1000	3693
#
88 1.40006 0.737364 0.720071
#	4035	1758
#	996	3697
#
89 1.39944 0.737746 0.720516
#	4037	1756
#	994	3699
#
90 1.39883 0.737555 0.719181
#	4032	1761
#	991	3702
#
91 1.39824 0.73765 0.719181
#	4032	1761
#	990	3703
#
92 1.39765 0.737364 0.718736
#	4029	1764
#	990	3703
#
93 1.39708 0.736983 0.718736
#	4021	1772
#	986	3707
#
94 1.39651 0.737364 0.718736
#	4020	1773
#	981	3712
#
95 1.39595 0.737364 0.719626
#	4016	1777
#	977	3716
#
96 1.3954 0.738032 0.719626
#	4018	1775
#	972	3721
#
97 1.39486 0.738413 0.719181
#	4020	1773
#	970	3723
#
98 1.39432 0.738604 0.719626
#	4019	1774
#	967	3726
#
99 1.39381 0.738795 0.720516
#	4020	1773
#	966	3727
#
100 1.39331 0.738985 0.720071
#	4022	1771
#	966	3727
#
101 1.39282 0.739271 0.720961
#	4020	1773
#	961	3732
#
102 1.39235 0.739081 0.721406
#	4015	1778
#	958	3735
#
103 1.39191 0.739367 0.720961
#	4015	1778
#	955	3738
#
104 1.39149 0.739176 0.720071
#	4012	1781
#	954	3739
#
105 1.3911 0.739748 0.720071
#	4014	1779
#	950	3743
#
106 1.39074 0.740034 0.719181
#	4017	1776
#	950	3743
#
107 1.39041 0.740511 0.718291
#	4015	1778
#	943	3750
#
108 1.39011 0.740702 0.719626
#	4010	1783
#	936	3757
#
109 1.38984 0.740607 0.719181
#	4006	1787
#	933	3760
#
110 1.3896 0.740893 0.721406
#	4003	1790
#	927	3766
#
111 1.38939 0.741179 0.720961
#	4000	1793
#	921	3772
#
112 1.38922 0.741369 0.720961
#	3999	1794
#	918	3775
#
113 1.38908 0.741846 0.720961
#	4001	1792
#	915	3778
#
114 1.38897 0.741656 0.720516
#	3994	1799
#	910	3783
#
115 1.3889 0.741465 0.719181
#	3989	1804
#	907	3786
#
116 1.38883 0.741274 0.719626
#	3984	1809
#	904	3789
#
117 1.3888 0.741179 0.720961
#	3979	1814
#	900	3793
#
118 1.38878 0.740893 0.721406
#	3974	1819
#	898	3795
#
119 1.38878 0.741179 0.722296
#	3970	1823
#	891	3802
#
120 1.3888 0.741656 0.722296
#	3969	1824
#	885	3808
#
121 1.38884 0.741274 0.722741
#	3964	1829
#	884	3809
#
122 1.38887 0.741656 0.721851
#	3963	1830
#	879	3814
#
123 1.38892 0.741369 0.720961
#	3960	1833
#	879	3814
#
124 1.38898 0.740988 0.720516
#	3954	1839
#	877	3816
#
125 1.38904 0.740607 0.720071
#	3947	1846
#	874	3819
#
126 1.38911 0.741083 0.719626
#	3948	1845
#	870	3823
#
127 1.38916 0.741083 0.719626
#	3947	1846
#	869	3824
#
128 1.38923 0.741274 0.719181
#	3945	1848
#	865	3828
#
129 1.38929 0.740797 0.718291
#	3938	1855
#	863	3830
#
130 1.38935 0.740225 0.718291
#	3930	1863
#	861	3832
#
131 1.38941 0.74032 0.719626
#	3929	1864
#	859	3834
#
132 1.38945 0.740034 0.720516
#	3923	1870
#	856	3837
#
133 1.3895 0.740034 0.721851
#	3921	1872
#	854	3839
#
134 1.38954 0.739939 0.722296
#	3917	1876
#	851	3842
#
135 1.38958 0.739558 0.722741
#	3912	1881
#	850	3843
#
136 1.38961 0.739367 0.723186
#	3908	1885
#	848	3845
#
137 1.38963 0.739176 0.723186
#	3904	1889
#	846	3847
#
138 1.38966 0.739176 0.724077
#	3902	1891
#	844	3849
#
139 1.38967 0.739271 0.724077
#	3899	1894
#	840	3853
#
140 1.38968 0.738985 0.722741
#	3895	1898
#	839	3854
#
141 1.38969 0.738985 0.722741
#	3891	1902
#	835	3858
#
142 1.38968 0.738985 0.723632
#	3890	1903
#	834	3859
#
143 1.38968 0.739081 0.723632
#	3891	1902
#	834	3859
#
144 1.38967 0.738985 0.723632
#	3888	1905
#	832	3861
#
145 1.38965 0.739367 0.724077
#	3888	1905
#	828	3865
#
146 1.38963 0.739462 0.723632
#	3885	1908
#	824	3869
#
147 1.3896 0.739081 0.722741
#	3883	1910
#	826	3867
#
148 1.38957 0.738795 0.722296
#	3879	1914
#	825	3868
#
149 1.38953 0.739367 0.722296
#	3881	1912
#	821	3872
#
150 1.38949 0.739558 0.722741
#	3879	1914
#	817	3876
#
151 1.38944 0.739367 0.723186
#	3878	1915
#	818	3875
#
152 1.38939 0.739462 0.723186
#	3878	1915
#	817	3876
#
153 1.38933 0.739271 0.723632
#	3878	1915
#	819	3874
#
154 1.38927 0.739176 0.724522
#	3876	1917
#	818	3875
#
155 1.3892 0.73889 0.724077
#	3873	1920
#	818	3875
#
156 1.38913 0.73889 0.724077
#	3872	1921
#	817	3876
#
157 1.38906 0.739081 0.723632
#	3872	1921
#	815	3878
#
158 1.38898 0.738985 0.723632
#	3872	1921
#	816	3877
#
159 1.3889 0.739271 0.723632
#	3875	1918
#	816	3877
#
160 1.3888 0.739271 0.723632
#	3874	1919
#	815	3878
#
161 1.38871 0.739653 0.723186
#	3875	1918
#	812	3881
#
162 1.38862 0.739653 0.723632
#	3875	1918
#	812	3881
#
163 1.38851 0.739462 0.723632
#	3872	1921
#	811	3882
#
164 1.38841 0.739844 0.724077
#	3872	1921
#	807	3886
#
165 1.3883 0.74032 0.724077
#	3873	1920
#	803	3890
#
166 1.38819 0.740797 0.724077
#	3873	1920
#	798	3895
#
167 1.38807 0.740988 0.724077
#	3874	1919
#	797	3896
#
168 1.38795 0.740797 0.723632
#	3871	1922
#	796	3897
#
169 1.38782 0.740988 0.723632
#	3871	1922
#	794	3899
#
170 1.38769 0.740893 0.723632
#	3870	1923
#	794	3899
#
171 1.38756 0.740988 0.722741
#	3869	1924
#	792	3901
#
172 1.38742 0.741083 0.722296
#	3867	1926
#	789	3904
#
173 1.38728 0.741751 0.722741
#	3872	1921
#	787	3906
#
174 1.38714 0.741751 0.723186
#	3871	1922
#	786	3907
#
175 1.38699 0.741846 0.723632
#	3872	1921
#	786	3907
#
176 1.38684 0.742037 0.724077
#	3873	1920
#	785	3908
#
177 1.38668 0.742132 0.723632
#	3874	1919
#	785	3908
#
178 1.38652 0.742037 0.724967
#	3873	1920
#	785	3908
#
179 1.38636 0.742132 0.724077
#	3872	1921
#	783	3910
#
180 1.38619 0.742323 0.725412
#	3871	1922
#	780	3913
#
181 1.38601 0.742228 0.724967
#	3869	1924
#	779	3914
#
182 1.38585 0.742609 0.724077
#	3868	1925
#	774	3919
#
183 1.38568 0.742705 0.723186
#	3867	1926
#	772	3921
#
184 1.3855 0.743181 0.723186
#	3871	1922
#	771	3922
#
185 1.38532 0.743468 0.722296
#	3873	1920
#	770	3923
#
186 1.38513 0.743372 0.722296
#	3872	1921
#	770	3923
#
187 1.38495 0.743468 0.721851
#	3871	1922
#	768	3925
#
188 1.38476 0.743468 0.721851
#	3870	1923
#	767	3926
#
189 1.38458 0.743658 0.723186
#	3871	1922
#	766	3927
#
190 1.38439 0.743468 0.724522
#	3867	1926
#	764	3929
#
191 1.3842 0.743754 0.724522
#	3868	1925
#	762	3931
#
192 1.38402 0.743372 0.724522
#	3864	1929
#	762	3931
#
193 1.38383 0.743563 0.724522
#	3865	1928
#	761	3932
#
194 1.38364 0.743372 0.724522
#	3863	1930
#	761	3932
#
195 1.38345 0.743372 0.724967
#	3863	1930
#	761	3932
#
196 1.38327 0.743277 0.724967
#	3861	1932
#	760	3933
#
197 1.38309 0.743372 0.725412
#	3858	1935
#	756	3937
#
198 1.38292 0.742895 0.724522
#	3854	1939
#	757	3936
#
199 1.38275 0.742991 0.723632
#	3852	1941
#	754	3939
#
200 1.38258 0.743181 0.724967
#	3856	1937
#	756	3937
#
201 1.38241 0.743754 0.724522
#	3861	1932
#	755	3938
#
202 1.38224 0.743754 0.724522
#	3859	1934
#	753	3940
#
203 1.38208 0.743849 0.724077
#	3858	1935
#	751	3942
#
204 1.38192 0.74404 0.724967
#	3854	1939
#	745	3948
#
205 1.38176 0.744326 0.724967
#	3857	1936
#	745	3948
#
206 1.38159 0.744326 0.724967
#	3857	1936
#	745	3948
#
207 1.38143 0.744803 0.725412
#	3860	1933
#	743	3950
#
208 1.38127 0.745184 0.726302
#	3861	1932
#	740	3953
#
209 1.3811 0.745089 0.726747
#	3859	1934
#	739	3954
#
210 1.38092 0.745184 0.727192
#	3860	1933
#	739	3954
#
211 1.38075 0.744993 0.726302
#	3858	1935
#	739	3954
#
212 1.38057 0.745184 0.726302
#	3858	1935
#	737	3956
#
213 1.38038 0.745089 0.725857
#	3854	1939
#	734	3959
#
214 1.38018 0.745089 0.725412
#	3852	1941
#	732	3961
#
215 1.37997 0.744993 0.724967
#	3851	1942
#	732	3961
#
216 1.37976 0.745279 0.726302
#	3849	1944
#	727	3966
#
217 1.37954 0.745566 0.725857
#	3850	1943
#	725	3968
#
218 1.3793 0.745279 0.725412
#	3843	1950
#	721	3972
#
219 1.37906 0.745566 0.725857
#	3841	1952
#	716	3977
#
220 1.37881 0.745566 0.726302
#	3841	1952
#	716	3977
#
221 1.37854 0.745661 0.725857
#	3841	1952
#	715	3978
#
222 1.37827 0.745852 0.726302
#	3841	1952
#	713	3980
#
223 1.37798 0.746042 0.725857
#	3843	1950
#	713	3980
#
224 1.37769 0.745661 0.725412
#	3838	1955
#	712	3981
#
225 1.37738 0.745852 0.725857
#	3839	1954
#	711	3982
#
226 1.37707 0.746042 0.726302
#	3841	1952
#	711	3982
#
227 1.37674 0.746233 0.727637
#	3842	1951
#	710	3983
#
228 1.3764 0.745852 0.727637
#	3839	1954
#	711	3982
#
229 1.37605 0.74547 0.727192
#	3837	1956
#	713	3980
#
230 1.37569 0.74547 0.727192
#	3837	1956
#	713	3980
#
231 1.37532 0.745566 0.726302
#	3838	1955
#	713	3980
#
232 1.37493 0.745852 0.726302
#	3841	1952
#	713	3980
#
233 1.37454 0.745279 0.726302
#	3837	1956
#	715	3978
#
234 1.37414 0.745756 0.726302
#	3841	1952
#	714	3979
#
235 1.37372 0.745566 0.725412
#	3838	1955
#	713	3980
#
236 1.37332 0.745566 0.725412
#	3836	1957
#	711	3982
#
237 1.3729 0.745756 0.725412
#	3838	1955
#	711	3982
#
238 1.37247 0.745756 0.725857
#	3838	1955
#	711	3982
#
239 1.37201 0.745852 0.725857
#	3839	1954
#	711	3982
#
240 1.37155 0.745947 0.726302
#	3841	1952
#	712	3981
#
241 1.37106 0.746233 0.726747
#	3843	1950
#	711	3982
#
242 1.37057 0.746615 0.726302
#	3846	1947
#	710	3983
#
243 1.37007 0.746901 0.726747
#	3849	1944
#	710	3983
#
244 1.36956 0.747091 0.727192
#	3851	1942
#	710	3983
#
245 1.36904 0.747282 0.726747
#	3853	1940
#	710	3983
#
246 1.36851 0.747664 0.728082
#	3857	1936
#	710	3983
#
247 1.36797 0.74795 0.728082
#	3861	1932
#	711	3982
#
248 1.36745 0.748617 0.728082
#	3867	1926
#	710	3983
#
249 1.36692 0.748903 0.728082
#	3869	1924
#	709	3984
#
250 1.3664 0.748999 0.728082
#	3870	1923
#	709	3984
#
251 1.36591 0.749094 0.728082
#	3868	1925
#	706	3987
#
252 1.36545 0.749094 0.728527
#	3870	1923
#	708	3985
#
253 1.36505 0.749285 0.729417
#	3872	1921
#	708	3985
#
254 1.36476 0.749475 0.729417
#	3873	1920
#	707	3986
#
255 1.36461 0.749094 0.728527
#	3869	1924
#	707	3986
#
256 1.36464 0.749475 0.728972
#	3874	1919
#	708	3985
#
257 1.36551 0.748808 0.728972
#	3864	1929
#	705	3988
#
258 1.36789 0.747854 0.729417
#	3850	1943
#	701	3992
#
259 1.36905 0.746996 0.729417
#	3843	1950
#	703	3990
#
260 1.36899 0.746519 0.730752
#	3831	1962
#	696	3997
#
261 1.36821 0.746328 0.731642
#	3829	1964
#	696	3997
#
262 1.36666 0.747187 0.730307
#	3833	1960
#	691	4002
#
263 1.36381 0.748045 0.731197
#	3849	1944
#	698	3995
#
264 1.36024 0.748522 0.728082
#	3856	1937
#	700	3993
#
265 1.3588 0.749857 0.726302
#	3854	1939
#	684	4009
#
266 1.35806 0.750334 0.724967
#	3854	1939
#	679	4014
#
267 1.35723 0.75062 0.725857
#	3854	1939
#	676	4017
#
268 1.35629 0.750238 0.726302
#	3848	1945
#	674	4019
#
269 1.3553 0.750334 0.726302
#	3850	1943
#	675	4018
#
270 1.35429 0.750238 0.727637
#	3852	1941
#	678	4015
#
271 1.35328 0.750811 0.729417
#	3854	1939
#	674	4019
#
272 1.35229 0.751287 0.730752
#	3860	1933
#	675	4018
#
273 1.35133 0.751478 0.732087
#	3858	1935
#	671	4022
#
274 1.35041 0.751764 0.732532
#	3860	1933
#	670	4023
#
275 1.34953 0.752623 0.730752
#	3865	1928
#	666	4027
#
276 1.34869 0.75329 0.730752
#	3870	1923
#	664	4029
#
277 1.34789 0.75329 0.731197
#	3870	1923
#	664	4029
#
278 1.34713 0.753576 0.731642
#	3871	1922
#	662	4031
#
279 1.34642 0.753672 0.731642
#	3871	1922
#	661	4032
#
280 1.34574 0.754148 0.731642
#	3873	1920
#	658	4035
#
281 1.3451 0.754244 0.732087
#	3874	1919
#	658	4035
#
282 1.34449 0.754339 0.731197
#	3876	1917
#	659	4034
#
283 1.34391 0.754434 0.731642
#	3875	1918
#	657	4036
#
284 1.34336 0.754816 0.731642
#	3877	1916
#	655	4038
#
285 1.34284 0.755102 0.732977
#	3879	1914
#	654	4039
#
286 1.34233 0.755197 0.732087
#	3882	1911
#	656	4037
#
287 1.34186 0.755388 0.733422
#	3884	1909
#	656	4037
#
288 1.34141 0.755484 0.732977
#	3885	1908
#	656	4037
#
289 1.34097 0.75577 0.732977
#	3888	1905
#	656	4037
#
290 1.34056 0.755865 0.732977
#	3889	1904
#	656	4037
#
291 1.34016 0.75577 0.733422
#	3886	1907
#	654	4039
#
292 1.33977 0.755674 0.734312
#	3885	1908
#	654	4039
#
293 1.3394 0.755865 0.734312
#	3886	1907
#	653	4040
#
294 1.33904 0.75596 0.734312
#	3887	1906
#	653	4040
#
295 1.3387 0.755865 0.733867
#	3887	1906
#	654	4039
#
296 1.33836 0.755674 0.733422
#	3887	1906
#	656	4037
#
297 1.33804 0.755674 0.733422
#	3887	1906
#	656	4037
#
298 1.33772 0.755484 0.733422
#	3885	1908
#	656	4037
#
299 1.33742 0.75577 0.732977
#	3887	1906
#	655	4038
#
300 1.33712 0.756151 0.734312
#	3890	1903
#	654	4039
#
301 1.33683 0.756151 0.734312
#	3889	1904
#	653	4040
#
302 1.33655 0.756342 0.733867
#	3893	1900
#	655	4038
#
303 1.33627 0.756628 0.733422
#	3894	1899
#	653	4040
#
304 1.33599 0.756342 0.734312
#	3890	1903
#	652	4041
#
305 1.33573 0.756342 0.735202
#	3890	1903
#	652	4041
#
306 1.33547 0.756437 0.735648
#	3890	1903
#	651	4042
#
307 1.33521 0.756532 0.735648
#	3892	1901
#	652	4041
#
308 1.33495 0.756914 0.735202
#	3894	1899
#	650	4043
#
309 1.3347 0.757105 0.734757
#	3896	1897
#	650	4043
#
310 1.33446 0.757009 0.734312
#	3895	1898
#	650	4043
#
311 1.3342 0.757295 0.733867
#	3896	1897
#	648	4045
#
312 1.33397 0.7572 0.733867
#	3896	1897
#	649	4044
#
313 1.33372 0.757295 0.733867
#	3898	1895
#	650	4043
#
314 1.33348 0.757391 0.734312
#	3899	1894
#	650	4043
#
315 1.33324 0.757486 0.734757
#	3899	1894
#	649	4044
#
316 1.333 0.757582 0.735202
#	3900	1893
#	649	4044
#
317 1.33276 0.757486 0.734757
#	3898	1895
#	648	4045
#
318 1.33252 0.757582 0.735648
#	3898	1895
#	647	4046
#
319 1.33229 0.757391 0.736093
#	3897	1896
#	648	4045
#
320 1.33205 0.757391 0.736093
#	3897	1896
#	648	4045
#
321 1.33181 0.757391 0.736093
#	3898	1895
#	649	4044
#
322 1.33157 0.757295 0.736538
#	3898	1895
#	650	4043
#
323 1.33133 0.757391 0.736538
#	3897	1896
#	648	4045
#
324 1.33108 0.757486 0.736983
#	3899	1894
#	649	4044
#
325 1.33084 0.757486 0.736983
#	3899	1894
#	649	4044
#
326 1.33059 0.757295 0.737428
#	3899	1894
#	651	4042
#
327 1.33033 0.757486 0.737428
#	3901	1892
#	651	4042
#
328 1.33008 0.757963 0.737873
#	3903	1890
#	648	4045
#
329 1.32982 0.757963 0.738318
#	3904	1889
#	649	4044
#
330 1.32956 0.758344 0.737873
#	3907	1886
#	648	4045
#
331 1.32929 0.757772 0.738318
#	3903	1890
#	650	4043
#
332 1.32903 0.757772 0.738318
#	3904	1889
#	651	4042
#
333 1.32875 0.758058 0.738318
#	3905	1888
#	649	4044
#
334 1.32848 0.758535 0.738763
#	3907	1886
#	646	4047
#
335 1.32819 0.758535 0.738763
#	3906	1887
#	645	4048
#
336 1.3279 0.758631 0.739653
#	3906	1887
#	644	4049
#
337 1.32761 0.758917 0.739208
#	3907	1886
#	642	4051
#
338 1.32731 0.758821 0.739653
#	3907	1886
#	643	4050
#
339 1.32701 0.758821 0.739653
#	3908	1885
#	644	4049
#
340 1.32671 0.758631 0.739653
#	3906	1887
#	644	4049
#
341 1.32639 0.758535 0.739653
#	3905	1888
#	644	4049
#
342 1.32608 0.758631 0.739653
#	3907	1886
#	645	4048
#
343 1.32575 0.758821 0.739653
#	3910	1883
#	646	4047
#
344 1.32543 0.759489 0.738763
#	3915	1878
#	644	4049
#
345 1.32509 0.75968 0.739653
#	3915	1878
#	642	4051
#
346 1.32475 0.75987 0.739653
#	3917	1876
#	642	4051
#
347 1.32441 0.760061 0.739653
#	3919	1874
#	642	4051
#
348 1.32407 0.760442 0.740543
#	3921	1872
#	640	4053
#
349 1.32372 0.760538 0.740543
#	3922	1871
#	640	4053
#
350 1.32336 0.760442 0.740543
#	3922	1871
#	641	4052
#
351 1.32301 0.760729 0.740543
#	3925	1868
#	641	4052
#
352 1.32265 0.760442 0.740543
#	3924	1869
#	643	4050
#
353 1.32229 0.760633 0.741433
#	3926	1867
#	643	4050
#
354 1.32192 0.760729 0.742323
#	3927	1866
#	643	4050
#
355 1.32155 0.760824 0.741878
#	3929	1864
#	644	4049
#
356 1.32118 0.761396 0.741878
#	3934	1859
#	643	4050
#
357 1.3208 0.761587 0.741433
#	3937	1856
#	644	4049
#
358 1.32043 0.761396 0.741433
#	3937	1856
#	646	4047
#
359 1.32004 0.761492 0.741878
#	3940	1853
#	648	4045
#
360 1.31967 0.761682 0.741878
#	3942	1851
#	648	4045
#
361 1.31928 0.762064 0.741878
#	3944	1849
#	646	4047
#
362 1.3189 0.76235 0.742323
#	3946	1847
#	645	4048
#
363 1.31852 0.762445 0.742323
#	3947	1846
#	645	4048
#
364 1.31814 0.762064 0.742768
#	3945	1848
#	647	4046
#
365 1.31775 0.761968 0.742323
#	3943	1850
#	646	4047
#
366 1.31737 0.762159 0.742768
#	3943	1850
#	644	4049
#
367 1.31699 0.76235 0.742768
#	3944	1849
#	643	4050
#
368 1.31661 0.762445 0.742768
#	3946	1847
#	644	4049
#
369 1.31622 0.762445 0.742768
#	3947	1846
#	645	4048
#
370 1.31584 0.762445 0.743213
#	3948	1845
#	646	4047
#
371 1.31546 0.762827 0.743213
#	3952	1841
#	646	4047
#
372 1.31508 0.763113 0.743213
#	3953	1840
#	644	4049
#
373 1.3147 0.763494 0.743658
#	3956	1837
#	643	4050
#
374 1.31433 0.763685 0.743658
#	3957	1836
#	642	4051
#
375 1.31395 0.763876 0.743658
#	3958	1835
#	641	4052
#
376 1.31357 0.764066 0.743658
#	3960	1833
#	641	4052
#
377 1.3132 0.764257 0.744103
#	3962	1831
#	641	4052
#
378 1.31283 0.764543 0.744993
#	3964	1829
#	640	4053
#
379 1.31246 0.764543 0.745438
#	3965	1828
#	641	4052
#
380 1.31209 0.764639 0.745438
#	3967	1826
#	642	4051
#
381 1.31173 0.764734 0.745438
#	3969	1824
#	643	4050
#
382 1.31137 0.764829 0.746328
#	3971	1822
#	644	4049
#
383 1.31101 0.764829 0.746773
#	3971	1822
#	644	4049
#
384 1.31065 0.765115 0.746773
#	3975	1818
#	645	4048
#
385 1.31029 0.765115 0.746773
#	3976	1817
#	646	4047
#
386 1.30994 0.765401 0.747218
#	3978	1815
#	645	4048
#
387 1.30959 0.765592 0.746773
#	3980	1813
#	645	4048
#
388 1.30924 0.766069 0.747218
#	3983	1810
#	643	4050
#
389 1.3089 0.766069 0.747218
#	3983	1810
#	643	4050
#
390 1.30856 0.766069 0.747664
#	3984	1809
#	644	4049
#
391 1.30822 0.76626 0.747664
#	3987	1806
#	645	4048
#
392 1.30788 0.766355 0.747664
#	3988	1805
#	645	4048
#
393 1.30755 0.76626 0.747664
#	3988	1805
#	646	4047
#
394 1.30722 0.76626 0.748554
#	3989	1804
#	647	4046
#
395 1.30689 0.76626 0.748554
#	3988	1805
#	646	4047
#
396 1.30657 0.766069 0.748999
#	3987	1806
#	647	4046
#
397 1.30625 0.76626 0.749444
#	3989	1804
#	647	4046
#
398 1.30593 0.766164 0.748554
#	3988	1805
#	647	4046
#
399 1.30561 0.766069 0.748554
#	3987	1806
#	647	4046
#
400 1.3053 0.765974 0.748554
#	3986	1807
#	647	4046
#
401 1.30499 0.766069 0.748554
#	3988	1805
#	648	4045
#
402 1.30469 0.76626 0.748554
#	3990	1803
#	648	4045
#
403 1.30438 0.766641 0.748109
#	3992	1801
#	646	4047
#
404 1.30409 0.766546 0.747664
#	3991	1802
#	646	4047
#
405 1.30379 0.766927 0.747664
#	3995	1798
#	646	4047
#
406 1.3035 0.766832 0.747218
#	3993	1800
#	645	4048
#
407 1.30321 0.767023 0.747218
#	3996	1797
#	646	4047
#
408 1.30292 0.767309 0.747664
#	3998	1795
#	645	4048
#
409 1.30264 0.767309 0.747664
#	4000	1793
#	647	4046
#
410 1.30235 0.767595 0.747664
#	4003	1790
#	647	4046
#
411 1.30208 0.76769 0.747664
#	4006	1787
#	649	4044
#
412 1.3018 0.76769 0.748109
#	4007	1786
#	650	4043
#
413 1.30153 0.768072 0.748554
#	4007	1786
#	646	4047
#
414 1.30127 0.768262 0.749444
#	4008	1785
#	645	4048
#
415 1.301 0.768262 0.749444
#	4009	1784
#	646	4047
#
416 1.30074 0.768453 0.749889
#	4011	1782
#	646	4047
#
417 1.30048 0.768644 0.749889
#	4013	1780
#	646	4047
#
418 1.30022 0.768739 0.749444
#	4012	1781
#	644	4049
#
419 1.29997 0.768835 0.749444
#	4012	1781
#	643	4050
#
420 1.29972 0.768739 0.749444
#	4011	1782
#	643	4050
#
421 1.29947 0.769216 0.748999
#	4015	1778
#	642	4051
#
422 1.29922 0.769121 0.748999
#	4013	1780
#	641	4052
#
423 1.29898 0.769216 0.749444
#	4014	1779
#	641	4052
#
424 1.29874 0.769311 0.749444
#	4017	1776
#	643	4050
#
425 1.29851 0.769311 0.749889
#	4017	1776
#	643	4050
#
426 1.29827 0.769311 0.749889
#	4017	1776
#	643	4050
#
427 1.29804 0.769598 0.749889
#	4020	1773
#	643	4050
#
428 1.29781 0.769502 0.749889
#	4020	1773
#	644	4049
#
429 1.29758 0.769598 0.749889
#	4020	1773
#	643	4050
#
430 1.29736 0.769598 0.749889
#	4020	1773
#	643	4050
#
431 1.29714 0.769693 0.750334
#	4021	1772
#	643	4050
#
432 1.29692 0.769788 0.750334
#	4022	1771
#	643	4050
#
433 1.29671 0.769884 0.749889
#	4022	1771
#	642	4051
#
434 1.29649 0.769693 0.749444
#	4021	1772
#	643	4050
#
435 1.29628 0.769788 0.749444
#	4021	1772
#	642	4051
#
436 1.29607 0.769979 0.749889
#	4022	1771
#	641	4052
#
437 1.29586 0.769979 0.750334
#	4023	1770
#	642	4051
#
438 1.29565 0.769979 0.749889
#	4023	1770
#	642	4051
#
439 1.29546 0.769884 0.749889
#	4023	1770
#	643	4050
#
440 1.29525 0.769979 0.749889
#	4024	1769
#	643	4050
#
441 1.29505 0.770074 0.749444
#	4025	1768
#	643	4050
#
442 1.29486 0.769979 0.749444
#	4024	1769
#	643	4050
#
443 1.29466 0.770265 0.749444
#	4025	1768
#	641	4052
#
444 1.29447 0.770074 0.748999
#	4024	1769
#	642	4051
#
445 1.29428 0.77017 0.748554
#	4025	1768
#	642	4051
#
446 1.29409 0.77017 0.748554
#	4026	1767
#	643	4050
#
447 1.29391 0.770265 0.748554
#	4027	1766
#	643	4050
#
448 1.29372 0.77036 0.748999
#	4026	1767
#	641	4052
#
449 1.29354 0.770265 0.748999
#	4025	1768
#	641	4052
#
450 1.29336 0.77036 0.748999
#	4025	1768
#	640	4053
#
451 1.29318 0.77036 0.749444
#	4024	1769
#	639	4054
#
452 1.293 0.770456 0.748999
#	4025	1768
#	639	4054
#
453 1.29283 0.770456 0.748999
#	4025	1768
#	639	4054
#
454 1.29265 0.770837 0.749444
#	4028	1765
#	638	4055
#
455 1.29248 0.770742 0.749889
#	4028	1765
#	639	4054
#
456 1.29232 0.770742 0.749889
#	4028	1765
#	639	4054
#
457 1.29214 0.771123 0.749889
#	4030	1763
#	637	4056
#
458 1.29198 0.771314 0.750779
#	4032	1761
#	637	4056
#
459 1.29182 0.771314 0.750334
#	4032	1761
#	637	4056
#
460 1.29165 0.771314 0.751224
#	4032	1761
#	637	4056
#
461 1.29149 0.77141 0.751669
#	4033	1760
#	637	4056
#
462 1.29133 0.77141 0.751669
#	4034	1759
#	638	4055
#
463 1.29117 0.771505 0.751669
#	4035	1758
#	638	4055
#
464 1.29101 0.7716 0.751669
#	4037	1756
#	639	4054
#
465 1.29086 0.771791 0.751224
#	4038	1755
#	638	4055
#
466 1.2907 0.7716 0.752114
#	4036	1757
#	638	4055
#
467 1.29055 0.771696 0.752114
#	4037	1756
#	638	4055
#
468 1.2904 0.771696 0.751669
#	4038	1755
#	639	4054
#
469 1.29025 0.7716 0.751669
#	4037	1756
#	639	4054
#
470 1.2901 0.771696 0.751669
#	4038	1755
#	639	4054
#
471 1.28996 0.7716 0.751669
#	4038	1755
#	640	4053
#
472 1.28981 0.771696 0.751669
#	4039	1754
#	640	4053
#
473 1.28966 0.772268 0.751224
#	4043	1750
#	638	4055
#
474 1.28952 0.772649 0.751224
#	4044	1749
#	635	4058
#
475 1.28938 0.772745 0.750779
#	4044	1749
#	634	4059
#
476 1.28924 0.772745 0.750779
#	4044	1749
#	634	4059
#
477 1.2891 0.77284 0.750779
#	4046	1747
#	635	4058
#
478 1.28896 0.772745 0.751224
#	4045	1748
#	635	4058
#
479 1.28882 0.77284 0.752114
#	4046	1747
#	635	4058
#
480 1.28869 0.772935 0.752114
#	4047	1746
#	635	4058
#
481 1.28856 0.773126 0.752114
#	4048	1745
#	634	4059
#
482 1.28842 0.773126 0.752114
#	4048	1745
#	634	4059
#
483 1.28829 0.773221 0.752114
#	4049	1744
#	634	4059
#
484 1.28816 0.773317 0.752559
#	4050	1743
#	634	4059
#
485 1.28803 0.773412 0.752559
#	4050	1743
#	633	4060
#
486 1.2879 0.773317 0.752559
#	4050	1743
#	634	4059
#
487 1.28777 0.773412 0.752559
#	4050	1743
#	633	4060
#
488 1.28764 0.773317 0.752559
#	4049	1744
#	633	4060
#
489 1.28752 0.773508 0.753004
#	4051	1742
#	633	4060
#
490 1.28739 0.773508 0.753004
#	4051	1742
#	633	4060
#
491 1.28727 0.773603 0.752559
#	4052	1741
#	633	4060
#
492 1.28715 0.773508 0.753004
#	4051	1742
#	633	4060
#
493 1.28703 0.773508 0.753004
#	4050	1743
#	632	4061
#
494 1.28691 0.773603 0.753004
#	4050	1743
#	631	4062
#
495 1.28679 0.773603 0.752559
#	4051	1742
#	632	4061
#
496 1.28666 0.773698 0.753004
#	4052	1741
#	632	4061
#
497 1.28655 0.773698 0.753004
#	4052	1741
#	632	4061
#
498 1.28643 0.773603 0.753004
#	4052	1741
#	633	4060
#
499 1.28631 0.773508 0.753449
#	4052	1741
#	634	4059
#
500 1.2862 0.773508 0.753894
#	4052	1741
#	634	4059
#
501 1.28608 0.773412 0.754339
#	4051	1742
#	634	4059
#
502 1.28597 0.773221 0.754339
#	4049	1744
#	634	4059
#
503 1.28585 0.773317 0.754784
#	4051	1742
#	635	4058
#
504 1.28574 0.773412 0.754784
#	4051	1742
#	634	4059
#
505 1.28563 0.773412 0.754784
#	4051	1742
#	634	4059
#
506 1.28551 0.773603 0.755229
#	4053	1740
#	634	4059
#
507 1.2854 0.773508 0.755229
#	4052	1741
#	634	4059
#
508 1.28529 0.773412 0.754784
#	4052	1741
#	635	4058
#
509 1.28518 0.773412 0.754339
#	4051	1742
#	634	4059
#
510 1.28507 0.773317 0.754339
#	4051	1742
#	635	4058
#
511 1.28497 0.773412 0.755229
#	4052	1741
#	635	4058
#
512 1.28486 0.773508 0.755229
#	4054	1739
#	636	4057
#
513 1.28475 0.773698 0.755229
#	4056	1737
#	636	4057
#
514 1.28464 0.773603 0.755229
#	4056	1737
#	637	4056
#
515 1.28454 0.773508 0.755674
#	4055	1738
#	637	4056
#
516 1.28443 0.773412 0.756119
#	4055	1738
#	638	4055
#
517 1.28433 0.773317 0.756119
#	4054	1739
#	638	4055
#
518 1.28422 0.773126 0.756119
#	4052	1741
#	638	4055
#
519 1.28412 0.773317 0.756564
#	4054	1739
#	638	4055
#
520 1.28401 0.773126 0.757009
#	4052	1741
#	638	4055
#
521 1.28391 0.773126 0.757454
#	4053	1740
#	639	4054
#
522 1.2838 0.773031 0.757454
#	4053	1740
#	640	4053
#
523 1.2837 0.773126 0.757899
#	4053	1740
#	639	4054
#
524 1.2836 0.773412 0.757899
#	4055	1738
#	638	4055
#
525 1.28349 0.773221 0.757899
#	4054	1739
#	639	4054
#
526 1.28339 0.773221 0.757899
#	4055	1738
#	640	4053
#
527 1.28329 0.773412 0.757899
#	4056	1737
#	639	4054
#
528 1.28318 0.773508 0.758344
#	4056	1737
#	638	4055
#
529 1.28308 0.773412 0.758344
#	4055	1738
#	638	4055
#
530 1.28298 0.773412 0.758344
#	4054	1739
#	637	4056
#
531 1.28288 0.773603 0.757899
#	4056	1737
#	637	4056
#
532 1.28278 0.773794 0.757899
#	4057	1736
#	636	4057
#
533 1.28268 0.773794 0.758344
#	4058	1735
#	637	4056
#
534 1.28257 0.773889 0.758789
#	4059	1734
#	637	4056
#
535 1.28247 0.773889 0.758789
#	4059	1734
#	637	4056
#
536 1.28237 0.773984 0.758789
#	4060	1733
#	637	4056
#
537 1.28227 0.773984 0.758789
#	4060	1733
#	637	4056
#
538 1.28217 0.773984 0.758789
#	4060	1733
#	637	4056
#
539 1.28207 0.773889 0.758789
#	4059	1734
#	637	4056
#
540 1.28197 0.773889 0.758789
#	4059	1734
#	637	4056
#
541 1.28187 0.773889 0.758789
#	4059	1734
#	637	4056
#
542 1.28177 0.773794 0.758789
#	4059	1734
#	638	4055
#
543 1.28167 0.773794 0.758789
#	4058	1735
#	637	4056
#
544 1.28157 0.774175 0.758344
#	4059	1734
#	634	4059
#
545 1.28146 0.773984 0.758344
#	4058	1735
#	635	4058
#
546 1.28136 0.773794 0.758344
#	4057	1736
#	636	4057
#
547 1.28126 0.773603 0.758789
#	4057	1736
#	638	4055
#
548 1.28116 0.773603 0.759235
#	4057	1736
#	638	4055
#
549 1.28106 0.773603 0.75968
#	4057	1736
#	638	4055
#
550 1.28096 0.773698 0.75968
#	4058	1735
#	638	4055
#
551 1.28085 0.773698 0.75968
#	4058	1735
#	638	4055
#
552 1.28075 0.773794 0.75968
#	4059	1734
#	638	4055
#
553 1.28065 0.773889 0.75968
#	4060	1733
#	638	4055
#
554 1.28055 0.773794 0.75968
#	4059	1734
#	638	4055
#
555 1.28045 0.773412 0.760125
#	4058	1735
#	641	4052
#
556 1.28034 0.773317 0.760125
#	4057	1736
#	641	4052
#
557 1.28024 0.773317 0.76057
#	4058	1735
#	642	4051
#
558 1.28014 0.773412 0.76057
#	4058	1735
#	641	4052
#
559 1.28003 0.773317 0.76057
#	4059	1734
#	643	4050
#
560 1.27993 0.773126 0.761015
#	4058	1735
#	644	4049
#
561 1.27983 0.773221 0.76146
#	4059	1734
#	644	4049
#
562 1.27972 0.773221 0.76146
#	4059	1734
#	644	4049
#
563 1.27962 0.773031 0.75968
#	4058	1735
#	645	4048
#
564 1.27952 0.773126 0.760125
#	4058	1735
#	644	4049
#
565 1.27941 0.773317 0.760125
#	4058	1735
#	642	4051
#
566 1.27931 0.773317 0.760125
#	4058	1735
#	642	4051
#
567 1.2792 0.773412 0.76057
#	4059	1734
#	642	4051
#
568 1.2791 0.773126 0.76057
#	4059	1734
#	645	4048
#
569 1.27899 0.773126 0.76057
#	4059	1734
#	645	4048
#
570 1.27889 0.773221 0.76057
#	4060	1733
#	645	4048
#
571 1.27878 0.773126 0.76057
#	4060	1733
#	646	4047
#
572 1.27867 0.773221 0.76057
#	4061	1732
#	646	4047
#
573 1.27857 0.773317 0.760125
#	4061	1732
#	645	4048
#
574 1.27846 0.773508 0.75968
#	4062	1731
#	644	4049
#
575 1.27836 0.773603 0.75968
#	4063	1730
#	644	4049
#
576 1.27825 0.773508 0.75968
#	4062	1731
#	644	4049
#
577 1.27814 0.773889 0.75968
#	4065	1728
#	643	4050
#
578 1.27803 0.773889 0.759235
#	4065	1728
#	643	4050
#
579 1.27793 0.773889 0.758789
#	4066	1727
#	644	4049
#
580 1.27782 0.77408 0.758789
#	4066	1727
#	642	4051
#
581 1.27771 0.77427 0.758789
#	4067	1726
#	641	4052
#
582 1.2776 0.774175 0.758344
#	4066	1727
#	641	4052
#
583 1.27749 0.77427 0.758344
#	4066	1727
#	640	4053
#
584 1.27738 0.774461 0.758344
#	4068	1725
#	640	4053
#
585 1.27727 0.774366 0.757454
#	4067	1726
#	640	4053
#
586 1.27716 0.774461 0.757454
#	4067	1726
#	639	4054
#
587 1.27706 0.774461 0.757454
#	4067	1726
#	639	4054
#
588 1.27695 0.774652 0.757454
#	4068	1725
#	638	4055
#
589 1.27684 0.774652 0.757454
#	4068	1725
#	638	4055
#
590 1.27673 0.774747 0.758344
#	4069	1724
#	638	4055
#
591 1.27662 0.774747 0.758344
#	4070	1723
#	639	4054
#
592 1.27651 0.775129 0.758344
#	4073	1720
#	638	4055
#
593 1.2764 0.775224 0.758789
#	4073	1720
#	637	4056
#
594 1.27629 0.775033 0.758789
#	4072	1721
#	638	4055
#
595 1.27617 0.775319 0.758789
#	4073	1720
#	636	4057
#
596 1.27606 0.775224 0.758789
#	4073	1720
#	637	4056
#
597 1.27596 0.775033 0.758789
#	4072	1721
#	638	4055
#
598 1.27584 0.775129 0.758344
#	4072	1721
#	637	4056
#
599 1.27573 0.775224 0.757899
#	4072	1721
#	636	4057
#
600 1.27562 0.775415 0.757899
#	4074	1719
#	636	4057
#
601 1.27551 0.775415 0.758344
#	4074	1719
#	636	4057
#
602 1.2754 0.775319 0.758344
#	4073	1720
#	636	4057
#
603 1.27529 0.775319 0.758344
#	4073	1720
#	636	4057
#
604 1.27518 0.775415 0.758344
#	4074	1719
#	636	4057
#
605 1.27507 0.775319 0.758344
#	4074	1719
#	637	4056
#
606 1.27496 0.775415 0.758789
#	4075	1718
#	637	4056
#
607 1.27484 0.77551 0.758789
#	4076	1717
#	637	4056
#
608 1.27473 0.77551 0.758789
#	4076	1717
#	637	4056
#
609 1.27462 0.77551 0.758789
#	4078	1715
#	639	4054
#
610 1.27451 0.775415 0.759235
#	4078	1715
#	640	4053
#
611 1.2744 0.775606 0.759235
#	4080	1713
#	640	4053
#
#normalizar está a 1
#accuracy test final: 0.749889
#	828	390
#	172	857
#0.749889
