0 1.9298 0.576388 0.579884
#	5551	216
#	4226	493
#
1 1.90223 0.576388 0.574099
#	5033	734
#	3708	1011
#
2 1.88504 0.580298 0.577214
#	4740	1027
#	3374	1345
#
3 1.87217 0.584112 0.576769
#	4603	1164
#	3197	1522
#
4 1.8616 0.589929 0.574989
#	4542	1225
#	3075	1644
#
5 1.85241 0.597845 0.583
#	4524	1243
#	2974	1745
#
6 1.84407 0.603185 0.594571
#	4508	1259
#	2902	1817
#
7 1.83629 0.61091 0.596796
#	4511	1256
#	2824	1895
#
8 1.82899 0.618444 0.602581
#	4515	1252
#	2749	1970
#
9 1.82214 0.624452 0.610147
#	4521	1246
#	2692	2027
#
10 1.81577 0.630364 0.614152
#	4525	1242
#	2634	2085
#
11 1.80989 0.63437 0.617712
#	4520	1247
#	2587	2132
#
12 1.80449 0.640473 0.623943
#	4528	1239
#	2531	2188
#
13 1.79955 0.644288 0.629729
#	4520	1247
#	2483	2236
#
14 1.79498 0.647911 0.636849
#	4510	1257
#	2435	2284
#
15 1.79075 0.651345 0.640854
#	4498	1269
#	2387	2332
#
16 1.78692 0.654301 0.64219
#	4494	1273
#	2352	2367
#
17 1.78338 0.655827 0.64486
#	4486	1281
#	2328	2391
#
18 1.7801 0.659355 0.64664
#	4487	1280
#	2292	2427
#
19 1.77704 0.660309 0.64486
#	4476	1291
#	2271	2448
#
20 1.77418 0.6605 0.646195
#	4465	1302
#	2258	2461
#
21 1.77148 0.661453 0.64753
#	4455	1312
#	2238	2481
#
22 1.76893 0.662788 0.65109
#	4454	1313
#	2223	2496
#
23 1.7665 0.664791 0.648865
#	4446	1321
#	2194	2525
#
24 1.76415 0.664505 0.64931
#	4434	1333
#	2185	2534
#
25 1.76188 0.665363 0.65109
#	4430	1337
#	2172	2547
#
26 1.75968 0.665268 0.651535
#	4419	1348
#	2162	2557
#
27 1.75751 0.666126 0.65109
#	4420	1347
#	2154	2565
#
28 1.75536 0.665649 0.652425
#	4409	1358
#	2148	2571
#
29 1.75322 0.667652 0.653316
#	4413	1354
#	2131	2588
#
30 1.75108 0.668129 0.655096
#	4411	1356
#	2124	2595
#
31 1.74892 0.668796 0.657321
#	4409	1358
#	2115	2604
#
32 1.74673 0.669846 0.658656
#	4407	1360
#	2102	2617
#
33 1.74452 0.67099 0.659546
#	4402	1365
#	2085	2634
#
34 1.74226 0.672039 0.660881
#	4404	1363
#	2076	2643
#
35 1.73998 0.67242 0.659546
#	4404	1363
#	2072	2647
#
36 1.73766 0.673469 0.659546
#	4409	1358
#	2066	2653
#
37 1.7353 0.674328 0.661326
#	4413	1354
#	2061	2658
#
38 1.73291 0.674709 0.662661
#	4413	1354
#	2057	2662
#
39 1.73048 0.675281 0.663106
#	4413	1354
#	2051	2668
#
40 1.72803 0.676235 0.662216
#	4420	1347
#	2048	2671
#
41 1.72554 0.675663 0.660881
#	4413	1354
#	2047	2672
#
42 1.72302 0.67757 0.661326
#	4419	1348
#	2033	2686
#
43 1.72046 0.678524 0.663551
#	4420	1347
#	2024	2695
#
44 1.71787 0.679001 0.665777
#	4424	1343
#	2023	2696
#
45 1.71523 0.679096 0.666222
#	4422	1345
#	2020	2699
#
46 1.71254 0.679763 0.666222
#	4425	1342
#	2016	2703
#
47 1.7098 0.679668 0.668002
#	4424	1343
#	2016	2703
#
48 1.707 0.680526 0.668002
#	4429	1338
#	2012	2707
#
49 1.70414 0.681099 0.668892
#	4430	1337
#	2007	2712
#
50 1.7012 0.681575 0.668892
#	4430	1337
#	2002	2717
#
51 1.69818 0.68148 0.670672
#	4431	1336
#	2004	2715
#
52 1.69506 0.682338 0.671562
#	4437	1330
#	2001	2718
#
53 1.69185 0.682052 0.672007
#	4435	1332
#	2002	2717
#
54 1.68855 0.68272 0.674232
#	4435	1332
#	1995	2724
#
55 1.68526 0.684341 0.675567
#	4442	1325
#	1985	2734
#
56 1.68166 0.684436 0.676012
#	4442	1325
#	1984	2735
#
57 1.67797 0.684913 0.676458
#	4445	1322
#	1982	2737
#
58 1.67426 0.685199 0.676903
#	4444	1323
#	1978	2741
#
59 1.67021 0.685295 0.676458
#	4441	1326
#	1974	2745
#
60 1.66625 0.685676 0.676458
#	4444	1323
#	1973	2746
#
61 1.66187 0.685676 0.676903
#	4448	1319
#	1977	2742
#
62 1.65738 0.685962 0.676903
#	4452	1315
#	1978	2741
#
63 1.65283 0.686153 0.677348
#	4456	1311
#	1980	2739
#
64 1.64815 0.685962 0.680018
#	4452	1315
#	1978	2741
#
65 1.64319 0.686439 0.680463
#	4457	1310
#	1978	2741
#
66 1.63804 0.686248 0.682243
#	4456	1311
#	1979	2740
#
67 1.63288 0.686725 0.683578
#	4462	1305
#	1980	2739
#
68 1.62738 0.68663 0.686248
#	4464	1303
#	1983	2736
#
69 1.62175 0.688156 0.687138
#	4468	1299
#	1971	2748
#
70 1.61604 0.688156 0.689809
#	4465	1302
#	1968	2751
#
71 1.61041 0.690444 0.690699
#	4466	1301
#	1945	2774
#
72 1.60439 0.692256 0.690699
#	4475	1292
#	1935	2784
#
73 1.59829 0.693401 0.691144
#	4475	1292
#	1923	2796
#
74 1.59211 0.693878 0.690699
#	4476	1291
#	1919	2800
#
75 1.58591 0.695499 0.692479
#	4475	1292
#	1901	2818
#
76 1.57983 0.697788 0.692924
#	4484	1283
#	1886	2833
#
77 1.5735 0.699027 0.698264
#	4493	1274
#	1882	2837
#
78 1.56719 0.700744 0.700045
#	4499	1268
#	1870	2849
#
79 1.56091 0.703128 0.701825
#	4512	1255
#	1858	2861
#
80 1.55473 0.703986 0.70405
#	4509	1258
#	1846	2873
#
81 1.54875 0.705226 0.704495
#	4512	1255
#	1836	2883
#
82 1.54283 0.707515 0.705385
#	4519	1248
#	1819	2900
#
83 1.53714 0.709041 0.70761
#	4524	1243
#	1808	2911
#
84 1.53134 0.710948 0.710725
#	4533	1234
#	1797	2922
#
85 1.52608 0.712569 0.713396
#	4539	1228
#	1786	2933
#
86 1.52046 0.714763 0.714731
#	4546	1221
#	1770	2949
#
87 1.51508 0.716861 0.718291
#	4548	1219
#	1750	2969
#
88 1.51035 0.718005 0.720071
#	4545	1222
#	1735	2984
#
89 1.50519 0.719149 0.723186
#	4549	1218
#	1727	2992
#
90 1.50034 0.720771 0.723632
#	4549	1218
#	1710	3009
#
91 1.49557 0.722106 0.724522
#	4550	1217
#	1697	3022
#
92 1.49108 0.723536 0.727192
#	4553	1214
#	1685	3034
#
93 1.48657 0.723822 0.726747
#	4547	1220
#	1676	3043
#
94 1.48233 0.724585 0.726747
#	4552	1215
#	1673	3046
#
95 1.47834 0.725348 0.726302
#	4546	1221
#	1659	3060
#
96 1.47413 0.726016 0.727637
#	4550	1217
#	1656	3063
#
97 1.47007 0.727828 0.728082
#	4554	1213
#	1641	3078
#
98 1.46625 0.728972 0.727192
#	4558	1209
#	1633	3086
#
99 1.46301 0.729067 0.729417
#	4544	1223
#	1618	3101
#
100 1.45899 0.730212 0.731642
#	4547	1220
#	1609	3110
#
101 1.45523 0.730975 0.731197
#	4548	1219
#	1602	3117
#
102 1.45164 0.732405 0.732087
#	4556	1211
#	1595	3124
#
103 1.44794 0.733931 0.736093
#	4559	1208
#	1582	3137
#
104 1.44431 0.734122 0.736983
#	4553	1214
#	1574	3145
#
105 1.44078 0.734503 0.736983
#	4553	1214
#	1570	3149
#
106 1.43771 0.734789 0.738318
#	4550	1217
#	1564	3155
#
107 1.4342 0.735457 0.737873
#	4551	1216
#	1558	3161
#
108 1.43078 0.736124 0.740098
#	4551	1216
#	1551	3168
#
109 1.42744 0.736506 0.739208
#	4547	1220
#	1543	3176
#
110 1.42507 0.736029 0.740988
#	4538	1229
#	1539	3180
#
111 1.42164 0.736792 0.740543
#	4545	1222
#	1538	3181
#
112 1.41849 0.736983 0.740988
#	4545	1222
#	1536	3183
#
113 1.41536 0.73765 0.741433
#	4544	1223
#	1528	3191
#
114 1.41231 0.738985 0.742768
#	4549	1218
#	1519	3200
#
115 1.40934 0.739462 0.743658
#	4552	1215
#	1517	3202
#
116 1.40641 0.740225 0.743658
#	4555	1212
#	1512	3207
#
117 1.40355 0.740893 0.744103
#	4560	1207
#	1510	3209
#
118 1.40079 0.741465 0.744103
#	4562	1205
#	1506	3213
#
119 1.39906 0.742514 0.745438
#	4559	1208
#	1492	3227
#
120 1.39614 0.7428 0.744548
#	4562	1205
#	1492	3227
#
121 1.39348 0.743277 0.745883
#	4566	1201
#	1491	3228
#
122 1.39089 0.743754 0.747218
#	4566	1201
#	1486	3233
#
123 1.38838 0.744135 0.748554
#	4569	1198
#	1485	3234
#
124 1.38592 0.744803 0.748554
#	4568	1199
#	1477	3242
#
125 1.38353 0.746138 0.750779
#	4574	1193
#	1469	3250
#
126 1.38119 0.746996 0.752559
#	4581	1186
#	1467	3252
#
127 1.37892 0.748045 0.752114
#	4584	1183
#	1459	3260
#
128 1.37669 0.748808 0.753449
#	4584	1183
#	1451	3268
#
129 1.37453 0.749762 0.754784
#	4589	1178
#	1446	3273
#
130 1.37242 0.750238 0.755229
#	4592	1175
#	1444	3275
#
131 1.37082 0.750429 0.755674
#	4592	1175
#	1442	3277
#
132 1.36867 0.751287 0.757009
#	4594	1173
#	1435	3284
#
133 1.3667 0.751955 0.755674
#	4598	1169
#	1432	3287
#
134 1.36473 0.752527 0.757009
#	4599	1168
#	1427	3292
#
135 1.36285 0.753099 0.759235
#	4600	1167
#	1422	3297
#
136 1.36098 0.754244 0.759235
#	4601	1166
#	1411	3308
#
137 1.35918 0.755388 0.758789
#	4604	1163
#	1402	3317
#
138 1.3574 0.75577 0.761015
#	4605	1162
#	1399	3320
#
139 1.35571 0.756151 0.76146
#	4601	1166
#	1391	3328
#
140 1.35402 0.756723 0.76235
#	4602	1165
#	1386	3333
#
141 1.35243 0.757009 0.76324
#	4604	1163
#	1385	3334
#
142 1.35076 0.757391 0.763685
#	4607	1160
#	1384	3335
#
143 1.34917 0.758249 0.763685
#	4608	1159
#	1376	3343
#
144 1.34762 0.758154 0.763685
#	4608	1159
#	1377	3342
#
145 1.34603 0.757868 0.76413
#	4601	1166
#	1373	3346
#
146 1.34449 0.758058 0.765465
#	4601	1166
#	1371	3348
#
147 1.34288 0.758058 0.7668
#	4602	1165
#	1372	3347
#
148 1.34079 0.759107 0.7668
#	4604	1163
#	1363	3356
#
149 1.33921 0.759107 0.7668
#	4604	1163
#	1363	3356
#
150 1.33773 0.759584 0.768135
#	4606	1161
#	1360	3359
#
151 1.33615 0.75968 0.767245
#	4606	1161
#	1359	3360
#
152 1.33463 0.760347 0.769025
#	4610	1157
#	1356	3363
#
153 1.33292 0.760538 0.768135
#	4613	1154
#	1357	3362
#
154 1.33152 0.760442 0.767245
#	4612	1155
#	1357	3362
#
155 1.32969 0.761015 0.76858
#	4612	1155
#	1351	3368
#
156 1.32818 0.761205 0.77036
#	4613	1154
#	1350	3369
#
157 1.32668 0.762731 0.76947
#	4617	1150
#	1338	3381
#
158 1.32499 0.762922 0.769915
#	4617	1150
#	1336	3383
#
159 1.3236 0.76359 0.772141
#	4619	1148
#	1331	3388
#
160 1.32187 0.764352 0.773476
#	4624	1143
#	1328	3391
#
161 1.32047 0.764639 0.773476
#	4626	1141
#	1327	3392
#
162 1.31887 0.765497 0.774366
#	4631	1136
#	1323	3396
#
163 1.31752 0.766164 0.775256
#	4631	1136
#	1316	3403
#
164 1.31586 0.766451 0.777036
#	4630	1137
#	1312	3407
#
165 1.31455 0.767118 0.775701
#	4632	1135
#	1307	3412
#
166 1.31296 0.7675 0.775701
#	4633	1134
#	1304	3415
#
167 1.31172 0.768358 0.776146
#	4641	1126
#	1303	3416
#
168 1.31009 0.76893 0.777036
#	4645	1122
#	1301	3418
#
169 1.30877 0.768644 0.777481
#	4645	1122
#	1304	3415
#
170 1.30738 0.768549 0.777036
#	4644	1123
#	1304	3415
#
171 1.30597 0.768835 0.777481
#	4645	1122
#	1302	3417
#
172 1.30464 0.769025 0.777481
#	4646	1121
#	1301	3418
#
173 1.3032 0.769216 0.780151
#	4647	1120
#	1300	3419
#
174 1.30205 0.769598 0.780151
#	4652	1115
#	1301	3418
#
175 1.30048 0.769884 0.780596
#	4656	1111
#	1302	3417
#
176 1.29917 0.770551 0.781041
#	4657	1110
#	1296	3423
#
177 1.29807 0.771314 0.780596
#	4659	1108
#	1290	3429
#
178 1.2965 0.771505 0.781486
#	4662	1105
#	1291	3428
#
179 1.29521 0.771982 0.781486
#	4662	1105
#	1286	3433
#
180 1.29412 0.772172 0.780596
#	4662	1105
#	1284	3435
#
181 1.29258 0.772649 0.779706
#	4667	1100
#	1284	3435
#
182 1.2913 0.772172 0.781041
#	4665	1102
#	1287	3432
#
183 1.29026 0.771791 0.781486
#	4665	1102
#	1291	3428
#
184 1.28871 0.772363 0.781931
#	4666	1101
#	1286	3433
#
185 1.28743 0.772554 0.781041
#	4663	1104
#	1281	3438
#
186 1.28624 0.772745 0.781931
#	4663	1104
#	1279	3440
#
187 1.2849 0.773794 0.782822
#	4666	1101
#	1271	3448
#
188 1.28381 0.773412 0.785047
#	4662	1105
#	1271	3448
#
189 1.28235 0.774557 0.786382
#	4662	1105
#	1259	3460
#
190 1.2811 0.775319 0.785047
#	4668	1099
#	1257	3462
#
191 1.28004 0.775701 0.784602
#	4670	1097
#	1255	3464
#
192 1.27861 0.776082 0.785047
#	4673	1094
#	1254	3465
#
193 1.2774 0.77675 0.783267
#	4674	1093
#	1248	3471
#
194 1.27647 0.776845 0.782822
#	4673	1094
#	1246	3473
#
195 1.27501 0.777417 0.783712
#	4675	1092
#	1242	3477
#
196 1.27382 0.777513 0.784157
#	4677	1090
#	1243	3476
#
197 1.27264 0.777799 0.785047
#	4678	1089
#	1241	3478
#
198 1.2715 0.778085 0.785492
#	4679	1088
#	1239	3480
#
199 1.27046 0.778467 0.785492
#	4685	1082
#	1241	3478
#
200 1.26922 0.778657 0.786382
#	4686	1081
#	1240	3479
#
201 1.26827 0.778657 0.786382
#	4685	1082
#	1239	3480
#
202 1.26707 0.778848 0.785492
#	4682	1085
#	1234	3485
#
203 1.26606 0.778943 0.785937
#	4684	1083
#	1235	3484
#
204 1.2651 0.780183 0.786382
#	4688	1079
#	1226	3493
#
205 1.264 0.779992 0.785937
#	4688	1079
#	1228	3491
#
206 1.26313 0.780469 0.786827
#	4691	1076
#	1226	3493
#
207 1.26206 0.780469 0.788162
#	4694	1073
#	1229	3490
#
208 1.26122 0.780469 0.789497
#	4695	1072
#	1230	3489
#
209 1.26022 0.780565 0.789497
#	4695	1072
#	1229	3490
#
210 1.25952 0.78066 0.790387
#	4694	1073
#	1227	3492
#
211 1.25848 0.780374 0.789942
#	4693	1074
#	1229	3490
#
212 1.25763 0.780946 0.790387
#	4694	1073
#	1224	3495
#
213 1.25683 0.781232 0.789942
#	4696	1071
#	1223	3496
#
214 1.25603 0.781518 0.789052
#	4697	1070
#	1221	3498
#
215 1.25522 0.781804 0.789497
#	4698	1069
#	1219	3500
#
216 1.25447 0.78209 0.789497
#	4700	1067
#	1218	3501
#
217 1.25369 0.781995 0.789497
#	4697	1070
#	1216	3503
#
218 1.25302 0.782281 0.789497
#	4700	1067
#	1216	3503
#
219 1.25223 0.782663 0.789497
#	4704	1063
#	1216	3503
#
220 1.25167 0.782949 0.790832
#	4706	1061
#	1215	3504
#
221 1.25087 0.782567 0.790387
#	4704	1063
#	1217	3502
#
222 1.25021 0.783044 0.791277
#	4704	1063
#	1212	3507
#
223 1.2497 0.783616 0.790832
#	4706	1061
#	1208	3511
#
224 1.24893 0.783426 0.791277
#	4706	1061
#	1210	3509
#
225 1.24831 0.783998 0.792167
#	4708	1059
#	1206	3513
#
226 1.24779 0.784475 0.791722
#	4710	1057
#	1203	3516
#
227 1.2471 0.78457 0.793057
#	4712	1055
#	1204	3515
#
228 1.24656 0.784951 0.793057
#	4714	1053
#	1202	3517
#
229 1.246 0.785142 0.793057
#	4716	1051
#	1202	3517
#
230 1.24541 0.785237 0.793502
#	4715	1052
#	1200	3519
#
231 1.24498 0.785333 0.793947
#	4715	1052
#	1199	3520
#
232 1.24434 0.785524 0.794393
#	4719	1048
#	1201	3518
#
233 1.24382 0.785428 0.794393
#	4719	1048
#	1202	3517
#
234 1.24342 0.785428 0.793947
#	4719	1048
#	1202	3517
#
235 1.24281 0.785619 0.794393
#	4720	1047
#	1201	3518
#
236 1.24233 0.785905 0.794838
#	4721	1046
#	1199	3520
#
237 1.24195 0.78581 0.794838
#	4722	1045
#	1201	3518
#
238 1.24137 0.786 0.794838
#	4723	1044
#	1200	3519
#
239 1.24092 0.786096 0.794838
#	4723	1044
#	1199	3520
#
240 1.24056 0.786382 0.795283
#	4725	1042
#	1198	3521
#
241 1.24001 0.786573 0.795283
#	4724	1043
#	1195	3524
#
242 1.23959 0.786573 0.795283
#	4724	1043
#	1195	3524
#
243 1.23922 0.786668 0.795728
#	4724	1043
#	1194	3525
#
244 1.23873 0.786477 0.795283
#	4723	1044
#	1195	3524
#
245 1.23836 0.786573 0.795728
#	4724	1043
#	1195	3524
#
246 1.23791 0.786763 0.796618
#	4725	1042
#	1194	3525
#
247 1.23761 0.787049 0.797508
#	4725	1042
#	1191	3528
#
248 1.23712 0.78724 0.797508
#	4723	1044
#	1187	3532
#
249 1.23674 0.787431 0.797508
#	4723	1044
#	1185	3534
#
250 1.23643 0.787908 0.797508
#	4726	1041
#	1183	3536
#
251 1.23597 0.787812 0.797063
#	4725	1042
#	1183	3536
#
252 1.23564 0.787812 0.797063
#	4725	1042
#	1183	3536
#
253 1.23525 0.787908 0.797063
#	4725	1042
#	1182	3537
#
254 1.23493 0.788003 0.797063
#	4726	1041
#	1182	3537
#
255 1.23452 0.788098 0.797063
#	4725	1042
#	1180	3539
#
256 1.23428 0.788098 0.797508
#	4725	1042
#	1180	3539
#
257 1.23383 0.788194 0.797508
#	4724	1043
#	1178	3541
#
258 1.2335 0.788098 0.797508
#	4725	1042
#	1180	3539
#
259 1.23325 0.787908 0.797953
#	4725	1042
#	1182	3537
#
260 1.23282 0.787908 0.797953
#	4726	1041
#	1183	3536
#
261 1.23251 0.787717 0.797953
#	4725	1042
#	1184	3535
#
262 1.23222 0.787908 0.797953
#	4725	1042
#	1182	3537
#
263 1.23184 0.788003 0.797953
#	4724	1043
#	1180	3539
#
264 1.23163 0.787812 0.798398
#	4724	1043
#	1182	3537
#
265 1.23121 0.787908 0.797953
#	4723	1044
#	1180	3539
#
266 1.23093 0.787908 0.797063
#	4723	1044
#	1180	3539
#
267 1.23063 0.787908 0.797508
#	4721	1046
#	1178	3541
#
268 1.2303 0.788194 0.797508
#	4723	1044
#	1177	3542
#
269 1.23005 0.788575 0.797953
#	4723	1044
#	1173	3546
#
270 1.22968 0.788671 0.797953
#	4722	1045
#	1171	3548
#
271 1.22948 0.788384 0.798843
#	4720	1047
#	1172	3547
#
272 1.2291 0.788861 0.798398
#	4723	1044
#	1170	3549
#
273 1.22886 0.788575 0.798843
#	4721	1046
#	1171	3548
#
274 1.22852 0.788575 0.799733
#	4721	1046
#	1171	3548
#
275 1.22832 0.788194 0.799733
#	4722	1045
#	1176	3543
#
276 1.22794 0.788766 0.799288
#	4726	1041
#	1174	3545
#
277 1.22767 0.78848 0.799733
#	4725	1042
#	1176	3543
#
278 1.22745 0.788575 0.799288
#	4726	1041
#	1176	3543
#
279 1.22708 0.788575 0.799733
#	4724	1043
#	1174	3545
#
280 1.22687 0.788575 0.799288
#	4723	1044
#	1173	3546
#
281 1.22653 0.788671 0.799733
#	4723	1044
#	1172	3547
#
282 1.22633 0.788671 0.800178
#	4722	1045
#	1171	3548
#
283 1.22597 0.788766 0.800623
#	4722	1045
#	1170	3549
#
284 1.22574 0.788861 0.800623
#	4722	1045
#	1169	3550
#
285 1.22543 0.788861 0.800623
#	4722	1045
#	1169	3550
#
286 1.22518 0.788957 0.800623
#	4722	1045
#	1168	3551
#
287 1.22486 0.788957 0.800623
#	4722	1045
#	1168	3551
#
288 1.22468 0.788766 0.800623
#	4720	1047
#	1168	3551
#
289 1.22431 0.788861 0.800623
#	4722	1045
#	1169	3550
#
290 1.22406 0.788957 0.801068
#	4721	1046
#	1167	3552
#
291 1.22379 0.788957 0.801068
#	4721	1046
#	1167	3552
#
292 1.22348 0.789147 0.801068
#	4720	1047
#	1164	3555
#
293 1.22329 0.789147 0.801513
#	4721	1046
#	1165	3554
#
294 1.22291 0.789147 0.801513
#	4720	1047
#	1164	3555
#
295 1.22267 0.789147 0.801513
#	4719	1048
#	1163	3556
#
296 1.22239 0.788861 0.801958
#	4717	1050
#	1164	3555
#
297 1.22208 0.789147 0.801958
#	4719	1048
#	1163	3556
#
298 1.22185 0.788957 0.801958
#	4717	1050
#	1163	3556
#
299 1.22149 0.789338 0.802403
#	4718	1049
#	1160	3559
#
300 1.22128 0.788957 0.802403
#	4715	1052
#	1161	3558
#
301 1.22091 0.789243 0.802848
#	4716	1051
#	1159	3560
#
302 1.22071 0.789624 0.802403
#	4716	1051
#	1155	3564
#
303 1.22032 0.78972 0.802403
#	4717	1050
#	1155	3564
#
304 1.22007 0.78972 0.802403
#	4715	1052
#	1153	3566
#
305 1.21975 0.78972 0.803738
#	4712	1055
#	1150	3569
#
306 1.21942 0.789815 0.803738
#	4712	1055
#	1149	3570
#
307 1.21918 0.789815 0.803738
#	4711	1056
#	1148	3571
#
308 1.21877 0.78972 0.804183
#	4711	1056
#	1149	3570
#
309 1.21852 0.78972 0.804628
#	4710	1057
#	1148	3571
#
310 1.21814 0.789624 0.805073
#	4709	1058
#	1148	3571
#
311 1.21786 0.789815 0.804183
#	4711	1056
#	1148	3571
#
312 1.21747 0.78972 0.804183
#	4710	1057
#	1148	3571
#
313 1.21721 0.790006 0.804628
#	4711	1056
#	1146	3573
#
314 1.21677 0.790483 0.805073
#	4713	1054
#	1143	3576
#
315 1.21649 0.790196 0.804628
#	4710	1057
#	1143	3576
#
316 1.21606 0.790483 0.804628
#	4710	1057
#	1140	3579
#
317 1.21574 0.790387 0.804628
#	4709	1058
#	1140	3579
#
318 1.21531 0.790769 0.804628
#	4710	1057
#	1137	3582
#
319 1.21502 0.790578 0.804628
#	4708	1059
#	1137	3582
#
320 1.21453 0.790864 0.806854
#	4707	1060
#	1133	3586
#
321 1.21421 0.79115 0.806409
#	4711	1056
#	1134	3585
#
322 1.21373 0.790959 0.807299
#	4708	1059
#	1133	3586
#
323 1.21335 0.79115 0.807744
#	4709	1058
#	1132	3587
#
324 1.21288 0.790959 0.807744
#	4708	1059
#	1133	3586
#
325 1.2125 0.790673 0.808189
#	4704	1063
#	1132	3587
#
326 1.21197 0.790959 0.808634
#	4707	1060
#	1132	3587
#
327 1.2116 0.791245 0.808189
#	4708	1059
#	1130	3589
#
328 1.21103 0.791055 0.808634
#	4707	1060
#	1131	3588
#
329 1.21064 0.790959 0.808634
#	4707	1060
#	1132	3587
#
330 1.21006 0.791245 0.808634
#	4706	1061
#	1128	3591
#
331 1.20965 0.790769 0.808634
#	4705	1062
#	1132	3587
#
332 1.20906 0.790769 0.808189
#	4705	1062
#	1132	3587
#
333 1.20861 0.79115 0.808634
#	4706	1061
#	1129	3590
#
334 1.20801 0.791055 0.808634
#	4706	1061
#	1130	3589
#
335 1.20756 0.790769 0.808634
#	4704	1063
#	1131	3588
#
336 1.20694 0.790959 0.808189
#	4703	1064
#	1128	3591
#
337 1.20648 0.79115 0.808634
#	4704	1063
#	1127	3592
#
338 1.20585 0.791627 0.808634
#	4706	1061
#	1124	3595
#
339 1.20538 0.791436 0.808634
#	4708	1059
#	1128	3591
#
340 1.20475 0.791818 0.809524
#	4710	1057
#	1126	3593
#
341 1.20426 0.792104 0.809524
#	4709	1058
#	1122	3597
#
342 1.20364 0.792104 0.809969
#	4710	1057
#	1123	3596
#
343 1.20315 0.792485 0.809524
#	4711	1056
#	1120	3599
#
344 1.20253 0.792199 0.810414
#	4711	1056
#	1123	3596
#
345 1.20203 0.792581 0.810414
#	4714	1053
#	1122	3597
#
346 1.20142 0.792676 0.811749
#	4715	1052
#	1122	3597
#
347 1.20093 0.792867 0.810414
#	4716	1051
#	1121	3598
#
348 1.20032 0.792867 0.810414
#	4713	1054
#	1118	3601
#
349 1.19982 0.792962 0.810414
#	4714	1053
#	1118	3601
#
350 1.19923 0.793248 0.810859
#	4714	1053
#	1115	3604
#
351 1.19873 0.793248 0.810414
#	4715	1052
#	1116	3603
#
352 1.19815 0.793534 0.810414
#	4716	1051
#	1114	3605
#
353 1.19765 0.793153 0.810414
#	4715	1052
#	1117	3602
#
354 1.19708 0.793153 0.812194
#	4716	1051
#	1118	3601
#
355 1.19657 0.793343 0.811749
#	4716	1051
#	1116	3603
#
356 1.19601 0.793534 0.812194
#	4715	1052
#	1113	3606
#
357 1.1955 0.793534 0.811304
#	4715	1052
#	1113	3606
#
358 1.19495 0.793534 0.811304
#	4716	1051
#	1114	3605
#
359 1.19444 0.793057 0.811749
#	4714	1053
#	1117	3602
#
360 1.19389 0.793057 0.811304
#	4714	1053
#	1117	3602
#
361 1.19338 0.793439 0.811749
#	4713	1054
#	1112	3607
#
362 1.19284 0.793343 0.811749
#	4714	1053
#	1114	3605
#
363 1.19233 0.793343 0.811749
#	4714	1053
#	1114	3605
#
364 1.19179 0.793439 0.811749
#	4714	1053
#	1113	3606
#
365 1.19129 0.793916 0.812194
#	4717	1050
#	1111	3608
#
366 1.19075 0.79382 0.812194
#	4715	1052
#	1110	3609
#
367 1.19024 0.79382 0.811749
#	4716	1051
#	1111	3608
#
368 1.18971 0.793725 0.811749
#	4714	1053
#	1110	3609
#
369 1.18919 0.793916 0.812194
#	4715	1052
#	1109	3610
#
370 1.1886 0.794106 0.812194
#	4716	1051
#	1108	3611
#
371 1.18807 0.79382 0.811749
#	4713	1054
#	1108	3611
#
372 1.18754 0.79363 0.811749
#	4711	1056
#	1108	3611
#
373 1.18702 0.793916 0.812639
#	4711	1056
#	1105	3614
#
374 1.18649 0.793916 0.811749
#	4711	1056
#	1105	3614
#
375 1.18597 0.793916 0.812194
#	4711	1056
#	1105	3614
#
376 1.18545 0.794202 0.812194
#	4713	1054
#	1104	3615
#
377 1.18492 0.793725 0.812639
#	4710	1057
#	1106	3613
#
378 1.1844 0.793248 0.812639
#	4707	1060
#	1108	3611
#
379 1.18388 0.793534 0.812639
#	4708	1059
#	1106	3613
#
380 1.18335 0.79363 0.813084
#	4708	1059
#	1105	3614
#
381 1.18282 0.794011 0.813084
#	4709	1058
#	1102	3617
#
382 1.1823 0.794106 0.813084
#	4708	1059
#	1100	3619
#
383 1.18177 0.794297 0.813529
#	4708	1059
#	1098	3621
#
384 1.18123 0.794393 0.813529
#	4710	1057
#	1099	3620
#
385 1.1807 0.794297 0.813974
#	4705	1062
#	1095	3624
#
386 1.18016 0.794393 0.814419
#	4705	1062
#	1094	3625
#
387 1.17963 0.794106 0.813974
#	4703	1064
#	1095	3624
#
388 1.17909 0.794011 0.813084
#	4701	1066
#	1094	3625
#
389 1.17856 0.794011 0.813974
#	4699	1068
#	1092	3627
#
390 1.17803 0.794011 0.812639
#	4698	1069
#	1091	3628
#
391 1.1775 0.794393 0.812194
#	4700	1067
#	1089	3630
#
392 1.17698 0.794869 0.812639
#	4702	1065
#	1086	3633
#
393 1.17645 0.794774 0.812639
#	4702	1065
#	1087	3632
#
394 1.17593 0.795251 0.812194
#	4704	1063
#	1084	3635
#
395 1.17543 0.795155 0.812194
#	4705	1062
#	1086	3633
#
396 1.17492 0.79506 0.812639
#	4704	1063
#	1086	3633
#
397 1.17442 0.794869 0.812639
#	4704	1063
#	1088	3631
#
398 1.17393 0.795155 0.812639
#	4705	1062
#	1086	3633
#
399 1.17345 0.795155 0.811749
#	4706	1061
#	1087	3632
#
400 1.17297 0.79506 0.811749
#	4705	1062
#	1087	3632
#
401 1.17251 0.794869 0.811749
#	4704	1063
#	1088	3631
#
402 1.17205 0.794869 0.811749
#	4704	1063
#	1088	3631
#
403 1.1716 0.794869 0.811749
#	4702	1065
#	1086	3633
#
404 1.17116 0.795155 0.811749
#	4702	1065
#	1083	3636
#
405 1.17073 0.795346 0.811749
#	4703	1064
#	1082	3637
#
406 1.17031 0.795155 0.810859
#	4702	1065
#	1083	3636
#
407 1.16989 0.795537 0.810859
#	4705	1062
#	1082	3637
#
408 1.16949 0.795251 0.811304
#	4705	1062
#	1085	3634
#
409 1.1691 0.794774 0.811304
#	4701	1066
#	1086	3633
#
410 1.16871 0.794869 0.811304
#	4701	1066
#	1085	3634
#
411 1.16834 0.794679 0.811749
#	4699	1068
#	1085	3634
#
412 1.16797 0.794679 0.811304
#	4699	1068
#	1085	3634
#
413 1.16761 0.794869 0.811749
#	4699	1068
#	1083	3636
#
414 1.16726 0.794869 0.811749
#	4698	1069
#	1082	3637
#
415 1.16692 0.794583 0.811749
#	4696	1071
#	1083	3636
#
416 1.16659 0.794297 0.811304
#	4695	1072
#	1085	3634
#
417 1.16626 0.794679 0.810859
#	4694	1073
#	1080	3639
#
418 1.16594 0.794583 0.810414
#	4693	1074
#	1080	3639
#
419 1.16564 0.794869 0.809969
#	4695	1072
#	1079	3640
#
420 1.16533 0.794869 0.809969
#	4695	1072
#	1079	3640
#
421 1.16503 0.795155 0.809969
#	4695	1072
#	1076	3643
#
422 1.16474 0.795155 0.810414
#	4694	1073
#	1075	3644
#
423 1.16446 0.794965 0.810414
#	4692	1075
#	1075	3644
#
424 1.16417 0.79506 0.810859
#	4692	1075
#	1074	3645
#
425 1.1639 0.795155 0.810859
#	4693	1074
#	1074	3645
#
426 1.16362 0.79506 0.809969
#	4693	1074
#	1075	3644
#
427 1.16335 0.794679 0.809524
#	4691	1076
#	1077	3642
#
428 1.16309 0.794679 0.809524
#	4692	1075
#	1078	3641
#
429 1.16283 0.794774 0.809079
#	4693	1074
#	1078	3641
#
430 1.16257 0.794774 0.809079
#	4693	1074
#	1078	3641
#
431 1.16232 0.794965 0.809079
#	4693	1074
#	1076	3643
#
432 1.16207 0.794965 0.809079
#	4693	1074
#	1076	3643
#
433 1.16181 0.795155 0.809079
#	4693	1074
#	1074	3645
#
434 1.16157 0.795442 0.809524
#	4693	1074
#	1071	3648
#
435 1.16132 0.795442 0.809079
#	4693	1074
#	1071	3648
#
436 1.16108 0.795632 0.809079
#	4693	1074
#	1069	3650
#
#normalizar está a 1
#accuracy test final: 0.785492
#	1001	253
#	229	764
#0.785492
