0 0.443479 0.931148 0.938462
#	185	8
#	13	99
#
1 0.373363 0.944262 0.923077
#	185	8
#	9	103
#
2 0.33358 0.947541 0.892308
#	185	8
#	8	104
#
3 0.335411 0.944262 0.876923
#	185	8
#	9	103
#
4 0.326861 0.944262 0.907692
#	185	8
#	9	103
#
5 0.304757 0.95082 0.907692
#	185	8
#	7	105
#
6 0.292644 0.95082 0.892308
#	184	9
#	6	106
#
7 0.291009 0.960656 0.907692
#	187	6
#	6	106
#
8 0.29778 0.957377 0.876923
#	188	5
#	8	104
#
9 0.313439 0.95082 0.892308
#	188	5
#	10	102
#
10 0.296499 0.954098 0.892308
#	188	5
#	9	103
#
11 0.311362 0.947541 0.892308
#	188	5
#	11	101
#
12 0.278078 0.947541 0.876923
#	188	5
#	11	101
#
13 0.255412 0.960656 0.876923
#	188	5
#	7	105
#
14 0.249282 0.960656 0.907692
#	187	6
#	6	106
#
15 0.242369 0.957377 0.907692
#	186	7
#	6	106
#
16 0.238504 0.957377 0.907692
#	186	7
#	6	106
#
17 0.234185 0.957377 0.892308
#	186	7
#	6	106
#
18 0.229221 0.963934 0.892308
#	187	6
#	5	107
#
19 0.22497 0.963934 0.892308
#	187	6
#	5	107
#
20 0.214622 0.963934 0.892308
#	186	7
#	4	108
#
21 0.212316 0.967213 0.892308
#	187	6
#	4	108
#
22 0.202675 0.967213 0.892308
#	187	6
#	4	108
#
23 0.201872 0.967213 0.876923
#	186	7
#	3	109
#
24 0.186757 0.970492 0.876923
#	188	5
#	4	108
#
25 0.180145 0.97377 0.876923
#	188	5
#	3	109
#
26 0.179234 0.97377 0.876923
#	187	6
#	2	110
#
27 0.219007 0.960656 0.876923
#	183	10
#	2	110
#
28 0.174809 0.967213 0.876923
#	188	5
#	5	107
#
29 0.174782 0.970492 0.892308
#	189	4
#	5	107
#
30 0.184636 0.970492 0.892308
#	189	4
#	5	107
#
31 0.175291 0.97377 0.892308
#	190	3
#	5	107
#
32 0.184252 0.970492 0.876923
#	189	4
#	5	107
#
33 0.162488 0.970492 0.892308
#	189	4
#	5	107
#
34 0.162425 0.970492 0.861538
#	189	4
#	5	107
#
35 0.15621 0.97377 0.861538
#	190	3
#	5	107
#
36 0.160833 0.970492 0.861538
#	190	3
#	6	106
#
37 0.153142 0.970492 0.892308
#	190	3
#	6	106
#
38 0.20417 0.960656 0.861538
#	188	5
#	7	105
#
39 0.177586 0.967213 0.861538
#	188	5
#	5	107
#
40 0.171613 0.970492 0.861538
#	189	4
#	5	107
#
41 0.153273 0.977049 0.892308
#	188	5
#	2	110
#
42 0.213494 0.967213 0.846154
#	191	2
#	8	104
#
43 0.181297 0.957377 0.876923
#	185	8
#	5	107
#
44 0.284879 0.960656 0.846154
#	192	1
#	11	101
#
45 0.185803 0.963934 0.892308
#	185	8
#	3	109
#
46 0.205918 0.967213 0.846154
#	192	1
#	9	103
#
47 0.135341 0.980328 0.876923
#	189	4
#	2	110
#
48 0.187094 0.97377 0.846154
#	192	1
#	7	105
#
49 0.145921 0.977049 0.876923
#	190	3
#	4	108
#
50 0.127209 0.980328 0.892308
#	190	3
#	3	109
#
#normalizar está a 0
#accuracy test final: 0.923077
#	36	1
#	4	24
#0.923077
