0 2.34937 0.792453 0.863636
#	39	0	0
#	1	32	0
#	0	21	13
#
1 2.07361 0.811321 0.727273
#	39	0	0
#	0	13	20
#	0	0	34
#
2 1.81505 0.707547 0.727273
#	39	0	0
#	0	2	31
#	0	0	34
#
3 1.62228 0.707547 0.772727
#	39	0	0
#	0	2	31
#	0	0	34
#
4 1.49479 0.764151 0.772727
#	39	0	0
#	0	8	25
#	0	0	34
#
5 1.40889 0.811321 0.772727
#	39	0	0
#	0	13	20
#	0	0	34
#
6 1.3473 0.849057 0.772727
#	39	0	0
#	0	17	16
#	0	0	34
#
7 1.3007 0.867925 0.772727
#	39	0	0
#	0	19	14
#	0	0	34
#
8 1.26364 0.896226 0.772727
#	39	0	0
#	0	22	11
#	0	0	34
#
9 1.23251 0.915094 0.772727
#	39	0	0
#	0	24	9
#	0	0	34
#
10 1.20498 0.915094 0.772727
#	39	0	0
#	0	24	9
#	0	0	34
#
11 1.17958 0.924528 0.818182
#	39	0	0
#	0	25	8
#	0	0	34
#
12 1.15537 0.933962 0.863636
#	39	0	0
#	0	26	7
#	0	0	34
#
13 1.13171 0.933962 0.909091
#	39	0	0
#	0	26	7
#	0	0	34
#
14 1.10817 0.95283 0.909091
#	39	0	0
#	0	28	5
#	0	0	34
#
15 1.0844 0.95283 0.909091
#	39	0	0
#	0	28	5
#	0	0	34
#
16 1.06015 0.962264 0.909091
#	39	0	0
#	0	29	4
#	0	0	34
#
17 1.03522 0.962264 0.909091
#	39	0	0
#	0	29	4
#	0	0	34
#
18 1.00945 0.962264 0.909091
#	39	0	0
#	0	29	4
#	0	0	34
#
19 0.982741 0.962264 0.954545
#	39	0	0
#	0	29	4
#	0	0	34
#
20 0.955017 0.962264 0.954545
#	39	0	0
#	0	29	4
#	0	0	34
#
21 0.926273 0.962264 0.954545
#	39	0	0
#	0	29	4
#	0	0	34
#
22 0.896553 0.962264 0.954545
#	39	0	0
#	0	29	4
#	0	0	34
#
23 0.865964 0.962264 0.954545
#	39	0	0
#	0	29	4
#	0	0	34
#
24 0.834665 0.971698 0.954545
#	39	0	0
#	0	30	3
#	0	0	34
#
25 0.802863 0.981132 0.954545
#	39	0	0
#	0	31	2
#	0	0	34
#
26 0.770797 0.981132 0.954545
#	39	0	0
#	0	31	2
#	0	0	34
#
27 0.738727 0.981132 1
#	39	0	0
#	0	31	2
#	0	0	34
#
28 0.706911 0.981132 1
#	39	0	0
#	0	31	2
#	0	0	34
#
29 0.675601 0.981132 1
#	39	0	0
#	0	31	2
#	0	0	34
#
30 0.645023 0.981132 1
#	39	0	0
#	0	31	2
#	0	0	34
#
31 0.615375 0.981132 1
#	39	0	0
#	0	31	2
#	0	0	34
#
32 0.586821 0.981132 1
#	39	0	0
#	0	31	2
#	0	0	34
#
33 0.559487 0.981132 1
#	39	0	0
#	0	31	2
#	0	0	34
#
34 0.533461 0.981132 1
#	39	0	0
#	0	31	2
#	0	0	34
#
35 0.508801 0.981132 1
#	39	0	0
#	0	31	2
#	0	0	34
#
36 0.48553 0.981132 1
#	39	0	0
#	0	31	2
#	0	0	34
#
37 0.463649 0.981132 1
#	39	0	0
#	0	31	2
#	0	0	34
#
38 0.443136 0.981132 1
#	39	0	0
#	0	31	2
#	0	0	34
#
39 0.423952 0.981132 1
#	39	0	0
#	0	31	2
#	0	0	34
#
40 0.406047 0.990566 1
#	39	0	0
#	0	32	1
#	0	0	34
#
41 0.389362 0.990566 1
#	39	0	0
#	0	32	1
#	0	0	34
#
42 0.373831 0.990566 1
#	39	0	0
#	0	32	1
#	0	0	34
#
43 0.359389 0.990566 1
#	39	0	0
#	0	32	1
#	0	0	34
#
44 0.345966 0.990566 1
#	39	0	0
#	0	32	1
#	0	0	34
#
45 0.333494 0.990566 1
#	39	0	0
#	0	32	1
#	0	0	34
#
46 0.321909 0.990566 1
#	39	0	0
#	0	32	1
#	0	0	34
#
47 0.311147 0.990566 1
#	39	0	0
#	0	32	1
#	0	0	34
#
48 0.301148 0.990566 1
#	39	0	0
#	0	32	1
#	0	0	34
#
49 0.291856 0.990566 1
#	39	0	0
#	0	32	1
#	0	0	34
#
50 0.283218 0.990566 1
#	39	0	0
#	0	32	1
#	0	0	34
#
51 0.275186 0.990566 1
#	39	0	0
#	0	32	1
#	0	0	34
#
52 0.267713 0.990566 1
#	39	0	0
#	0	32	1
#	0	0	34
#
53 0.260758 0.990566 1
#	39	0	0
#	0	32	1
#	0	0	34
#
54 0.254283 0.990566 1
#	39	0	0
#	0	32	1
#	0	0	34
#
55 0.248252 0.990566 1
#	39	0	0
#	0	32	1
#	0	0	34
#
56 0.242633 0.990566 1
#	39	0	0
#	0	32	1
#	0	0	34
#
57 0.237397 0.990566 1
#	39	0	0
#	0	32	1
#	0	0	34
#
58 0.232515 0.990566 1
#	39	0	0
#	0	32	1
#	0	0	34
#
59 0.227963 0.990566 1
#	39	0	0
#	0	32	1
#	0	0	34
#
60 0.22372 0.990566 1
#	39	0	0
#	0	32	1
#	0	0	34
#
61 0.219763 0.990566 1
#	39	0	0
#	0	32	1
#	0	0	34
#
62 0.216074 0.990566 1
#	39	0	0
#	0	32	1
#	0	0	34
#
63 0.212636 0.990566 1
#	39	0	0
#	0	32	1
#	0	0	34
#
64 0.209432 1 1
#	39	0	0
#	0	33	0
#	0	0	34
#
65 0.206448 1 1
#	39	0	0
#	0	33	0
#	0	0	34
#
66 0.203671 1 1
#	39	0	0
#	0	33	0
#	0	0	34
#
67 0.201087 1 1
#	39	0	0
#	0	33	0
#	0	0	34
#
68 0.198687 1 1
#	39	0	0
#	0	33	0
#	0	0	34
#
69 0.196459 1 1
#	39	0	0
#	0	33	0
#	0	0	34
#
70 0.194393 1 1
#	39	0	0
#	0	33	0
#	0	0	34
#
71 0.19248 1 1
#	39	0	0
#	0	33	0
#	0	0	34
#
72 0.190713 1 1
#	39	0	0
#	0	33	0
#	0	0	34
#
73 0.189083 1 1
#	39	0	0
#	0	33	0
#	0	0	34
#
74 0.187584 1 1
#	39	0	0
#	0	33	0
#	0	0	34
#
75 0.186207 1 1
#	39	0	0
#	0	33	0
#	0	0	34
#
76 0.184948 0.990566 1
#	39	0	0
#	0	33	0
#	0	1	33
#
77 0.1838 0.990566 1
#	39	0	0
#	0	33	0
#	0	1	33
#
#normalizar está a 0
#accuracy test final: 0.863636
#	3	0	0
#	0	7	3
#	0	0	9
#0.863636
