0 1.44926 0.95283 0.909091
#	36	0	0
#	3	31	1
#	0	1	34
#
1 1.27741 0.896226 0.863636
#	36	0	0
#	1	34	0
#	0	10	25
#
2 1.13959 0.896226 0.818182
#	36	0	0
#	0	35	0
#	0	11	24
#
3 1.00433 0.924528 0.863636
#	36	0	0
#	0	35	0
#	0	8	27
#
4 0.854793 0.971698 0.863636
#	36	0	0
#	0	34	1
#	0	2	33
#
5 0.72763 0.971698 0.909091
#	36	0	0
#	0	34	1
#	0	2	33
#
6 0.967636 0.754717 0.727273
#	36	0	0
#	0	35	0
#	0	26	9
#
7 0.586085 0.981132 1
#	36	0	0
#	0	33	2
#	0	0	35
#
8 1.00942 0.792453 0.772727
#	36	0	0
#	0	35	0
#	0	22	13
#
9 0.686287 0.858491 0.863636
#	36	0	0
#	0	20	15
#	0	0	35
#
10 0.462453 0.95283 0.818182
#	36	0	0
#	0	35	0
#	0	5	30
#
11 0.454407 0.971698 1
#	36	0	0
#	0	32	3
#	0	0	35
#
12 0.651927 0.886792 0.772727
#	36	0	0
#	0	35	0
#	0	12	23
#
13 0.204409 0.981132 1
#	36	0	0
#	0	33	2
#	0	0	35
#
14 0.191941 0.981132 1
#	36	0	0
#	0	33	2
#	0	0	35
#
15 0.177562 0.981132 1
#	36	0	0
#	0	33	2
#	0	0	35
#
16 0.173645 0.981132 1
#	36	0	0
#	0	33	2
#	0	0	35
#
17 0.988568 0.811321 0.772727
#	36	0	0
#	0	35	0
#	0	20	15
#
18 0.158726 0.990566 1
#	36	0	0
#	0	34	1
#	0	0	35
#
19 0.166168 0.971698 1
#	36	0	0
#	0	32	3
#	0	0	35
#
20 0.165971 0.971698 0.909091
#	36	0	0
#	0	34	1
#	0	2	33
#
21 0.14339 0.981132 1
#	36	0	0
#	0	33	2
#	0	0	35
#
22 0.169308 0.971698 0.909091
#	36	0	0
#	0	34	1
#	0	2	33
#
23 0.165334 0.971698 0.909091
#	36	0	0
#	0	34	1
#	0	2	33
#
24 0.170607 0.971698 0.909091
#	36	0	0
#	0	34	1
#	0	2	33
#
25 0.172648 0.971698 0.909091
#	36	0	0
#	0	34	1
#	0	2	33
#
26 0.161592 0.971698 0.909091
#	36	0	0
#	0	34	1
#	0	2	33
#
27 0.146042 0.971698 0.954545
#	36	0	0
#	0	34	1
#	0	2	33
#
28 0.153805 0.971698 0.909091
#	36	0	0
#	0	34	1
#	0	2	33
#
29 0.14421 0.971698 0.909091
#	36	0	0
#	0	34	1
#	0	2	33
#
30 0.136316 0.990566 0.954545
#	36	0	0
#	0	34	1
#	0	0	35
#
31 0.12675 0.990566 1
#	36	0	0
#	0	34	1
#	0	0	35
#
32 0.123466 0.990566 1
#	36	0	0
#	0	34	1
#	0	0	35
#
33 0.197948 0.971698 1
#	36	0	0
#	0	32	3
#	0	0	35
#
34 0.205056 0.971698 1
#	36	0	0
#	0	32	3
#	0	0	35
#
35 0.207737 0.962264 1
#	36	0	0
#	0	31	4
#	0	0	35
#
36 0.160469 0.971698 1
#	36	0	0
#	0	32	3
#	0	0	35
#
37 0.197832 0.971698 1
#	36	0	0
#	0	32	3
#	0	0	35
#
38 0.155112 0.981132 1
#	36	0	0
#	0	33	2
#	0	0	35
#
39 0.151271 0.981132 1
#	36	0	0
#	0	33	2
#	0	0	35
#
40 0.214559 0.962264 1
#	36	0	0
#	0	31	4
#	0	0	35
#
41 0.207951 0.962264 1
#	36	0	0
#	0	31	4
#	0	0	35
#
42 0.20786 0.962264 1
#	36	0	0
#	0	31	4
#	0	0	35
#
43 0.204631 0.962264 1
#	36	0	0
#	0	31	4
#	0	0	35
#
44 0.151837 0.981132 1
#	36	0	0
#	0	33	2
#	0	0	35
#
45 0.209056 0.962264 1
#	36	0	0
#	0	31	4
#	0	0	35
#
46 0.196534 0.962264 1
#	36	0	0
#	0	31	4
#	0	0	35
#
47 0.191847 0.962264 1
#	36	0	0
#	0	31	4
#	0	0	35
#
48 0.197386 0.962264 1
#	36	0	0
#	0	31	4
#	0	0	35
#
49 0.187054 0.962264 1
#	36	0	0
#	0	31	4
#	0	0	35
#
50 0.19404 0.962264 1
#	36	0	0
#	0	31	4
#	0	0	35
#
51 0.161899 0.981132 1
#	36	0	0
#	0	33	2
#	0	0	35
#
52 0.190663 0.962264 1
#	36	0	0
#	0	31	4
#	0	0	35
#
53 0.18605 0.962264 1
#	36	0	0
#	0	31	4
#	0	0	35
#
54 0.208182 0.962264 1
#	36	0	0
#	0	31	4
#	0	0	35
#
55 0.147949 0.981132 1
#	36	0	0
#	0	33	2
#	0	0	35
#
56 0.166423 0.971698 1
#	36	0	0
#	0	32	3
#	0	0	35
#
57 0.155046 0.981132 1
#	36	0	0
#	0	33	2
#	0	0	35
#
#normalizar está a 0
#accuracy test final: 0.954545
#	7	0	0
#	0	7	1
#	0	0	7
#0.954545
