0 0.415838 0.965377 0.971154
#	321	10
#	7	153
#
1 0.277597 0.96334 0.971154
#	319	12
#	6	154
#
2 0.245658 0.965377 0.971154
#	319	12
#	5	155
#
3 0.2324 0.965377 0.971154
#	319	12
#	5	155
#
4 0.22512 0.965377 0.971154
#	319	12
#	5	155
#
5 0.220384 0.965377 0.971154
#	319	12
#	5	155
#
6 0.21693 0.965377 0.971154
#	319	12
#	5	155
#
7 0.214199 0.96334 0.971154
#	318	13
#	5	155
#
8 0.211917 0.96334 0.971154
#	318	13
#	5	155
#
9 0.209937 0.965377 0.971154
#	319	12
#	5	155
#
10 0.208178 0.965377 0.971154
#	319	12
#	5	155
#
11 0.206596 0.965377 0.971154
#	319	12
#	5	155
#
12 0.205166 0.965377 0.971154
#	319	12
#	5	155
#
13 0.203876 0.965377 0.971154
#	319	12
#	5	155
#
14 0.202716 0.965377 0.971154
#	319	12
#	5	155
#
15 0.201679 0.967413 0.971154
#	320	11
#	5	155
#
16 0.200758 0.967413 0.971154
#	320	11
#	5	155
#
17 0.199942 0.967413 0.971154
#	320	11
#	5	155
#
18 0.19922 0.967413 0.971154
#	320	11
#	5	155
#
19 0.198583 0.967413 0.971154
#	320	11
#	5	155
#
20 0.198017 0.967413 0.971154
#	320	11
#	5	155
#
21 0.197513 0.96945 0.971154
#	320	11
#	4	156
#
22 0.197061 0.96945 0.971154
#	320	11
#	4	156
#
23 0.196653 0.96945 0.971154
#	320	11
#	4	156
#
24 0.196281 0.96945 0.971154
#	320	11
#	4	156
#
25 0.19594 0.96945 0.971154
#	320	11
#	4	156
#
26 0.195625 0.96945 0.971154
#	320	11
#	4	156
#
27 0.19533 0.96945 0.971154
#	320	11
#	4	156
#
28 0.195053 0.96945 0.971154
#	320	11
#	4	156
#
29 0.194791 0.96945 0.971154
#	320	11
#	4	156
#
30 0.194541 0.96945 0.971154
#	320	11
#	4	156
#
31 0.194301 0.96945 0.971154
#	320	11
#	4	156
#
32 0.194069 0.96945 0.971154
#	320	11
#	4	156
#
33 0.193845 0.96945 0.971154
#	320	11
#	4	156
#
34 0.193626 0.96945 0.971154
#	320	11
#	4	156
#
35 0.193412 0.96945 0.971154
#	320	11
#	4	156
#
36 0.193201 0.96945 0.971154
#	320	11
#	4	156
#
37 0.192994 0.96945 0.971154
#	320	11
#	4	156
#
38 0.192788 0.96945 0.971154
#	320	11
#	4	156
#
39 0.192585 0.96945 0.971154
#	320	11
#	4	156
#
40 0.192383 0.96945 0.971154
#	320	11
#	4	156
#
41 0.192181 0.96945 0.971154
#	320	11
#	4	156
#
42 0.19198 0.96945 0.971154
#	320	11
#	4	156
#
43 0.19178 0.96945 0.961538
#	320	11
#	4	156
#
44 0.191579 0.96945 0.961538
#	320	11
#	4	156
#
45 0.191379 0.96945 0.961538
#	320	11
#	4	156
#
46 0.191178 0.96945 0.961538
#	320	11
#	4	156
#
47 0.190977 0.96945 0.961538
#	320	11
#	4	156
#
48 0.190775 0.96945 0.961538
#	320	11
#	4	156
#
49 0.190572 0.96945 0.961538
#	320	11
#	4	156
#
50 0.19037 0.96945 0.961538
#	320	11
#	4	156
#
#normalizar está a 1
#accuracy test final: 0.971154
#	72	2
#	1	29
#0.971154
