0 0.339417 0.967413 0.971154
#	311	9
#	7	164
#
1 0.239751 0.971487 0.961538
#	312	8
#	6	165
#
2 0.21163 0.971487 0.961538
#	312	8
#	6	165
#
3 0.198183 0.971487 0.961538
#	312	8
#	6	165
#
4 0.190143 0.96945 0.961538
#	312	8
#	7	164
#
5 0.18472 0.96945 0.961538
#	312	8
#	7	164
#
6 0.180791 0.971487 0.961538
#	312	8
#	6	165
#
7 0.17781 0.971487 0.961538
#	312	8
#	6	165
#
8 0.175473 0.971487 0.961538
#	312	8
#	6	165
#
9 0.1736 0.971487 0.961538
#	312	8
#	6	165
#
10 0.172068 0.973523 0.961538
#	313	7
#	6	165
#
11 0.170797 0.973523 0.961538
#	313	7
#	6	165
#
12 0.169726 0.973523 0.961538
#	313	7
#	6	165
#
13 0.168813 0.973523 0.961538
#	313	7
#	6	165
#
14 0.168026 0.973523 0.961538
#	313	7
#	6	165
#
15 0.16734 0.973523 0.961538
#	313	7
#	6	165
#
16 0.166735 0.97556 0.961538
#	313	7
#	5	166
#
17 0.166197 0.97556 0.961538
#	313	7
#	5	166
#
18 0.165715 0.97556 0.961538
#	313	7
#	5	166
#
19 0.165279 0.97556 0.961538
#	313	7
#	5	166
#
20 0.164881 0.973523 0.961538
#	312	8
#	5	166
#
21 0.164516 0.973523 0.961538
#	312	8
#	5	166
#
22 0.164178 0.973523 0.961538
#	312	8
#	5	166
#
23 0.163864 0.973523 0.961538
#	312	8
#	5	166
#
24 0.16357 0.973523 0.961538
#	312	8
#	5	166
#
25 0.163293 0.973523 0.961538
#	312	8
#	5	166
#
26 0.16303 0.973523 0.961538
#	312	8
#	5	166
#
27 0.162781 0.973523 0.961538
#	312	8
#	5	166
#
28 0.162542 0.973523 0.961538
#	312	8
#	5	166
#
29 0.162313 0.973523 0.961538
#	312	8
#	5	166
#
30 0.162092 0.973523 0.961538
#	312	8
#	5	166
#
31 0.161878 0.973523 0.961538
#	312	8
#	5	166
#
32 0.161671 0.973523 0.961538
#	312	8
#	5	166
#
33 0.161468 0.973523 0.961538
#	312	8
#	5	166
#
34 0.161269 0.973523 0.961538
#	312	8
#	5	166
#
35 0.161075 0.973523 0.961538
#	312	8
#	5	166
#
36 0.160883 0.973523 0.961538
#	312	8
#	5	166
#
37 0.160693 0.973523 0.961538
#	312	8
#	5	166
#
38 0.160505 0.973523 0.961538
#	312	8
#	5	166
#
39 0.160318 0.973523 0.961538
#	312	8
#	5	166
#
40 0.160132 0.973523 0.961538
#	312	8
#	5	166
#
41 0.159946 0.973523 0.961538
#	312	8
#	5	166
#
42 0.15976 0.973523 0.961538
#	312	8
#	5	166
#
43 0.159574 0.973523 0.961538
#	312	8
#	5	166
#
44 0.159386 0.973523 0.961538
#	312	8
#	5	166
#
45 0.159197 0.973523 0.961538
#	312	8
#	5	166
#
46 0.159006 0.973523 0.961538
#	312	8
#	5	166
#
47 0.158812 0.973523 0.961538
#	312	8
#	5	166
#
48 0.158617 0.973523 0.961538
#	312	8
#	5	166
#
49 0.158418 0.973523 0.961538
#	312	8
#	5	166
#
50 0.158216 0.973523 0.961538
#	312	8
#	5	166
#
#normalizar está a 1
#accuracy test final: 0.971154
#	70	2
#	1	31
#0.971154
