0 1.92022 0.572668 0.580329
#	5273	507
#	3974	732
#
1 1.90487 0.572954 0.582109
#	5016	764
#	3714	992
#
2 1.89717 0.575625 0.572319
#	4856	924
#	3526	1180
#
3 1.89231 0.574862 0.570984
#	4750	1030
#	3428	1278
#
4 1.88867 0.57839 0.570539
#	4710	1070
#	3351	1355
#
5 1.88573 0.579153 0.571874
#	4684	1096
#	3317	1389
#
6 1.88327 0.580679 0.574099
#	4667	1113
#	3284	1422
#
7 1.8812 0.582205 0.574989
#	4660	1120
#	3261	1445
#
8 1.87944 0.583254 0.574099
#	4645	1135
#	3235	1471
#
9 1.87793 0.584494 0.574989
#	4638	1142
#	3215	1491
#
10 1.87664 0.585829 0.571429
#	4631	1149
#	3194	1512
#
11 1.87553 0.58621 0.574099
#	4623	1157
#	3182	1524
#
12 1.87455 0.585733 0.577214
#	4612	1168
#	3176	1530
#
13 1.8737 0.586782 0.576769
#	4613	1167
#	3166	1540
#
14 1.87292 0.588594 0.577214
#	4616	1164
#	3150	1556
#
15 1.87223 0.590216 0.577659
#	4619	1161
#	3136	1570
#
16 1.87159 0.589739 0.577214
#	4615	1165
#	3137	1569
#
17 1.87098 0.590978 0.577659
#	4614	1166
#	3123	1583
#
18 1.8704 0.591932 0.578549
#	4616	1164
#	3115	1591
#
19 1.86986 0.592314 0.579884
#	4613	1167
#	3108	1598
#
20 1.86934 0.593267 0.579884
#	4620	1160
#	3105	1601
#
21 1.86883 0.593458 0.579884
#	4620	1160
#	3103	1603
#
22 1.86834 0.594698 0.580329
#	4625	1155
#	3095	1611
#
23 1.86785 0.595174 0.579884
#	4625	1155
#	3090	1616
#
24 1.86736 0.595937 0.579884
#	4629	1151
#	3086	1620
#
25 1.86687 0.596128 0.581219
#	4630	1150
#	3085	1621
#
26 1.86638 0.596319 0.581219
#	4632	1148
#	3085	1621
#
27 1.86587 0.597082 0.581219
#	4632	1148
#	3077	1629
#
28 1.86537 0.597559 0.583
#	4634	1146
#	3074	1632
#
29 1.86485 0.597654 0.583445
#	4635	1145
#	3074	1632
#
30 1.86433 0.597749 0.58389
#	4638	1142
#	3076	1630
#
31 1.86379 0.597845 0.58389
#	4635	1145
#	3072	1634
#
32 1.86326 0.597559 0.58567
#	4634	1146
#	3074	1632
#
33 1.8627 0.597749 0.58567
#	4636	1144
#	3074	1632
#
34 1.86214 0.59794 0.58567
#	4637	1143
#	3073	1633
#
35 1.86156 0.598226 0.58567
#	4638	1142
#	3071	1635
#
36 1.86097 0.598703 0.58478
#	4636	1144
#	3064	1642
#
37 1.86037 0.59918 0.586115
#	4641	1139
#	3064	1642
#
38 1.85975 0.599084 0.587895
#	4637	1143
#	3061	1645
#
39 1.85913 0.598989 0.587895
#	4636	1144
#	3061	1645
#
40 1.85849 0.598703 0.58923
#	4632	1148
#	3060	1646
#
41 1.85784 0.598798 0.58923
#	4634	1146
#	3061	1645
#
42 1.85717 0.59918 0.589675
#	4635	1145
#	3058	1648
#
43 1.85645 0.59918 0.59012
#	4636	1144
#	3059	1647
#
44 1.85552 0.599371 0.59012
#	4639	1141
#	3060	1646
#
45 1.8548 0.599371 0.59101
#	4635	1145
#	3056	1650
#
46 1.85409 0.599752 0.592345
#	4640	1140
#	3057	1649
#
47 1.85336 0.599657 0.594126
#	4642	1138
#	3060	1646
#
48 1.85263 0.600134 0.595016
#	4644	1136
#	3057	1649
#
49 1.85189 0.600324 0.594126
#	4640	1140
#	3051	1655
#
50 1.85114 0.600324 0.59279
#	4637	1143
#	3048	1658
#
51 1.85038 0.600706 0.595016
#	4636	1144
#	3043	1663
#
52 1.84962 0.601373 0.596351
#	4638	1142
#	3038	1668
#
53 1.84884 0.60185 0.597686
#	4636	1144
#	3031	1675
#
54 1.84806 0.603281 0.599466
#	4641	1139
#	3021	1685
#
55 1.84727 0.603662 0.600801
#	4643	1137
#	3019	1687
#
56 1.84648 0.603948 0.601691
#	4644	1136
#	3017	1689
#
57 1.84567 0.603567 0.602581
#	4641	1139
#	3018	1688
#
58 1.84486 0.603471 0.604361
#	4640	1140
#	3018	1688
#
59 1.84403 0.603662 0.605696
#	4637	1143
#	3013	1693
#
60 1.8432 0.603185 0.605251
#	4637	1143
#	3018	1688
#
61 1.84235 0.603281 0.606142
#	4635	1145
#	3015	1691
#
62 1.8415 0.60433 0.607477
#	4639	1141
#	3008	1698
#
63 1.84063 0.60452 0.606587
#	4637	1143
#	3004	1702
#
64 1.83974 0.605474 0.607477
#	4640	1140
#	2997	1709
#
65 1.83884 0.605855 0.607032
#	4643	1137
#	2996	1710
#
66 1.83793 0.606142 0.607032
#	4645	1135
#	2995	1711
#
67 1.83699 0.606618 0.607477
#	4643	1137
#	2988	1718
#
68 1.83603 0.607953 0.608812
#	4650	1130
#	2981	1725
#
69 1.83506 0.607953 0.609257
#	4651	1129
#	2982	1724
#
70 1.83406 0.609193 0.610592
#	4659	1121
#	2977	1729
#
71 1.83304 0.609861 0.610147
#	4661	1119
#	2972	1734
#
72 1.83199 0.610433 0.610592
#	4660	1120
#	2965	1741
#
73 1.83091 0.609861 0.611037
#	4658	1122
#	2969	1737
#
74 1.82983 0.610338 0.612372
#	4657	1123
#	2963	1743
#
75 1.82871 0.611291 0.612817
#	4660	1120
#	2956	1750
#
76 1.82755 0.611959 0.611482
#	4667	1113
#	2956	1750
#
77 1.82635 0.612912 0.611927
#	4670	1110
#	2949	1757
#
78 1.82513 0.613199 0.613707
#	4671	1109
#	2947	1759
#
79 1.82387 0.613771 0.613262
#	4669	1111
#	2939	1767
#
80 1.82258 0.614343 0.614597
#	4672	1108
#	2936	1770
#
81 1.82127 0.614724 0.614597
#	4674	1106
#	2934	1772
#
82 1.81992 0.615297 0.616377
#	4675	1105
#	2929	1777
#
83 1.8185 0.616059 0.618158
#	4677	1103
#	2923	1783
#
84 1.81709 0.616059 0.619048
#	4674	1106
#	2920	1786
#
85 1.81568 0.617585 0.619493
#	4678	1102
#	2908	1798
#
86 1.81415 0.61873 0.620828
#	4682	1098
#	2900	1806
#
87 1.81262 0.619016 0.619938
#	4679	1101
#	2894	1812
#
88 1.81108 0.619683 0.619493
#	4681	1099
#	2889	1817
#
89 1.80949 0.62016 0.621273
#	4681	1099
#	2884	1822
#
90 1.80789 0.620637 0.623498
#	4678	1102
#	2876	1830
#
91 1.80629 0.6214 0.622608
#	4679	1101
#	2869	1837
#
92 1.80471 0.622163 0.621273
#	4679	1101
#	2861	1845
#
93 1.80299 0.622354 0.622163
#	4684	1096
#	2864	1842
#
94 1.80126 0.622544 0.622608
#	4682	1098
#	2860	1846
#
95 1.79956 0.623403 0.623498
#	4680	1100
#	2849	1857
#
96 1.79792 0.62407 0.624833
#	4678	1102
#	2840	1866
#
97 1.79615 0.624356 0.625723
#	4678	1102
#	2837	1869
#
98 1.79435 0.624833 0.626613
#	4679	1101
#	2833	1873
#
99 1.79261 0.625501 0.625278
#	4679	1101
#	2826	1880
#
100 1.79092 0.626454 0.627058
#	4683	1097
#	2820	1886
#
101 1.78909 0.626931 0.627948
#	4683	1097
#	2815	1891
#
102 1.78728 0.626359 0.629729
#	4684	1096
#	2822	1884
#
103 1.78551 0.625978 0.627503
#	4682	1098
#	2824	1882
#
104 1.78381 0.625787 0.628838
#	4676	1104
#	2820	1886
#
105 1.78197 0.625787 0.630619
#	4678	1102
#	2822	1884
#
106 1.78014 0.626931 0.630174
#	4681	1099
#	2813	1893
#
107 1.77834 0.62798 0.631954
#	4679	1101
#	2800	1906
#
108 1.77655 0.62798 0.632399
#	4680	1100
#	2801	1905
#
109 1.77475 0.627694 0.630619
#	4673	1107
#	2797	1909
#
110 1.77298 0.628171 0.629729
#	4674	1106
#	2793	1913
#
111 1.77115 0.628552 0.629283
#	4669	1111
#	2784	1922
#
112 1.76938 0.628552 0.630174
#	4665	1115
#	2780	1926
#
113 1.7676 0.628743 0.629729
#	4664	1116
#	2777	1929
#
114 1.76577 0.629506 0.627503
#	4667	1113
#	2772	1934
#
115 1.76394 0.630841 0.629283
#	4667	1113
#	2758	1948
#
116 1.76213 0.63189 0.629729
#	4671	1109
#	2751	1955
#
117 1.76033 0.63189 0.628838
#	4670	1110
#	2750	1956
#
118 1.75854 0.632558 0.628838
#	4676	1104
#	2749	1957
#
119 1.75668 0.632844 0.629283
#	4676	1104
#	2746	1960
#
120 1.75481 0.633702 0.628838
#	4681	1099
#	2742	1964
#
121 1.75296 0.635514 0.629283
#	4689	1091
#	2731	1975
#
122 1.75108 0.636658 0.628393
#	4698	1082
#	2728	1978
#
123 1.74923 0.637612 0.628838
#	4701	1079
#	2721	1985
#
124 1.74732 0.638566 0.628393
#	4706	1074
#	2716	1990
#
125 1.74544 0.639424 0.628393
#	4712	1068
#	2713	1993
#
126 1.74351 0.640473 0.630174
#	4716	1064
#	2706	2000
#
127 1.7416 0.640473 0.630619
#	4716	1064
#	2706	2000
#
128 1.73966 0.640282 0.631954
#	4714	1066
#	2706	2000
#
129 1.73774 0.640092 0.635069
#	4713	1067
#	2707	1999
#
130 1.73578 0.640854 0.635959
#	4713	1067
#	2699	2007
#
131 1.73383 0.640854 0.637294
#	4713	1067
#	2699	2007
#
132 1.73185 0.640854 0.638629
#	4713	1067
#	2699	2007
#
133 1.72987 0.641999 0.638629
#	4718	1062
#	2692	2014
#
134 1.72788 0.643143 0.636849
#	4720	1060
#	2682	2024
#
135 1.7259 0.643334 0.639964
#	4718	1062
#	2678	2028
#
136 1.72389 0.644383 0.641299
#	4723	1057
#	2672	2034
#
137 1.7219 0.645146 0.641745
#	4731	1049
#	2672	2034
#
138 1.7199 0.645146 0.642635
#	4729	1051
#	2670	2036
#
139 1.7179 0.645623 0.643525
#	4727	1053
#	2663	2043
#
140 1.7159 0.645337 0.643525
#	4726	1054
#	2665	2041
#
141 1.7139 0.645718 0.64575
#	4725	1055
#	2660	2046
#
142 1.71191 0.645909 0.64664
#	4726	1054
#	2659	2047
#
143 1.70994 0.645527 0.64842
#	4721	1059
#	2658	2048
#
144 1.70796 0.645813 0.64842
#	4722	1058
#	2656	2050
#
145 1.706 0.647625 0.648865
#	4731	1049
#	2646	2060
#
146 1.70405 0.647911 0.65109
#	4726	1054
#	2638	2068
#
147 1.70211 0.648102 0.652425
#	4722	1058
#	2632	2074
#
148 1.70019 0.648102 0.65287
#	4715	1065
#	2625	2081
#
149 1.69829 0.647244 0.654206
#	4706	1074
#	2625	2081
#
150 1.6964 0.647721 0.653316
#	4706	1074
#	2620	2086
#
151 1.69453 0.648198 0.65109
#	4710	1070
#	2619	2087
#
152 1.69269 0.648865 0.65109
#	4712	1068
#	2614	2092
#
153 1.69085 0.649056 0.65198
#	4711	1069
#	2611	2095
#
154 1.68904 0.649533 0.65109
#	4710	1070
#	2605	2101
#
155 1.68726 0.6502 0.650645
#	4711	1069
#	2599	2107
#
156 1.68548 0.650963 0.650645
#	4714	1066
#	2594	2112
#
157 1.68374 0.651535 0.65198
#	4715	1065
#	2589	2117
#
158 1.68201 0.651345 0.65287
#	4715	1065
#	2591	2115
#
159 1.6803 0.651631 0.654651
#	4714	1066
#	2587	2119
#
160 1.67861 0.652394 0.655541
#	4717	1063
#	2582	2124
#
161 1.67695 0.652966 0.655541
#	4714	1066
#	2573	2133
#
162 1.6753 0.652775 0.654651
#	4715	1065
#	2576	2130
#
163 1.67367 0.653824 0.656876
#	4718	1062
#	2568	2138
#
164 1.67206 0.654301 0.655986
#	4716	1064
#	2561	2145
#
165 1.67047 0.655541 0.655541
#	4721	1059
#	2553	2153
#
166 1.66888 0.655541 0.657321
#	4718	1062
#	2550	2156
#
167 1.66733 0.656399 0.657321
#	4721	1059
#	2544	2162
#
168 1.66578 0.656685 0.659546
#	4721	1059
#	2541	2165
#
169 1.66425 0.656971 0.661326
#	4722	1058
#	2539	2167
#
170 1.66274 0.65678 0.662661
#	4717	1063
#	2536	2170
#
171 1.66124 0.655731 0.664441
#	4703	1077
#	2533	2173
#
172 1.65975 0.656399 0.665332
#	4706	1074
#	2529	2177
#
173 1.65828 0.65678 0.664441
#	4706	1074
#	2525	2181
#
174 1.65682 0.657639 0.664441
#	4712	1068
#	2522	2184
#
175 1.65537 0.658306 0.664441
#	4712	1068
#	2515	2191
#
176 1.65393 0.658116 0.663996
#	4710	1070
#	2515	2191
#
177 1.6525 0.658879 0.664441
#	4709	1071
#	2506	2200
#
178 1.65108 0.658783 0.663551
#	4706	1074
#	2504	2202
#
179 1.64968 0.660023 0.663996
#	4712	1068
#	2497	2209
#
180 1.64828 0.661453 0.664441
#	4718	1062
#	2488	2218
#
181 1.6469 0.662026 0.664887
#	4718	1062
#	2482	2224
#
182 1.64551 0.661835 0.666667
#	4711	1069
#	2477	2229
#
183 1.64414 0.662598 0.666222
#	4716	1064
#	2474	2232
#
184 1.64278 0.663265 0.666222
#	4721	1059
#	2472	2234
#
185 1.64142 0.663837 0.665777
#	4722	1058
#	2467	2239
#
186 1.64006 0.663647 0.665332
#	4719	1061
#	2466	2240
#
187 1.63872 0.663933 0.666222
#	4711	1069
#	2455	2251
#
188 1.63737 0.664791 0.666222
#	4710	1070
#	2445	2261
#
189 1.63604 0.665649 0.664887
#	4708	1072
#	2434	2272
#
190 1.63471 0.665649 0.666222
#	4705	1075
#	2431	2275
#
191 1.63338 0.666603 0.665777
#	4710	1070
#	2426	2280
#
192 1.63205 0.667557 0.665777
#	4711	1069
#	2417	2289
#
193 1.63073 0.668415 0.666667
#	4713	1067
#	2410	2296
#
194 1.6294 0.668796 0.667112
#	4716	1064
#	2409	2297
#
195 1.62807 0.669178 0.667557
#	4719	1061
#	2408	2298
#
196 1.62675 0.669273 0.667557
#	4716	1064
#	2404	2302
#
197 1.62542 0.669559 0.666667
#	4716	1064
#	2401	2305
#
198 1.62409 0.669559 0.667557
#	4713	1067
#	2398	2308
#
199 1.62276 0.669846 0.669782
#	4711	1069
#	2393	2313
#
200 1.62143 0.670608 0.669782
#	4713	1067
#	2387	2319
#
201 1.62009 0.670704 0.671117
#	4709	1071
#	2382	2324
#
202 1.61875 0.670513 0.671117
#	4708	1072
#	2383	2323
#
203 1.61741 0.671085 0.672897
#	4709	1071
#	2378	2328
#
204 1.61607 0.67242 0.673342
#	4711	1069
#	2366	2340
#
205 1.61472 0.672897 0.675567
#	4714	1066
#	2364	2342
#
206 1.61338 0.673565 0.676458
#	4715	1065
#	2358	2348
#
207 1.61203 0.674423 0.676903
#	4717	1063
#	2351	2355
#
208 1.61093 0.6749 0.676458
#	4720	1060
#	2349	2357
#
209 1.60946 0.675281 0.675567
#	4718	1062
#	2343	2363
#
210 1.60855 0.675186 0.675567
#	4714	1066
#	2340	2366
#
211 1.6069 0.675758 0.677793
#	4715	1065
#	2335	2371
#
212 1.60599 0.675949 0.677348
#	4713	1067
#	2331	2375
#
213 1.60439 0.676616 0.679128
#	4714	1066
#	2325	2381
#
214 1.60336 0.676712 0.678683
#	4708	1072
#	2318	2388
#
215 1.60227 0.676807 0.680018
#	4703	1077
#	2312	2394
#
216 1.60061 0.676712 0.680463
#	4703	1077
#	2313	2393
#
217 1.59953 0.678238 0.677348
#	4706	1074
#	2300	2406
#
218 1.5983 0.678428 0.676903
#	4704	1076
#	2296	2410
#
219 1.59708 0.678714 0.676458
#	4702	1078
#	2291	2415
#
220 1.59593 0.678619 0.676903
#	4697	1083
#	2287	2419
#
221 1.59474 0.678333 0.678238
#	4698	1082
#	2291	2415
#
222 1.59319 0.679287 0.677348
#	4702	1078
#	2285	2421
#
223 1.59204 0.679287 0.676012
#	4701	1079
#	2284	2422
#
224 1.5907 0.679573 0.676903
#	4700	1080
#	2280	2426
#
225 1.58938 0.680145 0.677348
#	4700	1080
#	2274	2432
#
226 1.58798 0.68024 0.677793
#	4701	1079
#	2274	2432
#
227 1.58659 0.680622 0.677348
#	4700	1080
#	2269	2437
#
228 1.58521 0.681194 0.677348
#	4696	1084
#	2259	2447
#
229 1.58381 0.682052 0.676458
#	4698	1082
#	2252	2454
#
230 1.58241 0.682529 0.676012
#	4698	1082
#	2247	2459
#
231 1.58101 0.682434 0.676012
#	4693	1087
#	2243	2463
#
232 1.57959 0.682815 0.676012
#	4690	1090
#	2236	2470
#
233 1.57816 0.683197 0.676458
#	4688	1092
#	2230	2476
#
234 1.57673 0.683387 0.677793
#	4689	1091
#	2229	2477
#
235 1.57529 0.683769 0.677348
#	4688	1092
#	2224	2482
#
236 1.57385 0.683864 0.679128
#	4686	1094
#	2221	2485
#
237 1.5724 0.684913 0.680018
#	4687	1093
#	2211	2495
#
238 1.57093 0.68539 0.682243
#	4689	1091
#	2208	2498
#
239 1.56947 0.685772 0.682243
#	4687	1093
#	2202	2504
#
240 1.568 0.686725 0.682688
#	4689	1091
#	2194	2512
#
241 1.56652 0.687011 0.684023
#	4688	1092
#	2190	2516
#
242 1.56505 0.685962 0.683578
#	4679	1101
#	2192	2514
#
243 1.56356 0.686439 0.683578
#	4677	1103
#	2185	2521
#
244 1.56207 0.686248 0.684468
#	4675	1105
#	2185	2521
#
245 1.56058 0.686821 0.684468
#	4676	1104
#	2180	2526
#
246 1.55909 0.687774 0.685803
#	4678	1102
#	2172	2534
#
247 1.55759 0.688251 0.685358
#	4681	1099
#	2170	2536
#
248 1.55609 0.688823 0.687138
#	4682	1098
#	2165	2541
#
249 1.5546 0.689872 0.686693
#	4688	1092
#	2160	2546
#
250 1.5531 0.689968 0.687583
#	4685	1095
#	2156	2550
#
251 1.55161 0.690063 0.687583
#	4685	1095
#	2155	2551
#
252 1.55012 0.690444 0.687583
#	4683	1097
#	2149	2557
#
253 1.54862 0.690826 0.688028
#	4681	1099
#	2143	2563
#
254 1.54713 0.690921 0.687583
#	4681	1099
#	2142	2564
#
255 1.54566 0.691684 0.688028
#	4682	1098
#	2135	2571
#
256 1.54418 0.691684 0.688474
#	4679	1101
#	2132	2574
#
257 1.5427 0.693019 0.689364
#	4679	1101
#	2118	2588
#
258 1.54123 0.693591 0.689809
#	4679	1101
#	2112	2594
#
259 1.53977 0.694354 0.688474
#	4684	1096
#	2109	2597
#
260 1.53831 0.69464 0.689809
#	4680	1100
#	2102	2604
#
261 1.53686 0.695213 0.689364
#	4676	1104
#	2092	2614
#
262 1.53541 0.695308 0.690254
#	4674	1106
#	2089	2617
#
263 1.53398 0.695689 0.691589
#	4678	1102
#	2089	2617
#
264 1.53254 0.696643 0.691589
#	4680	1100
#	2081	2625
#
265 1.53112 0.69712 0.692034
#	4681	1099
#	2077	2629
#
266 1.5297 0.697501 0.691589
#	4681	1099
#	2073	2633
#
267 1.52829 0.698455 0.692479
#	4682	1098
#	2064	2642
#
268 1.52689 0.698932 0.692479
#	4686	1094
#	2063	2643
#
269 1.5255 0.700267 0.693369
#	4690	1090
#	2053	2653
#
270 1.52412 0.700744 0.692924
#	4691	1089
#	2049	2657
#
271 1.52274 0.701316 0.692924
#	4689	1091
#	2041	2665
#
272 1.52138 0.702556 0.692924
#	4697	1083
#	2036	2670
#
273 1.52003 0.703319 0.693814
#	4700	1080
#	2031	2675
#
274 1.51869 0.704177 0.692924
#	4703	1077
#	2025	2681
#
275 1.51735 0.705131 0.693369
#	4706	1074
#	2018	2688
#
276 1.51603 0.705321 0.694259
#	4706	1074
#	2016	2690
#
277 1.51472 0.706943 0.694704
#	4711	1069
#	2004	2702
#
278 1.51342 0.707515 0.696039
#	4713	1067
#	2000	2706
#
279 1.51213 0.707705 0.696039
#	4711	1069
#	1996	2710
#
280 1.51085 0.708278 0.696929
#	4713	1067
#	1992	2714
#
281 1.50958 0.708373 0.698264
#	4712	1068
#	1990	2716
#
282 1.50832 0.709422 0.697819
#	4714	1066
#	1981	2725
#
283 1.50708 0.709899 0.696929
#	4716	1064
#	1978	2728
#
284 1.50585 0.710662 0.696929
#	4723	1057
#	1977	2729
#
285 1.50462 0.710376 0.696929
#	4719	1061
#	1976	2730
#
286 1.50342 0.710757 0.696929
#	4722	1058
#	1975	2731
#
287 1.50222 0.711234 0.696929
#	4725	1055
#	1973	2733
#
288 1.50103 0.711234 0.696484
#	4721	1059
#	1969	2737
#
289 1.49986 0.71152 0.695594
#	4720	1060
#	1965	2741
#
290 1.49871 0.712092 0.697819
#	4723	1057
#	1962	2744
#
291 1.49756 0.712188 0.696929
#	4725	1055
#	1963	2743
#
292 1.49643 0.712855 0.696929
#	4728	1052
#	1959	2747
#
293 1.49532 0.713332 0.697374
#	4730	1050
#	1956	2750
#
294 1.49422 0.713523 0.698264
#	4731	1049
#	1955	2751
#
295 1.49313 0.714095 0.698709
#	4730	1050
#	1948	2758
#
296 1.49205 0.715239 0.699599
#	4739	1041
#	1945	2761
#
297 1.49099 0.71543 0.70049
#	4741	1039
#	1945	2761
#
298 1.48995 0.715812 0.701825
#	4740	1040
#	1940	2766
#
299 1.48891 0.716098 0.702715
#	4738	1042
#	1935	2771
#
300 1.4879 0.716384 0.701825
#	4740	1040
#	1934	2772
#
301 1.4869 0.71667 0.70138
#	4737	1043
#	1928	2778
#
302 1.48592 0.717337 0.702715
#	4740	1040
#	1924	2782
#
303 1.48497 0.717147 0.704495
#	4739	1041
#	1925	2781
#
304 1.48402 0.717528 0.704495
#	4739	1041
#	1921	2785
#
305 1.4831 0.717242 0.705385
#	4737	1043
#	1922	2784
#
306 1.48218 0.717719 0.705385
#	4743	1037
#	1923	2783
#
307 1.48127 0.718005 0.70583
#	4745	1035
#	1922	2784
#
308 1.48038 0.71791 0.70583
#	4746	1034
#	1924	2782
#
309 1.4795 0.718005 0.70761
#	4746	1034
#	1923	2783
#
310 1.47864 0.718196 0.7085
#	4746	1034
#	1921	2785
#
311 1.47779 0.718482 0.708945
#	4751	1029
#	1923	2783
#
312 1.47695 0.719054 0.708945
#	4751	1029
#	1917	2789
#
313 1.47612 0.719626 0.70939
#	4755	1025
#	1915	2791
#
314 1.47531 0.71934 0.708945
#	4752	1028
#	1915	2791
#
315 1.47451 0.719626 0.7085
#	4752	1028
#	1912	2794
#
316 1.47371 0.720198 0.708945
#	4752	1028
#	1906	2800
#
317 1.47294 0.720294 0.7085
#	4750	1030
#	1903	2803
#
318 1.47217 0.720198 0.708945
#	4747	1033
#	1901	2805
#
319 1.47142 0.72058 0.708945
#	4751	1029
#	1901	2805
#
320 1.47067 0.721057 0.71028
#	4752	1028
#	1897	2809
#
321 1.46994 0.721152 0.712061
#	4752	1028
#	1896	2810
#
322 1.46921 0.721057 0.711616
#	4752	1028
#	1897	2809
#
323 1.46851 0.721438 0.711616
#	4753	1027
#	1894	2812
#
324 1.46779 0.721438 0.71117
#	4754	1026
#	1895	2811
#
325 1.4671 0.721152 0.71117
#	4751	1029
#	1895	2811
#
326 1.4664 0.721247 0.710725
#	4752	1028
#	1895	2811
#
327 1.46574 0.721533 0.711616
#	4753	1027
#	1893	2813
#
328 1.46505 0.72182 0.711616
#	4752	1028
#	1889	2817
#
329 1.46442 0.72201 0.711616
#	4753	1027
#	1888	2818
#
330 1.46373 0.722296 0.711616
#	4756	1024
#	1888	2818
#
331 1.46313 0.722201 0.712951
#	4754	1026
#	1887	2819
#
332 1.46245 0.722678 0.713396
#	4756	1024
#	1884	2822
#
333 1.46188 0.722773 0.714286
#	4758	1022
#	1885	2821
#
334 1.46119 0.722869 0.716066
#	4759	1021
#	1885	2821
#
335 1.46064 0.722964 0.714286
#	4757	1023
#	1882	2824
#
336 1.45997 0.723345 0.715621
#	4757	1023
#	1878	2828
#
337 1.45943 0.723059 0.715621
#	4752	1028
#	1876	2830
#
338 1.45877 0.723536 0.716066
#	4756	1024
#	1875	2831
#
339 1.45825 0.723155 0.716066
#	4753	1027
#	1876	2830
#
340 1.45759 0.723918 0.716066
#	4756	1024
#	1871	2835
#
341 1.45708 0.723918 0.715176
#	4757	1023
#	1872	2834
#
342 1.45644 0.723822 0.716511
#	4753	1027
#	1869	2837
#
343 1.45595 0.724394 0.716066
#	4755	1025
#	1865	2841
#
344 1.4553 0.723822 0.717401
#	4752	1028
#	1868	2838
#
345 1.45482 0.724681 0.716066
#	4755	1025
#	1862	2844
#
346 1.45419 0.72449 0.717846
#	4755	1025
#	1864	2842
#
347 1.45372 0.724776 0.717401
#	4757	1023
#	1863	2843
#
348 1.45309 0.724967 0.718291
#	4759	1021
#	1863	2843
#
349 1.45263 0.725348 0.719626
#	4757	1023
#	1857	2849
#
350 1.45201 0.725825 0.720071
#	4760	1020
#	1855	2851
#
351 1.45156 0.72573 0.722296
#	4758	1022
#	1854	2852
#
352 1.45093 0.726492 0.720961
#	4759	1021
#	1847	2859
#
353 1.4505 0.72592 0.722741
#	4754	1026
#	1848	2858
#
354 1.44988 0.726111 0.721406
#	4756	1024
#	1848	2858
#
355 1.44945 0.726016 0.721851
#	4753	1027
#	1846	2860
#
356 1.44883 0.726111 0.721851
#	4758	1022
#	1850	2856
#
357 1.44841 0.726206 0.721851
#	4755	1025
#	1846	2860
#
358 1.4478 0.72592 0.721406
#	4756	1024
#	1850	2856
#
359 1.44738 0.726016 0.723186
#	4753	1027
#	1846	2860
#
360 1.44678 0.725825 0.722741
#	4754	1026
#	1849	2857
#
361 1.44637 0.725634 0.723632
#	4751	1029
#	1848	2858
#
362 1.44576 0.726111 0.724967
#	4753	1027
#	1845	2861
#
363 1.44536 0.726397 0.724077
#	4753	1027
#	1842	2864
#
364 1.44475 0.726588 0.724967
#	4754	1026
#	1841	2865
#
365 1.44435 0.726302 0.724967
#	4751	1029
#	1841	2865
#
366 1.44376 0.726111 0.726302
#	4751	1029
#	1843	2863
#
367 1.44335 0.726111 0.727192
#	4750	1030
#	1842	2864
#
368 1.44276 0.726302 0.727637
#	4749	1031
#	1839	2867
#
369 1.44235 0.726397 0.727192
#	4751	1029
#	1840	2866
#
370 1.44177 0.726302 0.727637
#	4749	1031
#	1839	2867
#
371 1.44137 0.726588 0.728082
#	4751	1029
#	1838	2868
#
372 1.44079 0.726111 0.728082
#	4749	1031
#	1841	2865
#
373 1.44038 0.726111 0.728082
#	4748	1032
#	1840	2866
#
374 1.43981 0.726302 0.727637
#	4749	1031
#	1839	2867
#
375 1.4394 0.726206 0.728082
#	4746	1034
#	1837	2869
#
376 1.43884 0.726683 0.727192
#	4751	1029
#	1837	2869
#
377 1.43843 0.726397 0.727637
#	4747	1033
#	1836	2870
#
378 1.43787 0.727065 0.728082
#	4753	1027
#	1835	2871
#
379 1.43745 0.72716 0.728527
#	4753	1027
#	1834	2872
#
380 1.4369 0.727255 0.728082
#	4752	1028
#	1832	2874
#
381 1.43648 0.727255 0.728527
#	4752	1028
#	1832	2874
#
382 1.43593 0.728018 0.728082
#	4756	1024
#	1828	2878
#
383 1.43551 0.727828 0.728082
#	4757	1023
#	1831	2875
#
384 1.43498 0.728114 0.728082
#	4756	1024
#	1827	2879
#
385 1.43454 0.727637 0.728082
#	4754	1026
#	1830	2876
#
386 1.43401 0.727923 0.728082
#	4754	1026
#	1827	2879
#
387 1.43357 0.727732 0.728082
#	4753	1027
#	1828	2878
#
388 1.43304 0.727732 0.728082
#	4749	1031
#	1824	2882
#
389 1.4326 0.727542 0.727637
#	4748	1032
#	1825	2881
#
390 1.43207 0.727828 0.727192
#	4748	1032
#	1822	2884
#
391 1.43159 0.728018 0.727637
#	4749	1031
#	1821	2885
#
392 1.43106 0.7284 0.727637
#	4752	1028
#	1820	2886
#
393 1.43054 0.728686 0.726747
#	4751	1029
#	1816	2890
#
394 1.42997 0.729067 0.726747
#	4752	1028
#	1813	2893
#
395 1.42941 0.729735 0.726747
#	4756	1024
#	1810	2896
#
396 1.42883 0.72964 0.726747
#	4755	1025
#	1810	2896
#
397 1.42826 0.729353 0.727637
#	4753	1027
#	1811	2895
#
398 1.42768 0.72983 0.727192
#	4754	1026
#	1807	2899
#
399 1.42709 0.730021 0.728082
#	4753	1027
#	1804	2902
#
400 1.4265 0.730116 0.728082
#	4753	1027
#	1803	2903
#
401 1.42591 0.730307 0.728082
#	4752	1028
#	1800	2906
#
402 1.42531 0.730784 0.728082
#	4751	1029
#	1794	2912
#
403 1.42471 0.730879 0.728527
#	4750	1030
#	1792	2914
#
404 1.4241 0.730879 0.727192
#	4749	1031
#	1791	2915
#
405 1.42348 0.73107 0.727637
#	4751	1029
#	1791	2915
#
406 1.42286 0.73107 0.727637
#	4751	1029
#	1791	2915
#
407 1.42223 0.731451 0.728527
#	4749	1031
#	1785	2921
#
408 1.4216 0.731928 0.728527
#	4752	1028
#	1783	2923
#
409 1.42096 0.731833 0.731197
#	4752	1028
#	1784	2922
#
410 1.42032 0.732596 0.732532
#	4757	1023
#	1781	2925
#
411 1.41967 0.732977 0.732087
#	4761	1019
#	1781	2925
#
412 1.41902 0.732882 0.732087
#	4761	1019
#	1782	2924
#
413 1.41836 0.733454 0.732087
#	4763	1017
#	1778	2928
#
414 1.41769 0.733836 0.731642
#	4765	1015
#	1776	2930
#
415 1.41702 0.734122 0.731642
#	4768	1012
#	1776	2930
#
416 1.41635 0.734122 0.732087
#	4768	1012
#	1776	2930
#
417 1.41567 0.734885 0.732087
#	4772	1008
#	1772	2934
#
418 1.41498 0.735171 0.732532
#	4773	1007
#	1770	2936
#
419 1.41429 0.736124 0.732977
#	4777	1003
#	1764	2942
#
420 1.4136 0.736124 0.733422
#	4777	1003
#	1764	2942
#
421 1.4129 0.736601 0.734312
#	4781	999
#	1763	2943
#
422 1.4122 0.737078 0.733422
#	4778	1002
#	1755	2951
#
423 1.4115 0.737173 0.732977
#	4777	1003
#	1753	2953
#
424 1.41079 0.737555 0.733422
#	4780	1000
#	1752	2954
#
425 1.41008 0.737173 0.732977
#	4780	1000
#	1756	2950
#
426 1.40937 0.737746 0.733867
#	4782	998
#	1752	2954
#
427 1.40866 0.738222 0.732977
#	4783	997
#	1748	2958
#
428 1.40796 0.738985 0.733422
#	4784	996
#	1741	2965
#
429 1.40725 0.739462 0.732532
#	4786	994
#	1738	2968
#
430 1.40654 0.739558 0.731642
#	4784	996
#	1735	2971
#
431 1.40583 0.739653 0.731642
#	4786	994
#	1736	2970
#
432 1.40512 0.739748 0.731197
#	4787	993
#	1736	2970
#
433 1.40442 0.740225 0.729862
#	4788	992
#	1732	2974
#
434 1.40372 0.74032 0.729417
#	4788	992
#	1731	2975
#
435 1.40302 0.740225 0.727637
#	4787	993
#	1731	2975
#
436 1.40233 0.740225 0.729417
#	4786	994
#	1730	2976
#
437 1.40164 0.740225 0.729417
#	4785	995
#	1729	2977
#
438 1.40095 0.740797 0.728527
#	4786	994
#	1724	2982
#
439 1.40028 0.740988 0.728527
#	4785	995
#	1721	2985
#
440 1.3996 0.741274 0.728972
#	4785	995
#	1718	2988
#
441 1.39893 0.741751 0.729417
#	4785	995
#	1713	2993
#
442 1.39827 0.742132 0.729862
#	4785	995
#	1709	2997
#
443 1.39762 0.742323 0.730307
#	4785	995
#	1707	2999
#
444 1.39698 0.742228 0.731197
#	4782	998
#	1705	3001
#
445 1.39633 0.742609 0.731197
#	4783	997
#	1702	3004
#
446 1.39569 0.742609 0.731197
#	4784	996
#	1703	3003
#
447 1.39506 0.742705 0.732087
#	4786	994
#	1704	3002
#
448 1.39445 0.742895 0.732977
#	4785	995
#	1701	3005
#
449 1.39383 0.743468 0.732977
#	4788	992
#	1698	3008
#
450 1.39322 0.743086 0.733422
#	4784	996
#	1698	3008
#
451 1.39261 0.742991 0.733867
#	4784	996
#	1699	3007
#
452 1.39202 0.743563 0.733867
#	4788	992
#	1697	3009
#
453 1.39143 0.743563 0.733422
#	4786	994
#	1695	3011
#
454 1.39085 0.743658 0.734312
#	4788	992
#	1696	3010
#
455 1.39028 0.743563 0.735202
#	4788	992
#	1697	3009
#
456 1.38972 0.743372 0.735202
#	4788	992
#	1699	3007
#
457 1.38915 0.743086 0.735202
#	4785	995
#	1699	3007
#
458 1.3886 0.743372 0.734312
#	4786	994
#	1697	3009
#
459 1.38805 0.743086 0.734312
#	4785	995
#	1699	3007
#
460 1.38751 0.742991 0.735202
#	4783	997
#	1698	3008
#
461 1.38698 0.743563 0.735648
#	4785	995
#	1694	3012
#
462 1.38644 0.743181 0.736538
#	4781	999
#	1694	3012
#
463 1.38593 0.743277 0.736538
#	4779	1001
#	1691	3015
#
464 1.38541 0.743468 0.736093
#	4780	1000
#	1690	3016
#
465 1.3849 0.743658 0.736093
#	4780	1000
#	1688	3018
#
466 1.38439 0.743754 0.736093
#	4778	1002
#	1685	3021
#
467 1.38389 0.743658 0.736093
#	4779	1001
#	1687	3019
#
468 1.38339 0.743849 0.736093
#	4778	1002
#	1684	3022
#
469 1.3829 0.74404 0.736093
#	4778	1002
#	1682	3024
#
470 1.38241 0.744135 0.736093
#	4779	1001
#	1682	3024
#
471 1.38193 0.744326 0.736093
#	4781	999
#	1682	3024
#
472 1.38145 0.74423 0.735648
#	4781	999
#	1683	3023
#
473 1.38098 0.744135 0.735648
#	4781	999
#	1684	3022
#
474 1.38051 0.744326 0.736983
#	4780	1000
#	1681	3025
#
475 1.38005 0.744135 0.737873
#	4777	1003
#	1680	3026
#
476 1.37959 0.744135 0.737428
#	4777	1003
#	1680	3026
#
477 1.37914 0.743849 0.737428
#	4773	1007
#	1679	3027
#
478 1.37868 0.743372 0.737428
#	4772	1008
#	1683	3023
#
479 1.37823 0.743849 0.736983
#	4774	1006
#	1680	3026
#
480 1.37779 0.743944 0.736983
#	4775	1005
#	1680	3026
#
481 1.37735 0.744612 0.736983
#	4778	1002
#	1676	3030
#
482 1.37691 0.744421 0.737428
#	4776	1004
#	1676	3030
#
483 1.37647 0.744135 0.737873
#	4773	1007
#	1676	3030
#
484 1.37604 0.744326 0.737428
#	4773	1007
#	1674	3032
#
485 1.37562 0.744326 0.737428
#	4775	1005
#	1676	3030
#
486 1.37519 0.744326 0.737428
#	4775	1005
#	1676	3030
#
487 1.37476 0.744516 0.737873
#	4776	1004
#	1675	3031
#
488 1.37435 0.744707 0.737873
#	4775	1005
#	1672	3034
#
489 1.37393 0.744516 0.739208
#	4774	1006
#	1673	3033
#
490 1.37351 0.744612 0.739208
#	4774	1006
#	1672	3034
#
491 1.3731 0.744516 0.739208
#	4773	1007
#	1672	3034
#
492 1.37269 0.744707 0.739208
#	4773	1007
#	1670	3036
#
493 1.37228 0.744898 0.739653
#	4773	1007
#	1668	3038
#
494 1.37187 0.744898 0.739653
#	4771	1009
#	1666	3040
#
495 1.37147 0.744803 0.739653
#	4770	1010
#	1666	3040
#
496 1.37107 0.744707 0.740098
#	4767	1013
#	1664	3042
#
497 1.37066 0.744612 0.739653
#	4766	1014
#	1664	3042
#
498 1.37024 0.744707 0.739653
#	4765	1015
#	1662	3044
#
499 1.36981 0.744803 0.739208
#	4763	1017
#	1659	3047
#
500 1.3694 0.745184 0.741878
#	4764	1016
#	1656	3050
#
501 1.36901 0.745279 0.742323
#	4764	1016
#	1655	3051
#
502 1.36861 0.745661 0.741878
#	4765	1015
#	1652	3054
#
503 1.36821 0.745756 0.742323
#	4765	1015
#	1651	3055
#
504 1.36782 0.745947 0.742323
#	4766	1014
#	1650	3056
#
505 1.36743 0.746233 0.742768
#	4767	1013
#	1648	3058
#
506 1.36704 0.746615 0.742323
#	4770	1010
#	1647	3059
#
507 1.36665 0.746328 0.741878
#	4766	1014
#	1646	3060
#
508 1.36626 0.74671 0.741878
#	4767	1013
#	1643	3063
#
509 1.36587 0.746996 0.742323
#	4768	1012
#	1641	3065
#
510 1.36549 0.746901 0.742323
#	4766	1014
#	1640	3066
#
511 1.3651 0.747091 0.742768
#	4766	1014
#	1638	3068
#
512 1.36471 0.746901 0.742768
#	4763	1017
#	1637	3069
#
513 1.36433 0.746805 0.742768
#	4762	1018
#	1637	3069
#
514 1.36395 0.747091 0.742323
#	4765	1015
#	1637	3069
#
515 1.36356 0.747282 0.742768
#	4766	1014
#	1636	3070
#
516 1.36319 0.747091 0.742323
#	4765	1015
#	1637	3069
#
517 1.3628 0.747187 0.742768
#	4766	1014
#	1637	3069
#
518 1.36243 0.747568 0.742768
#	4768	1012
#	1635	3071
#
519 1.36204 0.747854 0.742768
#	4770	1010
#	1634	3072
#
520 1.36167 0.748045 0.742768
#	4770	1010
#	1632	3074
#
521 1.36129 0.748331 0.743213
#	4771	1009
#	1630	3076
#
522 1.36092 0.748617 0.742768
#	4773	1007
#	1629	3077
#
523 1.36054 0.748903 0.742768
#	4773	1007
#	1626	3080
#
524 1.36017 0.748903 0.743213
#	4772	1008
#	1625	3081
#
525 1.35979 0.748903 0.743658
#	4772	1008
#	1625	3081
#
526 1.35942 0.748808 0.744103
#	4771	1009
#	1625	3081
#
527 1.35905 0.748617 0.744548
#	4767	1013
#	1623	3083
#
528 1.35868 0.748808 0.744993
#	4768	1012
#	1622	3084
#
529 1.35831 0.748999 0.745438
#	4766	1014
#	1618	3088
#
530 1.35793 0.749285 0.745883
#	4767	1013
#	1616	3090
#
531 1.35756 0.749189 0.745883
#	4766	1014
#	1616	3090
#
532 1.35719 0.74938 0.745883
#	4766	1014
#	1614	3092
#
533 1.35682 0.749189 0.745438
#	4765	1015
#	1615	3091
#
534 1.35646 0.749094 0.744993
#	4766	1014
#	1617	3089
#
535 1.35609 0.748808 0.744548
#	4765	1015
#	1619	3087
#
536 1.35572 0.748808 0.744548
#	4765	1015
#	1619	3087
#
537 1.35535 0.749285 0.744103
#	4767	1013
#	1616	3090
#
538 1.35499 0.749189 0.744548
#	4767	1013
#	1617	3089
#
539 1.35462 0.749285 0.743658
#	4766	1014
#	1615	3091
#
540 1.35425 0.74938 0.744103
#	4766	1014
#	1614	3092
#
541 1.35388 0.749666 0.744103
#	4767	1013
#	1612	3094
#
542 1.35353 0.749666 0.744103
#	4766	1014
#	1611	3095
#
543 1.35316 0.749857 0.744103
#	4767	1013
#	1610	3096
#
544 1.35279 0.750143 0.744548
#	4769	1011
#	1609	3097
#
545 1.35242 0.750238 0.744548
#	4768	1012
#	1607	3099
#
546 1.35206 0.750429 0.744993
#	4768	1012
#	1605	3101
#
547 1.3517 0.750525 0.744548
#	4768	1012
#	1604	3102
#
548 1.35134 0.750525 0.744548
#	4767	1013
#	1603	3103
#
549 1.35097 0.750906 0.744548
#	4769	1011
#	1601	3105
#
550 1.35061 0.750906 0.744993
#	4768	1012
#	1600	3106
#
551 1.35025 0.751001 0.744993
#	4767	1013
#	1598	3108
#
552 1.34989 0.751001 0.745438
#	4767	1013
#	1598	3108
#
553 1.34952 0.751001 0.745438
#	4768	1012
#	1599	3107
#
554 1.34916 0.751097 0.745438
#	4768	1012
#	1598	3108
#
555 1.3488 0.751574 0.745883
#	4770	1010
#	1595	3111
#
556 1.34844 0.75186 0.745883
#	4773	1007
#	1595	3111
#
557 1.34808 0.751955 0.745438
#	4774	1006
#	1595	3111
#
558 1.34772 0.752146 0.746328
#	4775	1005
#	1594	3112
#
559 1.34735 0.752432 0.747218
#	4777	1003
#	1593	3113
#
560 1.34699 0.752623 0.747664
#	4777	1003
#	1591	3115
#
561 1.34663 0.752718 0.747664
#	4776	1004
#	1589	3117
#
562 1.34627 0.753195 0.747664
#	4777	1003
#	1585	3121
#
563 1.3459 0.753385 0.747664
#	4777	1003
#	1583	3123
#
564 1.34555 0.753672 0.747218
#	4777	1003
#	1580	3126
#
565 1.34519 0.753672 0.747218
#	4776	1004
#	1579	3127
#
566 1.34482 0.753767 0.747218
#	4777	1003
#	1579	3127
#
567 1.34447 0.753576 0.747218
#	4775	1005
#	1579	3127
#
568 1.3441 0.753767 0.747218
#	4777	1003
#	1579	3127
#
569 1.34374 0.753767 0.747664
#	4776	1004
#	1578	3128
#
570 1.34339 0.754053 0.748109
#	4777	1003
#	1576	3130
#
571 1.34302 0.753862 0.748554
#	4777	1003
#	1578	3128
#
572 1.34266 0.753767 0.748554
#	4776	1004
#	1578	3128
#
573 1.3423 0.753672 0.748554
#	4777	1003
#	1580	3126
#
574 1.34194 0.753862 0.748554
#	4777	1003
#	1578	3128
#
575 1.34158 0.753958 0.748109
#	4777	1003
#	1577	3129
#
576 1.34122 0.754053 0.748109
#	4776	1004
#	1575	3131
#
577 1.34086 0.754148 0.748109
#	4776	1004
#	1574	3132
#
578 1.3405 0.754148 0.748109
#	4775	1005
#	1573	3133
#
579 1.34013 0.754339 0.748999
#	4775	1005
#	1571	3135
#
580 1.33978 0.754339 0.749444
#	4776	1004
#	1572	3134
#
581 1.33942 0.754339 0.749444
#	4775	1005
#	1571	3135
#
582 1.33906 0.754339 0.749444
#	4775	1005
#	1571	3135
#
583 1.3387 0.754721 0.749444
#	4777	1003
#	1569	3137
#
584 1.33834 0.754816 0.749889
#	4776	1004
#	1567	3139
#
585 1.33797 0.754816 0.750334
#	4777	1003
#	1568	3138
#
586 1.33761 0.754434 0.750334
#	4775	1005
#	1570	3136
#
587 1.33725 0.754434 0.750779
#	4776	1004
#	1571	3135
#
588 1.33689 0.754625 0.751224
#	4777	1003
#	1570	3136
#
589 1.33653 0.754721 0.751224
#	4778	1002
#	1570	3136
#
590 1.33616 0.754816 0.751669
#	4778	1002
#	1569	3137
#
591 1.3358 0.755197 0.751669
#	4779	1001
#	1566	3140
#
592 1.33543 0.755388 0.752559
#	4778	1002
#	1563	3143
#
593 1.33508 0.755484 0.752559
#	4777	1003
#	1561	3145
#
594 1.33471 0.75577 0.752559
#	4778	1002
#	1559	3147
#
595 1.33435 0.755865 0.752559
#	4777	1003
#	1557	3149
#
596 1.33399 0.75577 0.752559
#	4777	1003
#	1558	3148
#
597 1.33362 0.755579 0.753004
#	4776	1004
#	1559	3147
#
598 1.33326 0.755674 0.752559
#	4776	1004
#	1558	3148
#
599 1.33289 0.755674 0.752114
#	4775	1005
#	1557	3149
#
600 1.33253 0.75596 0.752114
#	4777	1003
#	1556	3150
#
601 1.33216 0.755865 0.752114
#	4777	1003
#	1557	3149
#
602 1.3318 0.756056 0.752114
#	4778	1002
#	1556	3150
#
603 1.33143 0.75596 0.752559
#	4778	1002
#	1557	3149
#
604 1.33106 0.755579 0.753004
#	4776	1004
#	1559	3147
#
605 1.3307 0.75577 0.753004
#	4778	1002
#	1559	3147
#
606 1.33033 0.756056 0.753004
#	4780	1000
#	1558	3148
#
607 1.32997 0.75596 0.753449
#	4780	1000
#	1559	3147
#
608 1.3296 0.755579 0.752559
#	4776	1004
#	1559	3147
#
609 1.32923 0.755579 0.753004
#	4777	1003
#	1560	3146
#
610 1.32886 0.755865 0.753449
#	4778	1002
#	1558	3148
#
611 1.32849 0.756056 0.754339
#	4777	1003
#	1555	3151
#
612 1.32813 0.75596 0.754339
#	4777	1003
#	1556	3150
#
613 1.32775 0.75596 0.754339
#	4779	1001
#	1558	3148
#
614 1.32738 0.756056 0.754339
#	4778	1002
#	1556	3150
#
615 1.32701 0.75596 0.754339
#	4777	1003
#	1556	3150
#
616 1.32664 0.755674 0.754784
#	4775	1005
#	1557	3149
#
617 1.32627 0.755579 0.754784
#	4774	1006
#	1557	3149
#
618 1.32589 0.755674 0.754339
#	4774	1006
#	1556	3150
#
619 1.32552 0.756056 0.754339
#	4775	1005
#	1553	3153
#
620 1.32515 0.756151 0.754339
#	4776	1004
#	1553	3153
#
621 1.32478 0.756246 0.755229
#	4777	1003
#	1553	3153
#
622 1.3244 0.756628 0.755229
#	4778	1002
#	1550	3156
#
623 1.32403 0.756914 0.755229
#	4781	999
#	1550	3156
#
624 1.32365 0.756723 0.755229
#	4779	1001
#	1550	3156
#
625 1.32327 0.756819 0.755229
#	4780	1000
#	1550	3156
#
626 1.3229 0.756914 0.754784
#	4779	1001
#	1548	3158
#
627 1.32252 0.757009 0.755229
#	4779	1001
#	1547	3159
#
628 1.32214 0.7572 0.755229
#	4779	1001
#	1545	3161
#
629 1.32176 0.757295 0.755674
#	4780	1000
#	1545	3161
#
630 1.32138 0.757391 0.755674
#	4780	1000
#	1544	3162
#
631 1.321 0.757295 0.755674
#	4778	1002
#	1543	3163
#
632 1.32062 0.757105 0.755674
#	4776	1004
#	1543	3163
#
633 1.32024 0.7572 0.755674
#	4776	1004
#	1542	3164
#
634 1.31986 0.757295 0.755229
#	4776	1004
#	1541	3165
#
635 1.31948 0.757486 0.754784
#	4778	1002
#	1541	3165
#
636 1.31909 0.758154 0.755229
#	4780	1000
#	1536	3170
#
637 1.3187 0.758249 0.755229
#	4778	1002
#	1533	3173
#
638 1.31832 0.75844 0.755229
#	4779	1001
#	1532	3174
#
639 1.31793 0.758535 0.755229
#	4779	1001
#	1531	3175
#
640 1.31754 0.758631 0.755229
#	4781	999
#	1532	3174
#
641 1.31716 0.758535 0.755229
#	4781	999
#	1533	3173
#
642 1.31676 0.758535 0.755674
#	4781	999
#	1533	3173
#
643 1.31638 0.758726 0.756119
#	4782	998
#	1532	3174
#
644 1.31599 0.758917 0.756119
#	4783	997
#	1531	3175
#
645 1.3156 0.759012 0.757009
#	4783	997
#	1530	3176
#
646 1.3152 0.759012 0.756119
#	4782	998
#	1529	3177
#
647 1.31481 0.759393 0.756119
#	4782	998
#	1525	3181
#
648 1.31441 0.759584 0.756119
#	4783	997
#	1524	3182
#
649 1.31402 0.759775 0.756119
#	4784	996
#	1523	3183
#
650 1.31363 0.75968 0.756119
#	4783	997
#	1523	3183
#
651 1.31323 0.759775 0.756564
#	4784	996
#	1523	3183
#
652 1.31283 0.75968 0.757454
#	4783	997
#	1523	3183
#
653 1.31243 0.759966 0.757899
#	4785	995
#	1522	3184
#
654 1.31204 0.760252 0.757899
#	4786	994
#	1520	3186
#
655 1.31163 0.760347 0.757454
#	4786	994
#	1519	3187
#
656 1.31123 0.760252 0.757009
#	4786	994
#	1520	3186
#
657 1.31083 0.760347 0.757009
#	4787	993
#	1520	3186
#
658 1.31042 0.760252 0.757009
#	4786	994
#	1520	3186
#
659 1.31003 0.760252 0.757454
#	4786	994
#	1520	3186
#
660 1.30961 0.760347 0.757454
#	4785	995
#	1518	3188
#
661 1.30921 0.760442 0.757454
#	4783	997
#	1515	3191
#
662 1.3088 0.760442 0.757454
#	4783	997
#	1515	3191
#
663 1.30839 0.760824 0.757454
#	4785	995
#	1513	3193
#
664 1.30798 0.760633 0.757899
#	4784	996
#	1514	3192
#
665 1.30757 0.761015 0.757899
#	4785	995
#	1511	3195
#
666 1.30716 0.760824 0.758344
#	4782	998
#	1510	3196
#
667 1.30674 0.760633 0.758789
#	4779	1001
#	1509	3197
#
668 1.30633 0.760729 0.758789
#	4780	1000
#	1509	3197
#
669 1.30592 0.761015 0.758789
#	4781	999
#	1507	3199
#
670 1.3055 0.76111 0.758789
#	4781	999
#	1506	3200
#
671 1.30508 0.761396 0.758789
#	4781	999
#	1503	3203
#
672 1.30467 0.761587 0.758789
#	4781	999
#	1501	3205
#
673 1.30425 0.761873 0.759235
#	4781	999
#	1498	3208
#
674 1.30383 0.761682 0.75968
#	4780	1000
#	1499	3207
#
675 1.30341 0.761587 0.760125
#	4780	1000
#	1500	3206
#
676 1.30299 0.761778 0.761015
#	4780	1000
#	1498	3208
#
677 1.30256 0.761778 0.76146
#	4780	1000
#	1498	3208
#
678 1.30214 0.762064 0.761905
#	4780	1000
#	1495	3211
#
679 1.30172 0.762445 0.761905
#	4782	998
#	1493	3213
#
680 1.30129 0.76235 0.761905
#	4782	998
#	1494	3212
#
681 1.30086 0.762064 0.761905
#	4779	1001
#	1494	3212
#
682 1.30044 0.762064 0.761905
#	4777	1003
#	1492	3214
#
683 1.30002 0.762159 0.76146
#	4777	1003
#	1491	3215
#
684 1.29959 0.762159 0.761015
#	4778	1002
#	1492	3214
#
685 1.29916 0.762254 0.76057
#	4779	1001
#	1492	3214
#
686 1.29874 0.76235 0.760125
#	4779	1001
#	1491	3215
#
687 1.29831 0.762636 0.761015
#	4781	999
#	1490	3216
#
688 1.29788 0.762827 0.761015
#	4781	999
#	1488	3218
#
689 1.29745 0.762922 0.76057
#	4782	998
#	1488	3218
#
690 1.29703 0.763113 0.761015
#	4783	997
#	1487	3219
#
691 1.2966 0.763303 0.761905
#	4785	995
#	1487	3219
#
692 1.29618 0.763303 0.76235
#	4784	996
#	1486	3220
#
693 1.29575 0.76359 0.762795
#	4785	995
#	1484	3222
#
694 1.29533 0.76359 0.762795
#	4785	995
#	1484	3222
#
695 1.2949 0.763685 0.76324
#	4786	994
#	1484	3222
#
696 1.29447 0.764066 0.763685
#	4787	993
#	1481	3225
#
697 1.29405 0.764448 0.762795
#	4791	989
#	1481	3225
#
698 1.29363 0.764257 0.76235
#	4790	990
#	1482	3224
#
699 1.2932 0.764543 0.76235
#	4792	988
#	1481	3225
#
700 1.29278 0.765115 0.762795
#	4793	987
#	1476	3230
#
701 1.29236 0.765115 0.762795
#	4794	986
#	1477	3229
#
702 1.29194 0.764925 0.76324
#	4793	987
#	1478	3228
#
703 1.29151 0.764734 0.76324
#	4792	988
#	1479	3227
#
704 1.29109 0.765211 0.76324
#	4792	988
#	1474	3232
#
705 1.29067 0.765306 0.76324
#	4793	987
#	1474	3232
#
706 1.29026 0.765592 0.761905
#	4793	987
#	1471	3235
#
707 1.28984 0.765878 0.761905
#	4794	986
#	1469	3237
#
708 1.28942 0.765878 0.761015
#	4793	987
#	1468	3238
#
709 1.289 0.766164 0.761905
#	4793	987
#	1465	3241
#
710 1.28858 0.766069 0.761905
#	4791	989
#	1464	3242
#
711 1.28817 0.766355 0.761905
#	4791	989
#	1461	3245
#
712 1.28776 0.766641 0.761905
#	4793	987
#	1460	3246
#
713 1.28734 0.767023 0.761905
#	4794	986
#	1457	3249
#
714 1.28693 0.767404 0.761905
#	4796	984
#	1455	3251
#
715 1.28651 0.767309 0.761905
#	4794	986
#	1454	3252
#
716 1.2861 0.767213 0.76235
#	4795	985
#	1456	3250
#
717 1.28569 0.767309 0.76235
#	4795	985
#	1455	3251
#
718 1.28528 0.767213 0.762795
#	4794	986
#	1455	3251
#
719 1.28488 0.767309 0.762795
#	4794	986
#	1454	3252
#
720 1.28446 0.767309 0.761905
#	4794	986
#	1454	3252
#
721 1.28406 0.767404 0.761905
#	4796	984
#	1455	3251
#
722 1.28365 0.7675 0.76146
#	4796	984
#	1454	3252
#
723 1.28325 0.767595 0.761015
#	4797	983
#	1454	3252
#
724 1.28284 0.767786 0.761015
#	4796	984
#	1451	3255
#
725 1.28244 0.767976 0.76057
#	4795	985
#	1448	3258
#
726 1.28203 0.768167 0.76057
#	4797	983
#	1448	3258
#
727 1.28163 0.768262 0.76057
#	4799	981
#	1449	3257
#
728 1.28123 0.768358 0.76057
#	4800	980
#	1449	3257
#
729 1.28083 0.768549 0.76146
#	4801	979
#	1448	3258
#
730 1.28043 0.768739 0.76146
#	4801	979
#	1446	3260
#
731 1.28003 0.76893 0.761905
#	4803	977
#	1446	3260
#
732 1.27963 0.76893 0.761905
#	4802	978
#	1445	3261
#
733 1.27924 0.769121 0.761905
#	4803	977
#	1444	3262
#
734 1.27884 0.769502 0.761905
#	4805	975
#	1442	3264
#
735 1.27845 0.769884 0.76235
#	4807	973
#	1440	3266
#
736 1.27805 0.770265 0.761905
#	4807	973
#	1436	3270
#
737 1.27766 0.769979 0.76146
#	4807	973
#	1439	3267
#
738 1.27727 0.769884 0.761905
#	4805	975
#	1438	3268
#
739 1.27688 0.770074 0.76235
#	4807	973
#	1438	3268
#
740 1.2765 0.770265 0.76235
#	4808	972
#	1437	3269
#
741 1.27611 0.770265 0.76235
#	4808	972
#	1437	3269
#
742 1.27573 0.770265 0.76235
#	4806	974
#	1435	3271
#
743 1.27534 0.770456 0.76235
#	4808	972
#	1435	3271
#
744 1.27496 0.770456 0.762795
#	4808	972
#	1435	3271
#
745 1.27457 0.771219 0.762795
#	4811	969
#	1430	3276
#
746 1.27419 0.771219 0.76324
#	4810	970
#	1429	3277
#
#normalizar está a 1
#accuracy test final: 0.76502
#	1010	203
#	325	709
#0.76502
