0 0.159357 0.97556 0.923077
#	322	7
#	5	157
#
1 0.137244 0.983707 0.932692
#	322	7
#	1	161
#
2 0.12995 0.983707 0.932692
#	322	7
#	1	161
#
3 0.126218 0.983707 0.932692
#	322	7
#	1	161
#
4 0.123805 0.983707 0.932692
#	322	7
#	1	161
#
5 0.121985 0.983707 0.923077
#	322	7
#	1	161
#
6 0.120502 0.985743 0.923077
#	323	6
#	1	161
#
7 0.119267 0.985743 0.913462
#	323	6
#	1	161
#
8 0.118242 0.985743 0.913462
#	323	6
#	1	161
#
9 0.117401 0.985743 0.913462
#	323	6
#	1	161
#
10 0.116717 0.985743 0.913462
#	323	6
#	1	161
#
11 0.11616 0.985743 0.913462
#	323	6
#	1	161
#
12 0.115703 0.985743 0.913462
#	323	6
#	1	161
#
13 0.11532 0.983707 0.903846
#	322	7
#	1	161
#
14 0.114991 0.983707 0.903846
#	322	7
#	1	161
#
#normalizar está a 0
#accuracy test final: 0.971154
#	66	2
#	1	35
#0.971154
