0 1.93012 0.629508 0.461538
#	192	0
#	113	0
#
1 1.84508 0.629508 0.461538
#	192	0
#	113	0
#
2 1.7832 0.629508 0.461538
#	192	0
#	113	0
#
3 1.72657 0.629508 0.461538
#	192	0
#	113	0
#
4 1.67007 0.629508 0.461538
#	192	0
#	113	0
#
5 1.61143 0.629508 0.461538
#	192	0
#	113	0
#
6 1.54941 0.632787 0.461538
#	192	0
#	112	1
#
7 1.48361 0.672131 0.538462
#	192	0
#	100	13
#
8 1.4144 0.734426 0.630769
#	192	0
#	81	32
#
9 1.3428 0.796721 0.769231
#	191	1
#	61	52
#
10 1.27023 0.839344 0.815385
#	190	2
#	47	66
#
11 1.19815 0.855738 0.830769
#	189	3
#	41	72
#
12 1.12792 0.895082 0.815385
#	187	5
#	27	86
#
13 1.06065 0.908197 0.830769
#	186	6
#	22	91
#
14 0.997247 0.927869 0.861538
#	186	6
#	16	97
#
15 0.938331 0.940984 0.876923
#	186	6
#	12	101
#
16 0.884268 0.940984 0.846154
#	185	7
#	11	102
#
17 0.835183 0.944262 0.846154
#	184	8
#	9	104
#
18 0.790998 0.947541 0.846154
#	184	8
#	8	105
#
19 0.751474 0.947541 0.846154
#	184	8
#	8	105
#
20 0.716269 0.947541 0.846154
#	184	8
#	8	105
#
21 0.684981 0.944262 0.846154
#	183	9
#	8	105
#
22 0.657188 0.944262 0.846154
#	183	9
#	8	105
#
23 0.632478 0.944262 0.846154
#	183	9
#	8	105
#
24 0.610464 0.944262 0.861538
#	183	9
#	8	105
#
25 0.590795 0.944262 0.861538
#	183	9
#	8	105
#
26 0.57316 0.944262 0.861538
#	183	9
#	8	105
#
27 0.55729 0.944262 0.861538
#	183	9
#	8	105
#
28 0.542948 0.944262 0.861538
#	183	9
#	8	105
#
29 0.529934 0.944262 0.861538
#	183	9
#	8	105
#
30 0.518076 0.944262 0.861538
#	183	9
#	8	105
#
31 0.507228 0.947541 0.861538
#	183	9
#	7	106
#
32 0.497264 0.947541 0.861538
#	183	9
#	7	106
#
33 0.488077 0.944262 0.861538
#	183	9
#	8	105
#
34 0.479577 0.940984 0.861538
#	182	10
#	8	105
#
35 0.471684 0.940984 0.861538
#	182	10
#	8	105
#
36 0.464333 0.944262 0.861538
#	182	10
#	7	106
#
37 0.457464 0.944262 0.861538
#	182	10
#	7	106
#
38 0.451028 0.944262 0.861538
#	182	10
#	7	106
#
39 0.444982 0.944262 0.861538
#	182	10
#	7	106
#
40 0.439287 0.944262 0.861538
#	182	10
#	7	106
#
41 0.433912 0.944262 0.861538
#	182	10
#	7	106
#
42 0.428826 0.944262 0.861538
#	182	10
#	7	106
#
43 0.424004 0.944262 0.861538
#	182	10
#	7	106
#
44 0.419425 0.944262 0.861538
#	182	10
#	7	106
#
45 0.415068 0.944262 0.861538
#	182	10
#	7	106
#
46 0.410916 0.944262 0.861538
#	182	10
#	7	106
#
47 0.406952 0.944262 0.861538
#	182	10
#	7	106
#
48 0.403164 0.944262 0.861538
#	182	10
#	7	106
#
49 0.399537 0.944262 0.861538
#	182	10
#	7	106
#
50 0.396061 0.944262 0.861538
#	182	10
#	7	106
#
51 0.392726 0.944262 0.861538
#	182	10
#	7	106
#
52 0.389523 0.944262 0.861538
#	182	10
#	7	106
#
53 0.386441 0.944262 0.861538
#	182	10
#	7	106
#
54 0.383476 0.944262 0.861538
#	182	10
#	7	106
#
55 0.380619 0.944262 0.861538
#	182	10
#	7	106
#
56 0.377863 0.944262 0.861538
#	182	10
#	7	106
#
57 0.375203 0.944262 0.861538
#	182	10
#	7	106
#
58 0.372634 0.944262 0.861538
#	182	10
#	7	106
#
59 0.370151 0.944262 0.861538
#	182	10
#	7	106
#
60 0.367748 0.944262 0.861538
#	182	10
#	7	106
#
61 0.365422 0.944262 0.876923
#	182	10
#	7	106
#
62 0.363169 0.937705 0.876923
#	182	10
#	9	104
#
63 0.360985 0.937705 0.876923
#	182	10
#	9	104
#
64 0.358866 0.937705 0.876923
#	182	10
#	9	104
#
65 0.356811 0.940984 0.876923
#	182	10
#	8	105
#
#normalizar está a 0
#accuracy test final: 0.907692
#	43	2
#	4	16
#0.907692
